                                                                                            [I 2025-12-12 04:57:59,958] Trial 3 finished with value: 293.6129 and parameters: {'alpha_start': 0.8764768716919284, 'learning_rate': 0.00020930522257520926, 'weight_decay': 7.682251390838016e-06, 'gamma': 0.992, 'tau': 0.95, 'e_clip': 0.3, 'entropy_coef': 0.00338746445735181, 'critic_coef': 1.0, 'kl_threshold': 0.026571797195491208, 'kl_adaptive_factor': 1.15, 'min_lr': 3.0458224385894074e-06, 'mini_epochs': 4, 'minibatch_size': 16384, 'grad_norm': 2.0, 'num_envs': 8192, 'horizon_length': 16, 'controller_pgain': 13.093819544935634, 'controller_dgain': 0.22273292134257616, 'controller_torque_limit': 7.695662565581237, 'controller_action_scale': 0.12245003417617129, 'target_angvel': 5.013795577424944, 'angvel_sigma': 1.3710300800062225, 'rotate_reward_scale': 2.1635017691080556, 'obj_linvel_penalty_scale': -0.1992407624230672, 'torque_penalty_scale': -0.03517575845747504, 'rotate_penalty_scale': -0.06768993159501208, 'axial_tilt_penalty_scale': -1.8081048023073067, 'axial_tilt_threshold': 0.02303922519005201, 'position_penalty_scale': -0.25514613810788805, 'waypoint_tracking_reward_scale': 8.56089610673768, 'waypoint_sigma': 0.11778216237381603, 'log_scale_beta': 2.6150980380352404, 'ema_alpha': 0.24929828102360482, 'jitter_penalty_scale': -0.8503671009527853, 'reverse_penalty_scale': -0.7261648842587332}. Best is trial 0 with value: 2992.3302.
Best trial: 0. Best value: 2992.33:   8%|▊         | 3/40 [15:04:42<142:35:16, 13873.42s/it]Best trial: 0. Best value: 2992.33:   8%|▊         | 3/40 [15:04:42<142:35:16, 13873.42s/it]Best trial: 0. Best value: 2992.33:  10%|█         | 4/40 [15:04:42<134:27:20, 13445.57s/it]
[Space E] Alpha: 0.743 -> 1.0

================================================================================
[Optuna Trial 4] 开始训练
================================================================================
试验参数:
  alpha_start                    = 0.7432096692252576
  learning_rate                  = 0.00037009106769118406
  weight_decay                   = 6.203614068053569e-06
  gamma                          = 0.995
  tau                            = 0.9
  e_clip                         = 0.2
  entropy_coef                   = 0.006057164806830538
  critic_coef                    = 2.0
  kl_threshold                   = 0.020751968917307524
  kl_adaptive_factor             = 1.15
  min_lr                         = 1.0737748632897975e-06
  mini_epochs                    = 10
  minibatch_size                 = 16384
  grad_norm                      = 0.25
  num_envs                       = 8192
  horizon_length                 = 32
  controller_pgain               = 24.17001206409015
  controller_dgain               = 0.4632134085037378
  controller_torque_limit        = 6.710183510268095
  controller_action_scale        = 0.0868023545639538
  target_angvel                  = 5.922510840048755
  angvel_sigma                   = 1.9930376950729842
  rotate_reward_scale            = 1.640084015236524
  obj_linvel_penalty_scale       = -0.12225055214543949
  torque_penalty_scale           = -0.013678807842161338
  rotate_penalty_scale           = -0.03888470733686933
  axial_tilt_penalty_scale       = -1.802984259004732
  axial_tilt_threshold           = 0.024049681679742183
  position_penalty_scale         = -0.22810176975604896
  waypoint_tracking_reward_scale = 6.467959221322467
  waypoint_sigma                 = 0.32946362752705005
  log_scale_beta                 = 5.765737065414675
  ema_alpha                      = 0.27341446371602074
  jitter_penalty_scale           = -0.5867594474435287
  reverse_penalty_scale          = -1.2329864017085934
输出目录: outputs/TP_V5/optuna_trial_0004
================================================================================


特权信息 (Privileged Information) 维度配置:
================================================================================
名称                             索引范围            维度       状态
--------------------------------------------------------------------------------
obj_position                   [ 0: 3]         3        [固定]
obj_mass                       [ 3: 4]         1        [固定]
obj_friction                   [ 4: 5]         1        [固定]
obj_com                        [ 5: 8]         3        [固定]
--------------------------------------------------------------------------------
obj_orientation                [ 8:12]         4        ✓
obj_linvel                     [12:15]         3        ✓
obj_angvel                     [15:18]         3        ✓
fingertip_position             [18:33]         15       ✓
fingertip_linvel               [33:48]         15       ✓
obj_restitution                [48:49]         1        ✓
tactile                        [49:64]         15       ✓
--------------------------------------------------------------------------------
总计: 11 项启用, 实际维度 = 64, 缓冲区大小 = 64
================================================================================

RunningMeanStd:  (126,)
RunningMeanStd:  64
RunningMeanStd:  3
RunningMeanStd:  (1,)

================================================================================

训练指标:
  Best Reward:         83.3139
  Success Rate:        0.0032
  Mean Rot Angle(rad): 4.7539
  Composite Score:     559.02
    = 1.0×83.31 + 100.0×0.0032 + 100.0×4.7539

================================================================================
[Optuna Trial 4] 训练完成
================================================================================

                                                                                            [I 2025-12-12 09:05:19,108] Trial 4 finished with value: 559.0239 and parameters: {'alpha_start': 0.7432096692252576, 'learning_rate': 0.00037009106769118406, 'weight_decay': 6.203614068053569e-06, 'gamma': 0.995, 'tau': 0.9, 'e_clip': 0.2, 'entropy_coef': 0.006057164806830538, 'critic_coef': 2.0, 'kl_threshold': 0.020751968917307524, 'kl_adaptive_factor': 1.15, 'min_lr': 1.0737748632897975e-06, 'mini_epochs': 10, 'minibatch_size': 16384, 'grad_norm': 0.25, 'num_envs': 8192, 'horizon_length': 32, 'controller_pgain': 24.17001206409015, 'controller_dgain': 0.4632134085037378, 'controller_torque_limit': 6.710183510268095, 'controller_action_scale': 0.0868023545639538, 'target_angvel': 5.922510840048755, 'angvel_sigma': 1.9930376950729842, 'rotate_reward_scale': 1.640084015236524, 'obj_linvel_penalty_scale': -0.12225055214543949, 'torque_penalty_scale': -0.013678807842161338, 'rotate_penalty_scale': -0.03888470733686933, 'axial_tilt_penalty_scale': -1.802984259004732, 'axial_tilt_threshold': 0.024049681679742183, 'position_penalty_scale': -0.22810176975604896, 'waypoint_tracking_reward_scale': 6.467959221322467, 'waypoint_sigma': 0.32946362752705005, 'log_scale_beta': 5.765737065414675, 'ema_alpha': 0.27341446371602074, 'jitter_penalty_scale': -0.5867594474435287, 'reverse_penalty_scale': -1.2329864017085934}. Best is trial 0 with value: 2992.3302.
Best trial: 0. Best value: 2992.33:  10%|█         | 4/40 [19:12:01<134:27:20, 13445.57s/it]Best trial: 0. Best value: 2992.33:  10%|█         | 4/40 [19:12:01<134:27:20, 13445.57s/it]Best trial: 0. Best value: 2992.33:  12%|█▎        | 5/40 [19:12:01<135:36:23, 13948.10s/it]
[Space E] Alpha: 0.626 -> 1.0

================================================================================
[Optuna Trial 5] 开始训练
================================================================================
试验参数:
  alpha_start                    = 0.6261372210153997
  learning_rate                  = 0.0006284853792838699
  weight_decay                   = 2.233232477616155e-05
  gamma                          = 0.992
  tau                            = 0.95
  e_clip                         = 0.4
  entropy_coef                   = 0.001213501749573346
  critic_coef                    = 1.0
  kl_threshold                   = 0.017148356910935705
  kl_adaptive_factor             = 1.15
  min_lr                         = 1.4814770564945428e-06
  mini_epochs                    = 4
  minibatch_size                 = 32768
  grad_norm                      = 0.5
  num_envs                       = 8192
  horizon_length                 = 16
  controller_pgain               = 13.019932957449457
  controller_dgain               = 0.16140783453695587
  controller_torque_limit        = 7.887945244033775
  controller_action_scale        = 0.1385186084358544
  target_angvel                  = 6.043961309140547
  angvel_sigma                   = 1.586267061089989
  rotate_reward_scale            = 1.6732943200708457
  obj_linvel_penalty_scale       = -0.1765344435993371
  torque_penalty_scale           = -0.03249271305506214
  rotate_penalty_scale           = -0.06761600029408192
  axial_tilt_penalty_scale       = -1.7854040772999378
  axial_tilt_threshold           = 0.023203947534354626
  position_penalty_scale         = -0.24401322061081143
  waypoint_tracking_reward_scale = 9.774326403315971
  waypoint_sigma                 = 0.3030218591774343
  log_scale_beta                 = 4.103301341324105
  ema_alpha                      = 0.22234414924687046
  jitter_penalty_scale           = -1.08039993757221
  reverse_penalty_scale          = -1.6284035157482637
输出目录: outputs/TP_V5/optuna_trial_0005
================================================================================


特权信息 (Privileged Information) 维度配置:
================================================================================
名称                             索引范围            维度       状态
--------------------------------------------------------------------------------
obj_position                   [ 0: 3]         3        [固定]
obj_mass                       [ 3: 4]         1        [固定]
obj_friction                   [ 4: 5]         1        [固定]
obj_com                        [ 5: 8]         3        [固定]
--------------------------------------------------------------------------------
obj_orientation                [ 8:12]         4        ✓
obj_linvel                     [12:15]         3        ✓
obj_angvel                     [15:18]         3        ✓
fingertip_position             [18:33]         15       ✓
fingertip_linvel               [33:48]         15       ✓
obj_restitution                [48:49]         1        ✓
tactile                        [49:64]         15       ✓
--------------------------------------------------------------------------------
总计: 11 项启用, 实际维度 = 64, 缓冲区大小 = 64
================================================================================

RunningMeanStd:  (126,)
RunningMeanStd:  64
RunningMeanStd:  3
RunningMeanStd:  (1,)

================================================================================

训练指标:
  Best Reward:         19.2962
  Success Rate:        0.0003
  Mean Rot Angle(rad): 1.1980
  Composite Score:     139.13
    = 1.0×19.30 + 100.0×0.0003 + 100.0×1.1980

================================================================================
[Optuna Trial 5] 训练完成
================================================================================

                                                                                            [I 2025-12-12 12:34:50,357] Trial 5 finished with value: 139.12619999999998 and parameters: {'alpha_start': 0.6261372210153997, 'learning_rate': 0.0006284853792838699, 'weight_decay': 2.233232477616155e-05, 'gamma': 0.992, 'tau': 0.95, 'e_clip': 0.4, 'entropy_coef': 0.001213501749573346, 'critic_coef': 1.0, 'kl_threshold': 0.017148356910935705, 'kl_adaptive_factor': 1.15, 'min_lr': 1.4814770564945428e-06, 'mini_epochs': 4, 'minibatch_size': 32768, 'grad_norm': 0.5, 'num_envs': 8192, 'horizon_length': 16, 'controller_pgain': 13.019932957449457, 'controller_dgain': 0.16140783453695587, 'controller_torque_limit': 7.887945244033775, 'controller_action_scale': 0.1385186084358544, 'target_angvel': 6.043961309140547, 'angvel_sigma': 1.586267061089989, 'rotate_reward_scale': 1.6732943200708457, 'obj_linvel_penalty_scale': -0.1765344435993371, 'torque_penalty_scale': -0.03249271305506214, 'rotate_penalty_scale': -0.06761600029408192, 'axial_tilt_penalty_scale': -1.7854040772999378, 'axial_tilt_threshold': 0.023203947534354626, 'position_penalty_scale': -0.24401322061081143, 'waypoint_tracking_reward_scale': 9.774326403315971, 'waypoint_sigma': 0.3030218591774343, 'log_scale_beta': 4.103301341324105, 'ema_alpha': 0.22234414924687046, 'jitter_penalty_scale': -1.08039993757221, 'reverse_penalty_scale': -1.6284035157482637}. Best is trial 0 with value: 2992.3302.
Best trial: 0. Best value: 2992.33:  12%|█▎        | 5/40 [22:41:32<135:36:23, 13948.10s/it]Best trial: 0. Best value: 2992.33:  12%|█▎        | 5/40 [22:41:32<135:36:23, 13948.10s/it]Best trial: 0. Best value: 2992.33:  15%|█▌        | 6/40 [22:41:32<127:18:39, 13479.97s/it]
[Space E] Alpha: 0.517 -> 1.0

================================================================================
[Optuna Trial 6] 开始训练
================================================================================
试验参数:
  alpha_start                    = 0.5169795089884461
  learning_rate                  = 0.0005725931002475602
  weight_decay                   = 5.168487770117261e-06
  gamma                          = 0.995
  tau                            = 0.85
  e_clip                         = 0.1
  entropy_coef                   = 0.005310950686365516
  critic_coef                    = 0.5
  kl_threshold                   = 0.05306191393142502
  kl_adaptive_factor             = 1.15
  min_lr                         = 1.3840044764106214e-06
  mini_epochs                    = 8
  minibatch_size                 = 32768
  grad_norm                      = 1.0
  num_envs                       = 8192
  horizon_length                 = 24
  controller_pgain               = 24.495477329710887
  controller_dgain               = 0.5574077888802287
  controller_torque_limit        = 5.58737340436789
  controller_action_scale        = 0.08485529106126158
  target_angvel                  = 5.15116700206614
  angvel_sigma                   = 1.312755277956085
  rotate_reward_scale            = 1.5944429607559285
  obj_linvel_penalty_scale       = -0.09754898398754647
  torque_penalty_scale           = -0.03786434054619313
  rotate_penalty_scale           = -0.1021536554559358
  axial_tilt_penalty_scale       = -1.6551246890305453
  axial_tilt_threshold           = 0.010465438714716517
  position_penalty_scale         = -0.13710630348221284
  waypoint_tracking_reward_scale = 6.409273873867
  waypoint_sigma                 = 0.07372098622001282
  log_scale_beta                 = 5.028791574866979
  ema_alpha                      = 0.2257885693559768
  jitter_penalty_scale           = -0.622527986472947
  reverse_penalty_scale          = -0.8973934342941714
输出目录: outputs/TP_V5/optuna_trial_0006
================================================================================


特权信息 (Privileged Information) 维度配置:
================================================================================
名称                             索引范围            维度       状态
--------------------------------------------------------------------------------
obj_position                   [ 0: 3]         3        [固定]
obj_mass                       [ 3: 4]         1        [固定]
obj_friction                   [ 4: 5]         1        [固定]
obj_com                        [ 5: 8]         3        [固定]
--------------------------------------------------------------------------------
obj_orientation                [ 8:12]         4        ✓
obj_linvel                     [12:15]         3        ✓
obj_angvel                     [15:18]         3        ✓
fingertip_position             [18:33]         15       ✓
fingertip_linvel               [33:48]         15       ✓
obj_restitution                [48:49]         1        ✓
tactile                        [49:64]         15       ✓
--------------------------------------------------------------------------------
总计: 11 项启用, 实际维度 = 64, 缓冲区大小 = 64
================================================================================

RunningMeanStd:  (126,)
RunningMeanStd:  64
RunningMeanStd:  3
RunningMeanStd:  (1,)

================================================================================

训练指标:
  Best Reward:         445.5983
  Success Rate:        0.8784
  Mean Rot Angle(rad): 27.0988
  Composite Score:     3243.32
    = 1.0×445.60 + 100.0×0.8784 + 100.0×27.0988

================================================================================
[Optuna Trial 6] 训练完成
================================================================================

