                                                                                              [I 2025-12-16 15:47:08,229] Trial 36 finished with value: 2545.6318 and parameters: {'alpha_start': 0.5014868800522513, 'learning_rate': 0.0002744335569054028, 'weight_decay': 8.271278050042811e-06, 'gamma': 0.995, 'tau': 0.9, 'e_clip': 0.1, 'entropy_coef': 0.006024256990407204, 'critic_coef': 1.0, 'kl_threshold': 0.044298897854210345, 'kl_adaptive_factor': 1.15, 'min_lr': 1.4590215138436898e-06, 'mini_epochs': 8, 'minibatch_size': 16384, 'grad_norm': 0.25, 'num_envs': 8192, 'horizon_length': 16, 'controller_pgain': 24.236142408880372, 'controller_dgain': 0.5499187461203126, 'controller_torque_limit': 7.503536996592514, 'controller_action_scale': 0.14190973370435395, 'target_angvel': 6.295611772854808, 'angvel_sigma': 1.9504908429026613, 'rotate_reward_scale': 1.6632215589371082, 'obj_linvel_penalty_scale': -0.1575467928784961, 'torque_penalty_scale': -0.03080466609211581, 'rotate_penalty_scale': -0.11169489783951526, 'axial_tilt_penalty_scale': -1.7753142723557362, 'axial_tilt_threshold': 0.015641570959557993, 'position_penalty_scale': -0.1615769879077761, 'waypoint_tracking_reward_scale': 7.891886259041967, 'waypoint_sigma': 0.26329046535866546, 'log_scale_beta': 3.9971141681325664, 'ema_alpha': 0.22202478915719692, 'jitter_penalty_scale': -0.826185439157807, 'reverse_penalty_scale': -0.9107904663564879}. Best is trial 14 with value: 3950.2084999999997.
Best trial: 14. Best value: 3950.21:  90%|█████████ | 36/40 [121:53:50<12:16:00, 11040.21s/it]Best trial: 14. Best value: 3950.21:  90%|█████████ | 36/40 [121:53:50<12:16:00, 11040.21s/it]Best trial: 14. Best value: 3950.21:  92%|█████████▎| 37/40 [121:53:50<9:09:06, 10982.23s/it] 
[Space E] Alpha: 0.539 -> 1.0

================================================================================
[Optuna Trial 37] 开始训练
================================================================================
试验参数:
  alpha_start                    = 0.5385552326728499
  learning_rate                  = 0.0005180797262097553
  weight_decay                   = 1.0642394571836185e-05
  gamma                          = 0.985
  tau                            = 0.95
  e_clip                         = 0.3
  entropy_coef                   = 0.004934169684417363
  critic_coef                    = 2.0
  kl_threshold                   = 0.05692404219606026
  kl_adaptive_factor             = 1.1
  min_lr                         = 2.5831602924075013e-06
  mini_epochs                    = 6
  minibatch_size                 = 8192
  grad_norm                      = 2.0
  num_envs                       = 8192
  horizon_length                 = 24
  controller_pgain               = 22.139997666664474
  controller_dgain               = 0.5275191443293228
  controller_torque_limit        = 6.888521134117125
  controller_action_scale        = 0.1230029207820381
  target_angvel                  = 5.447923099177165
  angvel_sigma                   = 1.849606957213531
  rotate_reward_scale            = 1.5673198717148007
  obj_linvel_penalty_scale       = -0.19109643946890884
  torque_penalty_scale           = -0.037311396722451116
  rotate_penalty_scale           = -0.041714104783380515
  axial_tilt_penalty_scale       = -1.855223138333824
  axial_tilt_threshold           = 0.010824597114093996
  position_penalty_scale         = -0.14144217168192363
  waypoint_tracking_reward_scale = 8.634944232224168
  waypoint_sigma                 = 0.2761815749578203
  log_scale_beta                 = 2.805687005161067
  ema_alpha                      = 0.18767292484646864
  jitter_penalty_scale           = -0.9372595989847502
  reverse_penalty_scale          = -1.0562945498457355
输出目录: outputs/TP_V5/optuna_trial_0037
================================================================================


特权信息 (Privileged Information) 维度配置:
================================================================================
名称                             索引范围            维度       状态
--------------------------------------------------------------------------------
obj_position                   [ 0: 3]         3        [固定]
obj_mass                       [ 3: 4]         1        [固定]
obj_friction                   [ 4: 5]         1        [固定]
obj_com                        [ 5: 8]         3        [固定]
--------------------------------------------------------------------------------
obj_orientation                [ 8:12]         4        ✓
obj_linvel                     [12:15]         3        ✓
obj_angvel                     [15:18]         3        ✓
fingertip_position             [18:33]         15       ✓
fingertip_linvel               [33:48]         15       ✓
obj_restitution                [48:49]         1        ✓
tactile                        [49:64]         15       ✓
--------------------------------------------------------------------------------
总计: 11 项启用, 实际维度 = 64, 缓冲区大小 = 64
================================================================================

RunningMeanStd:  (126,)
RunningMeanStd:  64
RunningMeanStd:  3
RunningMeanStd:  (1,)

================================================================================

训练指标:
  Best Reward:         389.4769
  Success Rate:        0.6238
  Mean Rot Angle(rad): 15.6383
  Composite Score:     2015.69
    = 1.0×389.48 + 100.0×0.6238 + 100.0×15.6383

================================================================================
[Optuna Trial 37] 训练完成
================================================================================

                                                                                             [I 2025-12-16 19:24:39,424] Trial 37 finished with value: 2015.6869 and parameters: {'alpha_start': 0.5385552326728499, 'learning_rate': 0.0005180797262097553, 'weight_decay': 1.0642394571836185e-05, 'gamma': 0.985, 'tau': 0.95, 'e_clip': 0.3, 'entropy_coef': 0.004934169684417363, 'critic_coef': 2.0, 'kl_threshold': 0.05692404219606026, 'kl_adaptive_factor': 1.1, 'min_lr': 2.5831602924075013e-06, 'mini_epochs': 6, 'minibatch_size': 8192, 'grad_norm': 2.0, 'num_envs': 8192, 'horizon_length': 24, 'controller_pgain': 22.139997666664474, 'controller_dgain': 0.5275191443293228, 'controller_torque_limit': 6.888521134117125, 'controller_action_scale': 0.1230029207820381, 'target_angvel': 5.447923099177165, 'angvel_sigma': 1.849606957213531, 'rotate_reward_scale': 1.5673198717148007, 'obj_linvel_penalty_scale': -0.19109643946890884, 'torque_penalty_scale': -0.037311396722451116, 'rotate_penalty_scale': -0.041714104783380515, 'axial_tilt_penalty_scale': -1.855223138333824, 'axial_tilt_threshold': 0.010824597114093996, 'position_penalty_scale': -0.14144217168192363, 'waypoint_tracking_reward_scale': 8.634944232224168, 'waypoint_sigma': 0.2761815749578203, 'log_scale_beta': 2.805687005161067, 'ema_alpha': 0.18767292484646864, 'jitter_penalty_scale': -0.9372595989847502, 'reverse_penalty_scale': -1.0562945498457355}. Best is trial 14 with value: 3950.2084999999997.
Best trial: 14. Best value: 3950.21:  92%|█████████▎| 37/40 [125:31:21<9:09:06, 10982.23s/it]Best trial: 14. Best value: 3950.21:  92%|█████████▎| 37/40 [125:31:21<9:09:06, 10982.23s/it]Best trial: 14. Best value: 3950.21:  95%|█████████▌| 38/40 [125:31:21<6:26:45, 11602.92s/it]
[Space E] Alpha: 0.611 -> 1.0

================================================================================
[Optuna Trial 38] 开始训练
================================================================================
试验参数:
  alpha_start                    = 0.6113988978734285
  learning_rate                  = 0.0004147207133638167
  weight_decay                   = 5.825558499648502e-06
  gamma                          = 0.992
  tau                            = 0.85
  e_clip                         = 0.2
  entropy_coef                   = 0.0035267707076635487
  critic_coef                    = 1.0
  kl_threshold                   = 0.01735067688688503
  kl_adaptive_factor             = 1.15
  min_lr                         = 1.2766580827473803e-06
  mini_epochs                    = 9
  minibatch_size                 = 16384
  grad_norm                      = 1.0
  num_envs                       = 8192
  horizon_length                 = 32
  controller_pgain               = 24.29216398814347
  controller_dgain               = 0.5826196802668907
  controller_torque_limit        = 5.294618282040862
  controller_action_scale        = 0.13336353001923595
  target_angvel                  = 5.635638536183623
  angvel_sigma                   = 1.7356726171381374
  rotate_reward_scale            = 1.6368868819656663
  obj_linvel_penalty_scale       = -0.1289189859072039
  torque_penalty_scale           = -0.03581162481340956
  rotate_penalty_scale           = -0.06926966486768737
  axial_tilt_penalty_scale       = -2.2397702427798407
  axial_tilt_threshold           = 0.012713111490398925
  position_penalty_scale         = -0.18397262287709293
  waypoint_tracking_reward_scale = 8.869531667130587
  waypoint_sigma                 = 0.18258514596614372
  log_scale_beta                 = 4.758925894134563
  ema_alpha                      = 0.20681851943771812
  jitter_penalty_scale           = -0.7411699568590987
  reverse_penalty_scale          = -1.7553130952258047
输出目录: outputs/TP_V5/optuna_trial_0038
================================================================================


[错误] Trial 38 训练失败
STDERR:
Gym has been unmaintained since 2022 and does not support NumPy 2.0 amongst other critical functionality.
Please upgrade to Gymnasium, the maintained drop-in replacement of Gym, or contact the authors of your software and request that they upgrade.
Users of this version of Gym should be able to simply replace 'import gym' with 'import gymnasium as gym' in the vast majority of cases.
See the migration guide at https://gymnasium.farama.org/introduction/migration_guide/ for additional information.
Using /home/user/.cache/torch_extensions/py38_cu121 as PyTorch extensions root...
Emitting ninja build file /home/user/.cache/torch_extensions/py38_cu121/gymtorch/build.ninja...
Building extension module gymtorch...
Allowing ninja to set a default number of workers... (overridable by setting the environment variable MAX_JOBS=N)
Loading extension module gymtorch...


[错误] Trial 38 训练失败
异常类型: TrialPruned
异常信息: 

完整调用栈:
Traceback (most recent call last):
  File "optuna/tune_teacher.py", line 386, in objective
    raise optuna.exceptions.TrialPruned()
optuna.exceptions.TrialPruned

进程返回码: -15
STDOUT最后500字符:
-> DOF 属性已更新: Kp_scale=0.3738, Kd_scale=0.6114, τ_scale=0.3738
  -> 手部 Kp: 9.0806, Kd: 0.3562
  -> PhysX contact_offset (全局 SimParams): 0.00122
  -> PhysX bounce_threshold: 0.1223 (原始: 0.20)
  -> Actor Shape Properties 已更新: 8192 个环境
     contact_offset=0.00122, rest_offset=0.00000
  -> [验证] 实际生效值 - Hand: 0.00122, Object: 0.00122
[TP_Waypoints] 正在从 7 个原始点生成密集插值 (180°对称性扩展)...
[TP_Waypoints] 未检测到 hand_dof 数据，仅插值 fingertip_pos
[TP_Waypoints] 使用 180° 对称性扩展模式
[TP_Waypoints] 原始数据相位范围: [24.2°, 162.0°]


STDERR最后500字符:
majority of cases.
See the migration guide at https://gymnasium.farama.org/introduction/migration_guide/ for additional information.
Using /home/user/.cache/torch_extensions/py38_cu121 as PyTorch extensions root...
Emitting ninja build file /home/user/.cache/torch_extensions/py38_cu121/gymtorch/build.ninja...
Building extension module gymtorch...
Allowing ninja to set a default number of workers... (overridable by setting the environment variable MAX_JOBS=N)
Loading extension module gymtorch...

                                                                                             [I 2025-12-16 19:37:37,154] Trial 38 pruned. 
Best trial: 14. Best value: 3950.21:  95%|█████████▌| 38/40 [125:44:19<6:26:45, 11602.92s/it]Best trial: 14. Best value: 3950.21:  95%|█████████▌| 38/40 [125:44:19<6:26:45, 11602.92s/it]Best trial: 14. Best value: 3950.21:  98%|█████████▊| 39/40 [125:44:19<2:19:15, 8355.36s/it] 
[Space E] Alpha: 0.441 -> 1.0

================================================================================
[Optuna Trial 39] 开始训练
================================================================================
试验参数:
  alpha_start                    = 0.4413073286654633
  learning_rate                  = 0.00022567065576817186
  weight_decay                   = 7.346198325064533e-06
  gamma                          = 0.99
  tau                            = 0.98
  e_clip                         = 0.1
  entropy_coef                   = 0.0014227250779717097
  critic_coef                    = 2.0
  kl_threshold                   = 0.024645677456087204
  kl_adaptive_factor             = 1.5
  min_lr                         = 1.8775494177933624e-06
  mini_epochs                    = 6
  minibatch_size                 = 16384
  grad_norm                      = 0.25
  num_envs                       = 8192
  horizon_length                 = 16
  controller_pgain               = 24.859487106755044
  controller_dgain               = 0.4751589903403576
  controller_torque_limit        = 5.793739037308335
  controller_action_scale        = 0.09978901076640943
  target_angvel                  = 6.013408932127785
  angvel_sigma                   = 1.5077313883558394
  rotate_reward_scale            = 1.7317273177511319
  obj_linvel_penalty_scale       = -0.1398070486574162
  torque_penalty_scale           = -0.011624065004047881
  rotate_penalty_scale           = -0.008274305231661056
  axial_tilt_penalty_scale       = -1.807430357047088
  axial_tilt_threshold           = 0.014177369826078898
  position_penalty_scale         = -0.10863426077324902
  waypoint_tracking_reward_scale = 8.333386870766835
  waypoint_sigma                 = 0.3212969076630885
  log_scale_beta                 = 2.316653318307941
  ema_alpha                      = 0.22612868958900184
  jitter_penalty_scale           = -0.6435913447900954
  reverse_penalty_scale          = -1.1867740189976623
输出目录: outputs/TP_V5/optuna_trial_0039
================================================================================

