                                                                                          [I 2025-12-04 23:54:19,907] Trial 28 pruned. 
Best trial: 13. Best value: 2531.69:  70%|███████   | 28/40 [32:40:59<1:31:35, 457.99s/it]Best trial: 13. Best value: 2531.69:  70%|███████   | 28/40 [32:40:59<1:31:35, 457.99s/it]Best trial: 13. Best value: 2531.69:  72%|███████▎  | 29/40 [32:40:59<59:34, 324.97s/it]  
================================================================================
[Optuna Trial 29] 开始训练
================================================================================
试验参数:
  learning_rate                  = 0.0002435765102353144
  weight_decay                   = 4.302032618039368e-05
  gamma                          = 0.985
  tau                            = 0.85
  e_clip                         = 0.2
  entropy_coef                   = 0.006948342901107014
  critic_coef                    = 0.5
  kl_threshold                   = 0.03349092562816181
  mini_epochs                    = 7
  minibatch_size                 = 8192
  grad_norm                      = 2.0
  num_envs                       = 8192
  horizon_length                 = 16
  flying_linear_velocity         = 0.11215984698091594
  flying_angular_velocity        = 2.030028278638415
  angvelClipMin                  = -0.2169773916422968
  angvelClipMax                  = 0.5009025102980744
  angvelPenaltyThresHigh         = 0.7939647267473907
  angvelPenaltyThresLow          = -0.6379127546147392
  rotate_reward_scale            = 2.298704530662414
  obj_linvel_penalty_scale       = -0.125037040672205
  torque_penalty_scale           = -0.03123369459156701
  rotate_penalty_scale           = -0.09114700201052538
  axial_tilt_penalty_scale       = -1.925325158226292
  axial_tilt_threshold           = 0.03354433303725481
  position_penalty_scale         = -0.27376005277581805
  flying_base_movement_penalty_scale = -0.13581338492443892
  waypoint_tracking_reward_scale = 5.012576012186651
  waypoint_sigma                 = 0.4739220605528584
输出目录: outputs/TP_V1/optuna_trial_0029
================================================================================


特权信息 (Privileged Information) 维度配置:
================================================================================
名称                             索引范围            维度       状态
--------------------------------------------------------------------------------
obj_position                   [ 0: 3]         3        [固定]
obj_mass                       [ 3: 4]         1        [固定]
obj_friction                   [ 4: 5]         1        [固定]
obj_com                        [ 5: 8]         3        [固定]
--------------------------------------------------------------------------------
obj_orientation                [ 8:12]         4        ✓
obj_linvel                     [12:15]         3        ✓
obj_angvel                     [15:18]         3        ✓
fingertip_position             [18:33]         15       ✓
fingertip_linvel               [33:48]         15       ✓
obj_restitution                [48:49]         1        ✓
tactile                        [49:64]         15       ✓
--------------------------------------------------------------------------------
总计: 11 项启用, 实际维度 = 64, 缓冲区大小 = 64
================================================================================

RunningMeanStd:  (162,)
RunningMeanStd:  64
RunningMeanStd:  3
RunningMeanStd:  (1,)

================================================================================

[错误] Trial 29 训练失败
STDERR:
sk.env.pencil_tilt_threshold=0.06', 'task.env.actionSpace.disableRingLittleFinger=True', 'train.ppo.learning_rate=0.0002435765102353144', 'train.ppo.weight_decay=4.302032618039368e-05', 'train.ppo.gamma=0.985', 'train.ppo.tau=0.85', 'train.ppo.e_clip=0.2', 'train.ppo.entropy_coef=0.006948342901107014', 'train.ppo.critic_coef=0.5', 'train.ppo.kl_threshold=0.03349092562816181', 'train.ppo.mini_epochs=7', 'train.ppo.minibatch_size=8192', 'train.ppo.grad_norm=2.0', 'task.env.numEnvs=8192', 'train.ppo.horizon_length=16', 'task.env.flyingHand.linearVelocity=0.11215984698091594', 'task.env.flyingHand.angularVelocity=2.030028278638415', 'task.env.reward.angvelClipMin=-0.2169773916422968', 'task.env.reward.angvelClipMax=0.5009025102980744', 'task.env.reward.angvelPenaltyThresHigh=0.7939647267473907', 'task.env.reward.angvelPenaltyThresLow=-0.6379127546147392', 'task.env.reward.rotate_reward_scale=2.298704530662414', 'task.env.reward.obj_linvel_penalty_scale=-0.125037040672205', 'task.env.reward.torque_penalty_scale=-0.03123369459156701', 'task.env.reward.rotate_penalty_scale=-0.09114700201052538', 'task.env.reward.axial_tilt_penalty_scale=-1.925325158226292', 'task.env.reward.axial_tilt_threshold=0.03354433303725481', 'task.env.reward.position_penalty_scale=-0.27376005277581805', 'task.env.reward.flying_base_movement_penalty_scale=-0.13581338492443892', 'task.env.reward.waypoint_tracking_reward_scale=5.012576012186651', 'task.env.reward.waypoint_sigma=0.4739220605528584', 'train.ppo.output_name=TP_V1/optuna_trial_0029', 'seed=71']
Traceback (most recent call last):
  File "train.py", line 151, in main
    train_result = agent.train()
  File "/home/user/Code/LinkerPenspin/penspin/algo/ppo/ppo_rl_teacher.py", line 415, in train
    self.writer.add_scalar('curriculum/progress', self.env.time_warper.progress, self.agent_steps)
AttributeError: 'TimeWarpingOrchestrator' object has no attribute 'progress'

Set the environment variable HYDRA_FULL_ERROR=1 for a complete stack trace.


[错误] Trial 29 训练失败
异常类型: TrialPruned
异常信息: 

完整调用栈:
Traceback (most recent call last):
  File "optuna/tune_teacher.py", line 297, in objective
    raise optuna.exceptions.TrialPruned()
optuna.exceptions.TrialPruned

进程返回码: 1
STDOUT最后500字符:
========
环境数量 (num_actors):        8,192
Horizon 长度:                 16
Batch Size:                   131,072 = 8,192 × 16
Minibatch Size:               8,192
Mini Epochs:                  7
观察维度 (obs_shape):         162
动作维度 (actions_num):       19
特权信息维度 (priv_info):     64
Critic信息维度:               100
点云缓冲维度:                 100
本体感觉历史长度:             30
================================================================================

[Space E] Initializing curriculum physics with α = 1.0000


STDERR最后500字符:
utput_name=TP_V1/optuna_trial_0029', 'seed=71']
Traceback (most recent call last):
  File "train.py", line 151, in main
    train_result = agent.train()
  File "/home/user/Code/LinkerPenspin/penspin/algo/ppo/ppo_rl_teacher.py", line 415, in train
    self.writer.add_scalar('curriculum/progress', self.env.time_warper.progress, self.agent_steps)
AttributeError: 'TimeWarpingOrchestrator' object has no attribute 'progress'

Set the environment variable HYDRA_FULL_ERROR=1 for a complete stack trace.

                                                                                        [I 2025-12-04 23:54:31,388] Trial 29 pruned. 
Best trial: 13. Best value: 2531.69:  72%|███████▎  | 29/40 [32:41:10<59:34, 324.97s/it]Best trial: 13. Best value: 2531.69:  72%|███████▎  | 29/40 [32:41:10<59:34, 324.97s/it]Best trial: 13. Best value: 2531.69:  75%|███████▌  | 30/40 [32:41:10<38:29, 230.92s/it]
================================================================================
[Optuna Trial 30] 开始训练
================================================================================
试验参数:
  learning_rate                  = 0.00037479060286934376
  weight_decay                   = 1.1168516445926628e-05
  gamma                          = 0.985
  tau                            = 0.95
  e_clip                         = 0.2
  entropy_coef                   = 0.006077801325105677
  critic_coef                    = 0.5
  kl_threshold                   = 0.0673645744133242
  mini_epochs                    = 8
  minibatch_size                 = 8192
  grad_norm                      = 0.5
  num_envs                       = 8192
  horizon_length                 = 16
  flying_linear_velocity         = 0.07567684881450445
  flying_angular_velocity        = 1.5877351085572413
  angvelClipMin                  = -0.3358997396836924
  angvelClipMax                  = 0.8749176580994851
  angvelPenaltyThresHigh         = 0.6734249883381416
  angvelPenaltyThresLow          = -0.7842810201990221
  rotate_reward_scale            = 1.0963198863690493
  obj_linvel_penalty_scale       = -0.10670233731720241
  torque_penalty_scale           = -0.020184979168867308
  rotate_penalty_scale           = -0.0839862494210879
  axial_tilt_penalty_scale       = -1.7227528286756268
  axial_tilt_threshold           = 0.04431487976372994
  position_penalty_scale         = -0.21322522638702304
  flying_base_movement_penalty_scale = -0.11679923996860765
  waypoint_tracking_reward_scale = 7.321151381358308
  waypoint_sigma                 = 0.1306444761736577
输出目录: outputs/TP_V1/optuna_trial_0030
================================================================================


特权信息 (Privileged Information) 维度配置:
================================================================================
名称                             索引范围            维度       状态
--------------------------------------------------------------------------------
obj_position                   [ 0: 3]         3        [固定]
obj_mass                       [ 3: 4]         1        [固定]
obj_friction                   [ 4: 5]         1        [固定]
obj_com                        [ 5: 8]         3        [固定]
--------------------------------------------------------------------------------
obj_orientation                [ 8:12]         4        ✓
obj_linvel                     [12:15]         3        ✓
obj_angvel                     [15:18]         3        ✓
fingertip_position             [18:33]         15       ✓
fingertip_linvel               [33:48]         15       ✓
obj_restitution                [48:49]         1        ✓
tactile                        [49:64]         15       ✓
--------------------------------------------------------------------------------
总计: 11 项启用, 实际维度 = 64, 缓冲区大小 = 64
================================================================================

RunningMeanStd:  (162,)
RunningMeanStd:  64
RunningMeanStd:  3
RunningMeanStd:  (1,)

================================================================================

[错误] Trial 30 训练失败
STDERR:
.pencil_tilt_threshold=0.06', 'task.env.actionSpace.disableRingLittleFinger=True', 'train.ppo.learning_rate=0.00037479060286934376', 'train.ppo.weight_decay=1.1168516445926628e-05', 'train.ppo.gamma=0.985', 'train.ppo.tau=0.95', 'train.ppo.e_clip=0.2', 'train.ppo.entropy_coef=0.006077801325105677', 'train.ppo.critic_coef=0.5', 'train.ppo.kl_threshold=0.0673645744133242', 'train.ppo.mini_epochs=8', 'train.ppo.minibatch_size=8192', 'train.ppo.grad_norm=0.5', 'task.env.numEnvs=8192', 'train.ppo.horizon_length=16', 'task.env.flyingHand.linearVelocity=0.07567684881450445', 'task.env.flyingHand.angularVelocity=1.5877351085572413', 'task.env.reward.angvelClipMin=-0.3358997396836924', 'task.env.reward.angvelClipMax=0.8749176580994851', 'task.env.reward.angvelPenaltyThresHigh=0.6734249883381416', 'task.env.reward.angvelPenaltyThresLow=-0.7842810201990221', 'task.env.reward.rotate_reward_scale=1.0963198863690493', 'task.env.reward.obj_linvel_penalty_scale=-0.10670233731720241', 'task.env.reward.torque_penalty_scale=-0.020184979168867308', 'task.env.reward.rotate_penalty_scale=-0.0839862494210879', 'task.env.reward.axial_tilt_penalty_scale=-1.7227528286756268', 'task.env.reward.axial_tilt_threshold=0.04431487976372994', 'task.env.reward.position_penalty_scale=-0.21322522638702304', 'task.env.reward.flying_base_movement_penalty_scale=-0.11679923996860765', 'task.env.reward.waypoint_tracking_reward_scale=7.321151381358308', 'task.env.reward.waypoint_sigma=0.1306444761736577', 'train.ppo.output_name=TP_V1/optuna_trial_0030', 'seed=72']
Traceback (most recent call last):
  File "train.py", line 151, in main
    train_result = agent.train()
  File "/home/user/Code/LinkerPenspin/penspin/algo/ppo/ppo_rl_teacher.py", line 415, in train
    self.writer.add_scalar('curriculum/progress', self.env.time_warper.progress, self.agent_steps)
AttributeError: 'TimeWarpingOrchestrator' object has no attribute 'progress'

Set the environment variable HYDRA_FULL_ERROR=1 for a complete stack trace.


[错误] Trial 30 训练失败
异常类型: TrialPruned
异常信息: 

完整调用栈:
Traceback (most recent call last):
  File "optuna/tune_teacher.py", line 297, in objective
    raise optuna.exceptions.TrialPruned()
optuna.exceptions.TrialPruned

进程返回码: 1
STDOUT最后500字符:
========
环境数量 (num_actors):        8,192
Horizon 长度:                 16
Batch Size:                   131,072 = 8,192 × 16
Minibatch Size:               8,192
Mini Epochs:                  8
观察维度 (obs_shape):         162
动作维度 (actions_num):       19
特权信息维度 (priv_info):     64
Critic信息维度:               100
点云缓冲维度:                 100
本体感觉历史长度:             30
================================================================================

[Space E] Initializing curriculum physics with α = 1.0000


STDERR最后500字符:
utput_name=TP_V1/optuna_trial_0030', 'seed=72']
Traceback (most recent call last):
  File "train.py", line 151, in main
    train_result = agent.train()
  File "/home/user/Code/LinkerPenspin/penspin/algo/ppo/ppo_rl_teacher.py", line 415, in train
    self.writer.add_scalar('curriculum/progress', self.env.time_warper.progress, self.agent_steps)
AttributeError: 'TimeWarpingOrchestrator' object has no attribute 'progress'

Set the environment variable HYDRA_FULL_ERROR=1 for a complete stack trace.

                                                                                        [I 2025-12-04 23:54:42,809] Trial 30 pruned. 
Best trial: 13. Best value: 2531.69:  75%|███████▌  | 30/40 [32:41:22<38:29, 230.92s/it]Best trial: 13. Best value: 2531.69:  75%|███████▌  | 30/40 [32:41:22<38:29, 230.92s/it]Best trial: 13. Best value: 2531.69:  78%|███████▊  | 31/40 [32:41:22<24:45, 165.07s/it]
================================================================================
[Optuna Trial 31] 开始训练
================================================================================
试验参数:
  learning_rate                  = 0.00048823887464364597
  weight_decay                   = 1.827999853959521e-05
  gamma                          = 0.985
  tau                            = 0.9
  e_clip                         = 0.3
  entropy_coef                   = 0.0050054982868846295
  critic_coef                    = 0.5
  kl_threshold                   = 0.07255205021505033
  mini_epochs                    = 10
  minibatch_size                 = 8192
  grad_norm                      = 1.0
  num_envs                       = 4096
  horizon_length                 = 32
  flying_linear_velocity         = 0.12741439904529964
  flying_angular_velocity        = 1.1764227498418114
  angvelClipMin                  = -0.39368451607290333
  angvelClipMax                  = 0.8137498993579344
  angvelPenaltyThresHigh         = 0.5242291615450424
  angvelPenaltyThresLow          = -0.7512739499454116
  rotate_reward_scale            = 1.840179767801562
  obj_linvel_penalty_scale       = -0.08657729435022105
  torque_penalty_scale           = -0.020575550027334882
  rotate_penalty_scale           = -0.07648380513868833
  axial_tilt_penalty_scale       = -1.2432036737509702
  axial_tilt_threshold           = 0.026466839185325462
  position_penalty_scale         = -0.23470644080801867
  flying_base_movement_penalty_scale = -0.0905250596296873
  waypoint_tracking_reward_scale = 8.483785664701395
  waypoint_sigma                 = 0.45024757617962663
输出目录: outputs/TP_V1/optuna_trial_0031
================================================================================


特权信息 (Privileged Information) 维度配置:
================================================================================
名称                             索引范围            维度       状态
--------------------------------------------------------------------------------
obj_position                   [ 0: 3]         3        [固定]
obj_mass                       [ 3: 4]         1        [固定]
obj_friction                   [ 4: 5]         1        [固定]
obj_com                        [ 5: 8]         3        [固定]
--------------------------------------------------------------------------------
obj_orientation                [ 8:12]         4        ✓
obj_linvel                     [12:15]         3        ✓
obj_angvel                     [15:18]         3        ✓
fingertip_position             [18:33]         15       ✓
fingertip_linvel               [33:48]         15       ✓
obj_restitution                [48:49]         1        ✓
tactile                        [49:64]         15       ✓
--------------------------------------------------------------------------------
总计: 11 项启用, 实际维度 = 64, 缓冲区大小 = 64
================================================================================

RunningMeanStd:  (162,)
RunningMeanStd:  64
RunningMeanStd:  3
RunningMeanStd:  (1,)

================================================================================

[错误] Trial 31 训练失败
STDERR:
ncil_tilt_threshold=0.06', 'task.env.actionSpace.disableRingLittleFinger=True', 'train.ppo.learning_rate=0.00048823887464364597', 'train.ppo.weight_decay=1.827999853959521e-05', 'train.ppo.gamma=0.985', 'train.ppo.tau=0.9', 'train.ppo.e_clip=0.3', 'train.ppo.entropy_coef=0.0050054982868846295', 'train.ppo.critic_coef=0.5', 'train.ppo.kl_threshold=0.07255205021505033', 'train.ppo.mini_epochs=10', 'train.ppo.minibatch_size=8192', 'train.ppo.grad_norm=1.0', 'task.env.numEnvs=4096', 'train.ppo.horizon_length=32', 'task.env.flyingHand.linearVelocity=0.12741439904529964', 'task.env.flyingHand.angularVelocity=1.1764227498418114', 'task.env.reward.angvelClipMin=-0.39368451607290333', 'task.env.reward.angvelClipMax=0.8137498993579344', 'task.env.reward.angvelPenaltyThresHigh=0.5242291615450424', 'task.env.reward.angvelPenaltyThresLow=-0.7512739499454116', 'task.env.reward.rotate_reward_scale=1.840179767801562', 'task.env.reward.obj_linvel_penalty_scale=-0.08657729435022105', 'task.env.reward.torque_penalty_scale=-0.020575550027334882', 'task.env.reward.rotate_penalty_scale=-0.07648380513868833', 'task.env.reward.axial_tilt_penalty_scale=-1.2432036737509702', 'task.env.reward.axial_tilt_threshold=0.026466839185325462', 'task.env.reward.position_penalty_scale=-0.23470644080801867', 'task.env.reward.flying_base_movement_penalty_scale=-0.0905250596296873', 'task.env.reward.waypoint_tracking_reward_scale=8.483785664701395', 'task.env.reward.waypoint_sigma=0.45024757617962663', 'train.ppo.output_name=TP_V1/optuna_trial_0031', 'seed=73']
Traceback (most recent call last):
  File "train.py", line 151, in main
    train_result = agent.train()
  File "/home/user/Code/LinkerPenspin/penspin/algo/ppo/ppo_rl_teacher.py", line 415, in train
    self.writer.add_scalar('curriculum/progress', self.env.time_warper.progress, self.agent_steps)
AttributeError: 'TimeWarpingOrchestrator' object has no attribute 'progress'

Set the environment variable HYDRA_FULL_ERROR=1 for a complete stack trace.


[错误] Trial 31 训练失败
异常类型: TrialPruned
异常信息: 

完整调用栈:
Traceback (most recent call last):
  File "optuna/tune_teacher.py", line 297, in objective
    raise optuna.exceptions.TrialPruned()
optuna.exceptions.TrialPruned

进程返回码: 1
STDOUT最后500字符:
=======
环境数量 (num_actors):        4,096
Horizon 长度:                 32
Batch Size:                   131,072 = 4,096 × 32
Minibatch Size:               8,192
Mini Epochs:                  10
观察维度 (obs_shape):         162
动作维度 (actions_num):       19
特权信息维度 (priv_info):     64
Critic信息维度:               100
点云缓冲维度:                 100
本体感觉历史长度:             30
================================================================================

[Space E] Initializing curriculum physics with α = 1.0000


STDERR最后500字符:
utput_name=TP_V1/optuna_trial_0031', 'seed=73']
Traceback (most recent call last):
  File "train.py", line 151, in main
    train_result = agent.train()
  File "/home/user/Code/LinkerPenspin/penspin/algo/ppo/ppo_rl_teacher.py", line 415, in train
    self.writer.add_scalar('curriculum/progress', self.env.time_warper.progress, self.agent_steps)
AttributeError: 'TimeWarpingOrchestrator' object has no attribute 'progress'

Set the environment variable HYDRA_FULL_ERROR=1 for a complete stack trace.

