
================================================================================
Optuna 超参数优化 - RL Teacher PPO (统一架构)
================================================================================
GPU ID:           0
试验次数:         40
每次训练步数:     400,000,000
数据库:           sqlite:///optuna/hpo_TP_V5.db
Study名称:        TP_V5
加载已有study:    True
架构说明:         SpaceE 统一架构 (alpha_start 作为搜索参数)
  alpha_start:    [0.25, 1.0] (Optuna 搜索)
  alpha_end:      1.0 (固定)
  注: alpha_start=1.0 等效于原 SpaceA Baseline
================================================================================

[I 2025-12-11 13:53:17,726] A new study created in RDB with name: TP_V5
Study状态: 已加载

开始优化...

  0%|          | 0/40 [00:00<?, ?it/s]
[Space E] Alpha: 0.531 -> 1.0

================================================================================
[Optuna Trial 0] 开始训练
================================================================================
试验参数:
  alpha_start                    = 0.5309050891355218
  learning_rate                  = 0.0008927180304353628
  weight_decay                   = 2.6975154833351135e-05
  gamma                          = 0.985
  tau                            = 0.85
  e_clip                         = 0.1
  entropy_coef                   = 0.0022838315689740368
  critic_coef                    = 1.0
  kl_threshold                   = 0.02896849809425902
  kl_adaptive_factor             = 1.1
  min_lr                         = 8.168455894760166e-06
  mini_epochs                    = 9
  minibatch_size                 = 32768
  grad_norm                      = 0.5
  num_envs                       = 8192
  horizon_length                 = 24
  controller_pgain               = 15.959978999253819
  controller_dgain               = 0.19395245130287272
  controller_torque_limit        = 7.05269907953647
  controller_action_scale        = 0.11081067456177209
  target_angvel                  = 5.183057352267168
  angvel_sigma                   = 1.6466238370778892
  rotate_reward_scale            = 1.5343885211152184
  obj_linvel_penalty_scale       = -0.06360193968818267
  torque_penalty_scale           = -0.03223660055199949
  rotate_penalty_scale           = -0.0506216573469027
  axial_tilt_penalty_scale       = -2.188288923910589
  axial_tilt_threshold           = 0.020401360423556215
  position_penalty_scale         = -0.19065794413134407
  waypoint_tracking_reward_scale = 5.924272277627635
  waypoint_sigma                 = 0.3887463122728867
  log_scale_beta                 = 5.538363351847245
  ema_alpha                      = 0.2878997883128378
  jitter_penalty_scale           = -0.6051726495723512
  reverse_penalty_scale          = -1.1031500317833722
输出目录: outputs/TP_V5/optuna_trial_0000
================================================================================


特权信息 (Privileged Information) 维度配置:
================================================================================
名称                             索引范围            维度       状态
--------------------------------------------------------------------------------
obj_position                   [ 0: 3]         3        [固定]
obj_mass                       [ 3: 4]         1        [固定]
obj_friction                   [ 4: 5]         1        [固定]
obj_com                        [ 5: 8]         3        [固定]
--------------------------------------------------------------------------------
obj_orientation                [ 8:12]         4        ✓
obj_linvel                     [12:15]         3        ✓
obj_angvel                     [15:18]         3        ✓
fingertip_position             [18:33]         15       ✓
fingertip_linvel               [33:48]         15       ✓
obj_restitution                [48:49]         1        ✓
tactile                        [49:64]         15       ✓
--------------------------------------------------------------------------------
总计: 11 项启用, 实际维度 = 64, 缓冲区大小 = 64
================================================================================

RunningMeanStd:  (126,)
RunningMeanStd:  64
RunningMeanStd:  3
RunningMeanStd:  (1,)

================================================================================

训练指标:
  Best Reward:         522.5802
  Success Rate:        0.8225
  Mean Rot Angle(rad): 23.8750
  Composite Score:     2992.33
    = 1.0×522.58 + 100.0×0.8225 + 100.0×23.8750

================================================================================
[Optuna Trial 0] 训练完成
================================================================================

                                      [I 2025-12-11 17:22:53,544] Trial 0 finished with value: 2992.3302 and parameters: {'alpha_start': 0.5309050891355218, 'learning_rate': 0.0008927180304353628, 'weight_decay': 2.6975154833351135e-05, 'gamma': 0.985, 'tau': 0.85, 'e_clip': 0.1, 'entropy_coef': 0.0022838315689740368, 'critic_coef': 1.0, 'kl_threshold': 0.02896849809425902, 'kl_adaptive_factor': 1.1, 'min_lr': 8.168455894760166e-06, 'mini_epochs': 9, 'minibatch_size': 32768, 'grad_norm': 0.5, 'num_envs': 8192, 'horizon_length': 24, 'controller_pgain': 15.959978999253819, 'controller_dgain': 0.19395245130287272, 'controller_torque_limit': 7.05269907953647, 'controller_action_scale': 0.11081067456177209, 'target_angvel': 5.183057352267168, 'angvel_sigma': 1.6466238370778892, 'rotate_reward_scale': 1.5343885211152184, 'obj_linvel_penalty_scale': -0.06360193968818267, 'torque_penalty_scale': -0.03223660055199949, 'rotate_penalty_scale': -0.0506216573469027, 'axial_tilt_penalty_scale': -2.188288923910589, 'axial_tilt_threshold': 0.020401360423556215, 'position_penalty_scale': -0.19065794413134407, 'waypoint_tracking_reward_scale': 5.924272277627635, 'waypoint_sigma': 0.3887463122728867, 'log_scale_beta': 5.538363351847245, 'ema_alpha': 0.2878997883128378, 'jitter_penalty_scale': -0.6051726495723512, 'reverse_penalty_scale': -1.1031500317833722}. Best is trial 0 with value: 2992.3302.
  0%|          | 0/40 [3:29:35<?, ?it/s]Best trial: 0. Best value: 2992.33:   0%|          | 0/40 [3:29:35<?, ?it/s]Best trial: 0. Best value: 2992.33:   2%|▎         | 1/40 [3:29:35<136:14:16, 12575.82s/it]
[Space E] Alpha: 0.941 -> 1.0

================================================================================
[Optuna Trial 1] 开始训练
================================================================================
试验参数:
  alpha_start                    = 0.9414056762673376
  learning_rate                  = 0.00012260057359187533
  weight_decay                   = 7.851504189403359e-06
  gamma                          = 0.992
  tau                            = 0.85
  e_clip                         = 0.4
  entropy_coef                   = 0.006405713385076602
  critic_coef                    = 2.0
  kl_threshold                   = 0.05889372875702844
  kl_adaptive_factor             = 1.15
  min_lr                         = 1.7050539260269282e-06
  mini_epochs                    = 10
  minibatch_size                 = 8192
  grad_norm                      = 1.0
  num_envs                       = 8192
  horizon_length                 = 16
  controller_pgain               = 21.272182233898935
  controller_dgain               = 0.4923532718776038
  controller_torque_limit        = 6.683831592708488
  controller_action_scale        = 0.13396770259681928
  target_angvel                  = 5.740693394546586
  angvel_sigma                   = 1.6659129805673958
  rotate_reward_scale            = 1.9275410183585495
  obj_linvel_penalty_scale       = -0.19618713098838572
  torque_penalty_scale           = -0.03676325719020087
  rotate_penalty_scale           = -0.14528562214698987
  axial_tilt_penalty_scale       = -1.8635895887362195
  axial_tilt_threshold           = 0.016287119621526534
  position_penalty_scale         = -0.19828586176705942
  waypoint_tracking_reward_scale = 9.537832369630465
  waypoint_sigma                 = 0.12223812478508372
  log_scale_beta                 = 3.167488999731593
  ema_alpha                      = 0.2511102277086097
  jitter_penalty_scale           = -1.2712018345083775
  reverse_penalty_scale          = -1.8845301352568105
输出目录: outputs/TP_V5/optuna_trial_0001
================================================================================


特权信息 (Privileged Information) 维度配置:
================================================================================
名称                             索引范围            维度       状态
--------------------------------------------------------------------------------
obj_position                   [ 0: 3]         3        [固定]
obj_mass                       [ 3: 4]         1        [固定]
obj_friction                   [ 4: 5]         1        [固定]
obj_com                        [ 5: 8]         3        [固定]
--------------------------------------------------------------------------------
obj_orientation                [ 8:12]         4        ✓
obj_linvel                     [12:15]         3        ✓
obj_angvel                     [15:18]         3        ✓
fingertip_position             [18:33]         15       ✓
fingertip_linvel               [33:48]         15       ✓
obj_restitution                [48:49]         1        ✓
tactile                        [49:64]         15       ✓
--------------------------------------------------------------------------------
总计: 11 项启用, 实际维度 = 64, 缓冲区大小 = 64
================================================================================

RunningMeanStd:  (126,)
RunningMeanStd:  64
RunningMeanStd:  3
RunningMeanStd:  (1,)

================================================================================

训练指标:
  Best Reward:         80.6780
  Success Rate:        0.0000
  Mean Rot Angle(rad): 3.6041
  Composite Score:     441.09
    = 1.0×80.68 + 100.0×0.0000 + 100.0×3.6041

================================================================================
[Optuna Trial 1] 训练完成
================================================================================

                                                                                           [I 2025-12-11 21:43:47,210] Trial 1 finished with value: 441.08799999999997 and parameters: {'alpha_start': 0.9414056762673376, 'learning_rate': 0.00012260057359187533, 'weight_decay': 7.851504189403359e-06, 'gamma': 0.992, 'tau': 0.85, 'e_clip': 0.4, 'entropy_coef': 0.006405713385076602, 'critic_coef': 2.0, 'kl_threshold': 0.05889372875702844, 'kl_adaptive_factor': 1.15, 'min_lr': 1.7050539260269282e-06, 'mini_epochs': 10, 'minibatch_size': 8192, 'grad_norm': 1.0, 'num_envs': 8192, 'horizon_length': 16, 'controller_pgain': 21.272182233898935, 'controller_dgain': 0.4923532718776038, 'controller_torque_limit': 6.683831592708488, 'controller_action_scale': 0.13396770259681928, 'target_angvel': 5.740693394546586, 'angvel_sigma': 1.6659129805673958, 'rotate_reward_scale': 1.9275410183585495, 'obj_linvel_penalty_scale': -0.19618713098838572, 'torque_penalty_scale': -0.03676325719020087, 'rotate_penalty_scale': -0.14528562214698987, 'axial_tilt_penalty_scale': -1.8635895887362195, 'axial_tilt_threshold': 0.016287119621526534, 'position_penalty_scale': -0.19828586176705942, 'waypoint_tracking_reward_scale': 9.537832369630465, 'waypoint_sigma': 0.12223812478508372, 'log_scale_beta': 3.167488999731593, 'ema_alpha': 0.2511102277086097, 'jitter_penalty_scale': -1.2712018345083775, 'reverse_penalty_scale': -1.8845301352568105}. Best is trial 0 with value: 2992.3302.
Best trial: 0. Best value: 2992.33:   2%|▎         | 1/40 [7:50:29<136:14:16, 12575.82s/it]Best trial: 0. Best value: 2992.33:   2%|▎         | 1/40 [7:50:29<136:14:16, 12575.82s/it]Best trial: 0. Best value: 2992.33:   5%|▌         | 2/40 [7:50:29<151:51:20, 14386.32s/it]
[Space E] Alpha: 0.467 -> 1.0

================================================================================
[Optuna Trial 2] 开始训练
================================================================================
试验参数:
  alpha_start                    = 0.467313589685326
  learning_rate                  = 0.00014495102383254693
  weight_decay                   = 4.2527284905297604e-05
  gamma                          = 0.992
  tau                            = 0.9
  e_clip                         = 0.1
  entropy_coef                   = 0.003989754520383794
  critic_coef                    = 1.0
  kl_threshold                   = 0.044773805785584736
  kl_adaptive_factor             = 1.1
  min_lr                         = 7.688106801474963e-05
  mini_epochs                    = 6
  minibatch_size                 = 16384
  grad_norm                      = 0.25
  num_envs                       = 8192
  horizon_length                 = 16
  controller_pgain               = 19.92433634173866
  controller_dgain               = 0.37620556045298764
  controller_torque_limit        = 5.154436253749968
  controller_action_scale        = 0.09950525249656281
  target_angvel                  = 6.36239882894998
  angvel_sigma                   = 1.4676933234668808
  rotate_reward_scale            = 1.644894872091223
  obj_linvel_penalty_scale       = -0.12658208595836556
  torque_penalty_scale           = -0.01043048637668198
  rotate_penalty_scale           = -0.11369170927327493
  axial_tilt_penalty_scale       = -1.8278644525941214
  axial_tilt_threshold           = 0.02523239230657435
  position_penalty_scale         = -0.25247249120152004
  waypoint_tracking_reward_scale = 8.641081743059297
  waypoint_sigma                 = 0.1660797591061237
  log_scale_beta                 = 4.609987898858266
  ema_alpha                      = 0.22670594215217893
  jitter_penalty_scale           = -0.9642253159252415
  reverse_penalty_scale          = -1.8645653449183874
输出目录: outputs/TP_V5/optuna_trial_0002
================================================================================


特权信息 (Privileged Information) 维度配置:
================================================================================
名称                             索引范围            维度       状态
--------------------------------------------------------------------------------
obj_position                   [ 0: 3]         3        [固定]
obj_mass                       [ 3: 4]         1        [固定]
obj_friction                   [ 4: 5]         1        [固定]
obj_com                        [ 5: 8]         3        [固定]
--------------------------------------------------------------------------------
obj_orientation                [ 8:12]         4        ✓
obj_linvel                     [12:15]         3        ✓
obj_angvel                     [15:18]         3        ✓
fingertip_position             [18:33]         15       ✓
fingertip_linvel               [33:48]         15       ✓
obj_restitution                [48:49]         1        ✓
tactile                        [49:64]         15       ✓
--------------------------------------------------------------------------------
总计: 11 项启用, 实际维度 = 64, 缓冲区大小 = 64
================================================================================

RunningMeanStd:  (126,)
RunningMeanStd:  64
RunningMeanStd:  3
RunningMeanStd:  (1,)

================================================================================

训练指标:
  Best Reward:         60.3835
  Success Rate:        0.5016
  Mean Rot Angle(rad): 3.3038
  Composite Score:     440.92
    = 1.0×60.38 + 100.0×0.5016 + 100.0×3.3038

================================================================================
[Optuna Trial 2] 训练完成
================================================================================

                                                                                           [I 2025-12-12 01:24:50,286] Trial 2 finished with value: 440.9235 and parameters: {'alpha_start': 0.467313589685326, 'learning_rate': 0.00014495102383254693, 'weight_decay': 4.2527284905297604e-05, 'gamma': 0.992, 'tau': 0.9, 'e_clip': 0.1, 'entropy_coef': 0.003989754520383794, 'critic_coef': 1.0, 'kl_threshold': 0.044773805785584736, 'kl_adaptive_factor': 1.1, 'min_lr': 7.688106801474963e-05, 'mini_epochs': 6, 'minibatch_size': 16384, 'grad_norm': 0.25, 'num_envs': 8192, 'horizon_length': 16, 'controller_pgain': 19.92433634173866, 'controller_dgain': 0.37620556045298764, 'controller_torque_limit': 5.154436253749968, 'controller_action_scale': 0.09950525249656281, 'target_angvel': 6.36239882894998, 'angvel_sigma': 1.4676933234668808, 'rotate_reward_scale': 1.644894872091223, 'obj_linvel_penalty_scale': -0.12658208595836556, 'torque_penalty_scale': -0.01043048637668198, 'rotate_penalty_scale': -0.11369170927327493, 'axial_tilt_penalty_scale': -1.8278644525941214, 'axial_tilt_threshold': 0.02523239230657435, 'position_penalty_scale': -0.25247249120152004, 'waypoint_tracking_reward_scale': 8.641081743059297, 'waypoint_sigma': 0.1660797591061237, 'log_scale_beta': 4.609987898858266, 'ema_alpha': 0.22670594215217893, 'jitter_penalty_scale': -0.9642253159252415, 'reverse_penalty_scale': -1.8645653449183874}. Best is trial 0 with value: 2992.3302.
Best trial: 0. Best value: 2992.33:   5%|▌         | 2/40 [11:31:32<151:51:20, 14386.32s/it]Best trial: 0. Best value: 2992.33:   5%|▌         | 2/40 [11:31:32<151:51:20, 14386.32s/it]Best trial: 0. Best value: 2992.33:   8%|▊         | 3/40 [11:31:32<142:35:16, 13873.42s/it]
[Space E] Alpha: 0.876 -> 1.0

================================================================================
[Optuna Trial 3] 开始训练
================================================================================
试验参数:
  alpha_start                    = 0.8764768716919284
  learning_rate                  = 0.00020930522257520926
  weight_decay                   = 7.682251390838016e-06
  gamma                          = 0.992
  tau                            = 0.95
  e_clip                         = 0.3
  entropy_coef                   = 0.00338746445735181
  critic_coef                    = 1.0
  kl_threshold                   = 0.026571797195491208
  kl_adaptive_factor             = 1.15
  min_lr                         = 3.0458224385894074e-06
  mini_epochs                    = 4
  minibatch_size                 = 16384
  grad_norm                      = 2.0
  num_envs                       = 8192
  horizon_length                 = 16
  controller_pgain               = 13.093819544935634
  controller_dgain               = 0.22273292134257616
  controller_torque_limit        = 7.695662565581237
  controller_action_scale        = 0.12245003417617129
  target_angvel                  = 5.013795577424944
  angvel_sigma                   = 1.3710300800062225
  rotate_reward_scale            = 2.1635017691080556
  obj_linvel_penalty_scale       = -0.1992407624230672
  torque_penalty_scale           = -0.03517575845747504
  rotate_penalty_scale           = -0.06768993159501208
  axial_tilt_penalty_scale       = -1.8081048023073067
  axial_tilt_threshold           = 0.02303922519005201
  position_penalty_scale         = -0.25514613810788805
  waypoint_tracking_reward_scale = 8.56089610673768
  waypoint_sigma                 = 0.11778216237381603
  log_scale_beta                 = 2.6150980380352404
  ema_alpha                      = 0.24929828102360482
  jitter_penalty_scale           = -0.8503671009527853
  reverse_penalty_scale          = -0.7261648842587332
输出目录: outputs/TP_V5/optuna_trial_0003
================================================================================


特权信息 (Privileged Information) 维度配置:
================================================================================
名称                             索引范围            维度       状态
--------------------------------------------------------------------------------
obj_position                   [ 0: 3]         3        [固定]
obj_mass                       [ 3: 4]         1        [固定]
obj_friction                   [ 4: 5]         1        [固定]
obj_com                        [ 5: 8]         3        [固定]
--------------------------------------------------------------------------------
obj_orientation                [ 8:12]         4        ✓
obj_linvel                     [12:15]         3        ✓
obj_angvel                     [15:18]         3        ✓
fingertip_position             [18:33]         15       ✓
fingertip_linvel               [33:48]         15       ✓
obj_restitution                [48:49]         1        ✓
tactile                        [49:64]         15       ✓
--------------------------------------------------------------------------------
总计: 11 项启用, 实际维度 = 64, 缓冲区大小 = 64
================================================================================

RunningMeanStd:  (126,)
RunningMeanStd:  64
RunningMeanStd:  3
RunningMeanStd:  (1,)

================================================================================

训练指标:
  Best Reward:         59.0729
  Success Rate:        0.0000
  Mean Rot Angle(rad): 2.3454
  Composite Score:     293.61
    = 1.0×59.07 + 100.0×0.0000 + 100.0×2.3454

================================================================================
[Optuna Trial 3] 训练完成
================================================================================

