                                                                                              [I 2025-12-16 07:32:13,055] Trial 33 finished with value: 1171.7683 and parameters: {'alpha_start': 0.4542436082645111, 'learning_rate': 0.0004996507835957596, 'weight_decay': 8.519492229938403e-06, 'gamma': 0.99, 'tau': 0.9, 'e_clip': 0.3, 'entropy_coef': 0.00658642650993687, 'critic_coef': 1.0, 'kl_threshold': 0.06144372161732794, 'kl_adaptive_factor': 1.5, 'min_lr': 1.4710899906680567e-06, 'mini_epochs': 9, 'minibatch_size': 16384, 'grad_norm': 0.25, 'num_envs': 8192, 'horizon_length': 24, 'controller_pgain': 24.50238228367944, 'controller_dgain': 0.5139180805010803, 'controller_torque_limit': 6.977858263365367, 'controller_action_scale': 0.12121131917387572, 'target_angvel': 6.484118909032153, 'angvel_sigma': 1.6880715674812983, 'rotate_reward_scale': 1.6416613127651056, 'obj_linvel_penalty_scale': -0.1491218683087098, 'torque_penalty_scale': -0.035876454808571934, 'rotate_penalty_scale': -0.019206257498129396, 'axial_tilt_penalty_scale': -1.8880669471418232, 'axial_tilt_threshold': 0.01630196365531922, 'position_penalty_scale': -0.19436605174294497, 'waypoint_tracking_reward_scale': 8.37210780418181, 'waypoint_sigma': 0.3518009860123952, 'log_scale_beta': 3.3725466942583258, 'ema_alpha': 0.22587136147757597, 'jitter_penalty_scale': -1.2000238257882598, 'reverse_penalty_scale': -0.9452181990981015}. Best is trial 14 with value: 3950.2084999999997.
Best trial: 14. Best value: 3950.21:  82%|████████▎ | 33/40 [113:38:55<27:23:06, 14083.77s/it]Best trial: 14. Best value: 3950.21:  82%|████████▎ | 33/40 [113:38:55<27:23:06, 14083.77s/it]Best trial: 14. Best value: 3950.21:  85%|████████▌ | 34/40 [113:38:55<20:54:30, 12545.02s/it]
[Space E] Alpha: 0.348 -> 1.0

================================================================================
[Optuna Trial 34] 开始训练
================================================================================
试验参数:
  alpha_start                    = 0.3478046428525096
  learning_rate                  = 0.00017205212077853264
  weight_decay                   = 5.812076765782665e-06
  gamma                          = 0.99
  tau                            = 0.9
  e_clip                         = 0.3
  entropy_coef                   = 0.005379899266717312
  critic_coef                    = 1.0
  kl_threshold                   = 0.02098486093166031
  kl_adaptive_factor             = 1.5
  min_lr                         = 3.184386756459648e-06
  mini_epochs                    = 8
  minibatch_size                 = 16384
  grad_norm                      = 0.25
  num_envs                       = 8192
  horizon_length                 = 16
  controller_pgain               = 23.376978153346926
  controller_dgain               = 0.49198587867919835
  controller_torque_limit        = 7.374805560271927
  controller_action_scale        = 0.11751446413186384
  target_angvel                  = 6.083734524234131
  angvel_sigma                   = 1.3556059037116353
  rotate_reward_scale            = 1.9097568429320488
  obj_linvel_penalty_scale       = -0.09888500085264054
  torque_penalty_scale           = -0.035073512199608047
  rotate_penalty_scale           = -0.007781317746633468
  axial_tilt_penalty_scale       = -1.853946531896936
  axial_tilt_threshold           = 0.013226985619115972
  position_penalty_scale         = -0.2072489458963621
  waypoint_tracking_reward_scale = 9.091848729975698
  waypoint_sigma                 = 0.2089140834550743
  log_scale_beta                 = 1.6952868945878892
  ema_alpha                      = 0.2368774717492553
  jitter_penalty_scale           = -1.343766977607663
  reverse_penalty_scale          = -0.6035689794612134
输出目录: outputs/TP_V5/optuna_trial_0034
================================================================================


特权信息 (Privileged Information) 维度配置:
================================================================================
名称                             索引范围            维度       状态
--------------------------------------------------------------------------------
obj_position                   [ 0: 3]         3        [固定]
obj_mass                       [ 3: 4]         1        [固定]
obj_friction                   [ 4: 5]         1        [固定]
obj_com                        [ 5: 8]         3        [固定]
--------------------------------------------------------------------------------
obj_orientation                [ 8:12]         4        ✓
obj_linvel                     [12:15]         3        ✓
obj_angvel                     [15:18]         3        ✓
fingertip_position             [18:33]         15       ✓
fingertip_linvel               [33:48]         15       ✓
obj_restitution                [48:49]         1        ✓
tactile                        [49:64]         15       ✓
--------------------------------------------------------------------------------
总计: 11 项启用, 实际维度 = 64, 缓冲区大小 = 64
================================================================================

RunningMeanStd:  (126,)
RunningMeanStd:  64
RunningMeanStd:  3
RunningMeanStd:  (1,)

================================================================================

训练指标:
  Best Reward:         42.5797
  Success Rate:        0.2795
  Mean Rot Angle(rad): 2.2358
  Composite Score:     294.11
    = 1.0×42.58 + 100.0×0.2795 + 100.0×2.2358

================================================================================
[Optuna Trial 34] 训练完成
================================================================================

                                                                                              [I 2025-12-16 09:53:12,115] Trial 34 finished with value: 294.1097 and parameters: {'alpha_start': 0.3478046428525096, 'learning_rate': 0.00017205212077853264, 'weight_decay': 5.812076765782665e-06, 'gamma': 0.99, 'tau': 0.9, 'e_clip': 0.3, 'entropy_coef': 0.005379899266717312, 'critic_coef': 1.0, 'kl_threshold': 0.02098486093166031, 'kl_adaptive_factor': 1.5, 'min_lr': 3.184386756459648e-06, 'mini_epochs': 8, 'minibatch_size': 16384, 'grad_norm': 0.25, 'num_envs': 8192, 'horizon_length': 16, 'controller_pgain': 23.376978153346926, 'controller_dgain': 0.49198587867919835, 'controller_torque_limit': 7.374805560271927, 'controller_action_scale': 0.11751446413186384, 'target_angvel': 6.083734524234131, 'angvel_sigma': 1.3556059037116353, 'rotate_reward_scale': 1.9097568429320488, 'obj_linvel_penalty_scale': -0.09888500085264054, 'torque_penalty_scale': -0.035073512199608047, 'rotate_penalty_scale': -0.007781317746633468, 'axial_tilt_penalty_scale': -1.853946531896936, 'axial_tilt_threshold': 0.013226985619115972, 'position_penalty_scale': -0.2072489458963621, 'waypoint_tracking_reward_scale': 9.091848729975698, 'waypoint_sigma': 0.2089140834550743, 'log_scale_beta': 1.6952868945878892, 'ema_alpha': 0.2368774717492553, 'jitter_penalty_scale': -1.343766977607663, 'reverse_penalty_scale': -0.6035689794612134}. Best is trial 14 with value: 3950.2084999999997.
Best trial: 14. Best value: 3950.21:  85%|████████▌ | 34/40 [115:59:54<20:54:30, 12545.02s/it]Best trial: 14. Best value: 3950.21:  85%|████████▌ | 34/40 [115:59:54<20:54:30, 12545.02s/it]Best trial: 14. Best value: 3950.21:  88%|████████▊ | 35/40 [115:59:54<15:43:16, 11319.23s/it]
[Space E] Alpha: 0.993 -> 1.0
  (等效于 SpaceA Baseline: 无物理缩放)

================================================================================
[Optuna Trial 35] 开始训练
================================================================================
试验参数:
  alpha_start                    = 0.9934644399868113
  learning_rate                  = 0.00011243370268469147
  weight_decay                   = 7.0861346239959715e-06
  gamma                          = 0.992
  tau                            = 0.9
  e_clip                         = 0.4
  entropy_coef                   = 0.003933202856574206
  critic_coef                    = 1.0
  kl_threshold                   = 0.008035930169172836
  kl_adaptive_factor             = 1.15
  min_lr                         = 5.412910253070968e-06
  mini_epochs                    = 10
  minibatch_size                 = 16384
  grad_norm                      = 0.25
  num_envs                       = 8192
  horizon_length                 = 24
  controller_pgain               = 14.681087844252133
  controller_dgain               = 0.5720689993509189
  controller_torque_limit        = 6.690364910712231
  controller_action_scale        = 0.12672603357090306
  target_angvel                  = 5.970094729849054
  angvel_sigma                   = 1.6235188760358283
  rotate_reward_scale            = 1.833284921637802
  obj_linvel_penalty_scale       = -0.12358963254823893
  torque_penalty_scale           = -0.03315728752935436
  rotate_penalty_scale           = -0.030413054361191502
  axial_tilt_penalty_scale       = -2.067841307494033
  axial_tilt_threshold           = 0.026875807206086306
  position_penalty_scale         = -0.177571647475622
  waypoint_tracking_reward_scale = 7.685311254274498
  waypoint_sigma                 = 0.24353949670384706
  log_scale_beta                 = 5.415742163055885
  ema_alpha                      = 0.2488191404830732
  jitter_penalty_scale           = -1.1712302827956511
  reverse_penalty_scale          = -0.7706524091147425
输出目录: outputs/TP_V5/optuna_trial_0035
================================================================================


特权信息 (Privileged Information) 维度配置:
================================================================================
名称                             索引范围            维度       状态
--------------------------------------------------------------------------------
obj_position                   [ 0: 3]         3        [固定]
obj_mass                       [ 3: 4]         1        [固定]
obj_friction                   [ 4: 5]         1        [固定]
obj_com                        [ 5: 8]         3        [固定]
--------------------------------------------------------------------------------
obj_orientation                [ 8:12]         4        ✓
obj_linvel                     [12:15]         3        ✓
obj_angvel                     [15:18]         3        ✓
fingertip_position             [18:33]         15       ✓
fingertip_linvel               [33:48]         15       ✓
obj_restitution                [48:49]         1        ✓
tactile                        [49:64]         15       ✓
--------------------------------------------------------------------------------
总计: 11 项启用, 实际维度 = 64, 缓冲区大小 = 64
================================================================================

RunningMeanStd:  (126,)
RunningMeanStd:  64
RunningMeanStd:  3
RunningMeanStd:  (1,)

================================================================================

训练指标:
  Best Reward:         -1.5436
  Success Rate:        0.0000
  Mean Rot Angle(rad): 0.0937
  Composite Score:     7.83
    = 1.0×-1.54 + 100.0×0.0000 + 100.0×0.0937

================================================================================
[Optuna Trial 35] 训练完成
================================================================================

                                                                                              [I 2025-12-16 12:46:21,293] Trial 35 finished with value: 7.826400000000001 and parameters: {'alpha_start': 0.9934644399868113, 'learning_rate': 0.00011243370268469147, 'weight_decay': 7.0861346239959715e-06, 'gamma': 0.992, 'tau': 0.9, 'e_clip': 0.4, 'entropy_coef': 0.003933202856574206, 'critic_coef': 1.0, 'kl_threshold': 0.008035930169172836, 'kl_adaptive_factor': 1.15, 'min_lr': 5.412910253070968e-06, 'mini_epochs': 10, 'minibatch_size': 16384, 'grad_norm': 0.25, 'num_envs': 8192, 'horizon_length': 24, 'controller_pgain': 14.681087844252133, 'controller_dgain': 0.5720689993509189, 'controller_torque_limit': 6.690364910712231, 'controller_action_scale': 0.12672603357090306, 'target_angvel': 5.970094729849054, 'angvel_sigma': 1.6235188760358283, 'rotate_reward_scale': 1.833284921637802, 'obj_linvel_penalty_scale': -0.12358963254823893, 'torque_penalty_scale': -0.03315728752935436, 'rotate_penalty_scale': -0.030413054361191502, 'axial_tilt_penalty_scale': -2.067841307494033, 'axial_tilt_threshold': 0.026875807206086306, 'position_penalty_scale': -0.177571647475622, 'waypoint_tracking_reward_scale': 7.685311254274498, 'waypoint_sigma': 0.24353949670384706, 'log_scale_beta': 5.415742163055885, 'ema_alpha': 0.2488191404830732, 'jitter_penalty_scale': -1.1712302827956511, 'reverse_penalty_scale': -0.7706524091147425}. Best is trial 14 with value: 3950.2084999999997.
Best trial: 14. Best value: 3950.21:  88%|████████▊ | 35/40 [118:53:03<15:43:16, 11319.23s/it]Best trial: 14. Best value: 3950.21:  88%|████████▊ | 35/40 [118:53:03<15:43:16, 11319.23s/it]Best trial: 14. Best value: 3950.21:  90%|█████████ | 36/40 [118:53:03<12:16:00, 11040.21s/it]
[Space E] Alpha: 0.501 -> 1.0

================================================================================
[Optuna Trial 36] 开始训练
================================================================================
试验参数:
  alpha_start                    = 0.5014868800522513
  learning_rate                  = 0.0002744335569054028
  weight_decay                   = 8.271278050042811e-06
  gamma                          = 0.995
  tau                            = 0.9
  e_clip                         = 0.1
  entropy_coef                   = 0.006024256990407204
  critic_coef                    = 1.0
  kl_threshold                   = 0.044298897854210345
  kl_adaptive_factor             = 1.15
  min_lr                         = 1.4590215138436898e-06
  mini_epochs                    = 8
  minibatch_size                 = 16384
  grad_norm                      = 0.25
  num_envs                       = 8192
  horizon_length                 = 16
  controller_pgain               = 24.236142408880372
  controller_dgain               = 0.5499187461203126
  controller_torque_limit        = 7.503536996592514
  controller_action_scale        = 0.14190973370435395
  target_angvel                  = 6.295611772854808
  angvel_sigma                   = 1.9504908429026613
  rotate_reward_scale            = 1.6632215589371082
  obj_linvel_penalty_scale       = -0.1575467928784961
  torque_penalty_scale           = -0.03080466609211581
  rotate_penalty_scale           = -0.11169489783951526
  axial_tilt_penalty_scale       = -1.7753142723557362
  axial_tilt_threshold           = 0.015641570959557993
  position_penalty_scale         = -0.1615769879077761
  waypoint_tracking_reward_scale = 7.891886259041967
  waypoint_sigma                 = 0.26329046535866546
  log_scale_beta                 = 3.9971141681325664
  ema_alpha                      = 0.22202478915719692
  jitter_penalty_scale           = -0.826185439157807
  reverse_penalty_scale          = -0.9107904663564879
输出目录: outputs/TP_V5/optuna_trial_0036
================================================================================


特权信息 (Privileged Information) 维度配置:
================================================================================
名称                             索引范围            维度       状态
--------------------------------------------------------------------------------
obj_position                   [ 0: 3]         3        [固定]
obj_mass                       [ 3: 4]         1        [固定]
obj_friction                   [ 4: 5]         1        [固定]
obj_com                        [ 5: 8]         3        [固定]
--------------------------------------------------------------------------------
obj_orientation                [ 8:12]         4        ✓
obj_linvel                     [12:15]         3        ✓
obj_angvel                     [15:18]         3        ✓
fingertip_position             [18:33]         15       ✓
fingertip_linvel               [33:48]         15       ✓
obj_restitution                [48:49]         1        ✓
tactile                        [49:64]         15       ✓
--------------------------------------------------------------------------------
总计: 11 项启用, 实际维度 = 64, 缓冲区大小 = 64
================================================================================

RunningMeanStd:  (126,)
RunningMeanStd:  64
RunningMeanStd:  3
RunningMeanStd:  (1,)

================================================================================

训练指标:
  Best Reward:         303.3518
  Success Rate:        0.7952
  Mean Rot Angle(rad): 21.6276
  Composite Score:     2545.63
    = 1.0×303.35 + 100.0×0.7952 + 100.0×21.6276

================================================================================
[Optuna Trial 36] 训练完成
================================================================================

