                                                                                         [I 2025-12-06 00:46:53,707] Trial 3 finished with value: 23.604599999999998 and parameters: {'learning_rate': 0.00033021030455152565, 'weight_decay': 3.100196093957532e-05, 'gamma': 0.99, 'tau': 0.9, 'e_clip': 0.3, 'entropy_coef': 0.004518753162602031, 'critic_coef': 2.0, 'kl_threshold': 0.04197809453334862, 'mini_epochs': 5, 'minibatch_size': 16384, 'grad_norm': 1.0, 'num_envs': 4096, 'horizon_length': 24, 'flying_linear_velocity': 0.06354346550816126, 'flying_angular_velocity': 2.670604991178476, 'use_gaussian_angvel_reward': True, 'target_angvel': 1.6834881369964376, 'angvel_sigma': 1.3863394147823627, 'rotate_reward_scale': 2.0163465427634235, 'obj_linvel_penalty_scale': -0.1975118256608216, 'torque_penalty_scale': -0.024637208251021572, 'rotate_penalty_scale': -0.07735042248020621, 'axial_tilt_penalty_scale': -1.35482720959055, 'axial_tilt_threshold': 0.025230992870149745, 'position_penalty_scale': -0.1618124523795068, 'flying_base_movement_penalty_scale': -0.1419896980549194, 'waypoint_tracking_reward_scale': 9.683649943683672, 'waypoint_sigma': 0.09463484374861682}. Best is trial 0 with value: 33.252700000000004.
Best trial: 0. Best value: 33.2527:   8%|▊         | 3/40 [8:23:30<79:14:37, 7710.19s/it]Best trial: 0. Best value: 33.2527:   8%|▊         | 3/40 [8:23:30<79:14:37, 7710.19s/it]Best trial: 0. Best value: 33.2527:  10%|█         | 4/40 [8:23:30<76:36:28, 7660.79s/it][Space E] Curriculum Learning 模式
  Alpha: 0.1 -> 1.0
  Curriculum Steps: 200000000

================================================================================
[Optuna Trial 4] 开始训练
================================================================================
试验参数:
  learning_rate                  = 0.00021931399753552855
  weight_decay                   = 1.2003684929840241e-05
  gamma                          = 0.985
  tau                            = 0.9
  e_clip                         = 0.1
  entropy_coef                   = 0.0072805103056732875
  critic_coef                    = 0.5
  kl_threshold                   = 0.04746047873063304
  mini_epochs                    = 9
  minibatch_size                 = 8192
  grad_norm                      = 0.5
  num_envs                       = 4096
  horizon_length                 = 32
  flying_linear_velocity         = 0.050759237576932806
  flying_angular_velocity        = 1.3216161028349973
  use_gaussian_angvel_reward     = False
  angvelClipMin                  = -0.20441162214921985
  angvelClipMax                  = 0.5897077237842239
  angvelPenaltyThresHigh         = 0.8560896106737679
  angvelPenaltyThresLow          = -0.72882527375096
  rotate_reward_scale            = 1.4880995472389016
  obj_linvel_penalty_scale       = -0.08802628923229637
  torque_penalty_scale           = -0.02051101302858356
  rotate_penalty_scale           = -0.015077658950582204
  axial_tilt_penalty_scale       = -1.3423871076996567
  axial_tilt_threshold           = 0.03704925810006415
  position_penalty_scale         = -0.2812650464343815
  flying_base_movement_penalty_scale = -0.14484262954108498
  waypoint_tracking_reward_scale = 6.326011838408627
  waypoint_sigma                 = 0.14467513238816926
输出目录: outputs/TP_V2_SpaceE/optuna_trial_0004
================================================================================


[错误] Trial 4 训练失败
STDERR:
Gym has been unmaintained since 2022 and does not support NumPy 2.0 amongst other critical functionality.
Please upgrade to Gymnasium, the maintained drop-in replacement of Gym, or contact the authors of your software and request that they upgrade.
Users of this version of Gym should be able to simply replace 'import gym' with 'import gymnasium as gym' in the vast majority of cases.
See the migration guide at https://gymnasium.farama.org/introduction/migration_guide/ for additional information.
Using /home/user/.cache/torch_extensions/py38_cu121 as PyTorch extensions root...
Emitting ninja build file /home/user/.cache/torch_extensions/py38_cu121/gymtorch/build.ninja...
Building extension module gymtorch...
Allowing ninja to set a default number of workers... (overridable by setting the environment variable MAX_JOBS=N)
Loading extension module gymtorch...


[错误] Trial 4 训练失败
异常类型: TrialPruned
异常信息: 

完整调用栈:
Traceback (most recent call last):
  File "optuna/tune_teacher.py", line 349, in objective
    raise optuna.exceptions.TrialPruned()
optuna.exceptions.TrialPruned

进程返回码: -11
STDOUT最后500字符:
度:        180 mm (150 + 15×2)

环境创建进度: 1024/4096 (25.0%)
环境创建进度: 2048/4096 (50.0%)
环境创建进度: 3072/4096 (75.0%)
环境创建进度: 4095/4096 (100.0%)动作空间已更新: (19,) (策略输出维度: 19)
观察空间已更新: (162,) (实际维度: 162)
Contact Tensor Dimension [1, numRigidBody, 3] torch.Size([4096, 29, 3])
[LinkerHandHora] 加载缓存: cache/3_30000_61_grasp_cache.npy
  缓存形状: torch.Size([30000, 61])
  缓存格式: 61维(actual+target)
[旋转轴] 使用三维向量格式: [0, 0, 1] (归一化后: [0.0, 0.0, 1.0])

======================================================================


STDERR最后500字符:
majority of cases.
See the migration guide at https://gymnasium.farama.org/introduction/migration_guide/ for additional information.
Using /home/user/.cache/torch_extensions/py38_cu121 as PyTorch extensions root...
Emitting ninja build file /home/user/.cache/torch_extensions/py38_cu121/gymtorch/build.ninja...
Building extension module gymtorch...
Allowing ninja to set a default number of workers... (overridable by setting the environment variable MAX_JOBS=N)
Loading extension module gymtorch...

                                                                                         [I 2025-12-06 00:47:44,014] Trial 4 pruned. 
Best trial: 0. Best value: 33.2527:  10%|█         | 4/40 [8:24:20<76:36:28, 7660.79s/it]Best trial: 0. Best value: 33.2527:  10%|█         | 4/40 [8:24:20<76:36:28, 7660.79s/it]Best trial: 0. Best value: 33.2527:  12%|█▎        | 5/40 [8:24:20<47:47:53, 4916.39s/it][Space E] Curriculum Learning 模式
  Alpha: 0.1 -> 1.0
  Curriculum Steps: 200000000

================================================================================
[Optuna Trial 5] 开始训练
================================================================================
试验参数:
  learning_rate                  = 0.0009397461491404223
  weight_decay                   = 1.88262368559007e-05
  gamma                          = 0.985
  tau                            = 0.9
  e_clip                         = 0.2
  entropy_coef                   = 0.001170211765020177
  critic_coef                    = 2.0
  kl_threshold                   = 0.07769642885012937
  mini_epochs                    = 10
  minibatch_size                 = 32768
  grad_norm                      = 1.0
  num_envs                       = 4096
  horizon_length                 = 24
  flying_linear_velocity         = 0.07542391200291387
  flying_angular_velocity        = 2.1136025249167005
  use_gaussian_angvel_reward     = True
  target_angvel                  = 4.065275265402143
  angvel_sigma                   = 0.6457647406561529
  rotate_reward_scale            = 1.9225108400487545
  obj_linvel_penalty_scale       = -0.05149192248436049
  torque_penalty_scale           = -0.03579747954290428
  rotate_penalty_scale           = -0.048167034763626326
  axial_tilt_penalty_scale       = -1.1226269280720444
  axial_tilt_threshold           = 0.04222305853262613
  position_penalty_scale         = -0.1605968518009464
  flying_base_movement_penalty_scale = -0.0946273874019336
  waypoint_tracking_reward_scale = 6.797455756098776
  waypoint_sigma                 = 0.16798816680431186
输出目录: outputs/TP_V2_SpaceE/optuna_trial_0005
================================================================================


特权信息 (Privileged Information) 维度配置:
================================================================================
名称                             索引范围            维度       状态
--------------------------------------------------------------------------------
obj_position                   [ 0: 3]         3        [固定]
obj_mass                       [ 3: 4]         1        [固定]
obj_friction                   [ 4: 5]         1        [固定]
obj_com                        [ 5: 8]         3        [固定]
--------------------------------------------------------------------------------
obj_orientation                [ 8:12]         4        ✓
obj_linvel                     [12:15]         3        ✓
obj_angvel                     [15:18]         3        ✓
fingertip_position             [18:33]         15       ✓
fingertip_linvel               [33:48]         15       ✓
obj_restitution                [48:49]         1        ✓
tactile                        [49:64]         15       ✓
--------------------------------------------------------------------------------
总计: 11 项启用, 实际维度 = 64, 缓冲区大小 = 64
================================================================================

RunningMeanStd:  (162,)
RunningMeanStd:  64
RunningMeanStd:  3
RunningMeanStd:  (1,)

================================================================================

训练指标:
  Best Reward:         5.2261
  Success Rate:        0.0266
  Mean Rot Angle(rad): 0.2662
  Composite Score:     34.51
    = 1.0×5.23 + 100.0×0.0266 + 100.0×0.2662

================================================================================
[Optuna Trial 5] 训练完成
================================================================================

                                                                                         [I 2025-12-06 03:11:43,266] Trial 5 finished with value: 34.506099999999996 and parameters: {'learning_rate': 0.0009397461491404223, 'weight_decay': 1.88262368559007e-05, 'gamma': 0.985, 'tau': 0.9, 'e_clip': 0.2, 'entropy_coef': 0.001170211765020177, 'critic_coef': 2.0, 'kl_threshold': 0.07769642885012937, 'mini_epochs': 10, 'minibatch_size': 32768, 'grad_norm': 1.0, 'num_envs': 4096, 'horizon_length': 24, 'flying_linear_velocity': 0.07542391200291387, 'flying_angular_velocity': 2.1136025249167005, 'use_gaussian_angvel_reward': True, 'target_angvel': 4.065275265402143, 'angvel_sigma': 0.6457647406561529, 'rotate_reward_scale': 1.9225108400487545, 'obj_linvel_penalty_scale': -0.05149192248436049, 'torque_penalty_scale': -0.03579747954290428, 'rotate_penalty_scale': -0.048167034763626326, 'axial_tilt_penalty_scale': -1.1226269280720444, 'axial_tilt_threshold': 0.04222305853262613, 'position_penalty_scale': -0.1605968518009464, 'flying_base_movement_penalty_scale': -0.0946273874019336, 'waypoint_tracking_reward_scale': 6.797455756098776, 'waypoint_sigma': 0.16798816680431186}. Best is trial 5 with value: 34.506099999999996.
Best trial: 0. Best value: 33.2527:  12%|█▎        | 5/40 [10:48:19<47:47:53, 4916.39s/it]Best trial: 5. Best value: 34.5061:  12%|█▎        | 5/40 [10:48:19<47:47:53, 4916.39s/it]Best trial: 5. Best value: 34.5061:  15%|█▌        | 6/40 [10:48:19<58:23:13, 6182.17s/it][Space E] Curriculum Learning 模式
  Alpha: 0.1 -> 1.0
  Curriculum Steps: 200000000

================================================================================
[Optuna Trial 6] 开始训练
================================================================================
试验参数:
  learning_rate                  = 0.000644705173818705
  weight_decay                   = 3.6833667467390276e-05
  gamma                          = 0.99
  tau                            = 0.9
  e_clip                         = 0.3
  entropy_coef                   = 0.003365966097960751
  critic_coef                    = 2.0
  kl_threshold                   = 0.031797113689837106
  mini_epochs                    = 7
  minibatch_size                 = 32768
  grad_norm                      = 2.0
  num_envs                       = 4096
  horizon_length                 = 24
  flying_linear_velocity         = 0.14343357137285007
  flying_angular_velocity        = 1.170694929987536
  use_gaussian_angvel_reward     = False
  angvelClipMin                  = -0.23780946351696805
  angvelClipMax                  = 0.7549719605992826
  angvelPenaltyThresHigh         = 0.8630456668613308
  angvelPenaltyThresLow          = -0.5072443761612396
  rotate_reward_scale            = 1.774450522451793
  obj_linvel_penalty_scale       = -0.15155652905881312
  torque_penalty_scale           = -0.01614441415693889
  rotate_penalty_scale           = -0.07291677487379258
  axial_tilt_penalty_scale       = -1.561028579294364
  axial_tilt_threshold           = 0.02235369144026798
  position_penalty_scale         = -0.29492985131690846
  flying_base_movement_penalty_scale = -0.055602737798311236
  waypoint_tracking_reward_scale = 9.17990060256103
  waypoint_sigma                 = 0.357107876864038
输出目录: outputs/TP_V2_SpaceE/optuna_trial_0006
================================================================================


特权信息 (Privileged Information) 维度配置:
================================================================================
名称                             索引范围            维度       状态
--------------------------------------------------------------------------------
obj_position                   [ 0: 3]         3        [固定]
obj_mass                       [ 3: 4]         1        [固定]
obj_friction                   [ 4: 5]         1        [固定]
obj_com                        [ 5: 8]         3        [固定]
--------------------------------------------------------------------------------
obj_orientation                [ 8:12]         4        ✓
obj_linvel                     [12:15]         3        ✓
obj_angvel                     [15:18]         3        ✓
fingertip_position             [18:33]         15       ✓
fingertip_linvel               [33:48]         15       ✓
obj_restitution                [48:49]         1        ✓
tactile                        [49:64]         15       ✓
--------------------------------------------------------------------------------
总计: 11 项启用, 实际维度 = 64, 缓冲区大小 = 64
================================================================================

RunningMeanStd:  (162,)
RunningMeanStd:  64
RunningMeanStd:  3
RunningMeanStd:  (1,)

================================================================================

训练指标:
  Best Reward:         16.7904
  Success Rate:        0.0162
  Mean Rot Angle(rad): 0.2012
  Composite Score:     38.53
    = 1.0×16.79 + 100.0×0.0162 + 100.0×0.2012

================================================================================
[Optuna Trial 6] 训练完成
================================================================================

                                                                                          [I 2025-12-06 05:23:06,672] Trial 6 finished with value: 38.5304 and parameters: {'learning_rate': 0.000644705173818705, 'weight_decay': 3.6833667467390276e-05, 'gamma': 0.99, 'tau': 0.9, 'e_clip': 0.3, 'entropy_coef': 0.003365966097960751, 'critic_coef': 2.0, 'kl_threshold': 0.031797113689837106, 'mini_epochs': 7, 'minibatch_size': 32768, 'grad_norm': 2.0, 'num_envs': 4096, 'horizon_length': 24, 'flying_linear_velocity': 0.14343357137285007, 'flying_angular_velocity': 1.170694929987536, 'use_gaussian_angvel_reward': False, 'angvelClipMin': -0.23780946351696805, 'angvelClipMax': 0.7549719605992826, 'angvelPenaltyThresHigh': 0.8630456668613308, 'angvelPenaltyThresLow': -0.5072443761612396, 'rotate_reward_scale': 1.774450522451793, 'obj_linvel_penalty_scale': -0.15155652905881312, 'torque_penalty_scale': -0.01614441415693889, 'rotate_penalty_scale': -0.07291677487379258, 'axial_tilt_penalty_scale': -1.561028579294364, 'axial_tilt_threshold': 0.02235369144026798, 'position_penalty_scale': -0.29492985131690846, 'flying_base_movement_penalty_scale': -0.055602737798311236, 'waypoint_tracking_reward_scale': 9.17990060256103, 'waypoint_sigma': 0.357107876864038}. Best is trial 6 with value: 38.5304.
Best trial: 5. Best value: 34.5061:  15%|█▌        | 6/40 [12:59:43<58:23:13, 6182.17s/it]Best trial: 6. Best value: 38.5304:  15%|█▌        | 6/40 [12:59:43<58:23:13, 6182.17s/it]Best trial: 6. Best value: 38.5304:  18%|█▊        | 7/40 [12:59:43<61:46:05, 6738.34s/it][Space E] Curriculum Learning 模式
  Alpha: 0.1 -> 1.0
  Curriculum Steps: 200000000

================================================================================
[Optuna Trial 7] 开始训练
================================================================================
试验参数:
  learning_rate                  = 0.0002564206191032102
  weight_decay                   = 1.321683692899763e-05
  gamma                          = 0.992
  tau                            = 0.85
  e_clip                         = 0.1
  entropy_coef                   = 0.0052820452236404655
  critic_coef                    = 0.5
  kl_threshold                   = 0.06789230552321845
  mini_epochs                    = 5
  minibatch_size                 = 8192
  grad_norm                      = 0.5
  num_envs                       = 8192
  horizon_length                 = 16
  flying_linear_velocity         = 0.10977571015960602
  flying_angular_velocity        = 2.231700196104433
  use_gaussian_angvel_reward     = True
  target_angvel                  = 3.1857567658191206
  angvel_sigma                   = 1.4387898735713547
  rotate_reward_scale            = 1.7547043878701316
  obj_linvel_penalty_scale       = -0.07152652382175165
  torque_penalty_scale           = -0.02023919105143165
  rotate_penalty_scale           = -0.08370655729185704
  axial_tilt_penalty_scale       = -1.9294312525995703
  axial_tilt_threshold           = 0.03927257834618947
  position_penalty_scale         = -0.29469773789167564
  flying_base_movement_penalty_scale = -0.1121336628089805
  waypoint_tracking_reward_scale = 9.701151207124788
  waypoint_sigma                 = 0.30047286360166314
输出目录: outputs/TP_V2_SpaceE/optuna_trial_0007
================================================================================


特权信息 (Privileged Information) 维度配置:
================================================================================
名称                             索引范围            维度       状态
--------------------------------------------------------------------------------
obj_position                   [ 0: 3]         3        [固定]
obj_mass                       [ 3: 4]         1        [固定]
obj_friction                   [ 4: 5]         1        [固定]
obj_com                        [ 5: 8]         3        [固定]
--------------------------------------------------------------------------------
obj_orientation                [ 8:12]         4        ✓
obj_linvel                     [12:15]         3        ✓
obj_angvel                     [15:18]         3        ✓
fingertip_position             [18:33]         15       ✓
fingertip_linvel               [33:48]         15       ✓
obj_restitution                [48:49]         1        ✓
tactile                        [49:64]         15       ✓
--------------------------------------------------------------------------------
总计: 11 项启用, 实际维度 = 64, 缓冲区大小 = 64
================================================================================

RunningMeanStd:  (162,)
RunningMeanStd:  64
RunningMeanStd:  3
RunningMeanStd:  (1,)

================================================================================

训练指标:
  Best Reward:         14.7686
  Success Rate:        0.0247
  Mean Rot Angle(rad): 0.2122
  Composite Score:     38.46
    = 1.0×14.77 + 100.0×0.0247 + 100.0×0.2122

================================================================================
[Optuna Trial 7] 训练完成
================================================================================

