                                                                                            [I 2025-12-04 23:53:06,027] Trial 22 pruned. 
Best trial: 13. Best value: 2531.69:  55%|█████▌    | 22/40 [32:39:45<19:01:47, 3805.99s/it]Best trial: 13. Best value: 2531.69:  55%|█████▌    | 22/40 [32:39:45<19:01:47, 3805.99s/it]Best trial: 13. Best value: 2531.69:  57%|█████▊    | 23/40 [32:39:45<12:35:49, 2667.64s/it]
================================================================================
[Optuna Trial 23] 开始训练
================================================================================
试验参数:
  learning_rate                  = 0.0005487214317407825
  weight_decay                   = 1.6441960599725524e-05
  gamma                          = 0.99
  tau                            = 0.9
  e_clip                         = 0.2
  entropy_coef                   = 0.003931263206752255
  critic_coef                    = 2.0
  kl_threshold                   = 0.06726782008794391
  mini_epochs                    = 7
  minibatch_size                 = 16384
  grad_norm                      = 1.0
  num_envs                       = 8192
  horizon_length                 = 24
  flying_linear_velocity         = 0.07009754233585144
  flying_angular_velocity        = 2.4744186820255063
  angvelClipMin                  = -0.22437296901694773
  angvelClipMax                  = 0.8663486518831217
  angvelPenaltyThresHigh         = 0.7100642064813139
  angvelPenaltyThresLow          = -0.6089913416527221
  rotate_reward_scale            = 1.1555685732203271
  obj_linvel_penalty_scale       = -0.13832135386978966
  torque_penalty_scale           = -0.015323618956864741
  rotate_penalty_scale           = -0.05332407307791786
  axial_tilt_penalty_scale       = -1.9022747919163843
  axial_tilt_threshold           = 0.03455691132901245
  position_penalty_scale         = -0.1824948229993582
  flying_base_movement_penalty_scale = -0.0838187826823243
  waypoint_tracking_reward_scale = 7.685629523086836
  waypoint_sigma                 = 0.2981759198495017
输出目录: outputs/TP_V1/optuna_trial_0023
================================================================================


特权信息 (Privileged Information) 维度配置:
================================================================================
名称                             索引范围            维度       状态
--------------------------------------------------------------------------------
obj_position                   [ 0: 3]         3        [固定]
obj_mass                       [ 3: 4]         1        [固定]
obj_friction                   [ 4: 5]         1        [固定]
obj_com                        [ 5: 8]         3        [固定]
--------------------------------------------------------------------------------
obj_orientation                [ 8:12]         4        ✓
obj_linvel                     [12:15]         3        ✓
obj_angvel                     [15:18]         3        ✓
fingertip_position             [18:33]         15       ✓
fingertip_linvel               [33:48]         15       ✓
obj_restitution                [48:49]         1        ✓
tactile                        [49:64]         15       ✓
--------------------------------------------------------------------------------
总计: 11 项启用, 实际维度 = 64, 缓冲区大小 = 64
================================================================================

RunningMeanStd:  (162,)
RunningMeanStd:  64
RunningMeanStd:  3
RunningMeanStd:  (1,)

================================================================================

[错误] Trial 23 训练失败
STDERR:
v.pencil_tilt_threshold=0.06', 'task.env.actionSpace.disableRingLittleFinger=True', 'train.ppo.learning_rate=0.0005487214317407825', 'train.ppo.weight_decay=1.6441960599725524e-05', 'train.ppo.gamma=0.99', 'train.ppo.tau=0.9', 'train.ppo.e_clip=0.2', 'train.ppo.entropy_coef=0.003931263206752255', 'train.ppo.critic_coef=2.0', 'train.ppo.kl_threshold=0.06726782008794391', 'train.ppo.mini_epochs=7', 'train.ppo.minibatch_size=16384', 'train.ppo.grad_norm=1.0', 'task.env.numEnvs=8192', 'train.ppo.horizon_length=24', 'task.env.flyingHand.linearVelocity=0.07009754233585144', 'task.env.flyingHand.angularVelocity=2.4744186820255063', 'task.env.reward.angvelClipMin=-0.22437296901694773', 'task.env.reward.angvelClipMax=0.8663486518831217', 'task.env.reward.angvelPenaltyThresHigh=0.7100642064813139', 'task.env.reward.angvelPenaltyThresLow=-0.6089913416527221', 'task.env.reward.rotate_reward_scale=1.1555685732203271', 'task.env.reward.obj_linvel_penalty_scale=-0.13832135386978966', 'task.env.reward.torque_penalty_scale=-0.015323618956864741', 'task.env.reward.rotate_penalty_scale=-0.05332407307791786', 'task.env.reward.axial_tilt_penalty_scale=-1.9022747919163843', 'task.env.reward.axial_tilt_threshold=0.03455691132901245', 'task.env.reward.position_penalty_scale=-0.1824948229993582', 'task.env.reward.flying_base_movement_penalty_scale=-0.0838187826823243', 'task.env.reward.waypoint_tracking_reward_scale=7.685629523086836', 'task.env.reward.waypoint_sigma=0.2981759198495017', 'train.ppo.output_name=TP_V1/optuna_trial_0023', 'seed=65']
Traceback (most recent call last):
  File "train.py", line 151, in main
    train_result = agent.train()
  File "/home/user/Code/LinkerPenspin/penspin/algo/ppo/ppo_rl_teacher.py", line 415, in train
    self.writer.add_scalar('curriculum/progress', self.env.time_warper.progress, self.agent_steps)
AttributeError: 'TimeWarpingOrchestrator' object has no attribute 'progress'

Set the environment variable HYDRA_FULL_ERROR=1 for a complete stack trace.


[错误] Trial 23 训练失败
异常类型: TrialPruned
异常信息: 

完整调用栈:
Traceback (most recent call last):
  File "optuna/tune_teacher.py", line 297, in objective
    raise optuna.exceptions.TrialPruned()
optuna.exceptions.TrialPruned

进程返回码: 1
STDOUT最后500字符:
=======
环境数量 (num_actors):        8,192
Horizon 长度:                 24
Batch Size:                   196,608 = 8,192 × 24
Minibatch Size:               16,384
Mini Epochs:                  7
观察维度 (obs_shape):         162
动作维度 (actions_num):       19
特权信息维度 (priv_info):     64
Critic信息维度:               100
点云缓冲维度:                 100
本体感觉历史长度:             30
================================================================================

[Space E] Initializing curriculum physics with α = 1.0000


STDERR最后500字符:
utput_name=TP_V1/optuna_trial_0023', 'seed=65']
Traceback (most recent call last):
  File "train.py", line 151, in main
    train_result = agent.train()
  File "/home/user/Code/LinkerPenspin/penspin/algo/ppo/ppo_rl_teacher.py", line 415, in train
    self.writer.add_scalar('curriculum/progress', self.env.time_warper.progress, self.agent_steps)
AttributeError: 'TimeWarpingOrchestrator' object has no attribute 'progress'

Set the environment variable HYDRA_FULL_ERROR=1 for a complete stack trace.

                                                                                            [I 2025-12-04 23:53:18,835] Trial 23 pruned. 
Best trial: 13. Best value: 2531.69:  57%|█████▊    | 23/40 [32:39:58<12:35:49, 2667.64s/it]Best trial: 13. Best value: 2531.69:  57%|█████▊    | 23/40 [32:39:58<12:35:49, 2667.64s/it]Best trial: 13. Best value: 2531.69:  60%|██████    | 24/40 [32:39:58<8:18:56, 1871.03s/it] 
================================================================================
[Optuna Trial 24] 开始训练
================================================================================
试验参数:
  learning_rate                  = 0.00023475821702646332
  weight_decay                   = 1.3549196229834846e-05
  gamma                          = 0.99
  tau                            = 0.9
  e_clip                         = 0.2
  entropy_coef                   = 0.0020568620084073534
  critic_coef                    = 2.0
  kl_threshold                   = 0.0755010719093867
  mini_epochs                    = 8
  minibatch_size                 = 16384
  grad_norm                      = 1.0
  num_envs                       = 8192
  horizon_length                 = 24
  flying_linear_velocity         = 0.0848260357966921
  flying_angular_velocity        = 2.0821388613408494
  angvelClipMin                  = -0.2832951966292398
  angvelClipMax                  = 0.8141130443554253
  angvelPenaltyThresHigh         = 0.8330384785123058
  angvelPenaltyThresLow          = -0.5558501919146321
  rotate_reward_scale            = 1.5701094266670206
  obj_linvel_penalty_scale       = -0.17142190183869438
  torque_penalty_scale           = -0.0240878173764466
  rotate_penalty_scale           = -0.013375140127439483
  axial_tilt_penalty_scale       = -1.7444267461297907
  axial_tilt_threshold           = 0.025945109921346188
  position_penalty_scale         = -0.27931419218896275
  flying_base_movement_penalty_scale = -0.11228844200001592
  waypoint_tracking_reward_scale = 6.997871856997554
  waypoint_sigma                 = 0.38514815786319034
输出目录: outputs/TP_V1/optuna_trial_0024
================================================================================


特权信息 (Privileged Information) 维度配置:
================================================================================
名称                             索引范围            维度       状态
--------------------------------------------------------------------------------
obj_position                   [ 0: 3]         3        [固定]
obj_mass                       [ 3: 4]         1        [固定]
obj_friction                   [ 4: 5]         1        [固定]
obj_com                        [ 5: 8]         3        [固定]
--------------------------------------------------------------------------------
obj_orientation                [ 8:12]         4        ✓
obj_linvel                     [12:15]         3        ✓
obj_angvel                     [15:18]         3        ✓
fingertip_position             [18:33]         15       ✓
fingertip_linvel               [33:48]         15       ✓
obj_restitution                [48:49]         1        ✓
tactile                        [49:64]         15       ✓
--------------------------------------------------------------------------------
总计: 11 项启用, 实际维度 = 64, 缓冲区大小 = 64
================================================================================

RunningMeanStd:  (162,)
RunningMeanStd:  64
RunningMeanStd:  3
RunningMeanStd:  (1,)

================================================================================

[错误] Trial 24 训练失败
STDERR:
pencil_tilt_threshold=0.06', 'task.env.actionSpace.disableRingLittleFinger=True', 'train.ppo.learning_rate=0.00023475821702646332', 'train.ppo.weight_decay=1.3549196229834846e-05', 'train.ppo.gamma=0.99', 'train.ppo.tau=0.9', 'train.ppo.e_clip=0.2', 'train.ppo.entropy_coef=0.0020568620084073534', 'train.ppo.critic_coef=2.0', 'train.ppo.kl_threshold=0.0755010719093867', 'train.ppo.mini_epochs=8', 'train.ppo.minibatch_size=16384', 'train.ppo.grad_norm=1.0', 'task.env.numEnvs=8192', 'train.ppo.horizon_length=24', 'task.env.flyingHand.linearVelocity=0.0848260357966921', 'task.env.flyingHand.angularVelocity=2.0821388613408494', 'task.env.reward.angvelClipMin=-0.2832951966292398', 'task.env.reward.angvelClipMax=0.8141130443554253', 'task.env.reward.angvelPenaltyThresHigh=0.8330384785123058', 'task.env.reward.angvelPenaltyThresLow=-0.5558501919146321', 'task.env.reward.rotate_reward_scale=1.5701094266670206', 'task.env.reward.obj_linvel_penalty_scale=-0.17142190183869438', 'task.env.reward.torque_penalty_scale=-0.0240878173764466', 'task.env.reward.rotate_penalty_scale=-0.013375140127439483', 'task.env.reward.axial_tilt_penalty_scale=-1.7444267461297907', 'task.env.reward.axial_tilt_threshold=0.025945109921346188', 'task.env.reward.position_penalty_scale=-0.27931419218896275', 'task.env.reward.flying_base_movement_penalty_scale=-0.11228844200001592', 'task.env.reward.waypoint_tracking_reward_scale=6.997871856997554', 'task.env.reward.waypoint_sigma=0.38514815786319034', 'train.ppo.output_name=TP_V1/optuna_trial_0024', 'seed=66']
Traceback (most recent call last):
  File "train.py", line 151, in main
    train_result = agent.train()
  File "/home/user/Code/LinkerPenspin/penspin/algo/ppo/ppo_rl_teacher.py", line 415, in train
    self.writer.add_scalar('curriculum/progress', self.env.time_warper.progress, self.agent_steps)
AttributeError: 'TimeWarpingOrchestrator' object has no attribute 'progress'

Set the environment variable HYDRA_FULL_ERROR=1 for a complete stack trace.


[错误] Trial 24 训练失败
异常类型: TrialPruned
异常信息: 

完整调用栈:
Traceback (most recent call last):
  File "optuna/tune_teacher.py", line 297, in objective
    raise optuna.exceptions.TrialPruned()
optuna.exceptions.TrialPruned

进程返回码: 1
STDOUT最后500字符:
=======
环境数量 (num_actors):        8,192
Horizon 长度:                 24
Batch Size:                   196,608 = 8,192 × 24
Minibatch Size:               16,384
Mini Epochs:                  8
观察维度 (obs_shape):         162
动作维度 (actions_num):       19
特权信息维度 (priv_info):     64
Critic信息维度:               100
点云缓冲维度:                 100
本体感觉历史长度:             30
================================================================================

[Space E] Initializing curriculum physics with α = 1.0000


STDERR最后500字符:
utput_name=TP_V1/optuna_trial_0024', 'seed=66']
Traceback (most recent call last):
  File "train.py", line 151, in main
    train_result = agent.train()
  File "/home/user/Code/LinkerPenspin/penspin/algo/ppo/ppo_rl_teacher.py", line 415, in train
    self.writer.add_scalar('curriculum/progress', self.env.time_warper.progress, self.agent_steps)
AttributeError: 'TimeWarpingOrchestrator' object has no attribute 'progress'

Set the environment variable HYDRA_FULL_ERROR=1 for a complete stack trace.

                                                                                           [I 2025-12-04 23:53:31,527] Trial 24 pruned. 
Best trial: 13. Best value: 2531.69:  60%|██████    | 24/40 [32:40:11<8:18:56, 1871.03s/it]Best trial: 13. Best value: 2531.69:  60%|██████    | 24/40 [32:40:11<8:18:56, 1871.03s/it]Best trial: 13. Best value: 2531.69:  62%|██████▎   | 25/40 [32:40:11<5:28:21, 1313.46s/it]
================================================================================
[Optuna Trial 25] 开始训练
================================================================================
试验参数:
  learning_rate                  = 0.00043273996580343437
  weight_decay                   = 1.1396647731699608e-05
  gamma                          = 0.99
  tau                            = 0.9
  e_clip                         = 0.2
  entropy_coef                   = 0.004081964618731924
  critic_coef                    = 0.5
  kl_threshold                   = 0.06021096052449399
  mini_epochs                    = 6
  minibatch_size                 = 16384
  grad_norm                      = 1.0
  num_envs                       = 8192
  horizon_length                 = 16
  flying_linear_velocity         = 0.06451198513156292
  flying_angular_velocity        = 2.843738885152422
  angvelClipMin                  = -0.1828320431167904
  angvelClipMax                  = 0.8718614319824862
  angvelPenaltyThresHigh         = 0.9835947441873099
  angvelPenaltyThresLow          = -0.5007132635213996
  rotate_reward_scale            = 1.7818053350252958
  obj_linvel_penalty_scale       = -0.15290280682745072
  torque_penalty_scale           = -0.01828420202187452
  rotate_penalty_scale           = -0.074619105583629
  axial_tilt_penalty_scale       = -1.5360913011568358
  axial_tilt_threshold           = 0.03290035907665191
  position_penalty_scale         = -0.2515008391131369
  flying_base_movement_penalty_scale = -0.0793078951208234
  waypoint_tracking_reward_scale = 6.162339472669414
  waypoint_sigma                 = 0.06606993730055977
输出目录: outputs/TP_V1/optuna_trial_0025
================================================================================


特权信息 (Privileged Information) 维度配置:
================================================================================
名称                             索引范围            维度       状态
--------------------------------------------------------------------------------
obj_position                   [ 0: 3]         3        [固定]
obj_mass                       [ 3: 4]         1        [固定]
obj_friction                   [ 4: 5]         1        [固定]
obj_com                        [ 5: 8]         3        [固定]
--------------------------------------------------------------------------------
obj_orientation                [ 8:12]         4        ✓
obj_linvel                     [12:15]         3        ✓
obj_angvel                     [15:18]         3        ✓
fingertip_position             [18:33]         15       ✓
fingertip_linvel               [33:48]         15       ✓
obj_restitution                [48:49]         1        ✓
tactile                        [49:64]         15       ✓
--------------------------------------------------------------------------------
总计: 11 项启用, 实际维度 = 64, 缓冲区大小 = 64
================================================================================

RunningMeanStd:  (162,)
RunningMeanStd:  64
RunningMeanStd:  3
RunningMeanStd:  (1,)

================================================================================

[错误] Trial 25 训练失败
STDERR:
.env.pencil_tilt_threshold=0.06', 'task.env.actionSpace.disableRingLittleFinger=True', 'train.ppo.learning_rate=0.00043273996580343437', 'train.ppo.weight_decay=1.1396647731699608e-05', 'train.ppo.gamma=0.99', 'train.ppo.tau=0.9', 'train.ppo.e_clip=0.2', 'train.ppo.entropy_coef=0.004081964618731924', 'train.ppo.critic_coef=0.5', 'train.ppo.kl_threshold=0.06021096052449399', 'train.ppo.mini_epochs=6', 'train.ppo.minibatch_size=16384', 'train.ppo.grad_norm=1.0', 'task.env.numEnvs=8192', 'train.ppo.horizon_length=16', 'task.env.flyingHand.linearVelocity=0.06451198513156292', 'task.env.flyingHand.angularVelocity=2.843738885152422', 'task.env.reward.angvelClipMin=-0.1828320431167904', 'task.env.reward.angvelClipMax=0.8718614319824862', 'task.env.reward.angvelPenaltyThresHigh=0.9835947441873099', 'task.env.reward.angvelPenaltyThresLow=-0.5007132635213996', 'task.env.reward.rotate_reward_scale=1.7818053350252958', 'task.env.reward.obj_linvel_penalty_scale=-0.15290280682745072', 'task.env.reward.torque_penalty_scale=-0.01828420202187452', 'task.env.reward.rotate_penalty_scale=-0.074619105583629', 'task.env.reward.axial_tilt_penalty_scale=-1.5360913011568358', 'task.env.reward.axial_tilt_threshold=0.03290035907665191', 'task.env.reward.position_penalty_scale=-0.2515008391131369', 'task.env.reward.flying_base_movement_penalty_scale=-0.0793078951208234', 'task.env.reward.waypoint_tracking_reward_scale=6.162339472669414', 'task.env.reward.waypoint_sigma=0.06606993730055977', 'train.ppo.output_name=TP_V1/optuna_trial_0025', 'seed=67']
Traceback (most recent call last):
  File "train.py", line 151, in main
    train_result = agent.train()
  File "/home/user/Code/LinkerPenspin/penspin/algo/ppo/ppo_rl_teacher.py", line 415, in train
    self.writer.add_scalar('curriculum/progress', self.env.time_warper.progress, self.agent_steps)
AttributeError: 'TimeWarpingOrchestrator' object has no attribute 'progress'

Set the environment variable HYDRA_FULL_ERROR=1 for a complete stack trace.


[错误] Trial 25 训练失败
异常类型: TrialPruned
异常信息: 

完整调用栈:
Traceback (most recent call last):
  File "optuna/tune_teacher.py", line 297, in objective
    raise optuna.exceptions.TrialPruned()
optuna.exceptions.TrialPruned

进程返回码: 1
STDOUT最后500字符:
=======
环境数量 (num_actors):        8,192
Horizon 长度:                 16
Batch Size:                   131,072 = 8,192 × 16
Minibatch Size:               16,384
Mini Epochs:                  6
观察维度 (obs_shape):         162
动作维度 (actions_num):       19
特权信息维度 (priv_info):     64
Critic信息维度:               100
点云缓冲维度:                 100
本体感觉历史长度:             30
================================================================================

[Space E] Initializing curriculum physics with α = 1.0000


STDERR最后500字符:
utput_name=TP_V1/optuna_trial_0025', 'seed=67']
Traceback (most recent call last):
  File "train.py", line 151, in main
    train_result = agent.train()
  File "/home/user/Code/LinkerPenspin/penspin/algo/ppo/ppo_rl_teacher.py", line 415, in train
    self.writer.add_scalar('curriculum/progress', self.env.time_warper.progress, self.agent_steps)
AttributeError: 'TimeWarpingOrchestrator' object has no attribute 'progress'

Set the environment variable HYDRA_FULL_ERROR=1 for a complete stack trace.

