                                                                                             [I 2025-12-14 12:24:14,154] Trial 21 finished with value: 3425.0532000000003 and parameters: {'alpha_start': 0.5054455074480344, 'learning_rate': 0.00040407229805108094, 'weight_decay': 6.5540486010634214e-06, 'gamma': 0.99, 'tau': 0.9, 'e_clip': 0.3, 'entropy_coef': 0.005426627029449286, 'critic_coef': 1.0, 'kl_threshold': 0.008949803922200801, 'kl_adaptive_factor': 1.5, 'min_lr': 2.430110771034204e-06, 'mini_epochs': 8, 'minibatch_size': 16384, 'grad_norm': 0.25, 'num_envs': 8192, 'horizon_length': 24, 'controller_pgain': 24.893577050444847, 'controller_dgain': 0.5673402618373794, 'controller_torque_limit': 6.2904336319938325, 'controller_action_scale': 0.12376378528406472, 'target_angvel': 6.199641223101, 'angvel_sigma': 1.7272480122510072, 'rotate_reward_scale': 1.7594342167120853, 'obj_linvel_penalty_scale': -0.12990123422214, 'torque_penalty_scale': -0.03529087980335609, 'rotate_penalty_scale': -0.0007605973353799851, 'axial_tilt_penalty_scale': -1.921997955883568, 'axial_tilt_threshold': 0.014091505210539635, 'position_penalty_scale': -0.1714506983824825, 'waypoint_tracking_reward_scale': 8.242962132156403, 'waypoint_sigma': 0.15758316841048717, 'log_scale_beta': 3.2588698581775217, 'ema_alpha': 0.22264094916308427, 'jitter_penalty_scale': -0.9762396659330684, 'reverse_penalty_scale': -0.869994057361909}. Best is trial 14 with value: 3950.2084999999997.
Best trial: 14. Best value: 3950.21:  52%|█████▎    | 21/40 [70:30:56<60:49:53, 11525.97s/it]Best trial: 14. Best value: 3950.21:  52%|█████▎    | 21/40 [70:30:56<60:49:53, 11525.97s/it]Best trial: 14. Best value: 3950.21:  55%|█████▌    | 22/40 [70:30:56<53:30:25, 10701.44s/it]
[Space E] Alpha: 0.393 -> 1.0

================================================================================
[Optuna Trial 22] 开始训练
================================================================================
试验参数:
  alpha_start                    = 0.3927115896021691
  learning_rate                  = 0.000557313238765242
  weight_decay                   = 9.109051755478952e-06
  gamma                          = 0.99
  tau                            = 0.9
  e_clip                         = 0.3
  entropy_coef                   = 0.0046108736684649584
  critic_coef                    = 1.0
  kl_threshold                   = 0.0230808502023301
  kl_adaptive_factor             = 1.5
  min_lr                         = 2.493856691761108e-06
  mini_epochs                    = 7
  minibatch_size                 = 16384
  grad_norm                      = 0.25
  num_envs                       = 8192
  horizon_length                 = 24
  controller_pgain               = 23.63725195861816
  controller_dgain               = 0.5552646196241864
  controller_torque_limit        = 6.23304841938067
  controller_action_scale        = 0.12090354425286293
  target_angvel                  = 6.19719190278414
  angvel_sigma                   = 1.7147260566938785
  rotate_reward_scale            = 2.0337542490788247
  obj_linvel_penalty_scale       = -0.13680039115861253
  torque_penalty_scale           = -0.03405539683610504
  rotate_penalty_scale           = -0.02474481533621211
  axial_tilt_penalty_scale       = -1.6256432495426691
  axial_tilt_threshold           = 0.013543384742582472
  position_penalty_scale         = -0.1731318928567471
  waypoint_tracking_reward_scale = 8.701954878047104
  waypoint_sigma                 = 0.07263414297446205
  log_scale_beta                 = 3.5417348789785206
  ema_alpha                      = 0.18373877073152148
  jitter_penalty_scale           = -1.1885969657149007
  reverse_penalty_scale          = -0.9269535005350814
输出目录: outputs/TP_V5/optuna_trial_0022
================================================================================


特权信息 (Privileged Information) 维度配置:
================================================================================
名称                             索引范围            维度       状态
--------------------------------------------------------------------------------
obj_position                   [ 0: 3]         3        [固定]
obj_mass                       [ 3: 4]         1        [固定]
obj_friction                   [ 4: 5]         1        [固定]
obj_com                        [ 5: 8]         3        [固定]
--------------------------------------------------------------------------------
obj_orientation                [ 8:12]         4        ✓
obj_linvel                     [12:15]         3        ✓
obj_angvel                     [15:18]         3        ✓
fingertip_position             [18:33]         15       ✓
fingertip_linvel               [33:48]         15       ✓
obj_restitution                [48:49]         1        ✓
tactile                        [49:64]         15       ✓
--------------------------------------------------------------------------------
总计: 11 项启用, 实际维度 = 64, 缓冲区大小 = 64
================================================================================

RunningMeanStd:  (126,)
RunningMeanStd:  64
RunningMeanStd:  3
RunningMeanStd:  (1,)

================================================================================

训练指标:
  Best Reward:         222.1965
  Success Rate:        0.8129
  Mean Rot Angle(rad): 11.8667
  Composite Score:     1490.16
    = 1.0×222.20 + 100.0×0.8129 + 100.0×11.8667

================================================================================
[Optuna Trial 22] 训练完成
================================================================================

                                                                                             [I 2025-12-14 14:46:06,120] Trial 22 finished with value: 1490.1565 and parameters: {'alpha_start': 0.3927115896021691, 'learning_rate': 0.000557313238765242, 'weight_decay': 9.109051755478952e-06, 'gamma': 0.99, 'tau': 0.9, 'e_clip': 0.3, 'entropy_coef': 0.0046108736684649584, 'critic_coef': 1.0, 'kl_threshold': 0.0230808502023301, 'kl_adaptive_factor': 1.5, 'min_lr': 2.493856691761108e-06, 'mini_epochs': 7, 'minibatch_size': 16384, 'grad_norm': 0.25, 'num_envs': 8192, 'horizon_length': 24, 'controller_pgain': 23.63725195861816, 'controller_dgain': 0.5552646196241864, 'controller_torque_limit': 6.23304841938067, 'controller_action_scale': 0.12090354425286293, 'target_angvel': 6.19719190278414, 'angvel_sigma': 1.7147260566938785, 'rotate_reward_scale': 2.0337542490788247, 'obj_linvel_penalty_scale': -0.13680039115861253, 'torque_penalty_scale': -0.03405539683610504, 'rotate_penalty_scale': -0.02474481533621211, 'axial_tilt_penalty_scale': -1.6256432495426691, 'axial_tilt_threshold': 0.013543384742582472, 'position_penalty_scale': -0.1731318928567471, 'waypoint_tracking_reward_scale': 8.701954878047104, 'waypoint_sigma': 0.07263414297446205, 'log_scale_beta': 3.5417348789785206, 'ema_alpha': 0.18373877073152148, 'jitter_penalty_scale': -1.1885969657149007, 'reverse_penalty_scale': -0.9269535005350814}. Best is trial 14 with value: 3950.2084999999997.
Best trial: 14. Best value: 3950.21:  55%|█████▌    | 22/40 [72:52:48<53:30:25, 10701.44s/it]Best trial: 14. Best value: 3950.21:  55%|█████▌    | 22/40 [72:52:48<53:30:25, 10701.44s/it]Best trial: 14. Best value: 3950.21:  57%|█████▊    | 23/40 [72:52:48<47:25:55, 10044.42s/it]
[Space E] Alpha: 0.477 -> 1.0

================================================================================
[Optuna Trial 23] 开始训练
================================================================================
试验参数:
  alpha_start                    = 0.47743850633165996
  learning_rate                  = 0.0008018608791064885
  weight_decay                   = 1.3670448776054717e-05
  gamma                          = 0.99
  tau                            = 0.9
  e_clip                         = 0.1
  entropy_coef                   = 0.005575808791439948
  critic_coef                    = 0.5
  kl_threshold                   = 0.013146306249833706
  kl_adaptive_factor             = 1.15
  min_lr                         = 1.1738425424795592e-06
  mini_epochs                    = 8
  minibatch_size                 = 8192
  grad_norm                      = 0.25
  num_envs                       = 8192
  horizon_length                 = 24
  controller_pgain               = 21.611961639182482
  controller_dgain               = 0.4866452779599428
  controller_torque_limit        = 5.619449210910268
  controller_action_scale        = 0.11023545583010509
  target_angvel                  = 5.548474166149781
  angvel_sigma                   = 1.7024839168184411
  rotate_reward_scale            = 1.804660578182116
  obj_linvel_penalty_scale       = -0.12000568579505375
  torque_penalty_scale           = -0.03789891736381191
  rotate_penalty_scale           = -0.010211578584006047
  axial_tilt_penalty_scale       = -2.0781512960792123
  axial_tilt_threshold           = 0.011022331178310694
  position_penalty_scale         = -0.11949384070530654
  waypoint_tracking_reward_scale = 9.036820715898314
  waypoint_sigma                 = 0.10153365482038912
  log_scale_beta                 = 3.1375318835917314
  ema_alpha                      = 0.21341082653784893
  jitter_penalty_scale           = -0.8895548669434137
  reverse_penalty_scale          = -0.7160052987906339
输出目录: outputs/TP_V5/optuna_trial_0023
================================================================================


特权信息 (Privileged Information) 维度配置:
================================================================================
名称                             索引范围            维度       状态
--------------------------------------------------------------------------------
obj_position                   [ 0: 3]         3        [固定]
obj_mass                       [ 3: 4]         1        [固定]
obj_friction                   [ 4: 5]         1        [固定]
obj_com                        [ 5: 8]         3        [固定]
--------------------------------------------------------------------------------
obj_orientation                [ 8:12]         4        ✓
obj_linvel                     [12:15]         3        ✓
obj_angvel                     [15:18]         3        ✓
fingertip_position             [18:33]         15       ✓
fingertip_linvel               [33:48]         15       ✓
obj_restitution                [48:49]         1        ✓
tactile                        [49:64]         15       ✓
--------------------------------------------------------------------------------
总计: 11 项启用, 实际维度 = 64, 缓冲区大小 = 64
================================================================================

RunningMeanStd:  (126,)
RunningMeanStd:  64
RunningMeanStd:  3
RunningMeanStd:  (1,)

================================================================================

训练指标:
  Best Reward:         287.0340
  Success Rate:        0.6751
  Mean Rot Angle(rad): 13.9162
  Composite Score:     1746.16
    = 1.0×287.03 + 100.0×0.6751 + 100.0×13.9162

================================================================================
[Optuna Trial 23] 训练完成
================================================================================

                                                                                             [I 2025-12-14 19:04:01,039] Trial 23 finished with value: 1746.1639999999998 and parameters: {'alpha_start': 0.47743850633165996, 'learning_rate': 0.0008018608791064885, 'weight_decay': 1.3670448776054717e-05, 'gamma': 0.99, 'tau': 0.9, 'e_clip': 0.1, 'entropy_coef': 0.005575808791439948, 'critic_coef': 0.5, 'kl_threshold': 0.013146306249833706, 'kl_adaptive_factor': 1.15, 'min_lr': 1.1738425424795592e-06, 'mini_epochs': 8, 'minibatch_size': 8192, 'grad_norm': 0.25, 'num_envs': 8192, 'horizon_length': 24, 'controller_pgain': 21.611961639182482, 'controller_dgain': 0.4866452779599428, 'controller_torque_limit': 5.619449210910268, 'controller_action_scale': 0.11023545583010509, 'target_angvel': 5.548474166149781, 'angvel_sigma': 1.7024839168184411, 'rotate_reward_scale': 1.804660578182116, 'obj_linvel_penalty_scale': -0.12000568579505375, 'torque_penalty_scale': -0.03789891736381191, 'rotate_penalty_scale': -0.010211578584006047, 'axial_tilt_penalty_scale': -2.0781512960792123, 'axial_tilt_threshold': 0.011022331178310694, 'position_penalty_scale': -0.11949384070530654, 'waypoint_tracking_reward_scale': 9.036820715898314, 'waypoint_sigma': 0.10153365482038912, 'log_scale_beta': 3.1375318835917314, 'ema_alpha': 0.21341082653784893, 'jitter_penalty_scale': -0.8895548669434137, 'reverse_penalty_scale': -0.7160052987906339}. Best is trial 14 with value: 3950.2084999999997.
Best trial: 14. Best value: 3950.21:  57%|█████▊    | 23/40 [77:10:43<47:25:55, 10044.42s/it]Best trial: 14. Best value: 3950.21:  57%|█████▊    | 23/40 [77:10:43<47:25:55, 10044.42s/it]Best trial: 14. Best value: 3950.21:  60%|██████    | 24/40 [77:10:43<51:53:02, 11673.88s/it]
[Space E] Alpha: 0.581 -> 1.0

================================================================================
[Optuna Trial 24] 开始训练
================================================================================
试验参数:
  alpha_start                    = 0.5805317534856006
  learning_rate                  = 0.00044025474266300136
  weight_decay                   = 6.439177469592158e-06
  gamma                          = 0.985
  tau                            = 0.9
  e_clip                         = 0.1
  entropy_coef                   = 0.003997126533128904
  critic_coef                    = 0.5
  kl_threshold                   = 0.03366524952560299
  kl_adaptive_factor             = 1.15
  min_lr                         = 2.59457789100517e-06
  mini_epochs                    = 9
  minibatch_size                 = 32768
  grad_norm                      = 0.25
  num_envs                       = 8192
  horizon_length                 = 24
  controller_pgain               = 24.032900711434092
  controller_dgain               = 0.5605206525360537
  controller_torque_limit        = 6.265990657813497
  controller_action_scale        = 0.12620669040028104
  target_angvel                  = 6.139039537277476
  angvel_sigma                   = 1.5417902123865233
  rotate_reward_scale            = 1.5937623525115217
  obj_linvel_penalty_scale       = -0.16918164342331043
  torque_penalty_scale           = -0.03376209877784996
  rotate_penalty_scale           = -0.0001987091897155853
  axial_tilt_penalty_scale       = -1.93807155362935
  axial_tilt_threshold           = 0.018964055157532606
  position_penalty_scale         = -0.1444430966995681
  waypoint_tracking_reward_scale = 7.3534020420603765
  waypoint_sigma                 = 0.14967242457888527
  log_scale_beta                 = 4.328370738776637
  ema_alpha                      = 0.23759139068584306
  jitter_penalty_scale           = -0.6057075634446393
  reverse_penalty_scale          = -1.1409356970738092
输出目录: outputs/TP_V5/optuna_trial_0024
================================================================================


特权信息 (Privileged Information) 维度配置:
================================================================================
名称                             索引范围            维度       状态
--------------------------------------------------------------------------------
obj_position                   [ 0: 3]         3        [固定]
obj_mass                       [ 3: 4]         1        [固定]
obj_friction                   [ 4: 5]         1        [固定]
obj_com                        [ 5: 8]         3        [固定]
--------------------------------------------------------------------------------
obj_orientation                [ 8:12]         4        ✓
obj_linvel                     [12:15]         3        ✓
obj_angvel                     [15:18]         3        ✓
fingertip_position             [18:33]         15       ✓
fingertip_linvel               [33:48]         15       ✓
obj_restitution                [48:49]         1        ✓
tactile                        [49:64]         15       ✓
--------------------------------------------------------------------------------
总计: 11 项启用, 实际维度 = 64, 缓冲区大小 = 64
================================================================================

RunningMeanStd:  (126,)
RunningMeanStd:  64
RunningMeanStd:  3
RunningMeanStd:  (1,)

================================================================================

训练指标:
  Best Reward:         211.0991
  Success Rate:        0.5379
  Mean Rot Angle(rad): 13.3295
  Composite Score:     1597.84
    = 1.0×211.10 + 100.0×0.5379 + 100.0×13.3295

================================================================================
[Optuna Trial 24] 训练完成
================================================================================

