                                                                                             [I 2025-12-15 10:03:23,411] Trial 27 finished with value: 2354.5006 and parameters: {'alpha_start': 0.578034944695361, 'learning_rate': 0.00023891466494697239, 'weight_decay': 2.7068594647882163e-05, 'gamma': 0.985, 'tau': 0.98, 'e_clip': 0.2, 'entropy_coef': 0.003321852656167764, 'critic_coef': 0.5, 'kl_threshold': 0.03713259754455439, 'kl_adaptive_factor': 1.2, 'min_lr': 2.2655615434174995e-06, 'mini_epochs': 9, 'minibatch_size': 16384, 'grad_norm': 0.5, 'num_envs': 8192, 'horizon_length': 24, 'controller_pgain': 23.88138290293744, 'controller_dgain': 0.5288511890285558, 'controller_torque_limit': 6.019061808220973, 'controller_action_scale': 0.10505711991196952, 'target_angvel': 5.824422833746596, 'angvel_sigma': 1.5499514611043803, 'rotate_reward_scale': 1.579844737933255, 'obj_linvel_penalty_scale': -0.15707072647449355, 'torque_penalty_scale': -0.03778233569818627, 'rotate_penalty_scale': -0.01648453150942554, 'axial_tilt_penalty_scale': -2.28368928632944, 'axial_tilt_threshold': 0.01318974181537937, 'position_penalty_scale': -0.21063511094262674, 'waypoint_tracking_reward_scale': 6.331464538182432, 'waypoint_sigma': 0.09089942141301145, 'log_scale_beta': 2.7879223943567073, 'ema_alpha': 0.2147211897886059, 'jitter_penalty_scale': -0.9385183257346028, 'reverse_penalty_scale': -0.9829455459987086}. Best is trial 14 with value: 3950.2084999999997.
Best trial: 14. Best value: 3950.21:  68%|██████▊   | 27/40 [92:10:05<49:39:49, 13753.05s/it]Best trial: 14. Best value: 3950.21:  68%|██████▊   | 27/40 [92:10:05<49:39:49, 13753.05s/it]Best trial: 14. Best value: 3950.21:  70%|███████   | 28/40 [92:10:05<41:15:23, 12376.97s/it]
[Space E] Alpha: 0.500 -> 1.0

================================================================================
[Optuna Trial 28] 开始训练
================================================================================
试验参数:
  alpha_start                    = 0.5001537783521754
  learning_rate                  = 0.0004044765441912058
  weight_decay                   = 6.832196557479274e-06
  gamma                          = 0.99
  tau                            = 0.9
  e_clip                         = 0.1
  entropy_coef                   = 0.0070992235389044575
  critic_coef                    = 1.0
  kl_threshold                   = 0.022213525631126968
  kl_adaptive_factor             = 1.15
  min_lr                         = 1.1352374959139508e-05
  mini_epochs                    = 10
  minibatch_size                 = 8192
  grad_norm                      = 0.25
  num_envs                       = 8192
  horizon_length                 = 32
  controller_pgain               = 22.515342001108785
  controller_dgain               = 0.567233235819007
  controller_torque_limit        = 6.437115489013901
  controller_action_scale        = 0.093976509872799
  target_angvel                  = 5.127418535295075
  angvel_sigma                   = 1.8696199923862675
  rotate_reward_scale            = 1.9856711605686486
  obj_linvel_penalty_scale       = -0.1811193072997937
  torque_penalty_scale           = -0.034479141541916475
  rotate_penalty_scale           = -0.041296885194820845
  axial_tilt_penalty_scale       = -1.7174801489335076
  axial_tilt_threshold           = 0.017936991851858795
  position_penalty_scale         = -0.12105560176193494
  waypoint_tracking_reward_scale = 5.460050602837568
  waypoint_sigma                 = 0.1434753994967453
  log_scale_beta                 = 5.3055035334608265
  ema_alpha                      = 0.23627636000257954
  jitter_penalty_scale           = -1.4951528560059686
  reverse_penalty_scale          = -0.8203103043925153
输出目录: outputs/TP_V5/optuna_trial_0028
================================================================================


特权信息 (Privileged Information) 维度配置:
================================================================================
名称                             索引范围            维度       状态
--------------------------------------------------------------------------------
obj_position                   [ 0: 3]         3        [固定]
obj_mass                       [ 3: 4]         1        [固定]
obj_friction                   [ 4: 5]         1        [固定]
obj_com                        [ 5: 8]         3        [固定]
--------------------------------------------------------------------------------
obj_orientation                [ 8:12]         4        ✓
obj_linvel                     [12:15]         3        ✓
obj_angvel                     [15:18]         3        ✓
fingertip_position             [18:33]         15       ✓
fingertip_linvel               [33:48]         15       ✓
obj_restitution                [48:49]         1        ✓
tactile                        [49:64]         15       ✓
--------------------------------------------------------------------------------
总计: 11 项启用, 实际维度 = 64, 缓冲区大小 = 64
================================================================================

RunningMeanStd:  (126,)
RunningMeanStd:  64
RunningMeanStd:  3
RunningMeanStd:  (1,)

================================================================================

训练指标:
  Best Reward:         370.0382
  Success Rate:        0.8037
  Mean Rot Angle(rad): 19.5644
  Composite Score:     2406.85
    = 1.0×370.04 + 100.0×0.8037 + 100.0×19.5644

================================================================================
[Optuna Trial 28] 训练完成
================================================================================

                                                                                             [I 2025-12-15 12:44:13,327] Trial 28 finished with value: 2406.8482 and parameters: {'alpha_start': 0.5001537783521754, 'learning_rate': 0.0004044765441912058, 'weight_decay': 6.832196557479274e-06, 'gamma': 0.99, 'tau': 0.9, 'e_clip': 0.1, 'entropy_coef': 0.0070992235389044575, 'critic_coef': 1.0, 'kl_threshold': 0.022213525631126968, 'kl_adaptive_factor': 1.15, 'min_lr': 1.1352374959139508e-05, 'mini_epochs': 10, 'minibatch_size': 8192, 'grad_norm': 0.25, 'num_envs': 8192, 'horizon_length': 32, 'controller_pgain': 22.515342001108785, 'controller_dgain': 0.567233235819007, 'controller_torque_limit': 6.437115489013901, 'controller_action_scale': 0.093976509872799, 'target_angvel': 5.127418535295075, 'angvel_sigma': 1.8696199923862675, 'rotate_reward_scale': 1.9856711605686486, 'obj_linvel_penalty_scale': -0.1811193072997937, 'torque_penalty_scale': -0.034479141541916475, 'rotate_penalty_scale': -0.041296885194820845, 'axial_tilt_penalty_scale': -1.7174801489335076, 'axial_tilt_threshold': 0.017936991851858795, 'position_penalty_scale': -0.12105560176193494, 'waypoint_tracking_reward_scale': 5.460050602837568, 'waypoint_sigma': 0.1434753994967453, 'log_scale_beta': 5.3055035334608265, 'ema_alpha': 0.23627636000257954, 'jitter_penalty_scale': -1.4951528560059686, 'reverse_penalty_scale': -0.8203103043925153}. Best is trial 14 with value: 3950.2084999999997.
Best trial: 14. Best value: 3950.21:  70%|███████   | 28/40 [94:50:55<41:15:23, 12376.97s/it]Best trial: 14. Best value: 3950.21:  70%|███████   | 28/40 [94:50:55<41:15:23, 12376.97s/it]Best trial: 14. Best value: 3950.21:  72%|███████▎  | 29/40 [94:50:55<35:19:07, 11558.83s/it]
[Space E] Alpha: 0.417 -> 1.0

================================================================================
[Optuna Trial 29] 开始训练
================================================================================
试验参数:
  alpha_start                    = 0.41748807582635483
  learning_rate                  = 0.0008893460741038172
  weight_decay                   = 4.967869035680011e-05
  gamma                          = 0.985
  tau                            = 0.85
  e_clip                         = 0.1
  entropy_coef                   = 0.0021701539494270146
  critic_coef                    = 2.0
  kl_threshold                   = 0.027179767574611356
  kl_adaptive_factor             = 1.5
  min_lr                         = 8.859976003693813e-06
  mini_epochs                    = 9
  minibatch_size                 = 32768
  grad_norm                      = 0.5
  num_envs                       = 8192
  horizon_length                 = 16
  controller_pgain               = 21.781128136976925
  controller_dgain               = 0.4722946147225668
  controller_torque_limit        = 6.935828752855963
  controller_action_scale        = 0.11032108492067244
  target_angvel                  = 6.287018954453312
  angvel_sigma                   = 1.654294289972778
  rotate_reward_scale            = 1.5303892005563509
  obj_linvel_penalty_scale       = -0.07506260938102506
  torque_penalty_scale           = -0.031873942805541094
  rotate_penalty_scale           = -0.06100504338273852
  axial_tilt_penalty_scale       = -2.1778572656287003
  axial_tilt_threshold           = 0.02107552617044909
  position_penalty_scale         = -0.19051249348061694
  waypoint_tracking_reward_scale = 5.8966064572897094
  waypoint_sigma                 = 0.38903205647234623
  log_scale_beta                 = 5.876620140760146
  ema_alpha                      = 0.2822557019628438
  jitter_penalty_scale           = -0.6207755740642004
  reverse_penalty_scale          = -1.1306870977035717
输出目录: outputs/TP_V5/optuna_trial_0029
================================================================================


特权信息 (Privileged Information) 维度配置:
================================================================================
名称                             索引范围            维度       状态
--------------------------------------------------------------------------------
obj_position                   [ 0: 3]         3        [固定]
obj_mass                       [ 3: 4]         1        [固定]
obj_friction                   [ 4: 5]         1        [固定]
obj_com                        [ 5: 8]         3        [固定]
--------------------------------------------------------------------------------
obj_orientation                [ 8:12]         4        ✓
obj_linvel                     [12:15]         3        ✓
obj_angvel                     [15:18]         3        ✓
fingertip_position             [18:33]         15       ✓
fingertip_linvel               [33:48]         15       ✓
obj_restitution                [48:49]         1        ✓
tactile                        [49:64]         15       ✓
--------------------------------------------------------------------------------
总计: 11 项启用, 实际维度 = 64, 缓冲区大小 = 64
================================================================================

RunningMeanStd:  (126,)
RunningMeanStd:  64
RunningMeanStd:  3
RunningMeanStd:  (1,)

================================================================================

训练指标:
  Best Reward:         55.5226
  Success Rate:        0.4602
  Mean Rot Angle(rad): 3.8562
  Composite Score:     487.16
    = 1.0×55.52 + 100.0×0.4602 + 100.0×3.8562

================================================================================
[Optuna Trial 29] 训练完成
================================================================================

                                                                                             [I 2025-12-15 16:34:05,960] Trial 29 finished with value: 487.1626 and parameters: {'alpha_start': 0.41748807582635483, 'learning_rate': 0.0008893460741038172, 'weight_decay': 4.967869035680011e-05, 'gamma': 0.985, 'tau': 0.85, 'e_clip': 0.1, 'entropy_coef': 0.0021701539494270146, 'critic_coef': 2.0, 'kl_threshold': 0.027179767574611356, 'kl_adaptive_factor': 1.5, 'min_lr': 8.859976003693813e-06, 'mini_epochs': 9, 'minibatch_size': 32768, 'grad_norm': 0.5, 'num_envs': 8192, 'horizon_length': 16, 'controller_pgain': 21.781128136976925, 'controller_dgain': 0.4722946147225668, 'controller_torque_limit': 6.935828752855963, 'controller_action_scale': 0.11032108492067244, 'target_angvel': 6.287018954453312, 'angvel_sigma': 1.654294289972778, 'rotate_reward_scale': 1.5303892005563509, 'obj_linvel_penalty_scale': -0.07506260938102506, 'torque_penalty_scale': -0.031873942805541094, 'rotate_penalty_scale': -0.06100504338273852, 'axial_tilt_penalty_scale': -2.1778572656287003, 'axial_tilt_threshold': 0.02107552617044909, 'position_penalty_scale': -0.19051249348061694, 'waypoint_tracking_reward_scale': 5.8966064572897094, 'waypoint_sigma': 0.38903205647234623, 'log_scale_beta': 5.876620140760146, 'ema_alpha': 0.2822557019628438, 'jitter_penalty_scale': -0.6207755740642004, 'reverse_penalty_scale': -1.1306870977035717}. Best is trial 14 with value: 3950.2084999999997.
Best trial: 14. Best value: 3950.21:  72%|███████▎  | 29/40 [98:40:48<35:19:07, 11558.83s/it]Best trial: 14. Best value: 3950.21:  72%|███████▎  | 29/40 [98:40:48<35:19:07, 11558.83s/it]Best trial: 14. Best value: 3950.21:  75%|███████▌  | 30/40 [98:40:48<33:58:09, 12228.98s/it]
[Space E] Alpha: 0.541 -> 1.0

================================================================================
[Optuna Trial 30] 开始训练
================================================================================
试验参数:
  alpha_start                    = 0.5413599928477658
  learning_rate                  = 0.0006828063667975391
  weight_decay                   = 2.7489137611503207e-05
  gamma                          = 0.99
  tau                            = 0.85
  e_clip                         = 0.3
  entropy_coef                   = 0.005639398604813774
  critic_coef                    = 1.0
  kl_threshold                   = 0.01626311225581879
  kl_adaptive_factor             = 1.1
  min_lr                         = 1.0040877064250762e-06
  mini_epochs                    = 7
  minibatch_size                 = 32768
  grad_norm                      = 1.0
  num_envs                       = 8192
  horizon_length                 = 24
  controller_pgain               = 20.669621761776515
  controller_dgain               = 0.40395931676043084
  controller_torque_limit        = 5.016551853002536
  controller_action_scale        = 0.08647414850112624
  target_angvel                  = 5.248199168596961
  angvel_sigma                   = 1.4307300663121398
  rotate_reward_scale            = 1.7060868951565353
  obj_linvel_penalty_scale       = -0.11701454856395471
  torque_penalty_scale           = -0.018232585442984728
  rotate_penalty_scale           = -0.08821358626552644
  axial_tilt_penalty_scale       = -1.925432398447875
  axial_tilt_threshold           = 0.015310638669887387
  position_penalty_scale         = -0.1582473384576423
  waypoint_tracking_reward_scale = 7.198265584314085
  waypoint_sigma                 = 0.05213182171407555
  log_scale_beta                 = 6.170754997206556
  ema_alpha                      = 0.2037156375008743
  jitter_penalty_scale           = -0.5630202750149811
  reverse_penalty_scale          = -1.392061688826794
输出目录: outputs/TP_V5/optuna_trial_0030
================================================================================


特权信息 (Privileged Information) 维度配置:
================================================================================
名称                             索引范围            维度       状态
--------------------------------------------------------------------------------
obj_position                   [ 0: 3]         3        [固定]
obj_mass                       [ 3: 4]         1        [固定]
obj_friction                   [ 4: 5]         1        [固定]
obj_com                        [ 5: 8]         3        [固定]
--------------------------------------------------------------------------------
obj_orientation                [ 8:12]         4        ✓
obj_linvel                     [12:15]         3        ✓
obj_angvel                     [15:18]         3        ✓
fingertip_position             [18:33]         15       ✓
fingertip_linvel               [33:48]         15       ✓
obj_restitution                [48:49]         1        ✓
tactile                        [49:64]         15       ✓
--------------------------------------------------------------------------------
总计: 11 项启用, 实际维度 = 64, 缓冲区大小 = 64
================================================================================

RunningMeanStd:  (126,)
RunningMeanStd:  64
RunningMeanStd:  3
RunningMeanStd:  (1,)

================================================================================

训练指标:
  Best Reward:         92.5257
  Success Rate:        0.3079
  Mean Rot Angle(rad): 4.4895
  Composite Score:     572.27
    = 1.0×92.53 + 100.0×0.3079 + 100.0×4.4895

================================================================================
[Optuna Trial 30] 训练完成
================================================================================

