                                                                                       [I 2025-12-04 23:55:26,621] Trial 34 pruned. 
Best trial: 13. Best value: 2531.69:  85%|████████▌ | 34/40 [32:42:06<06:22, 63.81s/it]Best trial: 13. Best value: 2531.69:  85%|████████▌ | 34/40 [32:42:06<06:22, 63.81s/it]Best trial: 13. Best value: 2531.69:  88%|████████▊ | 35/40 [32:42:06<03:59, 47.96s/it]
================================================================================
[Optuna Trial 35] 开始训练
================================================================================
试验参数:
  learning_rate                  = 0.0004134480280778196
  weight_decay                   = 1.6097066854250033e-05
  gamma                          = 0.992
  tau                            = 0.9
  e_clip                         = 0.1
  entropy_coef                   = 0.005547244484487935
  critic_coef                    = 1.0
  kl_threshold                   = 0.0688239635554467
  mini_epochs                    = 10
  minibatch_size                 = 16384
  grad_norm                      = 1.0
  num_envs                       = 4096
  horizon_length                 = 32
  flying_linear_velocity         = 0.05634472113802634
  flying_angular_velocity        = 2.5654201059749435
  angvelClipMin                  = -0.2007501898129859
  angvelClipMax                  = 0.7302142772496626
  angvelPenaltyThresHigh         = 0.5662358247462808
  angvelPenaltyThresLow          = -0.7769102824759805
  rotate_reward_scale            = 1.902886278093131
  obj_linvel_penalty_scale       = -0.17921970604194168
  torque_penalty_scale           = -0.019845344163972902
  rotate_penalty_scale           = -0.03077200685319912
  axial_tilt_penalty_scale       = -1.384845103561497
  axial_tilt_threshold           = 0.02942889627869011
  position_penalty_scale         = -0.2708732063590563
  flying_base_movement_penalty_scale = -0.16197079434658795
  waypoint_tracking_reward_scale = 6.550097646500605
  waypoint_sigma                 = 0.45949219184605894
输出目录: outputs/TP_V1/optuna_trial_0035
================================================================================


特权信息 (Privileged Information) 维度配置:
================================================================================
名称                             索引范围            维度       状态
--------------------------------------------------------------------------------
obj_position                   [ 0: 3]         3        [固定]
obj_mass                       [ 3: 4]         1        [固定]
obj_friction                   [ 4: 5]         1        [固定]
obj_com                        [ 5: 8]         3        [固定]
--------------------------------------------------------------------------------
obj_orientation                [ 8:12]         4        ✓
obj_linvel                     [12:15]         3        ✓
obj_angvel                     [15:18]         3        ✓
fingertip_position             [18:33]         15       ✓
fingertip_linvel               [33:48]         15       ✓
obj_restitution                [48:49]         1        ✓
tactile                        [49:64]         15       ✓
--------------------------------------------------------------------------------
总计: 11 项启用, 实际维度 = 64, 缓冲区大小 = 64
================================================================================

RunningMeanStd:  (162,)
RunningMeanStd:  64
RunningMeanStd:  3
RunningMeanStd:  (1,)

================================================================================

[错误] Trial 35 训练失败
STDERR:
v.pencil_tilt_threshold=0.06', 'task.env.actionSpace.disableRingLittleFinger=True', 'train.ppo.learning_rate=0.0004134480280778196', 'train.ppo.weight_decay=1.6097066854250033e-05', 'train.ppo.gamma=0.992', 'train.ppo.tau=0.9', 'train.ppo.e_clip=0.1', 'train.ppo.entropy_coef=0.005547244484487935', 'train.ppo.critic_coef=1.0', 'train.ppo.kl_threshold=0.0688239635554467', 'train.ppo.mini_epochs=10', 'train.ppo.minibatch_size=16384', 'train.ppo.grad_norm=1.0', 'task.env.numEnvs=4096', 'train.ppo.horizon_length=32', 'task.env.flyingHand.linearVelocity=0.05634472113802634', 'task.env.flyingHand.angularVelocity=2.5654201059749435', 'task.env.reward.angvelClipMin=-0.2007501898129859', 'task.env.reward.angvelClipMax=0.7302142772496626', 'task.env.reward.angvelPenaltyThresHigh=0.5662358247462808', 'task.env.reward.angvelPenaltyThresLow=-0.7769102824759805', 'task.env.reward.rotate_reward_scale=1.902886278093131', 'task.env.reward.obj_linvel_penalty_scale=-0.17921970604194168', 'task.env.reward.torque_penalty_scale=-0.019845344163972902', 'task.env.reward.rotate_penalty_scale=-0.03077200685319912', 'task.env.reward.axial_tilt_penalty_scale=-1.384845103561497', 'task.env.reward.axial_tilt_threshold=0.02942889627869011', 'task.env.reward.position_penalty_scale=-0.2708732063590563', 'task.env.reward.flying_base_movement_penalty_scale=-0.16197079434658795', 'task.env.reward.waypoint_tracking_reward_scale=6.550097646500605', 'task.env.reward.waypoint_sigma=0.45949219184605894', 'train.ppo.output_name=TP_V1/optuna_trial_0035', 'seed=77']
Traceback (most recent call last):
  File "train.py", line 151, in main
    train_result = agent.train()
  File "/home/user/Code/LinkerPenspin/penspin/algo/ppo/ppo_rl_teacher.py", line 415, in train
    self.writer.add_scalar('curriculum/progress', self.env.time_warper.progress, self.agent_steps)
AttributeError: 'TimeWarpingOrchestrator' object has no attribute 'progress'

Set the environment variable HYDRA_FULL_ERROR=1 for a complete stack trace.


[错误] Trial 35 训练失败
异常类型: TrialPruned
异常信息: 

完整调用栈:
Traceback (most recent call last):
  File "optuna/tune_teacher.py", line 297, in objective
    raise optuna.exceptions.TrialPruned()
optuna.exceptions.TrialPruned

进程返回码: 1
STDOUT最后500字符:
======
环境数量 (num_actors):        4,096
Horizon 长度:                 32
Batch Size:                   131,072 = 4,096 × 32
Minibatch Size:               16,384
Mini Epochs:                  10
观察维度 (obs_shape):         162
动作维度 (actions_num):       19
特权信息维度 (priv_info):     64
Critic信息维度:               100
点云缓冲维度:                 100
本体感觉历史长度:             30
================================================================================

[Space E] Initializing curriculum physics with α = 1.0000


STDERR最后500字符:
utput_name=TP_V1/optuna_trial_0035', 'seed=77']
Traceback (most recent call last):
  File "train.py", line 151, in main
    train_result = agent.train()
  File "/home/user/Code/LinkerPenspin/penspin/algo/ppo/ppo_rl_teacher.py", line 415, in train
    self.writer.add_scalar('curriculum/progress', self.env.time_warper.progress, self.agent_steps)
AttributeError: 'TimeWarpingOrchestrator' object has no attribute 'progress'

Set the environment variable HYDRA_FULL_ERROR=1 for a complete stack trace.

                                                                                       [I 2025-12-04 23:55:37,651] Trial 35 pruned. 
Best trial: 13. Best value: 2531.69:  88%|████████▊ | 35/40 [32:42:17<03:59, 47.96s/it]Best trial: 13. Best value: 2531.69:  88%|████████▊ | 35/40 [32:42:17<03:59, 47.96s/it]Best trial: 13. Best value: 2531.69:  90%|█████████ | 36/40 [32:42:17<02:27, 36.88s/it]
================================================================================
[Optuna Trial 36] 开始训练
================================================================================
试验参数:
  learning_rate                  = 0.0008515965229749721
  weight_decay                   = 1.283200570048948e-05
  gamma                          = 0.985
  tau                            = 0.9
  e_clip                         = 0.1
  entropy_coef                   = 0.00441652598158536
  critic_coef                    = 0.5
  kl_threshold                   = 0.05339434582940226
  mini_epochs                    = 6
  minibatch_size                 = 8192
  grad_norm                      = 2.0
  num_envs                       = 4096
  horizon_length                 = 16
  flying_linear_velocity         = 0.058903983610970684
  flying_angular_velocity        = 2.7675568443649503
  angvelClipMin                  = -0.1770015730222286
  angvelClipMax                  = 0.7781378462551647
  angvelPenaltyThresHigh         = 0.6701336311467709
  angvelPenaltyThresLow          = -0.7513468315379684
  rotate_reward_scale            = 2.1469492015681007
  obj_linvel_penalty_scale       = -0.08191750024749758
  torque_penalty_scale           = -0.026431333049563226
  rotate_penalty_scale           = -0.059716149483336006
  axial_tilt_penalty_scale       = -1.2855634510843765
  axial_tilt_threshold           = 0.03188361993462433
  position_penalty_scale         = -0.2879209754189354
  flying_base_movement_penalty_scale = -0.05160985068149048
  waypoint_tracking_reward_scale = 8.2499350429696
  waypoint_sigma                 = 0.2996796292823354
输出目录: outputs/TP_V1/optuna_trial_0036
================================================================================


特权信息 (Privileged Information) 维度配置:
================================================================================
名称                             索引范围            维度       状态
--------------------------------------------------------------------------------
obj_position                   [ 0: 3]         3        [固定]
obj_mass                       [ 3: 4]         1        [固定]
obj_friction                   [ 4: 5]         1        [固定]
obj_com                        [ 5: 8]         3        [固定]
--------------------------------------------------------------------------------
obj_orientation                [ 8:12]         4        ✓
obj_linvel                     [12:15]         3        ✓
obj_angvel                     [15:18]         3        ✓
fingertip_position             [18:33]         15       ✓
fingertip_linvel               [33:48]         15       ✓
obj_restitution                [48:49]         1        ✓
tactile                        [49:64]         15       ✓
--------------------------------------------------------------------------------
总计: 11 项启用, 实际维度 = 64, 缓冲区大小 = 64
================================================================================

RunningMeanStd:  (162,)
RunningMeanStd:  64
RunningMeanStd:  3
RunningMeanStd:  (1,)

================================================================================

[错误] Trial 36 训练失败
STDERR:
env.pencil_tilt_threshold=0.06', 'task.env.actionSpace.disableRingLittleFinger=True', 'train.ppo.learning_rate=0.0008515965229749721', 'train.ppo.weight_decay=1.283200570048948e-05', 'train.ppo.gamma=0.985', 'train.ppo.tau=0.9', 'train.ppo.e_clip=0.1', 'train.ppo.entropy_coef=0.00441652598158536', 'train.ppo.critic_coef=0.5', 'train.ppo.kl_threshold=0.05339434582940226', 'train.ppo.mini_epochs=6', 'train.ppo.minibatch_size=8192', 'train.ppo.grad_norm=2.0', 'task.env.numEnvs=4096', 'train.ppo.horizon_length=16', 'task.env.flyingHand.linearVelocity=0.058903983610970684', 'task.env.flyingHand.angularVelocity=2.7675568443649503', 'task.env.reward.angvelClipMin=-0.1770015730222286', 'task.env.reward.angvelClipMax=0.7781378462551647', 'task.env.reward.angvelPenaltyThresHigh=0.6701336311467709', 'task.env.reward.angvelPenaltyThresLow=-0.7513468315379684', 'task.env.reward.rotate_reward_scale=2.1469492015681007', 'task.env.reward.obj_linvel_penalty_scale=-0.08191750024749758', 'task.env.reward.torque_penalty_scale=-0.026431333049563226', 'task.env.reward.rotate_penalty_scale=-0.059716149483336006', 'task.env.reward.axial_tilt_penalty_scale=-1.2855634510843765', 'task.env.reward.axial_tilt_threshold=0.03188361993462433', 'task.env.reward.position_penalty_scale=-0.2879209754189354', 'task.env.reward.flying_base_movement_penalty_scale=-0.05160985068149048', 'task.env.reward.waypoint_tracking_reward_scale=8.2499350429696', 'task.env.reward.waypoint_sigma=0.2996796292823354', 'train.ppo.output_name=TP_V1/optuna_trial_0036', 'seed=78']
Traceback (most recent call last):
  File "train.py", line 151, in main
    train_result = agent.train()
  File "/home/user/Code/LinkerPenspin/penspin/algo/ppo/ppo_rl_teacher.py", line 415, in train
    self.writer.add_scalar('curriculum/progress', self.env.time_warper.progress, self.agent_steps)
AttributeError: 'TimeWarpingOrchestrator' object has no attribute 'progress'

Set the environment variable HYDRA_FULL_ERROR=1 for a complete stack trace.


[错误] Trial 36 训练失败
异常类型: TrialPruned
异常信息: 

完整调用栈:
Traceback (most recent call last):
  File "optuna/tune_teacher.py", line 297, in objective
    raise optuna.exceptions.TrialPruned()
optuna.exceptions.TrialPruned

进程返回码: 1
STDOUT最后500字符:
=========
环境数量 (num_actors):        4,096
Horizon 长度:                 16
Batch Size:                   65,536 = 4,096 × 16
Minibatch Size:               8,192
Mini Epochs:                  6
观察维度 (obs_shape):         162
动作维度 (actions_num):       19
特权信息维度 (priv_info):     64
Critic信息维度:               100
点云缓冲维度:                 100
本体感觉历史长度:             30
================================================================================

[Space E] Initializing curriculum physics with α = 1.0000


STDERR最后500字符:
utput_name=TP_V1/optuna_trial_0036', 'seed=78']
Traceback (most recent call last):
  File "train.py", line 151, in main
    train_result = agent.train()
  File "/home/user/Code/LinkerPenspin/penspin/algo/ppo/ppo_rl_teacher.py", line 415, in train
    self.writer.add_scalar('curriculum/progress', self.env.time_warper.progress, self.agent_steps)
AttributeError: 'TimeWarpingOrchestrator' object has no attribute 'progress'

Set the environment variable HYDRA_FULL_ERROR=1 for a complete stack trace.

                                                                                       [I 2025-12-04 23:55:46,478] Trial 36 pruned. 
Best trial: 13. Best value: 2531.69:  90%|█████████ | 36/40 [32:42:26<02:27, 36.88s/it]Best trial: 13. Best value: 2531.69:  90%|█████████ | 36/40 [32:42:26<02:27, 36.88s/it]Best trial: 13. Best value: 2531.69:  92%|█████████▎| 37/40 [32:42:26<01:25, 28.46s/it]
================================================================================
[Optuna Trial 37] 开始训练
================================================================================
试验参数:
  learning_rate                  = 0.00018697122952860112
  weight_decay                   = 2.2930769628769785e-05
  gamma                          = 0.99
  tau                            = 0.9
  e_clip                         = 0.3
  entropy_coef                   = 0.007572220427916127
  critic_coef                    = 0.5
  kl_threshold                   = 0.0642516023310302
  mini_epochs                    = 10
  minibatch_size                 = 16384
  grad_norm                      = 1.0
  num_envs                       = 4096
  horizon_length                 = 32
  flying_linear_velocity         = 0.08935099456653108
  flying_angular_velocity        = 2.27202437877646
  angvelClipMin                  = -0.36179693652992595
  angvelClipMax                  = 0.6721738779082538
  angvelPenaltyThresHigh         = 0.8765838170329034
  angvelPenaltyThresLow          = -0.5301135374611047
  rotate_reward_scale            = 1.7163519357944732
  obj_linvel_penalty_scale       = -0.11510378076749436
  torque_penalty_scale           = -0.02982437366174196
  rotate_penalty_scale           = -0.04848531515376428
  axial_tilt_penalty_scale       = -1.4875470845929997
  axial_tilt_threshold           = 0.03956505147637704
  position_penalty_scale         = -0.23895800161428818
  flying_base_movement_penalty_scale = -0.07947146020572005
  waypoint_tracking_reward_scale = 7.303807607187526
  waypoint_sigma                 = 0.49241117554217423
输出目录: outputs/TP_V1/optuna_trial_0037
================================================================================


特权信息 (Privileged Information) 维度配置:
================================================================================
名称                             索引范围            维度       状态
--------------------------------------------------------------------------------
obj_position                   [ 0: 3]         3        [固定]
obj_mass                       [ 3: 4]         1        [固定]
obj_friction                   [ 4: 5]         1        [固定]
obj_com                        [ 5: 8]         3        [固定]
--------------------------------------------------------------------------------
obj_orientation                [ 8:12]         4        ✓
obj_linvel                     [12:15]         3        ✓
obj_angvel                     [15:18]         3        ✓
fingertip_position             [18:33]         15       ✓
fingertip_linvel               [33:48]         15       ✓
obj_restitution                [48:49]         1        ✓
tactile                        [49:64]         15       ✓
--------------------------------------------------------------------------------
总计: 11 项启用, 实际维度 = 64, 缓冲区大小 = 64
================================================================================

RunningMeanStd:  (162,)
RunningMeanStd:  64
RunningMeanStd:  3
RunningMeanStd:  (1,)

================================================================================

[错误] Trial 37 训练失败
STDERR:
.pencil_tilt_threshold=0.06', 'task.env.actionSpace.disableRingLittleFinger=True', 'train.ppo.learning_rate=0.00018697122952860112', 'train.ppo.weight_decay=2.2930769628769785e-05', 'train.ppo.gamma=0.99', 'train.ppo.tau=0.9', 'train.ppo.e_clip=0.3', 'train.ppo.entropy_coef=0.007572220427916127', 'train.ppo.critic_coef=0.5', 'train.ppo.kl_threshold=0.0642516023310302', 'train.ppo.mini_epochs=10', 'train.ppo.minibatch_size=16384', 'train.ppo.grad_norm=1.0', 'task.env.numEnvs=4096', 'train.ppo.horizon_length=32', 'task.env.flyingHand.linearVelocity=0.08935099456653108', 'task.env.flyingHand.angularVelocity=2.27202437877646', 'task.env.reward.angvelClipMin=-0.36179693652992595', 'task.env.reward.angvelClipMax=0.6721738779082538', 'task.env.reward.angvelPenaltyThresHigh=0.8765838170329034', 'task.env.reward.angvelPenaltyThresLow=-0.5301135374611047', 'task.env.reward.rotate_reward_scale=1.7163519357944732', 'task.env.reward.obj_linvel_penalty_scale=-0.11510378076749436', 'task.env.reward.torque_penalty_scale=-0.02982437366174196', 'task.env.reward.rotate_penalty_scale=-0.04848531515376428', 'task.env.reward.axial_tilt_penalty_scale=-1.4875470845929997', 'task.env.reward.axial_tilt_threshold=0.03956505147637704', 'task.env.reward.position_penalty_scale=-0.23895800161428818', 'task.env.reward.flying_base_movement_penalty_scale=-0.07947146020572005', 'task.env.reward.waypoint_tracking_reward_scale=7.303807607187526', 'task.env.reward.waypoint_sigma=0.49241117554217423', 'train.ppo.output_name=TP_V1/optuna_trial_0037', 'seed=79']
Traceback (most recent call last):
  File "train.py", line 151, in main
    train_result = agent.train()
  File "/home/user/Code/LinkerPenspin/penspin/algo/ppo/ppo_rl_teacher.py", line 415, in train
    self.writer.add_scalar('curriculum/progress', self.env.time_warper.progress, self.agent_steps)
AttributeError: 'TimeWarpingOrchestrator' object has no attribute 'progress'

Set the environment variable HYDRA_FULL_ERROR=1 for a complete stack trace.


[错误] Trial 37 训练失败
异常类型: TrialPruned
异常信息: 

完整调用栈:
Traceback (most recent call last):
  File "optuna/tune_teacher.py", line 297, in objective
    raise optuna.exceptions.TrialPruned()
optuna.exceptions.TrialPruned

进程返回码: 1
STDOUT最后500字符:
======
环境数量 (num_actors):        4,096
Horizon 长度:                 32
Batch Size:                   131,072 = 4,096 × 32
Minibatch Size:               16,384
Mini Epochs:                  10
观察维度 (obs_shape):         162
动作维度 (actions_num):       19
特权信息维度 (priv_info):     64
Critic信息维度:               100
点云缓冲维度:                 100
本体感觉历史长度:             30
================================================================================

[Space E] Initializing curriculum physics with α = 1.0000


STDERR最后500字符:
utput_name=TP_V1/optuna_trial_0037', 'seed=79']
Traceback (most recent call last):
  File "train.py", line 151, in main
    train_result = agent.train()
  File "/home/user/Code/LinkerPenspin/penspin/algo/ppo/ppo_rl_teacher.py", line 415, in train
    self.writer.add_scalar('curriculum/progress', self.env.time_warper.progress, self.agent_steps)
AttributeError: 'TimeWarpingOrchestrator' object has no attribute 'progress'

Set the environment variable HYDRA_FULL_ERROR=1 for a complete stack trace.

