
================================================================================
Optuna 超参数优化 - RL Teacher PPO
================================================================================
GPU ID:           0
试验次数:         40
每次训练步数:     350,000,000
数据库:           sqlite:///optuna/hpo_TP_V2_SpaceE.db
Study名称:        TP_V2_SpaceE
加载已有study:    True
Space模式:        SpaceE
  Alpha范围:      0.1 -> 1.0
  Curriculum步数: 200,000,000
================================================================================

[I 2025-12-05 16:23:23,439] A new study created in RDB with name: TP_V2_SpaceE
Study状态: 已加载

开始优化...

  0%|          | 0/40 [00:00<?, ?it/s][Space E] Curriculum Learning 模式
  Alpha: 0.1 -> 1.0
  Curriculum Steps: 200000000

================================================================================
[Optuna Trial 0] 开始训练
================================================================================
试验参数:
  learning_rate                  = 0.00023688639503640813
  weight_decay                   = 4.618710939004917e-05
  gamma                          = 0.985
  tau                            = 0.95
  e_clip                         = 0.2
  entropy_coef                   = 0.00778936896513396
  critic_coef                    = 0.5
  kl_threshold                   = 0.03917022549267169
  mini_epochs                    = 6
  minibatch_size                 = 8192
  grad_norm                      = 0.5
  num_envs                       = 8192
  horizon_length                 = 16
  flying_linear_velocity         = 0.1388621853293064
  flying_angular_velocity        = 1.0929008254399954
  use_gaussian_angvel_reward     = True
  target_angvel                  = 1.7927321684337578
  angvel_sigma                   = 1.92332830588
  rotate_reward_scale            = 2.448448049611839
  obj_linvel_penalty_scale       = -0.07874039778253082
  torque_penalty_scale           = -0.03086158692479888
  rotate_penalty_scale           = -0.09023278859936162
  axial_tilt_penalty_scale       = -1.3157669734878432
  axial_tilt_threshold           = 0.03320457481218804
  position_penalty_scale         = -0.27559235303104423
  flying_base_movement_penalty_scale = -0.12572346348330948
  waypoint_tracking_reward_scale = 5.171942605576092
  waypoint_sigma                 = 0.4573805889770275
输出目录: outputs/TP_V2_SpaceE/optuna_trial_0000
================================================================================


特权信息 (Privileged Information) 维度配置:
================================================================================
名称                             索引范围            维度       状态
--------------------------------------------------------------------------------
obj_position                   [ 0: 3]         3        [固定]
obj_mass                       [ 3: 4]         1        [固定]
obj_friction                   [ 4: 5]         1        [固定]
obj_com                        [ 5: 8]         3        [固定]
--------------------------------------------------------------------------------
obj_orientation                [ 8:12]         4        ✓
obj_linvel                     [12:15]         3        ✓
obj_angvel                     [15:18]         3        ✓
fingertip_position             [18:33]         15       ✓
fingertip_linvel               [33:48]         15       ✓
obj_restitution                [48:49]         1        ✓
tactile                        [49:64]         15       ✓
--------------------------------------------------------------------------------
总计: 11 项启用, 实际维度 = 64, 缓冲区大小 = 64
================================================================================

RunningMeanStd:  (162,)
RunningMeanStd:  64
RunningMeanStd:  3
RunningMeanStd:  (1,)

================================================================================

训练指标:
  Best Reward:         14.0927
  Success Rate:        0.0160
  Mean Rot Angle(rad): 0.1756
  Composite Score:     33.25
    = 1.0×14.09 + 100.0×0.0160 + 100.0×0.1756

================================================================================
[Optuna Trial 0] 训练完成
================================================================================

                                      [I 2025-12-05 18:12:22,847] Trial 0 finished with value: 33.252700000000004 and parameters: {'learning_rate': 0.00023688639503640813, 'weight_decay': 4.618710939004917e-05, 'gamma': 0.985, 'tau': 0.95, 'e_clip': 0.2, 'entropy_coef': 0.00778936896513396, 'critic_coef': 0.5, 'kl_threshold': 0.03917022549267169, 'mini_epochs': 6, 'minibatch_size': 8192, 'grad_norm': 0.5, 'num_envs': 8192, 'horizon_length': 16, 'flying_linear_velocity': 0.1388621853293064, 'flying_angular_velocity': 1.0929008254399954, 'use_gaussian_angvel_reward': True, 'target_angvel': 1.7927321684337578, 'angvel_sigma': 1.92332830588, 'rotate_reward_scale': 2.448448049611839, 'obj_linvel_penalty_scale': -0.07874039778253082, 'torque_penalty_scale': -0.03086158692479888, 'rotate_penalty_scale': -0.09023278859936162, 'axial_tilt_penalty_scale': -1.3157669734878432, 'axial_tilt_threshold': 0.03320457481218804, 'position_penalty_scale': -0.27559235303104423, 'flying_base_movement_penalty_scale': -0.12572346348330948, 'waypoint_tracking_reward_scale': 5.171942605576092, 'waypoint_sigma': 0.4573805889770275}. Best is trial 0 with value: 33.252700000000004.
  0%|          | 0/40 [1:48:59<?, ?it/s]Best trial: 0. Best value: 33.2527:   0%|          | 0/40 [1:48:59<?, ?it/s]Best trial: 0. Best value: 33.2527:   2%|▎         | 1/40 [1:48:59<70:50:36, 6539.41s/it][Space E] Curriculum Learning 模式
  Alpha: 0.1 -> 1.0
  Curriculum Steps: 200000000

================================================================================
[Optuna Trial 1] 开始训练
================================================================================
试验参数:
  learning_rate                  = 0.00018145961353490273
  weight_decay                   = 2.9045790726652738e-05
  gamma                          = 0.992
  tau                            = 0.9
  e_clip                         = 0.1
  entropy_coef                   = 0.007453119645161818
  critic_coef                    = 1.0
  kl_threshold                   = 0.046266516538163216
  mini_epochs                    = 7
  minibatch_size                 = 16384
  grad_norm                      = 1.0
  num_envs                       = 4096
  horizon_length                 = 16
  flying_linear_velocity         = 0.050828317568540365
  flying_angular_velocity        = 2.6309228569096685
  use_gaussian_angvel_reward     = False
  angvelClipMin                  = -0.16861889599421626
  angvelClipMax                  = 0.5296178606936361
  angvelPenaltyThresHigh         = 0.6792328642721364
  angvelPenaltyThresLow          = -0.7652392821424612
  rotate_reward_scale            = 2.2946551388133902
  obj_linvel_penalty_scale       = -0.10650528097586631
  torque_penalty_scale           = -0.030073059254420526
  rotate_penalty_scale           = -0.09364416497139764
  axial_tilt_penalty_scale       = -1.6890176782843378
  axial_tilt_threshold           = 0.02975549966080241
  position_penalty_scale         = -0.15407876433238718
  flying_base_movement_penalty_scale = -0.10436637929671803
  waypoint_tracking_reward_scale = 9.436063712881634
  waypoint_sigma                 = 0.2519410148261162
输出目录: outputs/TP_V2_SpaceE/optuna_trial_0001
================================================================================


特权信息 (Privileged Information) 维度配置:
================================================================================
名称                             索引范围            维度       状态
--------------------------------------------------------------------------------
obj_position                   [ 0: 3]         3        [固定]
obj_mass                       [ 3: 4]         1        [固定]
obj_friction                   [ 4: 5]         1        [固定]
obj_com                        [ 5: 8]         3        [固定]
--------------------------------------------------------------------------------
obj_orientation                [ 8:12]         4        ✓
obj_linvel                     [12:15]         3        ✓
obj_angvel                     [15:18]         3        ✓
fingertip_position             [18:33]         15       ✓
fingertip_linvel               [33:48]         15       ✓
obj_restitution                [48:49]         1        ✓
tactile                        [49:64]         15       ✓
--------------------------------------------------------------------------------
总计: 11 项启用, 实际维度 = 64, 缓冲区大小 = 64
================================================================================

RunningMeanStd:  (162,)
RunningMeanStd:  64
RunningMeanStd:  3
RunningMeanStd:  (1,)

================================================================================

训练指标:
  Best Reward:         12.4544
  Success Rate:        0.0077
  Mean Rot Angle(rad): 0.1629
  Composite Score:     29.51
    = 1.0×12.45 + 100.0×0.0077 + 100.0×0.1629

================================================================================
[Optuna Trial 1] 训练完成
================================================================================

                                                                                         [I 2025-12-05 20:25:58,818] Trial 1 finished with value: 29.5144 and parameters: {'learning_rate': 0.00018145961353490273, 'weight_decay': 2.9045790726652738e-05, 'gamma': 0.992, 'tau': 0.9, 'e_clip': 0.1, 'entropy_coef': 0.007453119645161818, 'critic_coef': 1.0, 'kl_threshold': 0.046266516538163216, 'mini_epochs': 7, 'minibatch_size': 16384, 'grad_norm': 1.0, 'num_envs': 4096, 'horizon_length': 16, 'flying_linear_velocity': 0.050828317568540365, 'flying_angular_velocity': 2.6309228569096685, 'use_gaussian_angvel_reward': False, 'angvelClipMin': -0.16861889599421626, 'angvelClipMax': 0.5296178606936361, 'angvelPenaltyThresHigh': 0.6792328642721364, 'angvelPenaltyThresLow': -0.7652392821424612, 'rotate_reward_scale': 2.2946551388133902, 'obj_linvel_penalty_scale': -0.10650528097586631, 'torque_penalty_scale': -0.030073059254420526, 'rotate_penalty_scale': -0.09364416497139764, 'axial_tilt_penalty_scale': -1.6890176782843378, 'axial_tilt_threshold': 0.02975549966080241, 'position_penalty_scale': -0.15407876433238718, 'flying_base_movement_penalty_scale': -0.10436637929671803, 'waypoint_tracking_reward_scale': 9.436063712881634, 'waypoint_sigma': 0.2519410148261162}. Best is trial 0 with value: 33.252700000000004.
Best trial: 0. Best value: 33.2527:   2%|▎         | 1/40 [4:02:35<70:50:36, 6539.41s/it]Best trial: 0. Best value: 33.2527:   2%|▎         | 1/40 [4:02:35<70:50:36, 6539.41s/it]Best trial: 0. Best value: 33.2527:   5%|▌         | 2/40 [4:02:35<78:11:43, 7407.97s/it][Space E] Curriculum Learning 模式
  Alpha: 0.1 -> 1.0
  Curriculum Steps: 200000000

================================================================================
[Optuna Trial 2] 开始训练
================================================================================
试验参数:
  learning_rate                  = 0.00013170256885255112
  weight_decay                   = 3.151640785161371e-05
  gamma                          = 0.992
  tau                            = 0.9
  e_clip                         = 0.2
  entropy_coef                   = 0.005454872878846463
  critic_coef                    = 2.0
  kl_threshold                   = 0.04246461145744375
  mini_epochs                    = 7
  minibatch_size                 = 8192
  grad_norm                      = 2.0
  num_envs                       = 4096
  horizon_length                 = 16
  flying_linear_velocity         = 0.1838838497734967
  flying_angular_velocity        = 2.078684483831301
  use_gaussian_angvel_reward     = False
  angvelClipMin                  = -0.30459895750844085
  angvelClipMax                  = 0.5440207698110707
  angvelPenaltyThresHigh         = 0.6139675812709708
  angvelPenaltyThresLow          = -0.6718676634121231
  rotate_reward_scale            = 2.22702214888374
  obj_linvel_penalty_scale       = -0.07089041251154848
  torque_penalty_scale           = -0.03979143608406428
  rotate_penalty_scale           = -0.04892526974224343
  axial_tilt_penalty_scale       = -1.582588996851221
  axial_tilt_threshold           = 0.02666323431412191
  position_penalty_scale         = -0.27602692653326344
  flying_base_movement_penalty_scale = -0.14935772428945582
  waypoint_tracking_reward_scale = 9.714548519562596
  waypoint_sigma                 = 0.18190537804975496
输出目录: outputs/TP_V2_SpaceE/optuna_trial_0002
================================================================================


特权信息 (Privileged Information) 维度配置:
================================================================================
名称                             索引范围            维度       状态
--------------------------------------------------------------------------------
obj_position                   [ 0: 3]         3        [固定]
obj_mass                       [ 3: 4]         1        [固定]
obj_friction                   [ 4: 5]         1        [固定]
obj_com                        [ 5: 8]         3        [固定]
--------------------------------------------------------------------------------
obj_orientation                [ 8:12]         4        ✓
obj_linvel                     [12:15]         3        ✓
obj_angvel                     [15:18]         3        ✓
fingertip_position             [18:33]         15       ✓
fingertip_linvel               [33:48]         15       ✓
obj_restitution                [48:49]         1        ✓
tactile                        [49:64]         15       ✓
--------------------------------------------------------------------------------
总计: 11 项启用, 实际维度 = 64, 缓冲区大小 = 64
================================================================================

RunningMeanStd:  (162,)
RunningMeanStd:  64
RunningMeanStd:  3
RunningMeanStd:  (1,)

================================================================================

训练指标:
  Best Reward:         10.0181
  Success Rate:        0.0016
  Mean Rot Angle(rad): 0.1491
  Composite Score:     25.09
    = 1.0×10.02 + 100.0×0.0016 + 100.0×0.1491

================================================================================
[Optuna Trial 2] 训练完成
================================================================================

                                                                                         [I 2025-12-05 22:40:28,654] Trial 2 finished with value: 25.0881 and parameters: {'learning_rate': 0.00013170256885255112, 'weight_decay': 3.151640785161371e-05, 'gamma': 0.992, 'tau': 0.9, 'e_clip': 0.2, 'entropy_coef': 0.005454872878846463, 'critic_coef': 2.0, 'kl_threshold': 0.04246461145744375, 'mini_epochs': 7, 'minibatch_size': 8192, 'grad_norm': 2.0, 'num_envs': 4096, 'horizon_length': 16, 'flying_linear_velocity': 0.1838838497734967, 'flying_angular_velocity': 2.078684483831301, 'use_gaussian_angvel_reward': False, 'angvelClipMin': -0.30459895750844085, 'angvelClipMax': 0.5440207698110707, 'angvelPenaltyThresHigh': 0.6139675812709708, 'angvelPenaltyThresLow': -0.6718676634121231, 'rotate_reward_scale': 2.22702214888374, 'obj_linvel_penalty_scale': -0.07089041251154848, 'torque_penalty_scale': -0.03979143608406428, 'rotate_penalty_scale': -0.04892526974224343, 'axial_tilt_penalty_scale': -1.582588996851221, 'axial_tilt_threshold': 0.02666323431412191, 'position_penalty_scale': -0.27602692653326344, 'flying_base_movement_penalty_scale': -0.14935772428945582, 'waypoint_tracking_reward_scale': 9.714548519562596, 'waypoint_sigma': 0.18190537804975496}. Best is trial 0 with value: 33.252700000000004.
Best trial: 0. Best value: 33.2527:   5%|▌         | 2/40 [6:17:05<78:11:43, 7407.97s/it]Best trial: 0. Best value: 33.2527:   5%|▌         | 2/40 [6:17:05<78:11:43, 7407.97s/it]Best trial: 0. Best value: 33.2527:   8%|▊         | 3/40 [6:17:05<79:14:37, 7710.19s/it][Space E] Curriculum Learning 模式
  Alpha: 0.1 -> 1.0
  Curriculum Steps: 200000000

================================================================================
[Optuna Trial 3] 开始训练
================================================================================
试验参数:
  learning_rate                  = 0.00033021030455152565
  weight_decay                   = 3.100196093957532e-05
  gamma                          = 0.99
  tau                            = 0.9
  e_clip                         = 0.3
  entropy_coef                   = 0.004518753162602031
  critic_coef                    = 2.0
  kl_threshold                   = 0.04197809453334862
  mini_epochs                    = 5
  minibatch_size                 = 16384
  grad_norm                      = 1.0
  num_envs                       = 4096
  horizon_length                 = 24
  flying_linear_velocity         = 0.06354346550816126
  flying_angular_velocity        = 2.670604991178476
  use_gaussian_angvel_reward     = True
  target_angvel                  = 1.6834881369964376
  angvel_sigma                   = 1.3863394147823627
  rotate_reward_scale            = 2.0163465427634235
  obj_linvel_penalty_scale       = -0.1975118256608216
  torque_penalty_scale           = -0.024637208251021572
  rotate_penalty_scale           = -0.07735042248020621
  axial_tilt_penalty_scale       = -1.35482720959055
  axial_tilt_threshold           = 0.025230992870149745
  position_penalty_scale         = -0.1618124523795068
  flying_base_movement_penalty_scale = -0.1419896980549194
  waypoint_tracking_reward_scale = 9.683649943683672
  waypoint_sigma                 = 0.09463484374861682
输出目录: outputs/TP_V2_SpaceE/optuna_trial_0003
================================================================================


特权信息 (Privileged Information) 维度配置:
================================================================================
名称                             索引范围            维度       状态
--------------------------------------------------------------------------------
obj_position                   [ 0: 3]         3        [固定]
obj_mass                       [ 3: 4]         1        [固定]
obj_friction                   [ 4: 5]         1        [固定]
obj_com                        [ 5: 8]         3        [固定]
--------------------------------------------------------------------------------
obj_orientation                [ 8:12]         4        ✓
obj_linvel                     [12:15]         3        ✓
obj_angvel                     [15:18]         3        ✓
fingertip_position             [18:33]         15       ✓
fingertip_linvel               [33:48]         15       ✓
obj_restitution                [48:49]         1        ✓
tactile                        [49:64]         15       ✓
--------------------------------------------------------------------------------
总计: 11 项启用, 实际维度 = 64, 缓冲区大小 = 64
================================================================================

RunningMeanStd:  (162,)
RunningMeanStd:  64
RunningMeanStd:  3
RunningMeanStd:  (1,)

================================================================================

训练指标:
  Best Reward:         5.8546
  Success Rate:        0.0127
  Mean Rot Angle(rad): 0.1648
  Composite Score:     23.60
    = 1.0×5.85 + 100.0×0.0127 + 100.0×0.1648

================================================================================
[Optuna Trial 3] 训练完成
================================================================================

