                                                                                            [I 2025-12-12 16:22:21,681] Trial 6 finished with value: 3243.3183 and parameters: {'alpha_start': 0.5169795089884461, 'learning_rate': 0.0005725931002475602, 'weight_decay': 5.168487770117261e-06, 'gamma': 0.995, 'tau': 0.85, 'e_clip': 0.1, 'entropy_coef': 0.005310950686365516, 'critic_coef': 0.5, 'kl_threshold': 0.05306191393142502, 'kl_adaptive_factor': 1.15, 'min_lr': 1.3840044764106214e-06, 'mini_epochs': 8, 'minibatch_size': 32768, 'grad_norm': 1.0, 'num_envs': 8192, 'horizon_length': 24, 'controller_pgain': 24.495477329710887, 'controller_dgain': 0.5574077888802287, 'controller_torque_limit': 5.58737340436789, 'controller_action_scale': 0.08485529106126158, 'target_angvel': 5.15116700206614, 'angvel_sigma': 1.312755277956085, 'rotate_reward_scale': 1.5944429607559285, 'obj_linvel_penalty_scale': -0.09754898398754647, 'torque_penalty_scale': -0.03786434054619313, 'rotate_penalty_scale': -0.1021536554559358, 'axial_tilt_penalty_scale': -1.6551246890305453, 'axial_tilt_threshold': 0.010465438714716517, 'position_penalty_scale': -0.13710630348221284, 'waypoint_tracking_reward_scale': 6.409273873867, 'waypoint_sigma': 0.07372098622001282, 'log_scale_beta': 5.028791574866979, 'ema_alpha': 0.2257885693559768, 'jitter_penalty_scale': -0.622527986472947, 'reverse_penalty_scale': -0.8973934342941714}. Best is trial 6 with value: 3243.3183.
Best trial: 0. Best value: 2992.33:  15%|█▌        | 6/40 [26:29:03<127:18:39, 13479.97s/it]Best trial: 6. Best value: 3243.32:  15%|█▌        | 6/40 [26:29:03<127:18:39, 13479.97s/it]Best trial: 6. Best value: 3243.32:  18%|█▊        | 7/40 [26:29:03<124:04:47, 13535.99s/it]
[Space E] Alpha: 0.853 -> 1.0

================================================================================
[Optuna Trial 7] 开始训练
================================================================================
试验参数:
  alpha_start                    = 0.8526106977886364
  learning_rate                  = 0.00019144083178938883
  weight_decay                   = 7.523320232871265e-06
  gamma                          = 0.992
  tau                            = 0.98
  e_clip                         = 0.1
  entropy_coef                   = 0.0017218670818515283
  critic_coef                    = 0.5
  kl_threshold                   = 0.031043571274204047
  kl_adaptive_factor             = 1.5
  min_lr                         = 1.522556275245796e-06
  mini_epochs                    = 6
  minibatch_size                 = 16384
  grad_norm                      = 0.25
  num_envs                       = 8192
  horizon_length                 = 32
  controller_pgain               = 22.2650358563292
  controller_dgain               = 0.19104274637191065
  controller_torque_limit        = 6.483260914107745
  controller_action_scale        = 0.0840291132011651
  target_angvel                  = 5.824293323485604
  angvel_sigma                   = 1.6090713509613639
  rotate_reward_scale            = 2.3877041827583
  obj_linvel_penalty_scale       = -0.1473627481171882
  torque_penalty_scale           = -0.036487989507171824
  rotate_penalty_scale           = -0.12855124769207463
  axial_tilt_penalty_scale       = -1.7384893682825278
  axial_tilt_threshold           = 0.022364361266325218
  position_penalty_scale         = -0.27977546477544196
  waypoint_tracking_reward_scale = 5.420534030574987
  waypoint_sigma                 = 0.28935857863987435
  log_scale_beta                 = 0.9729595413672579
  ema_alpha                      = 0.26437201185807124
  jitter_penalty_scale           = -0.7937577728435038
  reverse_penalty_scale          = -1.8779768290371504
输出目录: outputs/TP_V5/optuna_trial_0007
================================================================================


特权信息 (Privileged Information) 维度配置:
================================================================================
名称                             索引范围            维度       状态
--------------------------------------------------------------------------------
obj_position                   [ 0: 3]         3        [固定]
obj_mass                       [ 3: 4]         1        [固定]
obj_friction                   [ 4: 5]         1        [固定]
obj_com                        [ 5: 8]         3        [固定]
--------------------------------------------------------------------------------
obj_orientation                [ 8:12]         4        ✓
obj_linvel                     [12:15]         3        ✓
obj_angvel                     [15:18]         3        ✓
fingertip_position             [18:33]         15       ✓
fingertip_linvel               [33:48]         15       ✓
obj_restitution                [48:49]         1        ✓
tactile                        [49:64]         15       ✓
--------------------------------------------------------------------------------
总计: 11 项启用, 实际维度 = 64, 缓冲区大小 = 64
================================================================================

RunningMeanStd:  (126,)
RunningMeanStd:  64
RunningMeanStd:  3
RunningMeanStd:  (1,)

================================================================================

训练指标:
  Best Reward:         49.2749
  Success Rate:        0.0001
  Mean Rot Angle(rad): 3.3185
  Composite Score:     381.13
    = 1.0×49.27 + 100.0×0.0001 + 100.0×3.3185

================================================================================
[Optuna Trial 7] 训练完成
================================================================================

                                                                                            [I 2025-12-12 20:07:21,106] Trial 7 finished with value: 381.13489999999996 and parameters: {'alpha_start': 0.8526106977886364, 'learning_rate': 0.00019144083178938883, 'weight_decay': 7.523320232871265e-06, 'gamma': 0.992, 'tau': 0.98, 'e_clip': 0.1, 'entropy_coef': 0.0017218670818515283, 'critic_coef': 0.5, 'kl_threshold': 0.031043571274204047, 'kl_adaptive_factor': 1.5, 'min_lr': 1.522556275245796e-06, 'mini_epochs': 6, 'minibatch_size': 16384, 'grad_norm': 0.25, 'num_envs': 8192, 'horizon_length': 32, 'controller_pgain': 22.2650358563292, 'controller_dgain': 0.19104274637191065, 'controller_torque_limit': 6.483260914107745, 'controller_action_scale': 0.0840291132011651, 'target_angvel': 5.824293323485604, 'angvel_sigma': 1.6090713509613639, 'rotate_reward_scale': 2.3877041827583, 'obj_linvel_penalty_scale': -0.1473627481171882, 'torque_penalty_scale': -0.036487989507171824, 'rotate_penalty_scale': -0.12855124769207463, 'axial_tilt_penalty_scale': -1.7384893682825278, 'axial_tilt_threshold': 0.022364361266325218, 'position_penalty_scale': -0.27977546477544196, 'waypoint_tracking_reward_scale': 5.420534030574987, 'waypoint_sigma': 0.28935857863987435, 'log_scale_beta': 0.9729595413672579, 'ema_alpha': 0.26437201185807124, 'jitter_penalty_scale': -0.7937577728435038, 'reverse_penalty_scale': -1.8779768290371504}. Best is trial 6 with value: 3243.3183.
Best trial: 6. Best value: 3243.32:  18%|█▊        | 7/40 [30:14:03<124:04:47, 13535.99s/it]Best trial: 6. Best value: 3243.32:  18%|█▊        | 7/40 [30:14:03<124:04:47, 13535.99s/it]Best trial: 6. Best value: 3243.32:  20%|██        | 8/40 [30:14:03<120:12:59, 13524.35s/it]
[Space E] Alpha: 0.314 -> 1.0

================================================================================
[Optuna Trial 8] 开始训练
================================================================================
试验参数:
  alpha_start                    = 0.31362828556389394
  learning_rate                  = 0.0009697048740079178
  weight_decay                   = 1.1836976900275715e-05
  gamma                          = 0.995
  tau                            = 0.98
  e_clip                         = 0.3
  entropy_coef                   = 0.004448375730036014
  critic_coef                    = 1.0
  kl_threshold                   = 0.01655488997130118
  kl_adaptive_factor             = 1.2
  min_lr                         = 8.401272991858847e-05
  mini_epochs                    = 6
  minibatch_size                 = 16384
  grad_norm                      = 1.0
  num_envs                       = 8192
  horizon_length                 = 32
  controller_pgain               = 12.959355341560185
  controller_dgain               = 0.39923442798059433
  controller_torque_limit        = 7.907907606857297
  controller_action_scale        = 0.11661684909191042
  target_angvel                  = 5.944097957202894
  angvel_sigma                   = 1.787024082289232
  rotate_reward_scale            = 1.9545410647677732
  obj_linvel_penalty_scale       = -0.10586628798739048
  torque_penalty_scale           = -0.022470570642306995
  rotate_penalty_scale           = -0.014826298426351664
  axial_tilt_penalty_scale       = -2.454553619658542
  axial_tilt_threshold           = 0.015619263791844605
  position_penalty_scale         = -0.10991770318468827
  waypoint_tracking_reward_scale = 9.451318919454582
  waypoint_sigma                 = 0.19859299853071377
  log_scale_beta                 = 4.530861885709989
  ema_alpha                      = 0.15547623659622653
  jitter_penalty_scale           = -1.3118788402762387
  reverse_penalty_scale          = -1.3044523925900267
输出目录: outputs/TP_V5/optuna_trial_0008
================================================================================


特权信息 (Privileged Information) 维度配置:
================================================================================
名称                             索引范围            维度       状态
--------------------------------------------------------------------------------
obj_position                   [ 0: 3]         3        [固定]
obj_mass                       [ 3: 4]         1        [固定]
obj_friction                   [ 4: 5]         1        [固定]
obj_com                        [ 5: 8]         3        [固定]
--------------------------------------------------------------------------------
obj_orientation                [ 8:12]         4        ✓
obj_linvel                     [12:15]         3        ✓
obj_angvel                     [15:18]         3        ✓
fingertip_position             [18:33]         15       ✓
fingertip_linvel               [33:48]         15       ✓
obj_restitution                [48:49]         1        ✓
tactile                        [49:64]         15       ✓
--------------------------------------------------------------------------------
总计: 11 项启用, 实际维度 = 64, 缓冲区大小 = 64
================================================================================

RunningMeanStd:  (126,)
RunningMeanStd:  64
RunningMeanStd:  3
RunningMeanStd:  (1,)

================================================================================

训练指标:
  Best Reward:         107.3145
  Success Rate:        0.6432
  Mean Rot Angle(rad): 5.2830
  Composite Score:     699.93
    = 1.0×107.31 + 100.0×0.6432 + 100.0×5.2830

================================================================================
[Optuna Trial 8] 训练完成
================================================================================

                                                                                            [I 2025-12-12 22:52:48,229] Trial 8 finished with value: 699.9345000000001 and parameters: {'alpha_start': 0.31362828556389394, 'learning_rate': 0.0009697048740079178, 'weight_decay': 1.1836976900275715e-05, 'gamma': 0.995, 'tau': 0.98, 'e_clip': 0.3, 'entropy_coef': 0.004448375730036014, 'critic_coef': 1.0, 'kl_threshold': 0.01655488997130118, 'kl_adaptive_factor': 1.2, 'min_lr': 8.401272991858847e-05, 'mini_epochs': 6, 'minibatch_size': 16384, 'grad_norm': 1.0, 'num_envs': 8192, 'horizon_length': 32, 'controller_pgain': 12.959355341560185, 'controller_dgain': 0.39923442798059433, 'controller_torque_limit': 7.907907606857297, 'controller_action_scale': 0.11661684909191042, 'target_angvel': 5.944097957202894, 'angvel_sigma': 1.787024082289232, 'rotate_reward_scale': 1.9545410647677732, 'obj_linvel_penalty_scale': -0.10586628798739048, 'torque_penalty_scale': -0.022470570642306995, 'rotate_penalty_scale': -0.014826298426351664, 'axial_tilt_penalty_scale': -2.454553619658542, 'axial_tilt_threshold': 0.015619263791844605, 'position_penalty_scale': -0.10991770318468827, 'waypoint_tracking_reward_scale': 9.451318919454582, 'waypoint_sigma': 0.19859299853071377, 'log_scale_beta': 4.530861885709989, 'ema_alpha': 0.15547623659622653, 'jitter_penalty_scale': -1.3118788402762387, 'reverse_penalty_scale': -1.3044523925900267}. Best is trial 6 with value: 3243.3183.
Best trial: 6. Best value: 3243.32:  20%|██        | 8/40 [32:59:30<120:12:59, 13524.35s/it]Best trial: 6. Best value: 3243.32:  20%|██        | 8/40 [32:59:30<120:12:59, 13524.35s/it]Best trial: 6. Best value: 3243.32:  22%|██▎       | 9/40 [32:59:30<106:46:33, 12399.80s/it]
[Space E] Alpha: 0.515 -> 1.0

================================================================================
[Optuna Trial 9] 开始训练
================================================================================
试验参数:
  alpha_start                    = 0.5150141710195396
  learning_rate                  = 0.00038340353418185813
  weight_decay                   = 5.980047605512985e-06
  gamma                          = 0.99
  tau                            = 0.9
  e_clip                         = 0.3
  entropy_coef                   = 0.005293906371550529
  critic_coef                    = 1.0
  kl_threshold                   = 0.011255744247645638
  kl_adaptive_factor             = 1.5
  min_lr                         = 1.9990966077289414e-06
  mini_epochs                    = 8
  minibatch_size                 = 16384
  grad_norm                      = 0.25
  num_envs                       = 8192
  horizon_length                 = 24
  controller_pgain               = 24.996329752719696
  controller_dgain               = 0.5984865766832573
  controller_torque_limit        = 6.666295116807882
  controller_action_scale        = 0.13382911906263573
  target_angvel                  = 6.417148594823642
  angvel_sigma                   = 1.894753173474188
  rotate_reward_scale            = 1.7473481017431975
  obj_linvel_penalty_scale       = -0.13241837970348597
  torque_penalty_scale           = -0.036125217545455154
  rotate_penalty_scale           = -0.006892345911191644
  axial_tilt_penalty_scale       = -1.89382536554912
  axial_tilt_threshold           = 0.014572856110069254
  position_penalty_scale         = -0.16565986311882866
  waypoint_tracking_reward_scale = 8.09064120228948
  waypoint_sigma                 = 0.16252020567215097
  log_scale_beta                 = 1.2381243492975886
  ema_alpha                      = 0.2343146391185599
  jitter_penalty_scale           = -0.9796922990962067
  reverse_penalty_scale          = -0.841522412396541
输出目录: outputs/TP_V5/optuna_trial_0009
================================================================================


特权信息 (Privileged Information) 维度配置:
================================================================================
名称                             索引范围            维度       状态
--------------------------------------------------------------------------------
obj_position                   [ 0: 3]         3        [固定]
obj_mass                       [ 3: 4]         1        [固定]
obj_friction                   [ 4: 5]         1        [固定]
obj_com                        [ 5: 8]         3        [固定]
--------------------------------------------------------------------------------
obj_orientation                [ 8:12]         4        ✓
obj_linvel                     [12:15]         3        ✓
obj_angvel                     [15:18]         3        ✓
fingertip_position             [18:33]         15       ✓
fingertip_linvel               [33:48]         15       ✓
obj_restitution                [48:49]         1        ✓
tactile                        [49:64]         15       ✓
--------------------------------------------------------------------------------
总计: 11 项启用, 实际维度 = 64, 缓冲区大小 = 64
================================================================================

RunningMeanStd:  (126,)
RunningMeanStd:  64
RunningMeanStd:  3
RunningMeanStd:  (1,)

================================================================================

训练指标:
  Best Reward:         459.7575
  Success Rate:        0.8147
  Mean Rot Angle(rad): 26.2659
  Composite Score:     3167.82
    = 1.0×459.76 + 100.0×0.8147 + 100.0×26.2659

================================================================================
[Optuna Trial 9] 训练完成
================================================================================

