                                                                                            [I 2025-12-13 01:37:37,080] Trial 9 finished with value: 3167.8174999999997 and parameters: {'alpha_start': 0.5150141710195396, 'learning_rate': 0.00038340353418185813, 'weight_decay': 5.980047605512985e-06, 'gamma': 0.99, 'tau': 0.9, 'e_clip': 0.3, 'entropy_coef': 0.005293906371550529, 'critic_coef': 1.0, 'kl_threshold': 0.011255744247645638, 'kl_adaptive_factor': 1.5, 'min_lr': 1.9990966077289414e-06, 'mini_epochs': 8, 'minibatch_size': 16384, 'grad_norm': 0.25, 'num_envs': 8192, 'horizon_length': 24, 'controller_pgain': 24.996329752719696, 'controller_dgain': 0.5984865766832573, 'controller_torque_limit': 6.666295116807882, 'controller_action_scale': 0.13382911906263573, 'target_angvel': 6.417148594823642, 'angvel_sigma': 1.894753173474188, 'rotate_reward_scale': 1.7473481017431975, 'obj_linvel_penalty_scale': -0.13241837970348597, 'torque_penalty_scale': -0.036125217545455154, 'rotate_penalty_scale': -0.006892345911191644, 'axial_tilt_penalty_scale': -1.89382536554912, 'axial_tilt_threshold': 0.014572856110069254, 'position_penalty_scale': -0.16565986311882866, 'waypoint_tracking_reward_scale': 8.09064120228948, 'waypoint_sigma': 0.16252020567215097, 'log_scale_beta': 1.2381243492975886, 'ema_alpha': 0.2343146391185599, 'jitter_penalty_scale': -0.9796922990962067, 'reverse_penalty_scale': -0.841522412396541}. Best is trial 6 with value: 3243.3183.
Best trial: 6. Best value: 3243.32:  22%|██▎       | 9/40 [35:44:19<106:46:33, 12399.80s/it]Best trial: 6. Best value: 3243.32:  22%|██▎       | 9/40 [35:44:19<106:46:33, 12399.80s/it]Best trial: 6. Best value: 3243.32:  25%|██▌       | 10/40 [35:44:19<96:52:18, 11624.62s/it]
[Space E] Alpha: 0.280 -> 1.0

================================================================================
[Optuna Trial 10] 开始训练
================================================================================
试验参数:
  alpha_start                    = 0.2797587099935314
  learning_rate                  = 0.0005530071199702166
  weight_decay                   = 1.3456967478229421e-05
  gamma                          = 0.995
  tau                            = 0.85
  e_clip                         = 0.2
  entropy_coef                   = 0.00771839522161794
  critic_coef                    = 0.5
  kl_threshold                   = 0.07618125510009077
  kl_adaptive_factor             = 1.2
  min_lr                         = 2.272519400606345e-05
  mini_epochs                    = 8
  minibatch_size                 = 32768
  grad_norm                      = 1.0
  num_envs                       = 8192
  horizon_length                 = 24
  controller_pgain               = 16.697121761216227
  controller_dgain               = 0.5926107011697925
  controller_torque_limit        = 5.348298483354642
  controller_action_scale        = 0.09868937510617587
  target_angvel                  = 5.376067926558176
  angvel_sigma                   = 1.357302766899436
  rotate_reward_scale            = 2.189536601120642
  obj_linvel_penalty_scale       = -0.0691515352479347
  torque_penalty_scale           = -0.02555905182251822
  rotate_penalty_scale           = -0.09785498542551259
  axial_tilt_penalty_scale       = -1.5101472647775296
  axial_tilt_threshold           = 0.010211987097567378
  position_penalty_scale         = -0.10079669365051287
  waypoint_tracking_reward_scale = 6.769597129587872
  waypoint_sigma                 = 0.03112006316611178
  log_scale_beta                 = 6.9958558511700835
  ema_alpha                      = 0.16813505878419874
  jitter_penalty_scale           = -1.474450505189457
  reverse_penalty_scale          = -0.5077383305037029
输出目录: outputs/TP_V5/optuna_trial_0010
================================================================================


特权信息 (Privileged Information) 维度配置:
================================================================================
名称                             索引范围            维度       状态
--------------------------------------------------------------------------------
obj_position                   [ 0: 3]         3        [固定]
obj_mass                       [ 3: 4]         1        [固定]
obj_friction                   [ 4: 5]         1        [固定]
obj_com                        [ 5: 8]         3        [固定]
--------------------------------------------------------------------------------
obj_orientation                [ 8:12]         4        ✓
obj_linvel                     [12:15]         3        ✓
obj_angvel                     [15:18]         3        ✓
fingertip_position             [18:33]         15       ✓
fingertip_linvel               [33:48]         15       ✓
obj_restitution                [48:49]         1        ✓
tactile                        [49:64]         15       ✓
--------------------------------------------------------------------------------
总计: 11 项启用, 实际维度 = 64, 缓冲区大小 = 64
================================================================================

RunningMeanStd:  (126,)
RunningMeanStd:  64
RunningMeanStd:  3
RunningMeanStd:  (1,)

================================================================================

训练指标:
  Best Reward:         47.8622
  Success Rate:        0.6059
  Mean Rot Angle(rad): 3.2792
  Composite Score:     436.37
    = 1.0×47.86 + 100.0×0.6059 + 100.0×3.2792

================================================================================
[Optuna Trial 10] 训练完成
================================================================================

                                                                                            [I 2025-12-13 03:57:20,740] Trial 10 finished with value: 436.3722 and parameters: {'alpha_start': 0.2797587099935314, 'learning_rate': 0.0005530071199702166, 'weight_decay': 1.3456967478229421e-05, 'gamma': 0.995, 'tau': 0.85, 'e_clip': 0.2, 'entropy_coef': 0.00771839522161794, 'critic_coef': 0.5, 'kl_threshold': 0.07618125510009077, 'kl_adaptive_factor': 1.2, 'min_lr': 2.272519400606345e-05, 'mini_epochs': 8, 'minibatch_size': 32768, 'grad_norm': 1.0, 'num_envs': 8192, 'horizon_length': 24, 'controller_pgain': 16.697121761216227, 'controller_dgain': 0.5926107011697925, 'controller_torque_limit': 5.348298483354642, 'controller_action_scale': 0.09868937510617587, 'target_angvel': 5.376067926558176, 'angvel_sigma': 1.357302766899436, 'rotate_reward_scale': 2.189536601120642, 'obj_linvel_penalty_scale': -0.0691515352479347, 'torque_penalty_scale': -0.02555905182251822, 'rotate_penalty_scale': -0.09785498542551259, 'axial_tilt_penalty_scale': -1.5101472647775296, 'axial_tilt_threshold': 0.010211987097567378, 'position_penalty_scale': -0.10079669365051287, 'waypoint_tracking_reward_scale': 6.769597129587872, 'waypoint_sigma': 0.03112006316611178, 'log_scale_beta': 6.9958558511700835, 'ema_alpha': 0.16813505878419874, 'jitter_penalty_scale': -1.474450505189457, 'reverse_penalty_scale': -0.5077383305037029}. Best is trial 6 with value: 3243.3183.
Best trial: 6. Best value: 3243.32:  25%|██▌       | 10/40 [38:04:03<96:52:18, 11624.62s/it]Best trial: 6. Best value: 3243.32:  25%|██▌       | 10/40 [38:04:03<96:52:18, 11624.62s/it]Best trial: 6. Best value: 3243.32:  28%|██▊       | 11/40 [38:04:03<85:39:08, 10632.72s/it]
[Space E] Alpha: 0.448 -> 1.0

================================================================================
[Optuna Trial 11] 开始训练
================================================================================
试验参数:
  alpha_start                    = 0.44819385113281934
  learning_rate                  = 0.00035295648718636067
  weight_decay                   = 5.153595402621669e-06
  gamma                          = 0.99
  tau                            = 0.9
  e_clip                         = 0.3
  entropy_coef                   = 0.005763990228023004
  critic_coef                    = 0.5
  kl_threshold                   = 0.04996412529156754
  kl_adaptive_factor             = 1.5
  min_lr                         = 4.438488362365711e-06
  mini_epochs                    = 8
  minibatch_size                 = 8192
  grad_norm                      = 2.0
  num_envs                       = 8192
  horizon_length                 = 24
  controller_pgain               = 24.659546595415904
  controller_dgain               = 0.5922087705500121
  controller_torque_limit        = 5.846426289111897
  controller_action_scale        = 0.14909652129138562
  target_angvel                  = 6.465899698392617
  angvel_sigma                   = 1.953702877741726
  rotate_reward_scale            = 1.8077090179866593
  obj_linvel_penalty_scale       = -0.08984634849109234
  torque_penalty_scale           = -0.03985469925721094
  rotate_penalty_scale           = -0.10080220177973066
  axial_tilt_penalty_scale       = -1.528795215027045
  axial_tilt_threshold           = 0.010022778544107441
  position_penalty_scale         = -0.1520005486369778
  waypoint_tracking_reward_scale = 7.560390095918226
  waypoint_sigma                 = 0.03265244636440595
  log_scale_beta                 = 0.5330101975576748
  ema_alpha                      = 0.10473908230116646
  jitter_penalty_scale           = -0.785439772457011
  reverse_penalty_scale          = -0.8798216352514516
输出目录: outputs/TP_V5/optuna_trial_0011
================================================================================


特权信息 (Privileged Information) 维度配置:
================================================================================
名称                             索引范围            维度       状态
--------------------------------------------------------------------------------
obj_position                   [ 0: 3]         3        [固定]
obj_mass                       [ 3: 4]         1        [固定]
obj_friction                   [ 4: 5]         1        [固定]
obj_com                        [ 5: 8]         3        [固定]
--------------------------------------------------------------------------------
obj_orientation                [ 8:12]         4        ✓
obj_linvel                     [12:15]         3        ✓
obj_angvel                     [15:18]         3        ✓
fingertip_position             [18:33]         15       ✓
fingertip_linvel               [33:48]         15       ✓
obj_restitution                [48:49]         1        ✓
tactile                        [49:64]         15       ✓
--------------------------------------------------------------------------------
总计: 11 项启用, 实际维度 = 64, 缓冲区大小 = 64
================================================================================

RunningMeanStd:  (126,)
RunningMeanStd:  64
RunningMeanStd:  3
RunningMeanStd:  (1,)

================================================================================

[错误] Trial 11 训练失败
STDERR:
Gym has been unmaintained since 2022 and does not support NumPy 2.0 amongst other critical functionality.
Please upgrade to Gymnasium, the maintained drop-in replacement of Gym, or contact the authors of your software and request that they upgrade.
Users of this version of Gym should be able to simply replace 'import gym' with 'import gymnasium as gym' in the vast majority of cases.
See the migration guide at https://gymnasium.farama.org/introduction/migration_guide/ for additional information.
Using /home/user/.cache/torch_extensions/py38_cu121 as PyTorch extensions root...
Emitting ninja build file /home/user/.cache/torch_extensions/py38_cu121/gymtorch/build.ninja...
Building extension module gymtorch...
Allowing ninja to set a default number of workers... (overridable by setting the environment variable MAX_JOBS=N)
Loading extension module gymtorch...


[错误] Trial 11 训练失败
异常类型: TrialPruned
异常信息: 

完整调用栈:
Traceback (most recent call last):
  File "optuna/tune_teacher.py", line 386, in objective
    raise optuna.exceptions.TrialPruned()
optuna.exceptions.TrialPruned

进程返回码: -11
STDOUT最后500字符:
 Low Survival (0.04 < 0.8)
  Metrics (Accum.):   Survival=0.0367, Success=0.3180
  Sample Buffer:      4874 episodes
--------------------------------------------------------------------------------
  Episode Reward:     32.20
  Episode Length:     40.20
  Mean Rot Angle:     3.44 rad
  Current Success:    0.3180 (1550/4874) rot>4.5
  Termination Dist:   Total=4874
    - Max Steps:      0 (0.0%)
    - Drop (Low Z):   4080 (83.7%)
    - Tilt (Fall):    615 (12.6%)
    - Overspeed:      179 (3.7%)


STDERR最后500字符:
majority of cases.
See the migration guide at https://gymnasium.farama.org/introduction/migration_guide/ for additional information.
Using /home/user/.cache/torch_extensions/py38_cu121 as PyTorch extensions root...
Emitting ninja build file /home/user/.cache/torch_extensions/py38_cu121/gymtorch/build.ninja...
Building extension module gymtorch...
Allowing ninja to set a default number of workers... (overridable by setting the environment variable MAX_JOBS=N)
Loading extension module gymtorch...

                                                                                            [I 2025-12-13 06:00:42,306] Trial 11 pruned. 
Best trial: 6. Best value: 3243.32:  28%|██▊       | 11/40 [40:07:24<85:39:08, 10632.72s/it]Best trial: 6. Best value: 3243.32:  28%|██▊       | 11/40 [40:07:24<85:39:08, 10632.72s/it]Best trial: 6. Best value: 3243.32:  30%|███       | 12/40 [40:07:24<75:03:13, 9649.77s/it] 
[Space E] Alpha: 0.636 -> 1.0

================================================================================
[Optuna Trial 12] 开始训练
================================================================================
试验参数:
  alpha_start                    = 0.6362631060217541
  learning_rate                  = 0.00046141110075175753
  weight_decay                   = 1.0727075139210023e-05
  gamma                          = 0.99
  tau                            = 0.9
  e_clip                         = 0.3
  entropy_coef                   = 0.005147020820490145
  critic_coef                    = 0.5
  kl_threshold                   = 0.06379399279860896
  kl_adaptive_factor             = 1.5
  min_lr                         = 3.506932539484313e-06
  mini_epochs                    = 8
  minibatch_size                 = 32768
  grad_norm                      = 0.25
  num_envs                       = 8192
  horizon_length                 = 24
  controller_pgain               = 22.954606799055853
  controller_dgain               = 0.5362859455850049
  controller_torque_limit        = 5.9307934636315265
  controller_action_scale        = 0.13078583535052968
  target_angvel                  = 5.497366794933553
  angvel_sigma                   = 1.828096729062112
  rotate_reward_scale            = 1.7843601868522234
  obj_linvel_penalty_scale       = -0.14622045973337172
  torque_penalty_scale           = -0.02840112602833037
  rotate_penalty_scale           = -0.0005661923392131785
  axial_tilt_penalty_scale       = -2.0435289838940407
  axial_tilt_threshold           = 0.014096123828943347
  position_penalty_scale         = -0.15128450484882225
  waypoint_tracking_reward_scale = 7.479685044522727
  waypoint_sigma                 = 0.1129611489540589
  log_scale_beta                 = 1.946803126102515
  ema_alpha                      = 0.19689946994789842
  jitter_penalty_scale           = -1.0657972755582148
  reverse_penalty_scale          = -0.8418099690728509
输出目录: outputs/TP_V5/optuna_trial_0012
================================================================================


特权信息 (Privileged Information) 维度配置:
================================================================================
名称                             索引范围            维度       状态
--------------------------------------------------------------------------------
obj_position                   [ 0: 3]         3        [固定]
obj_mass                       [ 3: 4]         1        [固定]
obj_friction                   [ 4: 5]         1        [固定]
obj_com                        [ 5: 8]         3        [固定]
--------------------------------------------------------------------------------
obj_orientation                [ 8:12]         4        ✓
obj_linvel                     [12:15]         3        ✓
obj_angvel                     [15:18]         3        ✓
fingertip_position             [18:33]         15       ✓
fingertip_linvel               [33:48]         15       ✓
obj_restitution                [48:49]         1        ✓
tactile                        [49:64]         15       ✓
--------------------------------------------------------------------------------
总计: 11 项启用, 实际维度 = 64, 缓冲区大小 = 64
================================================================================

RunningMeanStd:  (126,)
RunningMeanStd:  64
RunningMeanStd:  3
RunningMeanStd:  (1,)

================================================================================

训练指标:
  Best Reward:         55.4397
  Success Rate:        0.0052
  Mean Rot Angle(rad): 2.9556
  Composite Score:     351.52
    = 1.0×55.44 + 100.0×0.0052 + 100.0×2.9556

================================================================================
[Optuna Trial 12] 训练完成
================================================================================

