                                                                                        [I 2025-12-04 23:54:53,789] Trial 31 pruned. 
Best trial: 13. Best value: 2531.69:  78%|███████▊  | 31/40 [32:41:33<24:45, 165.07s/it]Best trial: 13. Best value: 2531.69:  78%|███████▊  | 31/40 [32:41:33<24:45, 165.07s/it]Best trial: 13. Best value: 2531.69:  80%|████████  | 32/40 [32:41:33<15:50, 118.84s/it]
================================================================================
[Optuna Trial 32] 开始训练
================================================================================
试验参数:
  learning_rate                  = 0.0005473848430414579
  weight_decay                   = 2.1221803635818413e-05
  gamma                          = 0.985
  tau                            = 0.9
  e_clip                         = 0.3
  entropy_coef                   = 0.004812274636941066
  critic_coef                    = 0.5
  kl_threshold                   = 0.07646265920478505
  mini_epochs                    = 10
  minibatch_size                 = 8192
  grad_norm                      = 1.0
  num_envs                       = 4096
  horizon_length                 = 32
  flying_linear_velocity         = 0.14854626222180276
  flying_angular_velocity        = 1.0957516670519487
  angvelClipMin                  = -0.3385095362153706
  angvelClipMax                  = 0.7861530047318089
  angvelPenaltyThresHigh         = 0.5630240186354891
  angvelPenaltyThresLow          = -0.798622184616081
  rotate_reward_scale            = 2.4573459171884333
  obj_linvel_penalty_scale       = -0.09106119346535961
  torque_penalty_scale           = -0.022992388735710745
  rotate_penalty_scale           = -0.09257689243929126
  axial_tilt_penalty_scale       = -1.0191133151413112
  axial_tilt_threshold           = 0.02754232775272581
  position_penalty_scale         = -0.24390913058318803
  flying_base_movement_penalty_scale = -0.09936952706918337
  waypoint_tracking_reward_scale = 7.833957210099288
  waypoint_sigma                 = 0.4168179660931572
输出目录: outputs/TP_V1/optuna_trial_0032
================================================================================


特权信息 (Privileged Information) 维度配置:
================================================================================
名称                             索引范围            维度       状态
--------------------------------------------------------------------------------
obj_position                   [ 0: 3]         3        [固定]
obj_mass                       [ 3: 4]         1        [固定]
obj_friction                   [ 4: 5]         1        [固定]
obj_com                        [ 5: 8]         3        [固定]
--------------------------------------------------------------------------------
obj_orientation                [ 8:12]         4        ✓
obj_linvel                     [12:15]         3        ✓
obj_angvel                     [15:18]         3        ✓
fingertip_position             [18:33]         15       ✓
fingertip_linvel               [33:48]         15       ✓
obj_restitution                [48:49]         1        ✓
tactile                        [49:64]         15       ✓
--------------------------------------------------------------------------------
总计: 11 项启用, 实际维度 = 64, 缓冲区大小 = 64
================================================================================

RunningMeanStd:  (162,)
RunningMeanStd:  64
RunningMeanStd:  3
RunningMeanStd:  (1,)

================================================================================

[错误] Trial 32 训练失败
STDERR:
.pencil_tilt_threshold=0.06', 'task.env.actionSpace.disableRingLittleFinger=True', 'train.ppo.learning_rate=0.0005473848430414579', 'train.ppo.weight_decay=2.1221803635818413e-05', 'train.ppo.gamma=0.985', 'train.ppo.tau=0.9', 'train.ppo.e_clip=0.3', 'train.ppo.entropy_coef=0.004812274636941066', 'train.ppo.critic_coef=0.5', 'train.ppo.kl_threshold=0.07646265920478505', 'train.ppo.mini_epochs=10', 'train.ppo.minibatch_size=8192', 'train.ppo.grad_norm=1.0', 'task.env.numEnvs=4096', 'train.ppo.horizon_length=32', 'task.env.flyingHand.linearVelocity=0.14854626222180276', 'task.env.flyingHand.angularVelocity=1.0957516670519487', 'task.env.reward.angvelClipMin=-0.3385095362153706', 'task.env.reward.angvelClipMax=0.7861530047318089', 'task.env.reward.angvelPenaltyThresHigh=0.5630240186354891', 'task.env.reward.angvelPenaltyThresLow=-0.798622184616081', 'task.env.reward.rotate_reward_scale=2.4573459171884333', 'task.env.reward.obj_linvel_penalty_scale=-0.09106119346535961', 'task.env.reward.torque_penalty_scale=-0.022992388735710745', 'task.env.reward.rotate_penalty_scale=-0.09257689243929126', 'task.env.reward.axial_tilt_penalty_scale=-1.0191133151413112', 'task.env.reward.axial_tilt_threshold=0.02754232775272581', 'task.env.reward.position_penalty_scale=-0.24390913058318803', 'task.env.reward.flying_base_movement_penalty_scale=-0.09936952706918337', 'task.env.reward.waypoint_tracking_reward_scale=7.833957210099288', 'task.env.reward.waypoint_sigma=0.4168179660931572', 'train.ppo.output_name=TP_V1/optuna_trial_0032', 'seed=74']
Traceback (most recent call last):
  File "train.py", line 151, in main
    train_result = agent.train()
  File "/home/user/Code/LinkerPenspin/penspin/algo/ppo/ppo_rl_teacher.py", line 415, in train
    self.writer.add_scalar('curriculum/progress', self.env.time_warper.progress, self.agent_steps)
AttributeError: 'TimeWarpingOrchestrator' object has no attribute 'progress'

Set the environment variable HYDRA_FULL_ERROR=1 for a complete stack trace.


[错误] Trial 32 训练失败
异常类型: TrialPruned
异常信息: 

完整调用栈:
Traceback (most recent call last):
  File "optuna/tune_teacher.py", line 297, in objective
    raise optuna.exceptions.TrialPruned()
optuna.exceptions.TrialPruned

进程返回码: 1
STDOUT最后500字符:
=======
环境数量 (num_actors):        4,096
Horizon 长度:                 32
Batch Size:                   131,072 = 4,096 × 32
Minibatch Size:               8,192
Mini Epochs:                  10
观察维度 (obs_shape):         162
动作维度 (actions_num):       19
特权信息维度 (priv_info):     64
Critic信息维度:               100
点云缓冲维度:                 100
本体感觉历史长度:             30
================================================================================

[Space E] Initializing curriculum physics with α = 1.0000


STDERR最后500字符:
utput_name=TP_V1/optuna_trial_0032', 'seed=74']
Traceback (most recent call last):
  File "train.py", line 151, in main
    train_result = agent.train()
  File "/home/user/Code/LinkerPenspin/penspin/algo/ppo/ppo_rl_teacher.py", line 415, in train
    self.writer.add_scalar('curriculum/progress', self.env.time_warper.progress, self.agent_steps)
AttributeError: 'TimeWarpingOrchestrator' object has no attribute 'progress'

Set the environment variable HYDRA_FULL_ERROR=1 for a complete stack trace.

                                                                                        [I 2025-12-04 23:55:04,678] Trial 32 pruned. 
Best trial: 13. Best value: 2531.69:  80%|████████  | 32/40 [32:41:44<15:50, 118.84s/it]Best trial: 13. Best value: 2531.69:  80%|████████  | 32/40 [32:41:44<15:50, 118.84s/it]Best trial: 13. Best value: 2531.69:  82%|████████▎ | 33/40 [32:41:44<10:05, 86.46s/it] 
================================================================================
[Optuna Trial 33] 开始训练
================================================================================
试验参数:
  learning_rate                  = 0.00047265835853917533
  weight_decay                   = 3.068493003110948e-05
  gamma                          = 0.985
  tau                            = 0.9
  e_clip                         = 0.3
  entropy_coef                   = 0.004247777731475143
  critic_coef                    = 0.5
  kl_threshold                   = 0.07300617705307584
  mini_epochs                    = 10
  minibatch_size                 = 8192
  grad_norm                      = 1.0
  num_envs                       = 4096
  horizon_length                 = 32
  flying_linear_velocity         = 0.14366479868402557
  flying_angular_velocity        = 1.0172191284223229
  angvelClipMin                  = -0.3709905304838954
  angvelClipMax                  = 0.7445594221279168
  angvelPenaltyThresHigh         = 0.5131491379132691
  angvelPenaltyThresLow          = -0.7647349764763611
  rotate_reward_scale            = 1.6547927386504229
  obj_linvel_penalty_scale       = -0.06489756534851247
  torque_penalty_scale           = -0.016883962908672175
  rotate_penalty_scale           = -0.08575946050841662
  axial_tilt_penalty_scale       = -1.2607367358207735
  axial_tilt_threshold           = 0.027453528508549607
  position_penalty_scale         = -0.21920296145069787
  flying_base_movement_penalty_scale = -0.08681094407869173
  waypoint_tracking_reward_scale = 8.391761464787132
  waypoint_sigma                 = 0.4011626952545558
输出目录: outputs/TP_V1/optuna_trial_0033
================================================================================


特权信息 (Privileged Information) 维度配置:
================================================================================
名称                             索引范围            维度       状态
--------------------------------------------------------------------------------
obj_position                   [ 0: 3]         3        [固定]
obj_mass                       [ 3: 4]         1        [固定]
obj_friction                   [ 4: 5]         1        [固定]
obj_com                        [ 5: 8]         3        [固定]
--------------------------------------------------------------------------------
obj_orientation                [ 8:12]         4        ✓
obj_linvel                     [12:15]         3        ✓
obj_angvel                     [15:18]         3        ✓
fingertip_position             [18:33]         15       ✓
fingertip_linvel               [33:48]         15       ✓
obj_restitution                [48:49]         1        ✓
tactile                        [49:64]         15       ✓
--------------------------------------------------------------------------------
总计: 11 项启用, 实际维度 = 64, 缓冲区大小 = 64
================================================================================

RunningMeanStd:  (162,)
RunningMeanStd:  64
RunningMeanStd:  3
RunningMeanStd:  (1,)

================================================================================

[错误] Trial 33 训练失败
STDERR:
encil_tilt_threshold=0.06', 'task.env.actionSpace.disableRingLittleFinger=True', 'train.ppo.learning_rate=0.00047265835853917533', 'train.ppo.weight_decay=3.068493003110948e-05', 'train.ppo.gamma=0.985', 'train.ppo.tau=0.9', 'train.ppo.e_clip=0.3', 'train.ppo.entropy_coef=0.004247777731475143', 'train.ppo.critic_coef=0.5', 'train.ppo.kl_threshold=0.07300617705307584', 'train.ppo.mini_epochs=10', 'train.ppo.minibatch_size=8192', 'train.ppo.grad_norm=1.0', 'task.env.numEnvs=4096', 'train.ppo.horizon_length=32', 'task.env.flyingHand.linearVelocity=0.14366479868402557', 'task.env.flyingHand.angularVelocity=1.0172191284223229', 'task.env.reward.angvelClipMin=-0.3709905304838954', 'task.env.reward.angvelClipMax=0.7445594221279168', 'task.env.reward.angvelPenaltyThresHigh=0.5131491379132691', 'task.env.reward.angvelPenaltyThresLow=-0.7647349764763611', 'task.env.reward.rotate_reward_scale=1.6547927386504229', 'task.env.reward.obj_linvel_penalty_scale=-0.06489756534851247', 'task.env.reward.torque_penalty_scale=-0.016883962908672175', 'task.env.reward.rotate_penalty_scale=-0.08575946050841662', 'task.env.reward.axial_tilt_penalty_scale=-1.2607367358207735', 'task.env.reward.axial_tilt_threshold=0.027453528508549607', 'task.env.reward.position_penalty_scale=-0.21920296145069787', 'task.env.reward.flying_base_movement_penalty_scale=-0.08681094407869173', 'task.env.reward.waypoint_tracking_reward_scale=8.391761464787132', 'task.env.reward.waypoint_sigma=0.4011626952545558', 'train.ppo.output_name=TP_V1/optuna_trial_0033', 'seed=75']
Traceback (most recent call last):
  File "train.py", line 151, in main
    train_result = agent.train()
  File "/home/user/Code/LinkerPenspin/penspin/algo/ppo/ppo_rl_teacher.py", line 415, in train
    self.writer.add_scalar('curriculum/progress', self.env.time_warper.progress, self.agent_steps)
AttributeError: 'TimeWarpingOrchestrator' object has no attribute 'progress'

Set the environment variable HYDRA_FULL_ERROR=1 for a complete stack trace.


[错误] Trial 33 训练失败
异常类型: TrialPruned
异常信息: 

完整调用栈:
Traceback (most recent call last):
  File "optuna/tune_teacher.py", line 297, in objective
    raise optuna.exceptions.TrialPruned()
optuna.exceptions.TrialPruned

进程返回码: 1
STDOUT最后500字符:
=======
环境数量 (num_actors):        4,096
Horizon 长度:                 32
Batch Size:                   131,072 = 4,096 × 32
Minibatch Size:               8,192
Mini Epochs:                  10
观察维度 (obs_shape):         162
动作维度 (actions_num):       19
特权信息维度 (priv_info):     64
Critic信息维度:               100
点云缓冲维度:                 100
本体感觉历史长度:             30
================================================================================

[Space E] Initializing curriculum physics with α = 1.0000


STDERR最后500字符:
utput_name=TP_V1/optuna_trial_0033', 'seed=75']
Traceback (most recent call last):
  File "train.py", line 151, in main
    train_result = agent.train()
  File "/home/user/Code/LinkerPenspin/penspin/algo/ppo/ppo_rl_teacher.py", line 415, in train
    self.writer.add_scalar('curriculum/progress', self.env.time_warper.progress, self.agent_steps)
AttributeError: 'TimeWarpingOrchestrator' object has no attribute 'progress'

Set the environment variable HYDRA_FULL_ERROR=1 for a complete stack trace.

                                                                                       [I 2025-12-04 23:55:15,656] Trial 33 pruned. 
Best trial: 13. Best value: 2531.69:  82%|████████▎ | 33/40 [32:41:55<10:05, 86.46s/it]Best trial: 13. Best value: 2531.69:  82%|████████▎ | 33/40 [32:41:55<10:05, 86.46s/it]Best trial: 13. Best value: 2531.69:  85%|████████▌ | 34/40 [32:41:55<06:22, 63.81s/it]
================================================================================
[Optuna Trial 34] 开始训练
================================================================================
试验参数:
  learning_rate                  = 0.0006973998870799447
  weight_decay                   = 2.455481486678523e-05
  gamma                          = 0.985
  tau                            = 0.9
  e_clip                         = 0.3
  entropy_coef                   = 0.0036070924014102073
  critic_coef                    = 0.5
  kl_threshold                   = 0.07645011654974941
  mini_epochs                    = 9
  minibatch_size                 = 8192
  grad_norm                      = 1.0
  num_envs                       = 4096
  horizon_length                 = 32
  flying_linear_velocity         = 0.1581054134211078
  flying_angular_velocity        = 1.2778395853244744
  angvelClipMin                  = -0.22236158997052446
  angvelClipMax                  = 0.828189080015629
  angvelPenaltyThresHigh         = 0.9353799273012801
  angvelPenaltyThresLow          = -0.7350092144021576
  rotate_reward_scale            = 1.5141115488782744
  obj_linvel_penalty_scale       = -0.09942404153040141
  torque_penalty_scale           = -0.013798140652386876
  rotate_penalty_scale           = -0.07286975459543574
  axial_tilt_penalty_scale       = -1.1422105392358979
  axial_tilt_threshold           = 0.024309443899334655
  position_penalty_scale         = -0.19338717755578635
  flying_base_movement_penalty_scale = -0.06195875294198433
  waypoint_tracking_reward_scale = 8.80971357034119
  waypoint_sigma                 = 0.3570966155227681
输出目录: outputs/TP_V1/optuna_trial_0034
================================================================================


特权信息 (Privileged Information) 维度配置:
================================================================================
名称                             索引范围            维度       状态
--------------------------------------------------------------------------------
obj_position                   [ 0: 3]         3        [固定]
obj_mass                       [ 3: 4]         1        [固定]
obj_friction                   [ 4: 5]         1        [固定]
obj_com                        [ 5: 8]         3        [固定]
--------------------------------------------------------------------------------
obj_orientation                [ 8:12]         4        ✓
obj_linvel                     [12:15]         3        ✓
obj_angvel                     [15:18]         3        ✓
fingertip_position             [18:33]         15       ✓
fingertip_linvel               [33:48]         15       ✓
obj_restitution                [48:49]         1        ✓
tactile                        [49:64]         15       ✓
--------------------------------------------------------------------------------
总计: 11 项启用, 实际维度 = 64, 缓冲区大小 = 64
================================================================================

RunningMeanStd:  (162,)
RunningMeanStd:  64
RunningMeanStd:  3
RunningMeanStd:  (1,)

================================================================================

[错误] Trial 34 训练失败
STDERR:
v.pencil_tilt_threshold=0.06', 'task.env.actionSpace.disableRingLittleFinger=True', 'train.ppo.learning_rate=0.0006973998870799447', 'train.ppo.weight_decay=2.455481486678523e-05', 'train.ppo.gamma=0.985', 'train.ppo.tau=0.9', 'train.ppo.e_clip=0.3', 'train.ppo.entropy_coef=0.0036070924014102073', 'train.ppo.critic_coef=0.5', 'train.ppo.kl_threshold=0.07645011654974941', 'train.ppo.mini_epochs=9', 'train.ppo.minibatch_size=8192', 'train.ppo.grad_norm=1.0', 'task.env.numEnvs=4096', 'train.ppo.horizon_length=32', 'task.env.flyingHand.linearVelocity=0.1581054134211078', 'task.env.flyingHand.angularVelocity=1.2778395853244744', 'task.env.reward.angvelClipMin=-0.22236158997052446', 'task.env.reward.angvelClipMax=0.828189080015629', 'task.env.reward.angvelPenaltyThresHigh=0.9353799273012801', 'task.env.reward.angvelPenaltyThresLow=-0.7350092144021576', 'task.env.reward.rotate_reward_scale=1.5141115488782744', 'task.env.reward.obj_linvel_penalty_scale=-0.09942404153040141', 'task.env.reward.torque_penalty_scale=-0.013798140652386876', 'task.env.reward.rotate_penalty_scale=-0.07286975459543574', 'task.env.reward.axial_tilt_penalty_scale=-1.1422105392358979', 'task.env.reward.axial_tilt_threshold=0.024309443899334655', 'task.env.reward.position_penalty_scale=-0.19338717755578635', 'task.env.reward.flying_base_movement_penalty_scale=-0.06195875294198433', 'task.env.reward.waypoint_tracking_reward_scale=8.80971357034119', 'task.env.reward.waypoint_sigma=0.3570966155227681', 'train.ppo.output_name=TP_V1/optuna_trial_0034', 'seed=76']
Traceback (most recent call last):
  File "train.py", line 151, in main
    train_result = agent.train()
  File "/home/user/Code/LinkerPenspin/penspin/algo/ppo/ppo_rl_teacher.py", line 415, in train
    self.writer.add_scalar('curriculum/progress', self.env.time_warper.progress, self.agent_steps)
AttributeError: 'TimeWarpingOrchestrator' object has no attribute 'progress'

Set the environment variable HYDRA_FULL_ERROR=1 for a complete stack trace.


[错误] Trial 34 训练失败
异常类型: TrialPruned
异常信息: 

完整调用栈:
Traceback (most recent call last):
  File "optuna/tune_teacher.py", line 297, in objective
    raise optuna.exceptions.TrialPruned()
optuna.exceptions.TrialPruned

进程返回码: 1
STDOUT最后500字符:
========
环境数量 (num_actors):        4,096
Horizon 长度:                 32
Batch Size:                   131,072 = 4,096 × 32
Minibatch Size:               8,192
Mini Epochs:                  9
观察维度 (obs_shape):         162
动作维度 (actions_num):       19
特权信息维度 (priv_info):     64
Critic信息维度:               100
点云缓冲维度:                 100
本体感觉历史长度:             30
================================================================================

[Space E] Initializing curriculum physics with α = 1.0000


STDERR最后500字符:
utput_name=TP_V1/optuna_trial_0034', 'seed=76']
Traceback (most recent call last):
  File "train.py", line 151, in main
    train_result = agent.train()
  File "/home/user/Code/LinkerPenspin/penspin/algo/ppo/ppo_rl_teacher.py", line 415, in train
    self.writer.add_scalar('curriculum/progress', self.env.time_warper.progress, self.agent_steps)
AttributeError: 'TimeWarpingOrchestrator' object has no attribute 'progress'

Set the environment variable HYDRA_FULL_ERROR=1 for a complete stack trace.

