                                                                                       [I 2025-12-04 23:55:57,330] Trial 37 pruned. 
Best trial: 13. Best value: 2531.69:  92%|█████████▎| 37/40 [32:42:36<01:25, 28.46s/it]Best trial: 13. Best value: 2531.69:  92%|█████████▎| 37/40 [32:42:36<01:25, 28.46s/it]Best trial: 13. Best value: 2531.69:  95%|█████████▌| 38/40 [32:42:36<00:46, 23.18s/it]
================================================================================
[Optuna Trial 38] 开始训练
================================================================================
试验参数:
  learning_rate                  = 0.0003216581955106129
  weight_decay                   = 2.7618891173382138e-05
  gamma                          = 0.985
  tau                            = 0.95
  e_clip                         = 0.1
  entropy_coef                   = 0.004703132026014044
  critic_coef                    = 1.0
  kl_threshold                   = 0.04004656977339545
  mini_epochs                    = 9
  minibatch_size                 = 32768
  grad_norm                      = 1.0
  num_envs                       = 4096
  horizon_length                 = 16
  flying_linear_velocity         = 0.11972598778593538
  flying_angular_velocity        = 1.7355226452631376
  angvelClipMin                  = -0.3006810332385591
  angvelClipMax                  = 0.8535682796663222
  angvelPenaltyThresHigh         = 0.9433774774438191
  angvelPenaltyThresLow          = -0.723404849612225
  rotate_reward_scale            = 1.4543990843251962
  obj_linvel_penalty_scale       = -0.19155112656358586
  torque_penalty_scale           = -0.012425130974671373
  rotate_penalty_scale           = -0.09980106784155156
  axial_tilt_penalty_scale       = -1.3844279971238627
  axial_tilt_threshold           = 0.046064398745366865
  position_penalty_scale         = -0.25753870100859155
  flying_base_movement_penalty_scale = -0.06818109505957093
  waypoint_tracking_reward_scale = 9.453253275491287
  waypoint_sigma                 = 0.41078955957114516
输出目录: outputs/TP_V1/optuna_trial_0038
================================================================================


特权信息 (Privileged Information) 维度配置:
================================================================================
名称                             索引范围            维度       状态
--------------------------------------------------------------------------------
obj_position                   [ 0: 3]         3        [固定]
obj_mass                       [ 3: 4]         1        [固定]
obj_friction                   [ 4: 5]         1        [固定]
obj_com                        [ 5: 8]         3        [固定]
--------------------------------------------------------------------------------
obj_orientation                [ 8:12]         4        ✓
obj_linvel                     [12:15]         3        ✓
obj_angvel                     [15:18]         3        ✓
fingertip_position             [18:33]         15       ✓
fingertip_linvel               [33:48]         15       ✓
obj_restitution                [48:49]         1        ✓
tactile                        [49:64]         15       ✓
--------------------------------------------------------------------------------
总计: 11 项启用, 实际维度 = 64, 缓冲区大小 = 64
================================================================================

RunningMeanStd:  (162,)
RunningMeanStd:  64
RunningMeanStd:  3
RunningMeanStd:  (1,)

================================================================================

[错误] Trial 38 训练失败
STDERR:
ncil_tilt_threshold=0.06', 'task.env.actionSpace.disableRingLittleFinger=True', 'train.ppo.learning_rate=0.0003216581955106129', 'train.ppo.weight_decay=2.7618891173382138e-05', 'train.ppo.gamma=0.985', 'train.ppo.tau=0.95', 'train.ppo.e_clip=0.1', 'train.ppo.entropy_coef=0.004703132026014044', 'train.ppo.critic_coef=1.0', 'train.ppo.kl_threshold=0.04004656977339545', 'train.ppo.mini_epochs=9', 'train.ppo.minibatch_size=32768', 'train.ppo.grad_norm=1.0', 'task.env.numEnvs=4096', 'train.ppo.horizon_length=16', 'task.env.flyingHand.linearVelocity=0.11972598778593538', 'task.env.flyingHand.angularVelocity=1.7355226452631376', 'task.env.reward.angvelClipMin=-0.3006810332385591', 'task.env.reward.angvelClipMax=0.8535682796663222', 'task.env.reward.angvelPenaltyThresHigh=0.9433774774438191', 'task.env.reward.angvelPenaltyThresLow=-0.723404849612225', 'task.env.reward.rotate_reward_scale=1.4543990843251962', 'task.env.reward.obj_linvel_penalty_scale=-0.19155112656358586', 'task.env.reward.torque_penalty_scale=-0.012425130974671373', 'task.env.reward.rotate_penalty_scale=-0.09980106784155156', 'task.env.reward.axial_tilt_penalty_scale=-1.3844279971238627', 'task.env.reward.axial_tilt_threshold=0.046064398745366865', 'task.env.reward.position_penalty_scale=-0.25753870100859155', 'task.env.reward.flying_base_movement_penalty_scale=-0.06818109505957093', 'task.env.reward.waypoint_tracking_reward_scale=9.453253275491287', 'task.env.reward.waypoint_sigma=0.41078955957114516', 'train.ppo.output_name=TP_V1/optuna_trial_0038', 'seed=80']
Traceback (most recent call last):
  File "train.py", line 151, in main
    train_result = agent.train()
  File "/home/user/Code/LinkerPenspin/penspin/algo/ppo/ppo_rl_teacher.py", line 415, in train
    self.writer.add_scalar('curriculum/progress', self.env.time_warper.progress, self.agent_steps)
AttributeError: 'TimeWarpingOrchestrator' object has no attribute 'progress'

Set the environment variable HYDRA_FULL_ERROR=1 for a complete stack trace.


[错误] Trial 38 训练失败
异常类型: TrialPruned
异常信息: 

完整调用栈:
Traceback (most recent call last):
  File "optuna/tune_teacher.py", line 297, in objective
    raise optuna.exceptions.TrialPruned()
optuna.exceptions.TrialPruned

进程返回码: 1
STDOUT最后500字符:
========
环境数量 (num_actors):        4,096
Horizon 长度:                 16
Batch Size:                   65,536 = 4,096 × 16
Minibatch Size:               32,768
Mini Epochs:                  9
观察维度 (obs_shape):         162
动作维度 (actions_num):       19
特权信息维度 (priv_info):     64
Critic信息维度:               100
点云缓冲维度:                 100
本体感觉历史长度:             30
================================================================================

[Space E] Initializing curriculum physics with α = 1.0000


STDERR最后500字符:
utput_name=TP_V1/optuna_trial_0038', 'seed=80']
Traceback (most recent call last):
  File "train.py", line 151, in main
    train_result = agent.train()
  File "/home/user/Code/LinkerPenspin/penspin/algo/ppo/ppo_rl_teacher.py", line 415, in train
    self.writer.add_scalar('curriculum/progress', self.env.time_warper.progress, self.agent_steps)
AttributeError: 'TimeWarpingOrchestrator' object has no attribute 'progress'

Set the environment variable HYDRA_FULL_ERROR=1 for a complete stack trace.

                                                                                       [I 2025-12-04 23:56:06,426] Trial 38 pruned. 
Best trial: 13. Best value: 2531.69:  95%|█████████▌| 38/40 [32:42:45<00:46, 23.18s/it]Best trial: 13. Best value: 2531.69:  95%|█████████▌| 38/40 [32:42:45<00:46, 23.18s/it]Best trial: 13. Best value: 2531.69:  98%|█████████▊| 39/40 [32:42:45<00:18, 18.96s/it]
================================================================================
[Optuna Trial 39] 开始训练
================================================================================
试验参数:
  learning_rate                  = 0.0005936938368350505
  weight_decay                   = 1.4373090009309608e-05
  gamma                          = 0.99
  tau                            = 0.85
  e_clip                         = 0.2
  entropy_coef                   = 0.005251867878929306
  critic_coef                    = 2.0
  kl_threshold                   = 0.07340358310628
  mini_epochs                    = 10
  minibatch_size                 = 16384
  grad_norm                      = 0.5
  num_envs                       = 8192
  horizon_length                 = 24
  flying_linear_velocity         = 0.1984895650776985
  flying_angular_velocity        = 2.1756771787814424
  angvelClipMin                  = -0.2535891124503218
  angvelClipMax                  = 0.8992203826090839
  angvelPenaltyThresHigh         = 0.5007155905004976
  angvelPenaltyThresLow          = -0.6951754613207441
  rotate_reward_scale            = 1.572520546453569
  obj_linvel_penalty_scale       = -0.1758898497089189
  torque_penalty_scale           = -0.021301208507933038
  rotate_penalty_scale           = -0.04356343489429577
  axial_tilt_penalty_scale       = -1.322012395412532
  axial_tilt_threshold           = 0.023032003418054725
  position_penalty_scale         = -0.18995127389234254
  flying_base_movement_penalty_scale = -0.11466714230437472
  waypoint_tracking_reward_scale = 5.853545784603371
  waypoint_sigma                 = 0.3186035531234836
输出目录: outputs/TP_V1/optuna_trial_0039
================================================================================


特权信息 (Privileged Information) 维度配置:
================================================================================
名称                             索引范围            维度       状态
--------------------------------------------------------------------------------
obj_position                   [ 0: 3]         3        [固定]
obj_mass                       [ 3: 4]         1        [固定]
obj_friction                   [ 4: 5]         1        [固定]
obj_com                        [ 5: 8]         3        [固定]
--------------------------------------------------------------------------------
obj_orientation                [ 8:12]         4        ✓
obj_linvel                     [12:15]         3        ✓
obj_angvel                     [15:18]         3        ✓
fingertip_position             [18:33]         15       ✓
fingertip_linvel               [33:48]         15       ✓
obj_restitution                [48:49]         1        ✓
tactile                        [49:64]         15       ✓
--------------------------------------------------------------------------------
总计: 11 项启用, 实际维度 = 64, 缓冲区大小 = 64
================================================================================

RunningMeanStd:  (162,)
RunningMeanStd:  64
RunningMeanStd:  3
RunningMeanStd:  (1,)

================================================================================

[错误] Trial 39 训练失败
STDERR:
.env.pencil_tilt_threshold=0.06', 'task.env.actionSpace.disableRingLittleFinger=True', 'train.ppo.learning_rate=0.0005936938368350505', 'train.ppo.weight_decay=1.4373090009309608e-05', 'train.ppo.gamma=0.99', 'train.ppo.tau=0.85', 'train.ppo.e_clip=0.2', 'train.ppo.entropy_coef=0.005251867878929306', 'train.ppo.critic_coef=2.0', 'train.ppo.kl_threshold=0.07340358310628', 'train.ppo.mini_epochs=10', 'train.ppo.minibatch_size=16384', 'train.ppo.grad_norm=0.5', 'task.env.numEnvs=8192', 'train.ppo.horizon_length=24', 'task.env.flyingHand.linearVelocity=0.1984895650776985', 'task.env.flyingHand.angularVelocity=2.1756771787814424', 'task.env.reward.angvelClipMin=-0.2535891124503218', 'task.env.reward.angvelClipMax=0.8992203826090839', 'task.env.reward.angvelPenaltyThresHigh=0.5007155905004976', 'task.env.reward.angvelPenaltyThresLow=-0.6951754613207441', 'task.env.reward.rotate_reward_scale=1.572520546453569', 'task.env.reward.obj_linvel_penalty_scale=-0.1758898497089189', 'task.env.reward.torque_penalty_scale=-0.021301208507933038', 'task.env.reward.rotate_penalty_scale=-0.04356343489429577', 'task.env.reward.axial_tilt_penalty_scale=-1.322012395412532', 'task.env.reward.axial_tilt_threshold=0.023032003418054725', 'task.env.reward.position_penalty_scale=-0.18995127389234254', 'task.env.reward.flying_base_movement_penalty_scale=-0.11466714230437472', 'task.env.reward.waypoint_tracking_reward_scale=5.853545784603371', 'task.env.reward.waypoint_sigma=0.3186035531234836', 'train.ppo.output_name=TP_V1/optuna_trial_0039', 'seed=81']
Traceback (most recent call last):
  File "train.py", line 151, in main
    train_result = agent.train()
  File "/home/user/Code/LinkerPenspin/penspin/algo/ppo/ppo_rl_teacher.py", line 415, in train
    self.writer.add_scalar('curriculum/progress', self.env.time_warper.progress, self.agent_steps)
AttributeError: 'TimeWarpingOrchestrator' object has no attribute 'progress'

Set the environment variable HYDRA_FULL_ERROR=1 for a complete stack trace.


[错误] Trial 39 训练失败
异常类型: TrialPruned
异常信息: 

完整调用栈:
Traceback (most recent call last):
  File "optuna/tune_teacher.py", line 297, in objective
    raise optuna.exceptions.TrialPruned()
optuna.exceptions.TrialPruned

进程返回码: 1
STDOUT最后500字符:
======
环境数量 (num_actors):        8,192
Horizon 长度:                 24
Batch Size:                   196,608 = 8,192 × 24
Minibatch Size:               16,384
Mini Epochs:                  10
观察维度 (obs_shape):         162
动作维度 (actions_num):       19
特权信息维度 (priv_info):     64
Critic信息维度:               100
点云缓冲维度:                 100
本体感觉历史长度:             30
================================================================================

[Space E] Initializing curriculum physics with α = 1.0000


STDERR最后500字符:
utput_name=TP_V1/optuna_trial_0039', 'seed=81']
Traceback (most recent call last):
  File "train.py", line 151, in main
    train_result = agent.train()
  File "/home/user/Code/LinkerPenspin/penspin/algo/ppo/ppo_rl_teacher.py", line 415, in train
    self.writer.add_scalar('curriculum/progress', self.env.time_warper.progress, self.agent_steps)
AttributeError: 'TimeWarpingOrchestrator' object has no attribute 'progress'

Set the environment variable HYDRA_FULL_ERROR=1 for a complete stack trace.

                                                                                       [I 2025-12-04 23:56:19,713] Trial 39 pruned. 
Best trial: 13. Best value: 2531.69:  98%|█████████▊| 39/40 [32:42:59<00:18, 18.96s/it]Best trial: 13. Best value: 2531.69:  98%|█████████▊| 39/40 [32:42:59<00:18, 18.96s/it]Best trial: 13. Best value: 2531.69: 100%|██████████| 40/40 [32:42:59<00:00, 17.25s/it]Best trial: 13. Best value: 2531.69: 100%|██████████| 40/40 [32:42:59<00:00, 2944.48s/it]

================================================================================
优化完成！
================================================================================
完成的试验数:     40
成功完成的试验:   21
最佳综合评分:     2531.69
最佳试验编号:     13

最佳超参数:
--------------------------------------------------------------------------------
  learning_rate                  = 0.0004988620204062084
  weight_decay                   = 1.1073239861215819e-05
  gamma                          = 0.99
  tau                            = 0.9
  e_clip                         = 0.2
  entropy_coef                   = 0.002953067408129904
  critic_coef                    = 2.0
  kl_threshold                   = 0.07994355842066564
  mini_epochs                    = 9
  minibatch_size                 = 16384
  grad_norm                      = 1.0
  num_envs                       = 8192
  horizon_length                 = 24
  flying_linear_velocity         = 0.07342083828556274
  flying_angular_velocity        = 1.9483294472562382
  angvelClipMin                  = -0.2531536273678795
  angvelClipMax                  = 0.8221276384763581
  angvelPenaltyThresHigh         = 0.65477426123904
  angvelPenaltyThresLow          = -0.7977987753439719
  rotate_reward_scale            = 1.2749973970970874
  obj_linvel_penalty_scale       = -0.15014485319378934
  torque_penalty_scale           = -0.02398319337298298
  rotate_penalty_scale           = -0.09671560759396386
  axial_tilt_penalty_scale       = -1.9410579908184946
  axial_tilt_threshold           = 0.041676147157687214
  position_penalty_scale         = -0.28891224992715936
  flying_base_movement_penalty_scale = -0.0713603140923449
  waypoint_tracking_reward_scale = 6.645477814909902
  waypoint_sigma                 = 0.03695038685068187
================================================================================

最佳参数已保存到: optuna/best_params_TP_V1.txt
参数重要性图已保存到: optuna/param_importances_TP_V1.html
优化历史图已保存到: optuna/optimization_history_TP_V1.html
