                                                                                           [I 2025-12-04 23:53:42,799] Trial 25 pruned. 
Best trial: 13. Best value: 2531.69:  62%|██████▎   | 25/40 [32:40:22<5:28:21, 1313.46s/it]Best trial: 13. Best value: 2531.69:  62%|██████▎   | 25/40 [32:40:22<5:28:21, 1313.46s/it]Best trial: 13. Best value: 2531.69:  65%|██████▌   | 26/40 [32:40:22<3:35:18, 922.76s/it] 
================================================================================
[Optuna Trial 26] 开始训练
================================================================================
试验参数:
  learning_rate                  = 0.00029688134520079864
  weight_decay                   = 1.9840870144021076e-05
  gamma                          = 0.99
  tau                            = 0.9
  e_clip                         = 0.2
  entropy_coef                   = 0.002585818764116547
  critic_coef                    = 2.0
  kl_threshold                   = 0.06990460863715167
  mini_epochs                    = 9
  minibatch_size                 = 16384
  grad_norm                      = 1.0
  num_envs                       = 4096
  horizon_length                 = 24
  flying_linear_velocity         = 0.13377072960290531
  flying_angular_velocity        = 2.292781870578999
  angvelClipMin                  = -0.27112275497232224
  angvelClipMax                  = 0.7444807895666467
  angvelPenaltyThresHigh         = 0.643827291464477
  angvelPenaltyThresLow          = -0.7710323281763135
  rotate_reward_scale            = 1.3429271438522232
  obj_linvel_penalty_scale       = -0.07006621625892039
  torque_penalty_scale           = -0.02274796340109185
  rotate_penalty_scale           = -0.08911231621979325
  axial_tilt_penalty_scale       = -1.2106349124375804
  axial_tilt_threshold           = 0.04155990131117714
  position_penalty_scale         = -0.1585535479098487
  flying_base_movement_penalty_scale = -0.09349629337374984
  waypoint_tracking_reward_scale = 6.593901280601382
  waypoint_sigma                 = 0.24019678694462018
输出目录: outputs/TP_V1/optuna_trial_0026
================================================================================


特权信息 (Privileged Information) 维度配置:
================================================================================
名称                             索引范围            维度       状态
--------------------------------------------------------------------------------
obj_position                   [ 0: 3]         3        [固定]
obj_mass                       [ 3: 4]         1        [固定]
obj_friction                   [ 4: 5]         1        [固定]
obj_com                        [ 5: 8]         3        [固定]
--------------------------------------------------------------------------------
obj_orientation                [ 8:12]         4        ✓
obj_linvel                     [12:15]         3        ✓
obj_angvel                     [15:18]         3        ✓
fingertip_position             [18:33]         15       ✓
fingertip_linvel               [33:48]         15       ✓
obj_restitution                [48:49]         1        ✓
tactile                        [49:64]         15       ✓
--------------------------------------------------------------------------------
总计: 11 项启用, 实际维度 = 64, 缓冲区大小 = 64
================================================================================

RunningMeanStd:  (162,)
RunningMeanStd:  64
RunningMeanStd:  3
RunningMeanStd:  (1,)

================================================================================

[错误] Trial 26 训练失败
STDERR:
v.pencil_tilt_threshold=0.06', 'task.env.actionSpace.disableRingLittleFinger=True', 'train.ppo.learning_rate=0.00029688134520079864', 'train.ppo.weight_decay=1.9840870144021076e-05', 'train.ppo.gamma=0.99', 'train.ppo.tau=0.9', 'train.ppo.e_clip=0.2', 'train.ppo.entropy_coef=0.002585818764116547', 'train.ppo.critic_coef=2.0', 'train.ppo.kl_threshold=0.06990460863715167', 'train.ppo.mini_epochs=9', 'train.ppo.minibatch_size=16384', 'train.ppo.grad_norm=1.0', 'task.env.numEnvs=4096', 'train.ppo.horizon_length=24', 'task.env.flyingHand.linearVelocity=0.13377072960290531', 'task.env.flyingHand.angularVelocity=2.292781870578999', 'task.env.reward.angvelClipMin=-0.27112275497232224', 'task.env.reward.angvelClipMax=0.7444807895666467', 'task.env.reward.angvelPenaltyThresHigh=0.643827291464477', 'task.env.reward.angvelPenaltyThresLow=-0.7710323281763135', 'task.env.reward.rotate_reward_scale=1.3429271438522232', 'task.env.reward.obj_linvel_penalty_scale=-0.07006621625892039', 'task.env.reward.torque_penalty_scale=-0.02274796340109185', 'task.env.reward.rotate_penalty_scale=-0.08911231621979325', 'task.env.reward.axial_tilt_penalty_scale=-1.2106349124375804', 'task.env.reward.axial_tilt_threshold=0.04155990131117714', 'task.env.reward.position_penalty_scale=-0.1585535479098487', 'task.env.reward.flying_base_movement_penalty_scale=-0.09349629337374984', 'task.env.reward.waypoint_tracking_reward_scale=6.593901280601382', 'task.env.reward.waypoint_sigma=0.24019678694462018', 'train.ppo.output_name=TP_V1/optuna_trial_0026', 'seed=68']
Traceback (most recent call last):
  File "train.py", line 151, in main
    train_result = agent.train()
  File "/home/user/Code/LinkerPenspin/penspin/algo/ppo/ppo_rl_teacher.py", line 415, in train
    self.writer.add_scalar('curriculum/progress', self.env.time_warper.progress, self.agent_steps)
AttributeError: 'TimeWarpingOrchestrator' object has no attribute 'progress'

Set the environment variable HYDRA_FULL_ERROR=1 for a complete stack trace.


[错误] Trial 26 训练失败
异常类型: TrialPruned
异常信息: 

完整调用栈:
Traceback (most recent call last):
  File "optuna/tune_teacher.py", line 297, in objective
    raise optuna.exceptions.TrialPruned()
optuna.exceptions.TrialPruned

进程返回码: 1
STDOUT最后500字符:
========
环境数量 (num_actors):        4,096
Horizon 长度:                 24
Batch Size:                   98,304 = 4,096 × 24
Minibatch Size:               16,384
Mini Epochs:                  9
观察维度 (obs_shape):         162
动作维度 (actions_num):       19
特权信息维度 (priv_info):     64
Critic信息维度:               100
点云缓冲维度:                 100
本体感觉历史长度:             30
================================================================================

[Space E] Initializing curriculum physics with α = 1.0000


STDERR最后500字符:
utput_name=TP_V1/optuna_trial_0026', 'seed=68']
Traceback (most recent call last):
  File "train.py", line 151, in main
    train_result = agent.train()
  File "/home/user/Code/LinkerPenspin/penspin/algo/ppo/ppo_rl_teacher.py", line 415, in train
    self.writer.add_scalar('curriculum/progress', self.env.time_warper.progress, self.agent_steps)
AttributeError: 'TimeWarpingOrchestrator' object has no attribute 'progress'

Set the environment variable HYDRA_FULL_ERROR=1 for a complete stack trace.

                                                                                          [I 2025-12-04 23:53:52,721] Trial 26 pruned. 
Best trial: 13. Best value: 2531.69:  65%|██████▌   | 26/40 [32:40:32<3:35:18, 922.76s/it]Best trial: 13. Best value: 2531.69:  65%|██████▌   | 26/40 [32:40:32<3:35:18, 922.76s/it]Best trial: 13. Best value: 2531.69:  68%|██████▊   | 27/40 [32:40:32<2:20:35, 648.89s/it]
================================================================================
[Optuna Trial 27] 开始训练
================================================================================
试验参数:
  learning_rate                  = 0.0008354103739910753
  weight_decay                   = 1.3586342015222252e-05
  gamma                          = 0.99
  tau                            = 0.9
  e_clip                         = 0.2
  entropy_coef                   = 0.005059248844750017
  critic_coef                    = 2.0
  kl_threshold                   = 0.0799683836055397
  mini_epochs                    = 5
  minibatch_size                 = 16384
  grad_norm                      = 1.0
  num_envs                       = 8192
  horizon_length                 = 24
  flying_linear_velocity         = 0.15435274241527858
  flying_angular_velocity        = 2.5104902956714104
  angvelClipMin                  = -0.2402208295654092
  angvelClipMax                  = 0.8301143911442329
  angvelPenaltyThresHigh         = 0.5902206873778453
  angvelPenaltyThresLow          = -0.7306586760794384
  rotate_reward_scale            = 1.4286090136852414
  obj_linvel_penalty_scale       = -0.140592561620402
  torque_penalty_scale           = -0.01393245121424119
  rotate_penalty_scale           = -0.09753853501439225
  axial_tilt_penalty_scale       = -1.665167818093982
  axial_tilt_threshold           = 0.03556462970825918
  position_penalty_scale         = -0.22848577749628474
  flying_base_movement_penalty_scale = -0.061711296852698605
  waypoint_tracking_reward_scale = 5.406254795232149
  waypoint_sigma                 = 0.16545916218515647
输出目录: outputs/TP_V1/optuna_trial_0027
================================================================================


特权信息 (Privileged Information) 维度配置:
================================================================================
名称                             索引范围            维度       状态
--------------------------------------------------------------------------------
obj_position                   [ 0: 3]         3        [固定]
obj_mass                       [ 3: 4]         1        [固定]
obj_friction                   [ 4: 5]         1        [固定]
obj_com                        [ 5: 8]         3        [固定]
--------------------------------------------------------------------------------
obj_orientation                [ 8:12]         4        ✓
obj_linvel                     [12:15]         3        ✓
obj_angvel                     [15:18]         3        ✓
fingertip_position             [18:33]         15       ✓
fingertip_linvel               [33:48]         15       ✓
obj_restitution                [48:49]         1        ✓
tactile                        [49:64]         15       ✓
--------------------------------------------------------------------------------
总计: 11 项启用, 实际维度 = 64, 缓冲区大小 = 64
================================================================================

RunningMeanStd:  (162,)
RunningMeanStd:  64
RunningMeanStd:  3
RunningMeanStd:  (1,)

================================================================================

[错误] Trial 27 训练失败
STDERR:
env.pencil_tilt_threshold=0.06', 'task.env.actionSpace.disableRingLittleFinger=True', 'train.ppo.learning_rate=0.0008354103739910753', 'train.ppo.weight_decay=1.3586342015222252e-05', 'train.ppo.gamma=0.99', 'train.ppo.tau=0.9', 'train.ppo.e_clip=0.2', 'train.ppo.entropy_coef=0.005059248844750017', 'train.ppo.critic_coef=2.0', 'train.ppo.kl_threshold=0.0799683836055397', 'train.ppo.mini_epochs=5', 'train.ppo.minibatch_size=16384', 'train.ppo.grad_norm=1.0', 'task.env.numEnvs=8192', 'train.ppo.horizon_length=24', 'task.env.flyingHand.linearVelocity=0.15435274241527858', 'task.env.flyingHand.angularVelocity=2.5104902956714104', 'task.env.reward.angvelClipMin=-0.2402208295654092', 'task.env.reward.angvelClipMax=0.8301143911442329', 'task.env.reward.angvelPenaltyThresHigh=0.5902206873778453', 'task.env.reward.angvelPenaltyThresLow=-0.7306586760794384', 'task.env.reward.rotate_reward_scale=1.4286090136852414', 'task.env.reward.obj_linvel_penalty_scale=-0.140592561620402', 'task.env.reward.torque_penalty_scale=-0.01393245121424119', 'task.env.reward.rotate_penalty_scale=-0.09753853501439225', 'task.env.reward.axial_tilt_penalty_scale=-1.665167818093982', 'task.env.reward.axial_tilt_threshold=0.03556462970825918', 'task.env.reward.position_penalty_scale=-0.22848577749628474', 'task.env.reward.flying_base_movement_penalty_scale=-0.061711296852698605', 'task.env.reward.waypoint_tracking_reward_scale=5.406254795232149', 'task.env.reward.waypoint_sigma=0.16545916218515647', 'train.ppo.output_name=TP_V1/optuna_trial_0027', 'seed=69']
Traceback (most recent call last):
  File "train.py", line 151, in main
    train_result = agent.train()
  File "/home/user/Code/LinkerPenspin/penspin/algo/ppo/ppo_rl_teacher.py", line 415, in train
    self.writer.add_scalar('curriculum/progress', self.env.time_warper.progress, self.agent_steps)
AttributeError: 'TimeWarpingOrchestrator' object has no attribute 'progress'

Set the environment variable HYDRA_FULL_ERROR=1 for a complete stack trace.


[错误] Trial 27 训练失败
异常类型: TrialPruned
异常信息: 

完整调用栈:
Traceback (most recent call last):
  File "optuna/tune_teacher.py", line 297, in objective
    raise optuna.exceptions.TrialPruned()
optuna.exceptions.TrialPruned

进程返回码: 1
STDOUT最后500字符:
=======
环境数量 (num_actors):        8,192
Horizon 长度:                 24
Batch Size:                   196,608 = 8,192 × 24
Minibatch Size:               16,384
Mini Epochs:                  5
观察维度 (obs_shape):         162
动作维度 (actions_num):       19
特权信息维度 (priv_info):     64
Critic信息维度:               100
点云缓冲维度:                 100
本体感觉历史长度:             30
================================================================================

[Space E] Initializing curriculum physics with α = 1.0000


STDERR最后500字符:
utput_name=TP_V1/optuna_trial_0027', 'seed=69']
Traceback (most recent call last):
  File "train.py", line 151, in main
    train_result = agent.train()
  File "/home/user/Code/LinkerPenspin/penspin/algo/ppo/ppo_rl_teacher.py", line 415, in train
    self.writer.add_scalar('curriculum/progress', self.env.time_warper.progress, self.agent_steps)
AttributeError: 'TimeWarpingOrchestrator' object has no attribute 'progress'

Set the environment variable HYDRA_FULL_ERROR=1 for a complete stack trace.

                                                                                          [I 2025-12-04 23:54:05,314] Trial 27 pruned. 
Best trial: 13. Best value: 2531.69:  68%|██████▊   | 27/40 [32:40:44<2:20:35, 648.89s/it]Best trial: 13. Best value: 2531.69:  68%|██████▊   | 27/40 [32:40:44<2:20:35, 648.89s/it]Best trial: 13. Best value: 2531.69:  70%|███████   | 28/40 [32:40:44<1:31:35, 457.99s/it]
================================================================================
[Optuna Trial 28] 开始训练
================================================================================
试验参数:
  learning_rate                  = 0.0006489369614805612
  weight_decay                   = 1.7512030832254208e-05
  gamma                          = 0.992
  tau                            = 0.95
  e_clip                         = 0.3
  entropy_coef                   = 0.0015213672303685372
  critic_coef                    = 1.0
  kl_threshold                   = 0.07613640030108096
  mini_epochs                    = 10
  minibatch_size                 = 32768
  grad_norm                      = 0.5
  num_envs                       = 8192
  horizon_length                 = 32
  flying_linear_velocity         = 0.0983508139260289
  flying_angular_velocity        = 1.842158032909903
  angvelClipMin                  = -0.1607684055714193
  angvelClipMax                  = 0.7783560046644207
  angvelPenaltyThresHigh         = 0.7337466813593585
  angvelPenaltyThresLow          = -0.6925784121405391
  rotate_reward_scale            = 1.257329249322922
  obj_linvel_penalty_scale       = -0.16255008864340637
  torque_penalty_scale           = -0.02668974563921874
  rotate_penalty_scale           = -0.05910511499337922
  axial_tilt_penalty_scale       = -1.0872477231377107
  axial_tilt_threshold           = 0.03015903916190234
  position_penalty_scale         = -0.29497859682683514
  flying_base_movement_penalty_scale = -0.0734102789875134
  waypoint_tracking_reward_scale = 7.998134680214227
  waypoint_sigma                 = 0.06382756945500512
输出目录: outputs/TP_V1/optuna_trial_0028
================================================================================


特权信息 (Privileged Information) 维度配置:
================================================================================
名称                             索引范围            维度       状态
--------------------------------------------------------------------------------
obj_position                   [ 0: 3]         3        [固定]
obj_mass                       [ 3: 4]         1        [固定]
obj_friction                   [ 4: 5]         1        [固定]
obj_com                        [ 5: 8]         3        [固定]
--------------------------------------------------------------------------------
obj_orientation                [ 8:12]         4        ✓
obj_linvel                     [12:15]         3        ✓
obj_angvel                     [15:18]         3        ✓
fingertip_position             [18:33]         15       ✓
fingertip_linvel               [33:48]         15       ✓
obj_restitution                [48:49]         1        ✓
tactile                        [49:64]         15       ✓
--------------------------------------------------------------------------------
总计: 11 项启用, 实际维度 = 64, 缓冲区大小 = 64
================================================================================

RunningMeanStd:  (162,)
RunningMeanStd:  64
RunningMeanStd:  3
RunningMeanStd:  (1,)

================================================================================

[错误] Trial 28 训练失败
STDERR:
.pencil_tilt_threshold=0.06', 'task.env.actionSpace.disableRingLittleFinger=True', 'train.ppo.learning_rate=0.0006489369614805612', 'train.ppo.weight_decay=1.7512030832254208e-05', 'train.ppo.gamma=0.992', 'train.ppo.tau=0.95', 'train.ppo.e_clip=0.3', 'train.ppo.entropy_coef=0.0015213672303685372', 'train.ppo.critic_coef=1.0', 'train.ppo.kl_threshold=0.07613640030108096', 'train.ppo.mini_epochs=10', 'train.ppo.minibatch_size=32768', 'train.ppo.grad_norm=0.5', 'task.env.numEnvs=8192', 'train.ppo.horizon_length=32', 'task.env.flyingHand.linearVelocity=0.0983508139260289', 'task.env.flyingHand.angularVelocity=1.842158032909903', 'task.env.reward.angvelClipMin=-0.1607684055714193', 'task.env.reward.angvelClipMax=0.7783560046644207', 'task.env.reward.angvelPenaltyThresHigh=0.7337466813593585', 'task.env.reward.angvelPenaltyThresLow=-0.6925784121405391', 'task.env.reward.rotate_reward_scale=1.257329249322922', 'task.env.reward.obj_linvel_penalty_scale=-0.16255008864340637', 'task.env.reward.torque_penalty_scale=-0.02668974563921874', 'task.env.reward.rotate_penalty_scale=-0.05910511499337922', 'task.env.reward.axial_tilt_penalty_scale=-1.0872477231377107', 'task.env.reward.axial_tilt_threshold=0.03015903916190234', 'task.env.reward.position_penalty_scale=-0.29497859682683514', 'task.env.reward.flying_base_movement_penalty_scale=-0.0734102789875134', 'task.env.reward.waypoint_tracking_reward_scale=7.998134680214227', 'task.env.reward.waypoint_sigma=0.06382756945500512', 'train.ppo.output_name=TP_V1/optuna_trial_0028', 'seed=70']
Traceback (most recent call last):
  File "train.py", line 151, in main
    train_result = agent.train()
  File "/home/user/Code/LinkerPenspin/penspin/algo/ppo/ppo_rl_teacher.py", line 415, in train
    self.writer.add_scalar('curriculum/progress', self.env.time_warper.progress, self.agent_steps)
AttributeError: 'TimeWarpingOrchestrator' object has no attribute 'progress'

Set the environment variable HYDRA_FULL_ERROR=1 for a complete stack trace.


[错误] Trial 28 训练失败
异常类型: TrialPruned
异常信息: 

完整调用栈:
Traceback (most recent call last):
  File "optuna/tune_teacher.py", line 297, in objective
    raise optuna.exceptions.TrialPruned()
optuna.exceptions.TrialPruned

进程返回码: 1
STDOUT最后500字符:
======
环境数量 (num_actors):        8,192
Horizon 长度:                 32
Batch Size:                   262,144 = 8,192 × 32
Minibatch Size:               32,768
Mini Epochs:                  10
观察维度 (obs_shape):         162
动作维度 (actions_num):       19
特权信息维度 (priv_info):     64
Critic信息维度:               100
点云缓冲维度:                 100
本体感觉历史长度:             30
================================================================================

[Space E] Initializing curriculum physics with α = 1.0000


STDERR最后500字符:
utput_name=TP_V1/optuna_trial_0028', 'seed=70']
Traceback (most recent call last):
  File "train.py", line 151, in main
    train_result = agent.train()
  File "/home/user/Code/LinkerPenspin/penspin/algo/ppo/ppo_rl_teacher.py", line 415, in train
    self.writer.add_scalar('curriculum/progress', self.env.time_warper.progress, self.agent_steps)
AttributeError: 'TimeWarpingOrchestrator' object has no attribute 'progress'

Set the environment variable HYDRA_FULL_ERROR=1 for a complete stack trace.

