                                                                                           [I 2025-12-06 16:22:37,388] Trial 11 finished with value: 41.259299999999996 and parameters: {'learning_rate': 0.0006995957899232556, 'weight_decay': 2.5969307881456998e-05, 'gamma': 0.99, 'tau': 0.9, 'e_clip': 0.3, 'entropy_coef': 0.0026748669426930843, 'critic_coef': 1.0, 'kl_threshold': 0.03113977051759459, 'mini_epochs': 8, 'minibatch_size': 32768, 'grad_norm': 2.0, 'num_envs': 4096, 'horizon_length': 24, 'flying_linear_velocity': 0.16386784176800476, 'flying_angular_velocity': 1.628364396759809, 'use_gaussian_angvel_reward': False, 'angvelClipMin': -0.2732891142130789, 'angvelClipMax': 0.7658471884059138, 'angvelPenaltyThresHigh': 0.9979275785088448, 'angvelPenaltyThresLow': -0.5092190443853846, 'rotate_reward_scale': 1.5391997460615459, 'obj_linvel_penalty_scale': -0.14727175128001824, 'torque_penalty_scale': -0.010905573203224692, 'rotate_penalty_scale': -0.06287627765558736, 'axial_tilt_penalty_scale': -1.7139791935344522, 'axial_tilt_threshold': 0.02128507576708762, 'position_penalty_scale': -0.23467834362617024, 'flying_base_movement_penalty_scale': -0.05579279915784856, 'waypoint_tracking_reward_scale': 8.45227789279713, 'waypoint_sigma': 0.38217021261825806}. Best is trial 11 with value: 41.259299999999996.
Best trial: 8. Best value: 38.9619:  28%|██▊       | 11/40 [23:59:13<61:44:42, 7664.91s/it]Best trial: 11. Best value: 41.2593:  28%|██▊       | 11/40 [23:59:13<61:44:42, 7664.91s/it]Best trial: 11. Best value: 41.2593:  30%|███       | 12/40 [23:59:13<60:54:43, 7831.57s/it][Space E] Curriculum Learning 模式
  Alpha: 0.1 -> 1.0
  Curriculum Steps: 200000000

================================================================================
[Optuna Trial 12] 开始训练
================================================================================
试验参数:
  learning_rate                  = 0.0005038196288987574
  weight_decay                   = 2.391868184795002e-05
  gamma                          = 0.99
  tau                            = 0.9
  e_clip                         = 0.3
  entropy_coef                   = 0.002492983349417855
  critic_coef                    = 1.0
  kl_threshold                   = 0.031106725768886546
  mini_epochs                    = 9
  minibatch_size                 = 32768
  grad_norm                      = 2.0
  num_envs                       = 4096
  horizon_length                 = 24
  flying_linear_velocity         = 0.16947180334131576
  flying_angular_velocity        = 1.587270566581548
  use_gaussian_angvel_reward     = False
  angvelClipMin                  = -0.11564483153209773
  angvelClipMax                  = 0.6877385071054385
  angvelPenaltyThresHigh         = 0.9787993020255946
  angvelPenaltyThresLow          = -0.5057140262743312
  rotate_reward_scale            = 1.4638293039964643
  obj_linvel_penalty_scale       = -0.16562666206160548
  torque_penalty_scale           = -0.010433362464450964
  rotate_penalty_scale           = -0.0335030936507288
  axial_tilt_penalty_scale       = -1.7391229560638888
  axial_tilt_threshold           = 0.04329999802167503
  position_penalty_scale         = -0.23979390133494657
  flying_base_movement_penalty_scale = -0.05184643275749126
  waypoint_tracking_reward_scale = 8.186585115007201
  waypoint_sigma                 = 0.3915809185116515
输出目录: outputs/TP_V2_SpaceE/optuna_trial_0012
================================================================================


特权信息 (Privileged Information) 维度配置:
================================================================================
名称                             索引范围            维度       状态
--------------------------------------------------------------------------------
obj_position                   [ 0: 3]         3        [固定]
obj_mass                       [ 3: 4]         1        [固定]
obj_friction                   [ 4: 5]         1        [固定]
obj_com                        [ 5: 8]         3        [固定]
--------------------------------------------------------------------------------
obj_orientation                [ 8:12]         4        ✓
obj_linvel                     [12:15]         3        ✓
obj_angvel                     [15:18]         3        ✓
fingertip_position             [18:33]         15       ✓
fingertip_linvel               [33:48]         15       ✓
obj_restitution                [48:49]         1        ✓
tactile                        [49:64]         15       ✓
--------------------------------------------------------------------------------
总计: 11 项启用, 实际维度 = 64, 缓冲区大小 = 64
================================================================================

RunningMeanStd:  (162,)
RunningMeanStd:  64
RunningMeanStd:  3
RunningMeanStd:  (1,)

================================================================================

训练指标:
  Best Reward:         15.5819
  Success Rate:        0.0216
  Mean Rot Angle(rad): 0.2044
  Composite Score:     38.18
    = 1.0×15.58 + 100.0×0.0216 + 100.0×0.2044

================================================================================
[Optuna Trial 12] 训练完成
================================================================================

                                                                                            [I 2025-12-06 18:43:38,452] Trial 12 finished with value: 38.1819 and parameters: {'learning_rate': 0.0005038196288987574, 'weight_decay': 2.391868184795002e-05, 'gamma': 0.99, 'tau': 0.9, 'e_clip': 0.3, 'entropy_coef': 0.002492983349417855, 'critic_coef': 1.0, 'kl_threshold': 0.031106725768886546, 'mini_epochs': 9, 'minibatch_size': 32768, 'grad_norm': 2.0, 'num_envs': 4096, 'horizon_length': 24, 'flying_linear_velocity': 0.16947180334131576, 'flying_angular_velocity': 1.587270566581548, 'use_gaussian_angvel_reward': False, 'angvelClipMin': -0.11564483153209773, 'angvelClipMax': 0.6877385071054385, 'angvelPenaltyThresHigh': 0.9787993020255946, 'angvelPenaltyThresLow': -0.5057140262743312, 'rotate_reward_scale': 1.4638293039964643, 'obj_linvel_penalty_scale': -0.16562666206160548, 'torque_penalty_scale': -0.010433362464450964, 'rotate_penalty_scale': -0.0335030936507288, 'axial_tilt_penalty_scale': -1.7391229560638888, 'axial_tilt_threshold': 0.04329999802167503, 'position_penalty_scale': -0.23979390133494657, 'flying_base_movement_penalty_scale': -0.05184643275749126, 'waypoint_tracking_reward_scale': 8.186585115007201, 'waypoint_sigma': 0.3915809185116515}. Best is trial 11 with value: 41.259299999999996.
Best trial: 11. Best value: 41.2593:  30%|███       | 12/40 [26:20:15<60:54:43, 7831.57s/it]Best trial: 11. Best value: 41.2593:  30%|███       | 12/40 [26:20:15<60:54:43, 7831.57s/it]Best trial: 11. Best value: 41.2593:  32%|███▎      | 13/40 [26:20:15<60:10:01, 8022.27s/it][Space E] Curriculum Learning 模式
  Alpha: 0.1 -> 1.0
  Curriculum Steps: 200000000

================================================================================
[Optuna Trial 13] 开始训练
================================================================================
试验参数:
  learning_rate                  = 0.0009967050517216704
  weight_decay                   = 1.6368376600070437e-05
  gamma                          = 0.99
  tau                            = 0.9
  e_clip                         = 0.3
  entropy_coef                   = 0.002284755923218278
  critic_coef                    = 1.0
  kl_threshold                   = 0.05417414072922992
  mini_epochs                    = 8
  minibatch_size                 = 16384
  grad_norm                      = 2.0
  num_envs                       = 4096
  horizon_length                 = 24
  flying_linear_velocity         = 0.16462452061061325
  flying_angular_velocity        = 1.6302082832341733
  use_gaussian_angvel_reward     = True
  target_angvel                  = 3.6937527618739288
  angvel_sigma                   = 0.9086040980869176
  rotate_reward_scale            = 1.026037605258653
  obj_linvel_penalty_scale       = -0.1194753251324478
  torque_penalty_scale           = -0.014419503038668671
  rotate_penalty_scale           = -0.060170962557352735
  axial_tilt_penalty_scale       = -1.9410579908184946
  axial_tilt_threshold           = 0.0316852986078489
  position_penalty_scale         = -0.24176362963384626
  flying_base_movement_penalty_scale = -0.07234801744415807
  waypoint_tracking_reward_scale = 8.298989570148672
  waypoint_sigma                 = 0.4071544290540123
输出目录: outputs/TP_V2_SpaceE/optuna_trial_0013
================================================================================


特权信息 (Privileged Information) 维度配置:
================================================================================
名称                             索引范围            维度       状态
--------------------------------------------------------------------------------
obj_position                   [ 0: 3]         3        [固定]
obj_mass                       [ 3: 4]         1        [固定]
obj_friction                   [ 4: 5]         1        [固定]
obj_com                        [ 5: 8]         3        [固定]
--------------------------------------------------------------------------------
obj_orientation                [ 8:12]         4        ✓
obj_linvel                     [12:15]         3        ✓
obj_angvel                     [15:18]         3        ✓
fingertip_position             [18:33]         15       ✓
fingertip_linvel               [33:48]         15       ✓
obj_restitution                [48:49]         1        ✓
tactile                        [49:64]         15       ✓
--------------------------------------------------------------------------------
总计: 11 项启用, 实际维度 = 64, 缓冲区大小 = 64
================================================================================

RunningMeanStd:  (162,)
RunningMeanStd:  64
RunningMeanStd:  3
RunningMeanStd:  (1,)

================================================================================

[错误] Trial 13 训练失败
STDERR:
Gym has been unmaintained since 2022 and does not support NumPy 2.0 amongst other critical functionality.
Please upgrade to Gymnasium, the maintained drop-in replacement of Gym, or contact the authors of your software and request that they upgrade.
Users of this version of Gym should be able to simply replace 'import gym' with 'import gymnasium as gym' in the vast majority of cases.
See the migration guide at https://gymnasium.farama.org/introduction/migration_guide/ for additional information.
Using /home/user/.cache/torch_extensions/py38_cu121 as PyTorch extensions root...
Emitting ninja build file /home/user/.cache/torch_extensions/py38_cu121/gymtorch/build.ninja...
Building extension module gymtorch...
Allowing ninja to set a default number of workers... (overridable by setting the environment variable MAX_JOBS=N)
Loading extension module gymtorch...


[错误] Trial 13 训练失败
异常类型: TrialPruned
异常信息: 

完整调用栈:
Traceback (most recent call last):
  File "optuna/tune_teacher.py", line 349, in objective
    # 训练脚本应该输出: "OPTUNA_METRICS: reward=X.XX success_rate=X.XX mean_rot_angle=X.XX"
optuna.exceptions.TrialPruned

进程返回码: -15
STDOUT最后500字符:
uccess rate (rot>6): 0.0117 (38/3248)
best success rate: 0.0133
Terminations: Fall=172 | Drop=2893 | Overspeed=183
Agent Steps: 0108M | FPS: 41166.1 | Last FPS: 42197.3 | Collect Time: 33.2 min | Train RL Time: 10.6 min | Current Best: 12.58
-----------------------
episode rewards: 12.48 | episode lengths: 30.29
episode rot angle(rad): 0.06
episode waypoint tracking reward: 127.26
success rate (rot>6): 0.0057 (18/3146)
best success rate: 0.0133
Terminations: Fall=159 | Drop=2816 | Overspeed=171


STDERR最后500字符:
majority of cases.
See the migration guide at https://gymnasium.farama.org/introduction/migration_guide/ for additional information.
Using /home/user/.cache/torch_extensions/py38_cu121 as PyTorch extensions root...
Emitting ninja build file /home/user/.cache/torch_extensions/py38_cu121/gymtorch/build.ninja...
Building extension module gymtorch...
Allowing ninja to set a default number of workers... (overridable by setting the environment variable MAX_JOBS=N)
Loading extension module gymtorch...

                                                                                            [I 2025-12-06 20:33:04,048] Trial 13 pruned. 
Best trial: 11. Best value: 41.2593:  32%|███▎      | 13/40 [28:09:40<60:10:01, 8022.27s/it]Best trial: 11. Best value: 41.2593:  32%|███▎      | 13/40 [28:09:40<60:10:01, 8022.27s/it]Best trial: 11. Best value: 41.2593:  35%|███▌      | 14/40 [28:09:40<54:45:39, 7582.28s/it][Space E] Curriculum Learning 模式
  Alpha: 0.1 -> 1.0
  Curriculum Steps: 200000000

================================================================================
[Optuna Trial 14] 开始训练
================================================================================
试验参数:
  learning_rate                  = 0.00046810290989163293
  weight_decay                   = 2.502342964981855e-05
  gamma                          = 0.99
  tau                            = 0.95
  e_clip                         = 0.3
  entropy_coef                   = 0.002083824948401708
  critic_coef                    = 1.0
  kl_threshold                   = 0.05362903127250486
  mini_epochs                    = 8
  minibatch_size                 = 32768
  grad_norm                      = 2.0
  num_envs                       = 8192
  horizon_length                 = 32
  flying_linear_velocity         = 0.10916746463584502
  flying_angular_velocity        = 1.7636170186209976
  use_gaussian_angvel_reward     = False
  angvelClipMin                  = -0.32339065906990094
  angvelClipMax                  = 0.894815847828448
  angvelPenaltyThresHigh         = 0.5221029173932508
  angvelPenaltyThresLow          = -0.5709215658528637
  rotate_reward_scale            = 1.2794546226737218
  obj_linvel_penalty_scale       = -0.17958763162379798
  torque_penalty_scale           = -0.01600664784318893
  rotate_penalty_scale           = -0.035332604594636566
  axial_tilt_penalty_scale       = -1.792464356795458
  axial_tilt_threshold           = 0.020416926745370503
  position_penalty_scale         = -0.20982295564318526
  flying_base_movement_penalty_scale = -0.07339317427455083
  waypoint_tracking_reward_scale = 7.516571945367977
  waypoint_sigma                 = 0.3178026890697019
输出目录: outputs/TP_V2_SpaceE/optuna_trial_0014
================================================================================

