                                                                                         [I 2025-12-03 21:13:33,292] Trial 3 finished with value: 446.6639 and parameters: {'learning_rate': 0.00013178481381249208, 'weight_decay': 1.7218006911792448e-05, 'gamma': 0.985, 'tau': 0.95, 'e_clip': 0.1, 'entropy_coef': 0.0031061481687173877, 'critic_coef': 2.0, 'kl_threshold': 0.055133951161443075, 'mini_epochs': 5, 'minibatch_size': 16384, 'grad_norm': 2.0, 'num_envs': 8192, 'horizon_length': 16, 'flying_linear_velocity': 0.105167469907888, 'flying_angular_velocity': 2.2646116611871587, 'angvelClipMin': -0.2099410867717316, 'angvelClipMax': 0.7143098736299034, 'angvelPenaltyThresHigh': 0.5451448850272042, 'angvelPenaltyThresLow': -0.5494092513232286, 'rotate_reward_scale': 1.4811700974576039, 'obj_linvel_penalty_scale': -0.17202222344002188, 'torque_penalty_scale': -0.038776745753357086, 'rotate_penalty_scale': -0.04091070568117582, 'axial_tilt_penalty_scale': -1.3224356381577176, 'axial_tilt_threshold': 0.020497634867835686, 'position_penalty_scale': -0.1975813883401438, 'flying_base_movement_penalty_scale': -0.16602563372030932, 'waypoint_tracking_reward_scale': 8.225863952047249, 'waypoint_sigma': 0.11195222163234597}. Best is trial 1 with value: 1077.6667.
Best trial: 1. Best value: 1077.67:   8%|▊         | 3/40 [6:00:12<57:59:35, 5642.59s/it]Best trial: 1. Best value: 1077.67:   8%|▊         | 3/40 [6:00:12<57:59:35, 5642.59s/it]Best trial: 1. Best value: 1077.67:  10%|█         | 4/40 [6:00:12<53:09:15, 5315.42s/it]
================================================================================
[Optuna Trial 4] 开始训练
================================================================================
试验参数:
  learning_rate                  = 0.0004908375030156597
  weight_decay                   = 1.863444260710966e-05
  gamma                          = 0.985
  tau                            = 0.9
  e_clip                         = 0.3
  entropy_coef                   = 0.0048864056811962365
  critic_coef                    = 0.5
  kl_threshold                   = 0.07486078789766634
  mini_epochs                    = 10
  minibatch_size                 = 8192
  grad_norm                      = 1.0
  num_envs                       = 4096
  horizon_length                 = 32
  flying_linear_velocity         = 0.1409643589489385
  flying_angular_velocity        = 1.0183941032332593
  angvelClipMin                  = -0.3695585371401904
  angvelClipMax                  = 0.7654007076432223
  angvelPenaltyThresHigh         = 0.5025307919231093
  angvelPenaltyThresLow          = -0.7517575845747504
  rotate_reward_scale            = 1.8231006840498791
  obj_linvel_penalty_scale       = -0.096215720346096
  torque_penalty_scale           = -0.020441162214921985
  rotate_penalty_scale           = -0.07757306905394402
  axial_tilt_penalty_scale       = -1.2878207786524642
  axial_tilt_threshold           = 0.027117472624904004
  position_penalty_scale         = -0.23492006036814644
  flying_base_movement_penalty_scale = -0.08802628923229637
  waypoint_tracking_reward_scale = 8.248164495236074
  waypoint_sigma                 = 0.4291350029322636
输出目录: outputs/TP_V1/optuna_trial_0004
================================================================================


特权信息 (Privileged Information) 维度配置:
================================================================================
名称                             索引范围            维度       状态
--------------------------------------------------------------------------------
obj_position                   [ 0: 3]         3        [固定]
obj_mass                       [ 3: 4]         1        [固定]
obj_friction                   [ 4: 5]         1        [固定]
obj_com                        [ 5: 8]         3        [固定]
--------------------------------------------------------------------------------
obj_orientation                [ 8:12]         4        ✓
obj_linvel                     [12:15]         3        ✓
obj_angvel                     [15:18]         3        ✓
fingertip_position             [18:33]         15       ✓
fingertip_linvel               [33:48]         15       ✓
obj_restitution                [48:49]         1        ✓
tactile                        [49:64]         15       ✓
--------------------------------------------------------------------------------
总计: 11 项启用, 实际维度 = 64, 缓冲区大小 = 64
================================================================================

RunningMeanStd:  (162,)
RunningMeanStd:  64
RunningMeanStd:  3
RunningMeanStd:  (1,)

================================================================================

训练指标:
  Best Reward:         1163.1692
  Success Rate:        0.0000
  Mean Rot Angle(rad): 0.8696
  Composite Score:     1250.13
    = 1.0×1163.17 + 100.0×0.0000 + 100.0×0.8696

================================================================================
[Optuna Trial 4] 训练完成
================================================================================

                                                                                         [I 2025-12-03 23:11:17,580] Trial 4 finished with value: 1250.1292 and parameters: {'learning_rate': 0.0004908375030156597, 'weight_decay': 1.863444260710966e-05, 'gamma': 0.985, 'tau': 0.9, 'e_clip': 0.3, 'entropy_coef': 0.0048864056811962365, 'critic_coef': 0.5, 'kl_threshold': 0.07486078789766634, 'mini_epochs': 10, 'minibatch_size': 8192, 'grad_norm': 1.0, 'num_envs': 4096, 'horizon_length': 32, 'flying_linear_velocity': 0.1409643589489385, 'flying_angular_velocity': 1.0183941032332593, 'angvelClipMin': -0.3695585371401904, 'angvelClipMax': 0.7654007076432223, 'angvelPenaltyThresHigh': 0.5025307919231093, 'angvelPenaltyThresLow': -0.7517575845747504, 'rotate_reward_scale': 1.8231006840498791, 'obj_linvel_penalty_scale': -0.096215720346096, 'torque_penalty_scale': -0.020441162214921985, 'rotate_penalty_scale': -0.07757306905394402, 'axial_tilt_penalty_scale': -1.2878207786524642, 'axial_tilt_threshold': 0.027117472624904004, 'position_penalty_scale': -0.23492006036814644, 'flying_base_movement_penalty_scale': -0.08802628923229637, 'waypoint_tracking_reward_scale': 8.248164495236074, 'waypoint_sigma': 0.4291350029322636}. Best is trial 4 with value: 1250.1292.
Best trial: 1. Best value: 1077.67:  10%|█         | 4/40 [7:57:57<53:09:15, 5315.42s/it]Best trial: 4. Best value: 1250.13:  10%|█         | 4/40 [7:57:57<53:09:15, 5315.42s/it]Best trial: 4. Best value: 1250.13:  12%|█▎        | 5/40 [7:57:57<57:48:32, 5946.07s/it]
================================================================================
[Optuna Trial 5] 开始训练
================================================================================
试验参数:
  learning_rate                  = 0.00045458268795291895
  weight_decay                   = 2.4959200335928503e-05
  gamma                          = 0.99
  tau                            = 0.9
  e_clip                         = 0.1
  entropy_coef                   = 0.004518459651736344
  critic_coef                    = 0.5
  kl_threshold                   = 0.06612260576307527
  mini_epochs                    = 6
  minibatch_size                 = 16384
  grad_norm                      = 1.0
  num_envs                       = 4096
  horizon_length                 = 32
  flying_linear_velocity         = 0.19454299656338797
  flying_angular_velocity        = 2.70601891093472
  angvelClipMin                  = -0.3116653323791243
  angvelClipMax                  = 0.6540390914407701
  angvelPenaltyThresHigh         = 0.9255683357584285
  angvelPenaltyThresLow          = -0.7049233984531167
  rotate_reward_scale            = 1.2542391200291387
  obj_linvel_penalty_scale       = -0.11647981063124747
  torque_penalty_scale           = -0.011915356775176574
  rotate_penalty_scale           = -0.030397020332502703
  axial_tilt_penalty_scale       = -1.429938829910635
  axial_tilt_threshold           = 0.022915294813123058
  position_penalty_scale         = -0.17699855466016606
  flying_base_movement_penalty_scale = -0.05149192248436049
  waypoint_tracking_reward_scale = 5.7004200761826205
  waypoint_sigma                 = 0.27361493661095626
输出目录: outputs/TP_V1/optuna_trial_0005
================================================================================


特权信息 (Privileged Information) 维度配置:
================================================================================
名称                             索引范围            维度       状态
--------------------------------------------------------------------------------
obj_position                   [ 0: 3]         3        [固定]
obj_mass                       [ 3: 4]         1        [固定]
obj_friction                   [ 4: 5]         1        [固定]
obj_com                        [ 5: 8]         3        [固定]
--------------------------------------------------------------------------------
obj_orientation                [ 8:12]         4        ✓
obj_linvel                     [12:15]         3        ✓
obj_angvel                     [15:18]         3        ✓
fingertip_position             [18:33]         15       ✓
fingertip_linvel               [33:48]         15       ✓
obj_restitution                [48:49]         1        ✓
tactile                        [49:64]         15       ✓
--------------------------------------------------------------------------------
总计: 11 项启用, 实际维度 = 64, 缓冲区大小 = 64
================================================================================

RunningMeanStd:  (162,)
RunningMeanStd:  64
RunningMeanStd:  3
RunningMeanStd:  (1,)

================================================================================

训练指标:
  Best Reward:         596.7685
  Success Rate:        0.0000
  Mean Rot Angle(rad): 0.4153
  Composite Score:     638.30
    = 1.0×596.77 + 100.0×0.0000 + 100.0×0.4153

================================================================================
[Optuna Trial 5] 训练完成
================================================================================

                                                                                         [I 2025-12-04 00:53:30,705] Trial 5 finished with value: 638.2985 and parameters: {'learning_rate': 0.00045458268795291895, 'weight_decay': 2.4959200335928503e-05, 'gamma': 0.99, 'tau': 0.9, 'e_clip': 0.1, 'entropy_coef': 0.004518459651736344, 'critic_coef': 0.5, 'kl_threshold': 0.06612260576307527, 'mini_epochs': 6, 'minibatch_size': 16384, 'grad_norm': 1.0, 'num_envs': 4096, 'horizon_length': 32, 'flying_linear_velocity': 0.19454299656338797, 'flying_angular_velocity': 2.70601891093472, 'angvelClipMin': -0.3116653323791243, 'angvelClipMax': 0.6540390914407701, 'angvelPenaltyThresHigh': 0.9255683357584285, 'angvelPenaltyThresLow': -0.7049233984531167, 'rotate_reward_scale': 1.2542391200291387, 'obj_linvel_penalty_scale': -0.11647981063124747, 'torque_penalty_scale': -0.011915356775176574, 'rotate_penalty_scale': -0.030397020332502703, 'axial_tilt_penalty_scale': -1.429938829910635, 'axial_tilt_threshold': 0.022915294813123058, 'position_penalty_scale': -0.17699855466016606, 'flying_base_movement_penalty_scale': -0.05149192248436049, 'waypoint_tracking_reward_scale': 5.7004200761826205, 'waypoint_sigma': 0.27361493661095626}. Best is trial 4 with value: 1250.1292.
Best trial: 4. Best value: 1250.13:  12%|█▎        | 5/40 [9:40:10<57:48:32, 5946.07s/it]Best trial: 4. Best value: 1250.13:  12%|█▎        | 5/40 [9:40:10<57:48:32, 5946.07s/it]Best trial: 4. Best value: 1250.13:  15%|█▌        | 6/40 [9:40:10<56:45:28, 6009.67s/it]
================================================================================
[Optuna Trial 6] 开始训练
================================================================================
试验参数:
  learning_rate                  = 0.0007540029967004175
  weight_decay                   = 3.294390250117822e-05
  gamma                          = 0.99
  tau                            = 0.95
  e_clip                         = 0.2
  entropy_coef                   = 0.004510614062810397
  critic_coef                    = 0.5
  kl_threshold                   = 0.06978963347180506
  mini_epochs                    = 10
  minibatch_size                 = 16384
  grad_norm                      = 0.5
  num_envs                       = 4096
  horizon_length                 = 16
  flying_linear_velocity         = 0.17339008409894877
  flying_angular_velocity        = 1.7203812828225258
  angvelClipMin                  = -0.3618818462044346
  angvelClipMax                  = 0.7088973040219217
  angvelPenaltyThresHigh         = 0.8849967765493054
  angvelPenaltyThresLow          = -0.7352536917509471
  rotate_reward_scale            = 1.9343357137285004
  obj_linvel_penalty_scale       = -0.1871978802509348
  torque_penalty_scale           = -0.03844954836494177
  rotate_penalty_scale           = -0.0468645368431852
  axial_tilt_penalty_scale       = -1.4593648783898936
  axial_tilt_threshold           = 0.0391228970449462
  position_penalty_scale         = -0.15478173325546768
  flying_base_movement_penalty_scale = -0.053622188080619804
  waypoint_tracking_reward_scale = 7.581501741505976
  waypoint_sigma                 = 0.18178954228238559
输出目录: outputs/TP_V1/optuna_trial_0006
================================================================================


特权信息 (Privileged Information) 维度配置:
================================================================================
名称                             索引范围            维度       状态
--------------------------------------------------------------------------------
obj_position                   [ 0: 3]         3        [固定]
obj_mass                       [ 3: 4]         1        [固定]
obj_friction                   [ 4: 5]         1        [固定]
obj_com                        [ 5: 8]         3        [固定]
--------------------------------------------------------------------------------
obj_orientation                [ 8:12]         4        ✓
obj_linvel                     [12:15]         3        ✓
obj_angvel                     [15:18]         3        ✓
fingertip_position             [18:33]         15       ✓
fingertip_linvel               [33:48]         15       ✓
obj_restitution                [48:49]         1        ✓
tactile                        [49:64]         15       ✓
--------------------------------------------------------------------------------
总计: 11 项启用, 实际维度 = 64, 缓冲区大小 = 64
================================================================================

RunningMeanStd:  (162,)
RunningMeanStd:  64
RunningMeanStd:  3
RunningMeanStd:  (1,)

================================================================================

训练指标:
  Best Reward:         483.0182
  Success Rate:        0.0000
  Mean Rot Angle(rad): 1.1960
  Composite Score:     602.62
    = 1.0×483.02 + 100.0×0.0000 + 100.0×1.1960

================================================================================
[Optuna Trial 6] 训练完成
================================================================================

                                                                                         [I 2025-12-04 02:48:22,034] Trial 6 finished with value: 602.6182 and parameters: {'learning_rate': 0.0007540029967004175, 'weight_decay': 3.294390250117822e-05, 'gamma': 0.99, 'tau': 0.95, 'e_clip': 0.2, 'entropy_coef': 0.004510614062810397, 'critic_coef': 0.5, 'kl_threshold': 0.06978963347180506, 'mini_epochs': 10, 'minibatch_size': 16384, 'grad_norm': 0.5, 'num_envs': 4096, 'horizon_length': 16, 'flying_linear_velocity': 0.17339008409894877, 'flying_angular_velocity': 1.7203812828225258, 'angvelClipMin': -0.3618818462044346, 'angvelClipMax': 0.7088973040219217, 'angvelPenaltyThresHigh': 0.8849967765493054, 'angvelPenaltyThresLow': -0.7352536917509471, 'rotate_reward_scale': 1.9343357137285004, 'obj_linvel_penalty_scale': -0.1871978802509348, 'torque_penalty_scale': -0.03844954836494177, 'rotate_penalty_scale': -0.0468645368431852, 'axial_tilt_penalty_scale': -1.4593648783898936, 'axial_tilt_threshold': 0.0391228970449462, 'position_penalty_scale': -0.15478173325546768, 'flying_base_movement_penalty_scale': -0.053622188080619804, 'waypoint_tracking_reward_scale': 7.581501741505976, 'waypoint_sigma': 0.18178954228238559}. Best is trial 4 with value: 1250.1292.
Best trial: 4. Best value: 1250.13:  15%|█▌        | 6/40 [11:35:01<56:45:28, 6009.67s/it]Best trial: 4. Best value: 1250.13:  15%|█▌        | 6/40 [11:35:01<56:45:28, 6009.67s/it]Best trial: 4. Best value: 1250.13:  18%|█▊        | 7/40 [11:35:01<57:43:50, 6297.91s/it]
================================================================================
[Optuna Trial 7] 开始训练
================================================================================
试验参数:
  learning_rate                  = 0.0006240023062132524
  weight_decay                   = 1.546335120879562e-05
  gamma                          = 0.985
  tau                            = 0.85
  e_clip                         = 0.1
  entropy_coef                   = 0.0027517002871521676
  critic_coef                    = 1.0
  kl_threshold                   = 0.04399669484729714
  mini_epochs                    = 10
  minibatch_size                 = 8192
  grad_norm                      = 0.5
  num_envs                       = 4096
  horizon_length                 = 16
  flying_linear_velocity         = 0.1783190876016511
  flying_angular_velocity        = 2.4073157187600476
  angvelClipMin                  = -0.25774785127380245
  angvelClipMax                  = 0.5391336642604005
  angvelPenaltyThresHigh         = 0.7458079375584161
  angvelPenaltyThresLow          = -0.6579584687658303
  rotate_reward_scale            = 1.2598028048650227
  obj_linvel_penalty_scale       = -0.13492225261430404
  torque_penalty_scale           = -0.028044857968078797
  rotate_penalty_scale           = -0.038414990194778356
  axial_tilt_penalty_scale       = -1.3649063491323563
  axial_tilt_threshold           = 0.021359120293161338
  position_penalty_scale         = -0.22507747707470577
  flying_base_movement_penalty_scale = -0.10612101264286454
  waypoint_tracking_reward_scale = 7.515681292900439
  waypoint_sigma                 = 0.4325502253585114
输出目录: outputs/TP_V1/optuna_trial_0007
================================================================================


特权信息 (Privileged Information) 维度配置:
================================================================================
名称                             索引范围            维度       状态
--------------------------------------------------------------------------------
obj_position                   [ 0: 3]         3        [固定]
obj_mass                       [ 3: 4]         1        [固定]
obj_friction                   [ 4: 5]         1        [固定]
obj_com                        [ 5: 8]         3        [固定]
--------------------------------------------------------------------------------
obj_orientation                [ 8:12]         4        ✓
obj_linvel                     [12:15]         3        ✓
obj_angvel                     [15:18]         3        ✓
fingertip_position             [18:33]         15       ✓
fingertip_linvel               [33:48]         15       ✓
obj_restitution                [48:49]         1        ✓
tactile                        [49:64]         15       ✓
--------------------------------------------------------------------------------
总计: 11 项启用, 实际维度 = 64, 缓冲区大小 = 64
================================================================================

RunningMeanStd:  (162,)
RunningMeanStd:  64
RunningMeanStd:  3
RunningMeanStd:  (1,)

================================================================================

训练指标:
  Best Reward:         1078.7653
  Success Rate:        0.0000
  Mean Rot Angle(rad): 0.8621
  Composite Score:     1164.98
    = 1.0×1078.77 + 100.0×0.0000 + 100.0×0.8621

================================================================================
[Optuna Trial 7] 训练完成
================================================================================

