                                                                                          [I 2025-12-06 07:07:33,654] Trial 7 finished with value: 38.4586 and parameters: {'learning_rate': 0.0002564206191032102, 'weight_decay': 1.321683692899763e-05, 'gamma': 0.992, 'tau': 0.85, 'e_clip': 0.1, 'entropy_coef': 0.0052820452236404655, 'critic_coef': 0.5, 'kl_threshold': 0.06789230552321845, 'mini_epochs': 5, 'minibatch_size': 8192, 'grad_norm': 0.5, 'num_envs': 8192, 'horizon_length': 16, 'flying_linear_velocity': 0.10977571015960602, 'flying_angular_velocity': 2.231700196104433, 'use_gaussian_angvel_reward': True, 'target_angvel': 3.1857567658191206, 'angvel_sigma': 1.4387898735713547, 'rotate_reward_scale': 1.7547043878701316, 'obj_linvel_penalty_scale': -0.07152652382175165, 'torque_penalty_scale': -0.02023919105143165, 'rotate_penalty_scale': -0.08370655729185704, 'axial_tilt_penalty_scale': -1.9294312525995703, 'axial_tilt_threshold': 0.03927257834618947, 'position_penalty_scale': -0.29469773789167564, 'flying_base_movement_penalty_scale': -0.1121336628089805, 'waypoint_tracking_reward_scale': 9.701151207124788, 'waypoint_sigma': 0.30047286360166314}. Best is trial 6 with value: 38.5304.
Best trial: 6. Best value: 38.5304:  18%|█▊        | 7/40 [14:44:10<61:46:05, 6738.34s/it]Best trial: 6. Best value: 38.5304:  18%|█▊        | 7/40 [14:44:10<61:46:05, 6738.34s/it]Best trial: 6. Best value: 38.5304:  20%|██        | 8/40 [14:44:10<58:33:45, 6588.28s/it][Space E] Curriculum Learning 模式
  Alpha: 0.1 -> 1.0
  Curriculum Steps: 200000000

================================================================================
[Optuna Trial 8] 开始训练
================================================================================
试验参数:
  learning_rate                  = 0.00024443867797259585
  weight_decay                   = 2.816042265907633e-05
  gamma                          = 0.992
  tau                            = 0.9
  e_clip                         = 0.1
  entropy_coef                   = 0.0011275527795608481
  critic_coef                    = 1.0
  kl_threshold                   = 0.045948781514688064
  mini_epochs                    = 10
  minibatch_size                 = 16384
  grad_norm                      = 1.0
  num_envs                       = 4096
  horizon_length                 = 16
  flying_linear_velocity         = 0.16259221274612878
  flying_angular_velocity        = 2.6136694785345282
  use_gaussian_angvel_reward     = True
  target_angvel                  = 3.1740813860675243
  angvel_sigma                   = 1.6646194411129953
  rotate_reward_scale            = 1.5112053103795269
  obj_linvel_penalty_scale       = -0.06038640115946528
  torque_penalty_scale           = -0.014247617444709648
  rotate_penalty_scale           = -0.057100597262498165
  axial_tilt_penalty_scale       = -1.2491289322085026
  axial_tilt_threshold           = 0.04263628622254047
  position_penalty_scale         = -0.27937522623281347
  flying_base_movement_penalty_scale = -0.064617063998065
  waypoint_tracking_reward_scale = 7.526261862239286
  waypoint_sigma                 = 0.4184350090706386
输出目录: outputs/TP_V2_SpaceE/optuna_trial_0008
================================================================================


特权信息 (Privileged Information) 维度配置:
================================================================================
名称                             索引范围            维度       状态
--------------------------------------------------------------------------------
obj_position                   [ 0: 3]         3        [固定]
obj_mass                       [ 3: 4]         1        [固定]
obj_friction                   [ 4: 5]         1        [固定]
obj_com                        [ 5: 8]         3        [固定]
--------------------------------------------------------------------------------
obj_orientation                [ 8:12]         4        ✓
obj_linvel                     [12:15]         3        ✓
obj_angvel                     [15:18]         3        ✓
fingertip_position             [18:33]         15       ✓
fingertip_linvel               [33:48]         15       ✓
obj_restitution                [48:49]         1        ✓
tactile                        [49:64]         15       ✓
--------------------------------------------------------------------------------
总计: 11 项启用, 实际维度 = 64, 缓冲区大小 = 64
================================================================================

RunningMeanStd:  (162,)
RunningMeanStd:  64
RunningMeanStd:  3
RunningMeanStd:  (1,)

================================================================================

训练指标:
  Best Reward:         15.4419
  Success Rate:        0.0315
  Mean Rot Angle(rad): 0.2037
  Composite Score:     38.96
    = 1.0×15.44 + 100.0×0.0315 + 100.0×0.2037

================================================================================
[Optuna Trial 8] 训练完成
================================================================================

                                                                                          [I 2025-12-06 09:35:54,344] Trial 8 finished with value: 38.9619 and parameters: {'learning_rate': 0.00024443867797259585, 'weight_decay': 2.816042265907633e-05, 'gamma': 0.992, 'tau': 0.9, 'e_clip': 0.1, 'entropy_coef': 0.0011275527795608481, 'critic_coef': 1.0, 'kl_threshold': 0.045948781514688064, 'mini_epochs': 10, 'minibatch_size': 16384, 'grad_norm': 1.0, 'num_envs': 4096, 'horizon_length': 16, 'flying_linear_velocity': 0.16259221274612878, 'flying_angular_velocity': 2.6136694785345282, 'use_gaussian_angvel_reward': True, 'target_angvel': 3.1740813860675243, 'angvel_sigma': 1.6646194411129953, 'rotate_reward_scale': 1.5112053103795269, 'obj_linvel_penalty_scale': -0.06038640115946528, 'torque_penalty_scale': -0.014247617444709648, 'rotate_penalty_scale': -0.057100597262498165, 'axial_tilt_penalty_scale': -1.2491289322085026, 'axial_tilt_threshold': 0.04263628622254047, 'position_penalty_scale': -0.27937522623281347, 'flying_base_movement_penalty_scale': -0.064617063998065, 'waypoint_tracking_reward_scale': 7.526261862239286, 'waypoint_sigma': 0.4184350090706386}. Best is trial 8 with value: 38.9619.
Best trial: 6. Best value: 38.5304:  20%|██        | 8/40 [17:12:30<58:33:45, 6588.28s/it]Best trial: 8. Best value: 38.9619:  20%|██        | 8/40 [17:12:30<58:33:45, 6588.28s/it]Best trial: 8. Best value: 38.9619:  22%|██▎       | 9/40 [17:12:30<62:57:26, 7311.18s/it][Space E] Curriculum Learning 模式
  Alpha: 0.1 -> 1.0
  Curriculum Steps: 200000000

================================================================================
[Optuna Trial 9] 开始训练
================================================================================
试验参数:
  learning_rate                  = 0.0002089534764232497
  weight_decay                   = 4.2261399514347515e-05
  gamma                          = 0.992
  tau                            = 0.95
  e_clip                         = 0.1
  entropy_coef                   = 0.004139118653848238
  critic_coef                    = 2.0
  kl_threshold                   = 0.067618726471884
  mini_epochs                    = 9
  minibatch_size                 = 8192
  grad_norm                      = 1.0
  num_envs                       = 4096
  horizon_length                 = 32
  flying_linear_velocity         = 0.14273270949743916
  flying_angular_velocity        = 1.2022453522455805
  use_gaussian_angvel_reward     = False
  angvelClipMin                  = -0.37817109809074195
  angvelClipMax                  = 0.8287440237161425
  angvelPenaltyThresHigh         = 0.8531211135782482
  angvelPenaltyThresLow          = -0.7755953658074302
  rotate_reward_scale            = 1.1272565711277878
  obj_linvel_penalty_scale       = -0.05200406322482368
  torque_penalty_scale           = -0.028771876127316392
  rotate_penalty_scale           = -0.06293578529331091
  axial_tilt_penalty_scale       = -1.1872004327424974
  axial_tilt_threshold           = 0.04841745732151576
  position_penalty_scale         = -0.10279978723542582
  flying_base_movement_penalty_scale = -0.08699327221115875
  waypoint_tracking_reward_scale = 6.881297927654579
  waypoint_sigma                 = 0.0692453368483743
输出目录: outputs/TP_V2_SpaceE/optuna_trial_0009
================================================================================


特权信息 (Privileged Information) 维度配置:
================================================================================
名称                             索引范围            维度       状态
--------------------------------------------------------------------------------
obj_position                   [ 0: 3]         3        [固定]
obj_mass                       [ 3: 4]         1        [固定]
obj_friction                   [ 4: 5]         1        [固定]
obj_com                        [ 5: 8]         3        [固定]
--------------------------------------------------------------------------------
obj_orientation                [ 8:12]         4        ✓
obj_linvel                     [12:15]         3        ✓
obj_angvel                     [15:18]         3        ✓
fingertip_position             [18:33]         15       ✓
fingertip_linvel               [33:48]         15       ✓
obj_restitution                [48:49]         1        ✓
tactile                        [49:64]         15       ✓
--------------------------------------------------------------------------------
总计: 11 项启用, 实际维度 = 64, 缓冲区大小 = 64
================================================================================

RunningMeanStd:  (162,)
RunningMeanStd:  64
RunningMeanStd:  3
RunningMeanStd:  (1,)

================================================================================

训练指标:
  Best Reward:         3.0684
  Success Rate:        0.0084
  Mean Rot Angle(rad): 0.2111
  Composite Score:     25.02
    = 1.0×3.07 + 100.0×0.0084 + 100.0×0.2111

================================================================================
[Optuna Trial 9] 训练完成
================================================================================

                                                                                          [I 2025-12-06 12:00:39,336] Trial 9 finished with value: 25.0184 and parameters: {'learning_rate': 0.0002089534764232497, 'weight_decay': 4.2261399514347515e-05, 'gamma': 0.992, 'tau': 0.95, 'e_clip': 0.1, 'entropy_coef': 0.004139118653848238, 'critic_coef': 2.0, 'kl_threshold': 0.067618726471884, 'mini_epochs': 9, 'minibatch_size': 8192, 'grad_norm': 1.0, 'num_envs': 4096, 'horizon_length': 32, 'flying_linear_velocity': 0.14273270949743916, 'flying_angular_velocity': 1.2022453522455805, 'use_gaussian_angvel_reward': False, 'angvelClipMin': -0.37817109809074195, 'angvelClipMax': 0.8287440237161425, 'angvelPenaltyThresHigh': 0.8531211135782482, 'angvelPenaltyThresLow': -0.7755953658074302, 'rotate_reward_scale': 1.1272565711277878, 'obj_linvel_penalty_scale': -0.05200406322482368, 'torque_penalty_scale': -0.028771876127316392, 'rotate_penalty_scale': -0.06293578529331091, 'axial_tilt_penalty_scale': -1.1872004327424974, 'axial_tilt_threshold': 0.04841745732151576, 'position_penalty_scale': -0.10279978723542582, 'flying_base_movement_penalty_scale': -0.08699327221115875, 'waypoint_tracking_reward_scale': 6.881297927654579, 'waypoint_sigma': 0.0692453368483743}. Best is trial 8 with value: 38.9619.
Best trial: 8. Best value: 38.9619:  22%|██▎       | 9/40 [19:37:15<62:57:26, 7311.18s/it]Best trial: 8. Best value: 38.9619:  22%|██▎       | 9/40 [19:37:15<62:57:26, 7311.18s/it]Best trial: 8. Best value: 38.9619:  25%|██▌       | 10/40 [19:37:15<64:27:39, 7735.30s/it][Space E] Curriculum Learning 模式
  Alpha: 0.1 -> 1.0
  Curriculum Steps: 200000000

================================================================================
[Optuna Trial 10] 开始训练
================================================================================
试验参数:
  learning_rate                  = 0.00036562052942823274
  weight_decay                   = 2.076982389562754e-05
  gamma                          = 0.992
  tau                            = 0.85
  e_clip                         = 0.1
  entropy_coef                   = 0.0012710763997282807
  critic_coef                    = 1.0
  kl_threshold                   = 0.061204176358618266
  mini_epochs                    = 10
  minibatch_size                 = 16384
  grad_norm                      = 1.0
  num_envs                       = 8192
  horizon_length                 = 16
  flying_linear_velocity         = 0.19832024294281292
  flying_angular_velocity        = 2.9859728222125765
  use_gaussian_angvel_reward     = True
  target_angvel                  = 5.926107011697926
  angvel_sigma                   = 1.9963838793201951
  rotate_reward_scale            = 1.376398543726026
  obj_linvel_penalty_scale       = -0.1408312643380664
  torque_penalty_scale           = -0.010921090748563117
  rotate_penalty_scale           = -0.02172255082563318
  axial_tilt_penalty_scale       = -1.0073587999117604
  axial_tilt_threshold           = 0.04666679068757484
  position_penalty_scale         = -0.23047331390068343
  flying_base_movement_penalty_scale = -0.1949621172598292
  waypoint_tracking_reward_scale = 8.223262317845899
  waypoint_sigma                 = 0.4981277699212947
输出目录: outputs/TP_V2_SpaceE/optuna_trial_0010
================================================================================


特权信息 (Privileged Information) 维度配置:
================================================================================
名称                             索引范围            维度       状态
--------------------------------------------------------------------------------
obj_position                   [ 0: 3]         3        [固定]
obj_mass                       [ 3: 4]         1        [固定]
obj_friction                   [ 4: 5]         1        [固定]
obj_com                        [ 5: 8]         3        [固定]
--------------------------------------------------------------------------------
obj_orientation                [ 8:12]         4        ✓
obj_linvel                     [12:15]         3        ✓
obj_angvel                     [15:18]         3        ✓
fingertip_position             [18:33]         15       ✓
fingertip_linvel               [33:48]         15       ✓
obj_restitution                [48:49]         1        ✓
tactile                        [49:64]         15       ✓
--------------------------------------------------------------------------------
总计: 11 项启用, 实际维度 = 64, 缓冲区大小 = 64
================================================================================

RunningMeanStd:  (162,)
RunningMeanStd:  64
RunningMeanStd:  3
RunningMeanStd:  (1,)

================================================================================

训练指标:
  Best Reward:         16.9264
  Success Rate:        0.0205
  Mean Rot Angle(rad): 0.0819
  Composite Score:     27.17
    = 1.0×16.93 + 100.0×0.0205 + 100.0×0.0819

================================================================================
[Optuna Trial 10] 训练完成
================================================================================

                                                                                           [I 2025-12-06 14:05:44,623] Trial 10 finished with value: 27.166400000000003 and parameters: {'learning_rate': 0.00036562052942823274, 'weight_decay': 2.076982389562754e-05, 'gamma': 0.992, 'tau': 0.85, 'e_clip': 0.1, 'entropy_coef': 0.0012710763997282807, 'critic_coef': 1.0, 'kl_threshold': 0.061204176358618266, 'mini_epochs': 10, 'minibatch_size': 16384, 'grad_norm': 1.0, 'num_envs': 8192, 'horizon_length': 16, 'flying_linear_velocity': 0.19832024294281292, 'flying_angular_velocity': 2.9859728222125765, 'use_gaussian_angvel_reward': True, 'target_angvel': 5.926107011697926, 'angvel_sigma': 1.9963838793201951, 'rotate_reward_scale': 1.376398543726026, 'obj_linvel_penalty_scale': -0.1408312643380664, 'torque_penalty_scale': -0.010921090748563117, 'rotate_penalty_scale': -0.02172255082563318, 'axial_tilt_penalty_scale': -1.0073587999117604, 'axial_tilt_threshold': 0.04666679068757484, 'position_penalty_scale': -0.23047331390068343, 'flying_base_movement_penalty_scale': -0.1949621172598292, 'waypoint_tracking_reward_scale': 8.223262317845899, 'waypoint_sigma': 0.4981277699212947}. Best is trial 8 with value: 38.9619.
Best trial: 8. Best value: 38.9619:  25%|██▌       | 10/40 [21:42:21<64:27:39, 7735.30s/it]Best trial: 8. Best value: 38.9619:  25%|██▌       | 10/40 [21:42:21<64:27:39, 7735.30s/it]Best trial: 8. Best value: 38.9619:  28%|██▊       | 11/40 [21:42:21<61:44:42, 7664.91s/it][Space E] Curriculum Learning 模式
  Alpha: 0.1 -> 1.0
  Curriculum Steps: 200000000

================================================================================
[Optuna Trial 11] 开始训练
================================================================================
试验参数:
  learning_rate                  = 0.0006995957899232556
  weight_decay                   = 2.5969307881456998e-05
  gamma                          = 0.99
  tau                            = 0.9
  e_clip                         = 0.3
  entropy_coef                   = 0.0026748669426930843
  critic_coef                    = 1.0
  kl_threshold                   = 0.03113977051759459
  mini_epochs                    = 8
  minibatch_size                 = 32768
  grad_norm                      = 2.0
  num_envs                       = 4096
  horizon_length                 = 24
  flying_linear_velocity         = 0.16386784176800476
  flying_angular_velocity        = 1.628364396759809
  use_gaussian_angvel_reward     = False
  angvelClipMin                  = -0.2732891142130789
  angvelClipMax                  = 0.7658471884059138
  angvelPenaltyThresHigh         = 0.9979275785088448
  angvelPenaltyThresLow          = -0.5092190443853846
  rotate_reward_scale            = 1.5391997460615459
  obj_linvel_penalty_scale       = -0.14727175128001824
  torque_penalty_scale           = -0.010905573203224692
  rotate_penalty_scale           = -0.06287627765558736
  axial_tilt_penalty_scale       = -1.7139791935344522
  axial_tilt_threshold           = 0.02128507576708762
  position_penalty_scale         = -0.23467834362617024
  flying_base_movement_penalty_scale = -0.05579279915784856
  waypoint_tracking_reward_scale = 8.45227789279713
  waypoint_sigma                 = 0.38217021261825806
输出目录: outputs/TP_V2_SpaceE/optuna_trial_0011
================================================================================


特权信息 (Privileged Information) 维度配置:
================================================================================
名称                             索引范围            维度       状态
--------------------------------------------------------------------------------
obj_position                   [ 0: 3]         3        [固定]
obj_mass                       [ 3: 4]         1        [固定]
obj_friction                   [ 4: 5]         1        [固定]
obj_com                        [ 5: 8]         3        [固定]
--------------------------------------------------------------------------------
obj_orientation                [ 8:12]         4        ✓
obj_linvel                     [12:15]         3        ✓
obj_angvel                     [15:18]         3        ✓
fingertip_position             [18:33]         15       ✓
fingertip_linvel               [33:48]         15       ✓
obj_restitution                [48:49]         1        ✓
tactile                        [49:64]         15       ✓
--------------------------------------------------------------------------------
总计: 11 项启用, 实际维度 = 64, 缓冲区大小 = 64
================================================================================

RunningMeanStd:  (162,)
RunningMeanStd:  64
RunningMeanStd:  3
RunningMeanStd:  (1,)

================================================================================

训练指标:
  Best Reward:         15.7693
  Success Rate:        0.0298
  Mean Rot Angle(rad): 0.2251
  Composite Score:     41.26
    = 1.0×15.77 + 100.0×0.0298 + 100.0×0.2251

================================================================================
[Optuna Trial 11] 训练完成
================================================================================

