                                                                                             [I 2025-12-14 23:16:00,342] Trial 24 finished with value: 1597.8391000000001 and parameters: {'alpha_start': 0.5805317534856006, 'learning_rate': 0.00044025474266300136, 'weight_decay': 6.439177469592158e-06, 'gamma': 0.985, 'tau': 0.9, 'e_clip': 0.1, 'entropy_coef': 0.003997126533128904, 'critic_coef': 0.5, 'kl_threshold': 0.03366524952560299, 'kl_adaptive_factor': 1.15, 'min_lr': 2.59457789100517e-06, 'mini_epochs': 9, 'minibatch_size': 32768, 'grad_norm': 0.25, 'num_envs': 8192, 'horizon_length': 24, 'controller_pgain': 24.032900711434092, 'controller_dgain': 0.5605206525360537, 'controller_torque_limit': 6.265990657813497, 'controller_action_scale': 0.12620669040028104, 'target_angvel': 6.139039537277476, 'angvel_sigma': 1.5417902123865233, 'rotate_reward_scale': 1.5937623525115217, 'obj_linvel_penalty_scale': -0.16918164342331043, 'torque_penalty_scale': -0.03376209877784996, 'rotate_penalty_scale': -0.0001987091897155853, 'axial_tilt_penalty_scale': -1.93807155362935, 'axial_tilt_threshold': 0.018964055157532606, 'position_penalty_scale': -0.1444430966995681, 'waypoint_tracking_reward_scale': 7.3534020420603765, 'waypoint_sigma': 0.14967242457888527, 'log_scale_beta': 4.328370738776637, 'ema_alpha': 0.23759139068584306, 'jitter_penalty_scale': -0.6057075634446393, 'reverse_penalty_scale': -1.1409356970738092}. Best is trial 14 with value: 3950.2084999999997.
Best trial: 14. Best value: 3950.21:  60%|██████    | 24/40 [81:22:42<51:53:02, 11673.88s/it]Best trial: 14. Best value: 3950.21:  60%|██████    | 24/40 [81:22:42<51:53:02, 11673.88s/it]Best trial: 14. Best value: 3950.21:  62%|██████▎   | 25/40 [81:22:42<52:56:54, 12707.65s/it]
[Space E] Alpha: 0.685 -> 1.0

================================================================================
[Optuna Trial 25] 开始训练
================================================================================
试验参数:
  alpha_start                    = 0.6853639357783319
  learning_rate                  = 0.0003026582213694982
  weight_decay                   = 1.9933334128897934e-05
  gamma                          = 0.995
  tau                            = 0.85
  e_clip                         = 0.3
  entropy_coef                   = 0.004378936861515106
  critic_coef                    = 1.0
  kl_threshold                   = 0.00863205211870683
  kl_adaptive_factor             = 1.5
  min_lr                         = 3.6919574733725575e-06
  mini_epochs                    = 8
  minibatch_size                 = 16384
  grad_norm                      = 0.25
  num_envs                       = 8192
  horizon_length                 = 24
  controller_pgain               = 24.912192577766994
  controller_dgain               = 0.5044913765401741
  controller_torque_limit        = 5.270155175348251
  controller_action_scale        = 0.1139110310133732
  target_angvel                  = 5.666748631100327
  angvel_sigma                   = 1.408799354609176
  rotate_reward_scale            = 1.7178242667488097
  obj_linvel_penalty_scale       = -0.10933534541256064
  torque_penalty_scale           = -0.030383872855854394
  rotate_penalty_scale           = -0.10051756257593793
  axial_tilt_penalty_scale       = -2.14895741744283
  axial_tilt_threshold           = 0.014620251119956261
  position_penalty_scale         = -0.1674666656390764
  waypoint_tracking_reward_scale = 8.048565563421587
  waypoint_sigma                 = 0.18769989722461666
  log_scale_beta                 = 4.811347258390985
  ema_alpha                      = 0.26484836239038595
  jitter_penalty_scale           = -1.115996040698907
  reverse_penalty_scale          = -0.6344965746236213
输出目录: outputs/TP_V5/optuna_trial_0025
================================================================================


特权信息 (Privileged Information) 维度配置:
================================================================================
名称                             索引范围            维度       状态
--------------------------------------------------------------------------------
obj_position                   [ 0: 3]         3        [固定]
obj_mass                       [ 3: 4]         1        [固定]
obj_friction                   [ 4: 5]         1        [固定]
obj_com                        [ 5: 8]         3        [固定]
--------------------------------------------------------------------------------
obj_orientation                [ 8:12]         4        ✓
obj_linvel                     [12:15]         3        ✓
obj_angvel                     [15:18]         3        ✓
fingertip_position             [18:33]         15       ✓
fingertip_linvel               [33:48]         15       ✓
obj_restitution                [48:49]         1        ✓
tactile                        [49:64]         15       ✓
--------------------------------------------------------------------------------
总计: 11 项启用, 实际维度 = 64, 缓冲区大小 = 64
================================================================================

RunningMeanStd:  (126,)
RunningMeanStd:  64
RunningMeanStd:  3
RunningMeanStd:  (1,)

================================================================================

训练指标:
  Best Reward:         47.9033
  Success Rate:        0.0001
  Mean Rot Angle(rad): 2.4283
  Composite Score:     290.74
    = 1.0×47.90 + 100.0×0.0001 + 100.0×2.4283

================================================================================
[Optuna Trial 25] 训练完成
================================================================================

                                                                                             [I 2025-12-15 03:30:58,019] Trial 25 finished with value: 290.74330000000003 and parameters: {'alpha_start': 0.6853639357783319, 'learning_rate': 0.0003026582213694982, 'weight_decay': 1.9933334128897934e-05, 'gamma': 0.995, 'tau': 0.85, 'e_clip': 0.3, 'entropy_coef': 0.004378936861515106, 'critic_coef': 1.0, 'kl_threshold': 0.00863205211870683, 'kl_adaptive_factor': 1.5, 'min_lr': 3.6919574733725575e-06, 'mini_epochs': 8, 'minibatch_size': 16384, 'grad_norm': 0.25, 'num_envs': 8192, 'horizon_length': 24, 'controller_pgain': 24.912192577766994, 'controller_dgain': 0.5044913765401741, 'controller_torque_limit': 5.270155175348251, 'controller_action_scale': 0.1139110310133732, 'target_angvel': 5.666748631100327, 'angvel_sigma': 1.408799354609176, 'rotate_reward_scale': 1.7178242667488097, 'obj_linvel_penalty_scale': -0.10933534541256064, 'torque_penalty_scale': -0.030383872855854394, 'rotate_penalty_scale': -0.10051756257593793, 'axial_tilt_penalty_scale': -2.14895741744283, 'axial_tilt_threshold': 0.014620251119956261, 'position_penalty_scale': -0.1674666656390764, 'waypoint_tracking_reward_scale': 8.048565563421587, 'waypoint_sigma': 0.18769989722461666, 'log_scale_beta': 4.811347258390985, 'ema_alpha': 0.26484836239038595, 'jitter_penalty_scale': -1.115996040698907, 'reverse_penalty_scale': -0.6344965746236213}. Best is trial 14 with value: 3950.2084999999997.
Best trial: 14. Best value: 3950.21:  62%|██████▎   | 25/40 [85:37:40<52:56:54, 12707.65s/it]Best trial: 14. Best value: 3950.21:  62%|██████▎   | 25/40 [85:37:40<52:56:54, 12707.65s/it]Best trial: 14. Best value: 3950.21:  65%|██████▌   | 26/40 [85:37:40<52:26:26, 13484.73s/it]
[Space E] Alpha: 0.809 -> 1.0

================================================================================
[Optuna Trial 26] 开始训练
================================================================================
试验参数:
  alpha_start                    = 0.808562473663895
  learning_rate                  = 0.0005878928099359882
  weight_decay                   = 1.4134297738506573e-05
  gamma                          = 0.995
  tau                            = 0.95
  e_clip                         = 0.4
  entropy_coef                   = 0.0061766248679144915
  critic_coef                    = 2.0
  kl_threshold                   = 0.04840925607056391
  kl_adaptive_factor             = 1.1
  min_lr                         = 6.533092562925776e-06
  mini_epochs                    = 7
  minibatch_size                 = 8192
  grad_norm                      = 2.0
  num_envs                       = 8192
  horizon_length                 = 24
  controller_pgain               = 14.677251533096355
  controller_dgain               = 0.4374588364255719
  controller_torque_limit        = 5.781446074958996
  controller_action_scale        = 0.1415707887022018
  target_angvel                  = 5.388455815278974
  angvel_sigma                   = 1.7493959697163883
  rotate_reward_scale            = 1.8628805905835404
  obj_linvel_penalty_scale       = -0.1412443069906678
  torque_penalty_scale           = -0.0374300417636238
  rotate_penalty_scale           = -0.03189138204482498
  axial_tilt_penalty_scale       = -1.6059398973560723
  axial_tilt_threshold           = 0.01158408120936236
  position_penalty_scale         = -0.1856235822028288
  waypoint_tracking_reward_scale = 7.01984382314657
  waypoint_sigma                 = 0.054622907464248735
  log_scale_beta                 = 4.079622623218547
  ema_alpha                      = 0.15606517349099736
  jitter_penalty_scale           = -0.7820874979110348
  reverse_penalty_scale          = -1.2095271339061877
输出目录: outputs/TP_V5/optuna_trial_0026
================================================================================


特权信息 (Privileged Information) 维度配置:
================================================================================
名称                             索引范围            维度       状态
--------------------------------------------------------------------------------
obj_position                   [ 0: 3]         3        [固定]
obj_mass                       [ 3: 4]         1        [固定]
obj_friction                   [ 4: 5]         1        [固定]
obj_com                        [ 5: 8]         3        [固定]
--------------------------------------------------------------------------------
obj_orientation                [ 8:12]         4        ✓
obj_linvel                     [12:15]         3        ✓
obj_angvel                     [15:18]         3        ✓
fingertip_position             [18:33]         15       ✓
fingertip_linvel               [33:48]         15       ✓
obj_restitution                [48:49]         1        ✓
tactile                        [49:64]         15       ✓
--------------------------------------------------------------------------------
总计: 11 项启用, 实际维度 = 64, 缓冲区大小 = 64
================================================================================

RunningMeanStd:  (126,)
RunningMeanStd:  64
RunningMeanStd:  3
RunningMeanStd:  (1,)

================================================================================

训练指标:
  Best Reward:         56.9760
  Success Rate:        0.0002
  Mean Rot Angle(rad): 3.4701
  Composite Score:     404.01
    = 1.0×56.98 + 100.0×0.0002 + 100.0×3.4701

================================================================================
[Optuna Trial 26] 训练完成
================================================================================

                                                                                             [I 2025-12-15 07:30:37,083] Trial 26 finished with value: 404.006 and parameters: {'alpha_start': 0.808562473663895, 'learning_rate': 0.0005878928099359882, 'weight_decay': 1.4134297738506573e-05, 'gamma': 0.995, 'tau': 0.95, 'e_clip': 0.4, 'entropy_coef': 0.0061766248679144915, 'critic_coef': 2.0, 'kl_threshold': 0.04840925607056391, 'kl_adaptive_factor': 1.1, 'min_lr': 6.533092562925776e-06, 'mini_epochs': 7, 'minibatch_size': 8192, 'grad_norm': 2.0, 'num_envs': 8192, 'horizon_length': 24, 'controller_pgain': 14.677251533096355, 'controller_dgain': 0.4374588364255719, 'controller_torque_limit': 5.781446074958996, 'controller_action_scale': 0.1415707887022018, 'target_angvel': 5.388455815278974, 'angvel_sigma': 1.7493959697163883, 'rotate_reward_scale': 1.8628805905835404, 'obj_linvel_penalty_scale': -0.1412443069906678, 'torque_penalty_scale': -0.0374300417636238, 'rotate_penalty_scale': -0.03189138204482498, 'axial_tilt_penalty_scale': -1.6059398973560723, 'axial_tilt_threshold': 0.01158408120936236, 'position_penalty_scale': -0.1856235822028288, 'waypoint_tracking_reward_scale': 7.01984382314657, 'waypoint_sigma': 0.054622907464248735, 'log_scale_beta': 4.079622623218547, 'ema_alpha': 0.15606517349099736, 'jitter_penalty_scale': -0.7820874979110348, 'reverse_penalty_scale': -1.2095271339061877}. Best is trial 14 with value: 3950.2084999999997.
Best trial: 14. Best value: 3950.21:  65%|██████▌   | 26/40 [89:37:19<52:26:26, 13484.73s/it]Best trial: 14. Best value: 3950.21:  65%|██████▌   | 26/40 [89:37:19<52:26:26, 13484.73s/it]Best trial: 14. Best value: 3950.21:  68%|██████▊   | 27/40 [89:37:19<49:39:49, 13753.05s/it]
[Space E] Alpha: 0.578 -> 1.0

================================================================================
[Optuna Trial 27] 开始训练
================================================================================
试验参数:
  alpha_start                    = 0.578034944695361
  learning_rate                  = 0.00023891466494697239
  weight_decay                   = 2.7068594647882163e-05
  gamma                          = 0.985
  tau                            = 0.98
  e_clip                         = 0.2
  entropy_coef                   = 0.003321852656167764
  critic_coef                    = 0.5
  kl_threshold                   = 0.03713259754455439
  kl_adaptive_factor             = 1.2
  min_lr                         = 2.2655615434174995e-06
  mini_epochs                    = 9
  minibatch_size                 = 16384
  grad_norm                      = 0.5
  num_envs                       = 8192
  horizon_length                 = 24
  controller_pgain               = 23.88138290293744
  controller_dgain               = 0.5288511890285558
  controller_torque_limit        = 6.019061808220973
  controller_action_scale        = 0.10505711991196952
  target_angvel                  = 5.824422833746596
  angvel_sigma                   = 1.5499514611043803
  rotate_reward_scale            = 1.579844737933255
  obj_linvel_penalty_scale       = -0.15707072647449355
  torque_penalty_scale           = -0.03778233569818627
  rotate_penalty_scale           = -0.01648453150942554
  axial_tilt_penalty_scale       = -2.28368928632944
  axial_tilt_threshold           = 0.01318974181537937
  position_penalty_scale         = -0.21063511094262674
  waypoint_tracking_reward_scale = 6.331464538182432
  waypoint_sigma                 = 0.09089942141301145
  log_scale_beta                 = 2.7879223943567073
  ema_alpha                      = 0.2147211897886059
  jitter_penalty_scale           = -0.9385183257346028
  reverse_penalty_scale          = -0.9829455459987086
输出目录: outputs/TP_V5/optuna_trial_0027
================================================================================


特权信息 (Privileged Information) 维度配置:
================================================================================
名称                             索引范围            维度       状态
--------------------------------------------------------------------------------
obj_position                   [ 0: 3]         3        [固定]
obj_mass                       [ 3: 4]         1        [固定]
obj_friction                   [ 4: 5]         1        [固定]
obj_com                        [ 5: 8]         3        [固定]
--------------------------------------------------------------------------------
obj_orientation                [ 8:12]         4        ✓
obj_linvel                     [12:15]         3        ✓
obj_angvel                     [15:18]         3        ✓
fingertip_position             [18:33]         15       ✓
fingertip_linvel               [33:48]         15       ✓
obj_restitution                [48:49]         1        ✓
tactile                        [49:64]         15       ✓
--------------------------------------------------------------------------------
总计: 11 项启用, 实际维度 = 64, 缓冲区大小 = 64
================================================================================

RunningMeanStd:  (126,)
RunningMeanStd:  64
RunningMeanStd:  3
RunningMeanStd:  (1,)

================================================================================

训练指标:
  Best Reward:         322.9506
  Success Rate:        0.6032
  Mean Rot Angle(rad): 19.7123
  Composite Score:     2354.50
    = 1.0×322.95 + 100.0×0.6032 + 100.0×19.7123

================================================================================
[Optuna Trial 27] 训练完成
================================================================================

