                                                                                            [I 2025-12-04 16:20:56,037] Trial 15 finished with value: 422.5735 and parameters: {'learning_rate': 0.0009200903745166868, 'weight_decay': 3.793590514662311e-05, 'gamma': 0.99, 'tau': 0.9, 'e_clip': 0.2, 'entropy_coef': 0.0010226192502866365, 'critic_coef': 0.5, 'kl_threshold': 0.0637277212637885, 'mini_epochs': 9, 'minibatch_size': 32768, 'grad_norm': 1.0, 'num_envs': 8192, 'horizon_length': 16, 'flying_linear_velocity': 0.0780514501919655, 'flying_angular_velocity': 1.9886342689449363, 'angvelClipMin': -0.3180189860230663, 'angvelClipMax': 0.6158930279965568, 'angvelPenaltyThresHigh': 0.6322765939187626, 'angvelPenaltyThresLow': -0.7991867907556305, 'rotate_reward_scale': 1.621646788680951, 'obj_linvel_penalty_scale': -0.07608807244238891, 'torque_penalty_scale': -0.02444604672718356, 'rotate_penalty_scale': -0.08002267688641952, 'axial_tilt_penalty_scale': -1.793470893364578, 'axial_tilt_threshold': 0.04361367676362379, 'position_penalty_scale': -0.26007647035280246, 'flying_base_movement_penalty_scale': -0.1025594338933144, 'waypoint_tracking_reward_scale': 6.08784247590463, 'waypoint_sigma': 0.0994086105981524}. Best is trial 13 with value: 2531.6863.
Best trial: 13. Best value: 2531.69:  38%|███▊      | 15/40 [25:07:35<37:17:50, 5370.82s/it]Best trial: 13. Best value: 2531.69:  38%|███▊      | 15/40 [25:07:35<37:17:50, 5370.82s/it]Best trial: 13. Best value: 2531.69:  40%|████      | 16/40 [25:07:35<35:57:18, 5393.27s/it]
================================================================================
[Optuna Trial 16] 开始训练
================================================================================
试验参数:
  learning_rate                  = 0.00027705856719768276
  weight_decay                   = 2.259707238518091e-05
  gamma                          = 0.992
  tau                            = 0.85
  e_clip                         = 0.2
  entropy_coef                   = 0.003307609629374604
  critic_coef                    = 2.0
  kl_threshold                   = 0.0707271293469479
  mini_epochs                    = 9
  minibatch_size                 = 16384
  grad_norm                      = 2.0
  num_envs                       = 8192
  horizon_length                 = 24
  flying_linear_velocity         = 0.11990005165636825
  flying_angular_velocity        = 1.4724704763002698
  angvelClipMin                  = -0.16478397729785205
  angvelClipMax                  = 0.8386204207213662
  angvelPenaltyThresHigh         = 0.6998410195551341
  angvelPenaltyThresLow          = -0.7111133501695072
  rotate_reward_scale            = 1.1895659747092973
  obj_linvel_penalty_scale       = -0.0502574620750995
  torque_penalty_scale           = -0.02852021971068315
  rotate_penalty_scale           = -0.09996838506028394
  axial_tilt_penalty_scale       = -1.6043439838726856
  axial_tilt_threshold           = 0.03703373179849378
  position_penalty_scale         = -0.2820713384971487
  flying_base_movement_penalty_scale = -0.10519657445926925
  waypoint_tracking_reward_scale = 8.010822190773643
  waypoint_sigma                 = 0.03264067693652699
输出目录: outputs/TP_V1/optuna_trial_0016
================================================================================


特权信息 (Privileged Information) 维度配置:
================================================================================
名称                             索引范围            维度       状态
--------------------------------------------------------------------------------
obj_position                   [ 0: 3]         3        [固定]
obj_mass                       [ 3: 4]         1        [固定]
obj_friction                   [ 4: 5]         1        [固定]
obj_com                        [ 5: 8]         3        [固定]
--------------------------------------------------------------------------------
obj_orientation                [ 8:12]         4        ✓
obj_linvel                     [12:15]         3        ✓
obj_angvel                     [15:18]         3        ✓
fingertip_position             [18:33]         15       ✓
fingertip_linvel               [33:48]         15       ✓
obj_restitution                [48:49]         1        ✓
tactile                        [49:64]         15       ✓
--------------------------------------------------------------------------------
总计: 11 项启用, 实际维度 = 64, 缓冲区大小 = 64
================================================================================

RunningMeanStd:  (162,)
RunningMeanStd:  64
RunningMeanStd:  3
RunningMeanStd:  (1,)

================================================================================

训练指标:
  Best Reward:         63.5299
  Success Rate:        0.0000
  Mean Rot Angle(rad): 3.5281
  Composite Score:     416.34
    = 1.0×63.53 + 100.0×0.0000 + 100.0×3.5281

================================================================================
[Optuna Trial 16] 训练完成
================================================================================

                                                                                            [I 2025-12-04 17:51:42,786] Trial 16 finished with value: 416.3399 and parameters: {'learning_rate': 0.00027705856719768276, 'weight_decay': 2.259707238518091e-05, 'gamma': 0.992, 'tau': 0.85, 'e_clip': 0.2, 'entropy_coef': 0.003307609629374604, 'critic_coef': 2.0, 'kl_threshold': 0.0707271293469479, 'mini_epochs': 9, 'minibatch_size': 16384, 'grad_norm': 2.0, 'num_envs': 8192, 'horizon_length': 24, 'flying_linear_velocity': 0.11990005165636825, 'flying_angular_velocity': 1.4724704763002698, 'angvelClipMin': -0.16478397729785205, 'angvelClipMax': 0.8386204207213662, 'angvelPenaltyThresHigh': 0.6998410195551341, 'angvelPenaltyThresLow': -0.7111133501695072, 'rotate_reward_scale': 1.1895659747092973, 'obj_linvel_penalty_scale': -0.0502574620750995, 'torque_penalty_scale': -0.02852021971068315, 'rotate_penalty_scale': -0.09996838506028394, 'axial_tilt_penalty_scale': -1.6043439838726856, 'axial_tilt_threshold': 0.03703373179849378, 'position_penalty_scale': -0.2820713384971487, 'flying_base_movement_penalty_scale': -0.10519657445926925, 'waypoint_tracking_reward_scale': 8.010822190773643, 'waypoint_sigma': 0.03264067693652699}. Best is trial 13 with value: 2531.6863.
Best trial: 13. Best value: 2531.69:  40%|████      | 16/40 [26:38:22<35:57:18, 5393.27s/it]Best trial: 13. Best value: 2531.69:  40%|████      | 16/40 [26:38:22<35:57:18, 5393.27s/it]Best trial: 13. Best value: 2531.69:  42%|████▎     | 17/40 [26:38:22<34:33:35, 5409.35s/it]
================================================================================
[Optuna Trial 17] 开始训练
================================================================================
试验参数:
  learning_rate                  = 0.0006614922701340341
  weight_decay                   = 1.5018503904239654e-05
  gamma                          = 0.99
  tau                            = 0.85
  e_clip                         = 0.3
  entropy_coef                   = 0.0022940965069886245
  critic_coef                    = 2.0
  kl_threshold                   = 0.059560296576574356
  mini_epochs                    = 9
  minibatch_size                 = 16384
  grad_norm                      = 2.0
  num_envs                       = 8192
  horizon_length                 = 16
  flying_linear_velocity         = 0.08676975182216234
  flying_angular_velocity        = 1.9840580156370184
  angvelClipMin                  = -0.24175485347886366
  angvelClipMax                  = 0.766281668709629
  angvelPenaltyThresHigh         = 0.6008147597351517
  angvelPenaltyThresLow          = -0.7618933482490471
  rotate_reward_scale            = 1.6865098867099522
  obj_linvel_penalty_scale       = -0.1269568403463918
  torque_penalty_scale           = -0.03370866477221893
  rotate_penalty_scale           = -0.08158108073718798
  axial_tilt_penalty_scale       = -1.833060771633295
  axial_tilt_threshold           = 0.04733888405939185
  position_penalty_scale         = -0.12739689517647798
  flying_base_movement_penalty_scale = -0.06936545246417836
  waypoint_tracking_reward_scale = 6.813843359482245
  waypoint_sigma                 = 0.16989440387205065
输出目录: outputs/TP_V1/optuna_trial_0017
================================================================================


特权信息 (Privileged Information) 维度配置:
================================================================================
名称                             索引范围            维度       状态
--------------------------------------------------------------------------------
obj_position                   [ 0: 3]         3        [固定]
obj_mass                       [ 3: 4]         1        [固定]
obj_friction                   [ 4: 5]         1        [固定]
obj_com                        [ 5: 8]         3        [固定]
--------------------------------------------------------------------------------
obj_orientation                [ 8:12]         4        ✓
obj_linvel                     [12:15]         3        ✓
obj_angvel                     [15:18]         3        ✓
fingertip_position             [18:33]         15       ✓
fingertip_linvel               [33:48]         15       ✓
obj_restitution                [48:49]         1        ✓
tactile                        [49:64]         15       ✓
--------------------------------------------------------------------------------
总计: 11 项启用, 实际维度 = 64, 缓冲区大小 = 64
================================================================================

RunningMeanStd:  (162,)
RunningMeanStd:  64
RunningMeanStd:  3
RunningMeanStd:  (1,)

================================================================================

训练指标:
  Best Reward:         472.0728
  Success Rate:        0.0000
  Mean Rot Angle(rad): 1.7126
  Composite Score:     643.33
    = 1.0×472.07 + 100.0×0.0000 + 100.0×1.7126

================================================================================
[Optuna Trial 17] 训练完成
================================================================================

                                                                                            [I 2025-12-04 19:22:53,046] Trial 17 finished with value: 643.3327999999999 and parameters: {'learning_rate': 0.0006614922701340341, 'weight_decay': 1.5018503904239654e-05, 'gamma': 0.99, 'tau': 0.85, 'e_clip': 0.3, 'entropy_coef': 0.0022940965069886245, 'critic_coef': 2.0, 'kl_threshold': 0.059560296576574356, 'mini_epochs': 9, 'minibatch_size': 16384, 'grad_norm': 2.0, 'num_envs': 8192, 'horizon_length': 16, 'flying_linear_velocity': 0.08676975182216234, 'flying_angular_velocity': 1.9840580156370184, 'angvelClipMin': -0.24175485347886366, 'angvelClipMax': 0.766281668709629, 'angvelPenaltyThresHigh': 0.6008147597351517, 'angvelPenaltyThresLow': -0.7618933482490471, 'rotate_reward_scale': 1.6865098867099522, 'obj_linvel_penalty_scale': -0.1269568403463918, 'torque_penalty_scale': -0.03370866477221893, 'rotate_penalty_scale': -0.08158108073718798, 'axial_tilt_penalty_scale': -1.833060771633295, 'axial_tilt_threshold': 0.04733888405939185, 'position_penalty_scale': -0.12739689517647798, 'flying_base_movement_penalty_scale': -0.06936545246417836, 'waypoint_tracking_reward_scale': 6.813843359482245, 'waypoint_sigma': 0.16989440387205065}. Best is trial 13 with value: 2531.6863.
Best trial: 13. Best value: 2531.69:  42%|████▎     | 17/40 [28:09:32<34:33:35, 5409.35s/it]Best trial: 13. Best value: 2531.69:  42%|████▎     | 17/40 [28:09:32<34:33:35, 5409.35s/it]Best trial: 13. Best value: 2531.69:  45%|████▌     | 18/40 [28:09:32<33:10:08, 5427.66s/it]
================================================================================
[Optuna Trial 18] 开始训练
================================================================================
试验参数:
  learning_rate                  = 0.0003806750720177774
  weight_decay                   = 1.9222592477938204e-05
  gamma                          = 0.99
  tau                            = 0.9
  e_clip                         = 0.2
  entropy_coef                   = 0.0034200949839592047
  critic_coef                    = 0.5
  kl_threshold                   = 0.07237197801470965
  mini_epochs                    = 8
  minibatch_size                 = 8192
  grad_norm                      = 1.0
  num_envs                       = 8192
  horizon_length                 = 24
  flying_linear_velocity         = 0.06258390271274307
  flying_angular_velocity        = 2.1915390746387575
  angvelClipMin                  = -0.3999485307964683
  angvelClipMax                  = 0.8634845020666585
  angvelPenaltyThresHigh         = 0.8046768432922988
  angvelPenaltyThresLow          = -0.7167775018374971
  rotate_reward_scale            = 1.3783813260256255
  obj_linvel_penalty_scale       = -0.15848343469563803
  torque_penalty_scale           = -0.02195601527092967
  rotate_penalty_scale           = -0.06622568898642499
  axial_tilt_penalty_scale       = -1.8530293586542372
  axial_tilt_threshold           = 0.04185906154158013
  position_penalty_scale         = -0.2048110700219678
  flying_base_movement_penalty_scale = -0.12391009683365875
  waypoint_tracking_reward_scale = 9.08570387726057
  waypoint_sigma                 = 0.23211425049915058
输出目录: outputs/TP_V1/optuna_trial_0018
================================================================================


特权信息 (Privileged Information) 维度配置:
================================================================================
名称                             索引范围            维度       状态
--------------------------------------------------------------------------------
obj_position                   [ 0: 3]         3        [固定]
obj_mass                       [ 3: 4]         1        [固定]
obj_friction                   [ 4: 5]         1        [固定]
obj_com                        [ 5: 8]         3        [固定]
--------------------------------------------------------------------------------
obj_orientation                [ 8:12]         4        ✓
obj_linvel                     [12:15]         3        ✓
obj_angvel                     [15:18]         3        ✓
fingertip_position             [18:33]         15       ✓
fingertip_linvel               [33:48]         15       ✓
obj_restitution                [48:49]         1        ✓
tactile                        [49:64]         15       ✓
--------------------------------------------------------------------------------
总计: 11 项启用, 实际维度 = 64, 缓冲区大小 = 64
================================================================================

RunningMeanStd:  (162,)
RunningMeanStd:  64
RunningMeanStd:  3
RunningMeanStd:  (1,)

================================================================================

训练指标:
  Best Reward:         778.1696
  Success Rate:        0.0000
  Mean Rot Angle(rad): 0.6949
  Composite Score:     847.66
    = 1.0×778.17 + 100.0×0.0000 + 100.0×0.6949

================================================================================
[Optuna Trial 18] 训练完成
================================================================================

                                                                                            [I 2025-12-04 20:50:21,271] Trial 18 finished with value: 847.6596 and parameters: {'learning_rate': 0.0003806750720177774, 'weight_decay': 1.9222592477938204e-05, 'gamma': 0.99, 'tau': 0.9, 'e_clip': 0.2, 'entropy_coef': 0.0034200949839592047, 'critic_coef': 0.5, 'kl_threshold': 0.07237197801470965, 'mini_epochs': 8, 'minibatch_size': 8192, 'grad_norm': 1.0, 'num_envs': 8192, 'horizon_length': 24, 'flying_linear_velocity': 0.06258390271274307, 'flying_angular_velocity': 2.1915390746387575, 'angvelClipMin': -0.3999485307964683, 'angvelClipMax': 0.8634845020666585, 'angvelPenaltyThresHigh': 0.8046768432922988, 'angvelPenaltyThresLow': -0.7167775018374971, 'rotate_reward_scale': 1.3783813260256255, 'obj_linvel_penalty_scale': -0.15848343469563803, 'torque_penalty_scale': -0.02195601527092967, 'rotate_penalty_scale': -0.06622568898642499, 'axial_tilt_penalty_scale': -1.8530293586542372, 'axial_tilt_threshold': 0.04185906154158013, 'position_penalty_scale': -0.2048110700219678, 'flying_base_movement_penalty_scale': -0.12391009683365875, 'waypoint_tracking_reward_scale': 9.08570387726057, 'waypoint_sigma': 0.23211425049915058}. Best is trial 13 with value: 2531.6863.
Best trial: 13. Best value: 2531.69:  45%|████▌     | 18/40 [29:37:00<33:10:08, 5427.66s/it]Best trial: 13. Best value: 2531.69:  45%|████▌     | 18/40 [29:37:00<33:10:08, 5427.66s/it]Best trial: 13. Best value: 2531.69:  48%|████▊     | 19/40 [29:37:00<31:20:49, 5373.76s/it]
================================================================================
[Optuna Trial 19] 开始训练
================================================================================
试验参数:
  learning_rate                  = 0.000521754336594426
  weight_decay                   = 2.6250398564523488e-05
  gamma                          = 0.992
  tau                            = 0.95
  e_clip                         = 0.2
  entropy_coef                   = 0.0018037196720486078
  critic_coef                    = 1.0
  kl_threshold                   = 0.07966127470532368
  mini_epochs                    = 9
  minibatch_size                 = 32768
  grad_norm                      = 0.5
  num_envs                       = 8192
  horizon_length                 = 32
  flying_linear_velocity         = 0.07048018033179623
  flying_angular_velocity        = 1.849408880106549
  angvelClipMin                  = -0.28662325080615053
  angvelClipMax                  = 0.803029340967607
  angvelPenaltyThresHigh         = 0.7022470192221497
  angvelPenaltyThresLow          = -0.7483266974123078
  rotate_reward_scale            = 2.014526212654004
  obj_linvel_penalty_scale       = -0.08990270823833894
  torque_penalty_scale           = -0.02730634250319723
  rotate_penalty_scale           = -0.0872836208317612
  axial_tilt_penalty_scale       = -1.57836259648747
  axial_tilt_threshold           = 0.04416551958901029
  position_penalty_scale         = -0.25353050979002834
  flying_base_movement_penalty_scale = -0.14080585473835672
  waypoint_tracking_reward_scale = 7.132887177180052
  waypoint_sigma                 = 0.08987205710360628
输出目录: outputs/TP_V1/optuna_trial_0019
================================================================================


特权信息 (Privileged Information) 维度配置:
================================================================================
名称                             索引范围            维度       状态
--------------------------------------------------------------------------------
obj_position                   [ 0: 3]         3        [固定]
obj_mass                       [ 3: 4]         1        [固定]
obj_friction                   [ 4: 5]         1        [固定]
obj_com                        [ 5: 8]         3        [固定]
--------------------------------------------------------------------------------
obj_orientation                [ 8:12]         4        ✓
obj_linvel                     [12:15]         3        ✓
obj_angvel                     [15:18]         3        ✓
fingertip_position             [18:33]         15       ✓
fingertip_linvel               [33:48]         15       ✓
obj_restitution                [48:49]         1        ✓
tactile                        [49:64]         15       ✓
--------------------------------------------------------------------------------
总计: 11 项启用, 实际维度 = 64, 缓冲区大小 = 64
================================================================================

RunningMeanStd:  (162,)
RunningMeanStd:  64
RunningMeanStd:  3
RunningMeanStd:  (1,)

================================================================================

训练指标:
  Best Reward:         371.5199
  Success Rate:        0.0000
  Mean Rot Angle(rad): 2.6979
  Composite Score:     641.31
    = 1.0×371.52 + 100.0×0.0000 + 100.0×2.6979

================================================================================
[Optuna Trial 19] 训练完成
================================================================================

