                                                                                           [I 2025-12-13 08:29:23,816] Trial 12 finished with value: 351.5197 and parameters: {'alpha_start': 0.6362631060217541, 'learning_rate': 0.00046141110075175753, 'weight_decay': 1.0727075139210023e-05, 'gamma': 0.99, 'tau': 0.9, 'e_clip': 0.3, 'entropy_coef': 0.005147020820490145, 'critic_coef': 0.5, 'kl_threshold': 0.06379399279860896, 'kl_adaptive_factor': 1.5, 'min_lr': 3.506932539484313e-06, 'mini_epochs': 8, 'minibatch_size': 32768, 'grad_norm': 0.25, 'num_envs': 8192, 'horizon_length': 24, 'controller_pgain': 22.954606799055853, 'controller_dgain': 0.5362859455850049, 'controller_torque_limit': 5.9307934636315265, 'controller_action_scale': 0.13078583535052968, 'target_angvel': 5.497366794933553, 'angvel_sigma': 1.828096729062112, 'rotate_reward_scale': 1.7843601868522234, 'obj_linvel_penalty_scale': -0.14622045973337172, 'torque_penalty_scale': -0.02840112602833037, 'rotate_penalty_scale': -0.0005661923392131785, 'axial_tilt_penalty_scale': -2.0435289838940407, 'axial_tilt_threshold': 0.014096123828943347, 'position_penalty_scale': -0.15128450484882225, 'waypoint_tracking_reward_scale': 7.479685044522727, 'waypoint_sigma': 0.1129611489540589, 'log_scale_beta': 1.946803126102515, 'ema_alpha': 0.19689946994789842, 'jitter_penalty_scale': -1.0657972755582148, 'reverse_penalty_scale': -0.8418099690728509}. Best is trial 6 with value: 3243.3183.
Best trial: 6. Best value: 3243.32:  30%|███       | 12/40 [42:36:06<75:03:13, 9649.77s/it]Best trial: 6. Best value: 3243.32:  30%|███       | 12/40 [42:36:06<75:03:13, 9649.77s/it]Best trial: 6. Best value: 3243.32:  32%|███▎      | 13/40 [42:36:06<70:43:07, 9429.15s/it]
[Space E] Alpha: 0.411 -> 1.0

================================================================================
[Optuna Trial 13] 开始训练
================================================================================
试验参数:
  alpha_start                    = 0.4107745790098965
  learning_rate                  = 0.00025881272152971984
  weight_decay                   = 5.294222487470322e-06
  gamma                          = 0.99
  tau                            = 0.85
  e_clip                         = 0.1
  entropy_coef                   = 0.00714392659388032
  critic_coef                    = 0.5
  kl_threshold                   = 0.03935539928124622
  kl_adaptive_factor             = 1.5
  min_lr                         = 1.455286816071089e-05
  mini_epochs                    = 7
  minibatch_size                 = 32768
  grad_norm                      = 1.0
  num_envs                       = 8192
  horizon_length                 = 24
  controller_pgain               = 19.508689065003036
  controller_dgain               = 0.2918632407241526
  controller_torque_limit        = 6.011799224232149
  controller_action_scale        = 0.14995054339586408
  target_angvel                  = 6.230080837823711
  angvel_sigma                   = 1.7980391723154692
  rotate_reward_scale            = 1.505984884153929
  obj_linvel_penalty_scale       = -0.08995868776550586
  torque_penalty_scale           = -0.01880376860053425
  rotate_penalty_scale           = -0.08509491753869938
  axial_tilt_penalty_scale       = -1.63095173966659
  axial_tilt_threshold           = 0.029355065018757464
  position_penalty_scale         = -0.1542243605582753
  waypoint_tracking_reward_scale = 7.830490167548362
  waypoint_sigma                 = 0.23125297995206573
  log_scale_beta                 = 1.875552082611319
  ema_alpha                      = 0.1927149185339568
  jitter_penalty_scale           = -0.5300957052479378
  reverse_penalty_scale          = -0.5020191840076766
输出目录: outputs/TP_V5/optuna_trial_0013
================================================================================


特权信息 (Privileged Information) 维度配置:
================================================================================
名称                             索引范围            维度       状态
--------------------------------------------------------------------------------
obj_position                   [ 0: 3]         3        [固定]
obj_mass                       [ 3: 4]         1        [固定]
obj_friction                   [ 4: 5]         1        [固定]
obj_com                        [ 5: 8]         3        [固定]
--------------------------------------------------------------------------------
obj_orientation                [ 8:12]         4        ✓
obj_linvel                     [12:15]         3        ✓
obj_angvel                     [15:18]         3        ✓
fingertip_position             [18:33]         15       ✓
fingertip_linvel               [33:48]         15       ✓
obj_restitution                [48:49]         1        ✓
tactile                        [49:64]         15       ✓
--------------------------------------------------------------------------------
总计: 11 项启用, 实际维度 = 64, 缓冲区大小 = 64
================================================================================

RunningMeanStd:  (126,)
RunningMeanStd:  64
RunningMeanStd:  3
RunningMeanStd:  (1,)

================================================================================

训练指标:
  Best Reward:         61.0345
  Success Rate:        0.3688
  Mean Rot Angle(rad): 3.6707
  Composite Score:     464.98
    = 1.0×61.03 + 100.0×0.3688 + 100.0×3.6707

================================================================================
[Optuna Trial 13] 训练完成
================================================================================

                                                                                           [I 2025-12-13 10:49:13,892] Trial 13 finished with value: 464.9845 and parameters: {'alpha_start': 0.4107745790098965, 'learning_rate': 0.00025881272152971984, 'weight_decay': 5.294222487470322e-06, 'gamma': 0.99, 'tau': 0.85, 'e_clip': 0.1, 'entropy_coef': 0.00714392659388032, 'critic_coef': 0.5, 'kl_threshold': 0.03935539928124622, 'kl_adaptive_factor': 1.5, 'min_lr': 1.455286816071089e-05, 'mini_epochs': 7, 'minibatch_size': 32768, 'grad_norm': 1.0, 'num_envs': 8192, 'horizon_length': 24, 'controller_pgain': 19.508689065003036, 'controller_dgain': 0.2918632407241526, 'controller_torque_limit': 6.011799224232149, 'controller_action_scale': 0.14995054339586408, 'target_angvel': 6.230080837823711, 'angvel_sigma': 1.7980391723154692, 'rotate_reward_scale': 1.505984884153929, 'obj_linvel_penalty_scale': -0.08995868776550586, 'torque_penalty_scale': -0.01880376860053425, 'rotate_penalty_scale': -0.08509491753869938, 'axial_tilt_penalty_scale': -1.63095173966659, 'axial_tilt_threshold': 0.029355065018757464, 'position_penalty_scale': -0.1542243605582753, 'waypoint_tracking_reward_scale': 7.830490167548362, 'waypoint_sigma': 0.23125297995206573, 'log_scale_beta': 1.875552082611319, 'ema_alpha': 0.1927149185339568, 'jitter_penalty_scale': -0.5300957052479378, 'reverse_penalty_scale': -0.5020191840076766}. Best is trial 6 with value: 3243.3183.
Best trial: 6. Best value: 3243.32:  32%|███▎      | 13/40 [44:55:56<70:43:07, 9429.15s/it]Best trial: 6. Best value: 3243.32:  32%|███▎      | 13/40 [44:55:56<70:43:07, 9429.15s/it]Best trial: 6. Best value: 3243.32:  35%|███▌      | 14/40 [44:55:56<65:49:57, 9115.30s/it]
[Space E] Alpha: 0.560 -> 1.0

================================================================================
[Optuna Trial 14] 开始训练
================================================================================
试验参数:
  alpha_start                    = 0.5595515137141176
  learning_rate                  = 0.000670085616284188
  weight_decay                   = 1.855271249067412e-05
  gamma                          = 0.985
  tau                            = 0.9
  e_clip                         = 0.1
  entropy_coef                   = 0.0029775965827027783
  critic_coef                    = 2.0
  kl_threshold                   = 0.008305248618437908
  kl_adaptive_factor             = 1.15
  min_lr                         = 6.207187106471772e-06
  mini_epochs                    = 9
  minibatch_size                 = 8192
  grad_norm                      = 0.25
  num_envs                       = 8192
  horizon_length                 = 24
  controller_pgain               = 24.69445872356099
  controller_dgain               = 0.5203911242591861
  controller_torque_limit        = 5.547781608585881
  controller_action_scale        = 0.10180423731966741
  target_angvel                  = 5.52453295566206
  angvel_sigma                   = 1.4869115198822807
  rotate_reward_scale            = 1.7938677500486755
  obj_linvel_penalty_scale       = -0.14856756300214854
  torque_penalty_scale           = -0.039544070161950697
  rotate_penalty_scale           = -0.025025263744581368
  axial_tilt_penalty_scale       = -2.017130848543281
  axial_tilt_threshold           = 0.01296068561703985
  position_penalty_scale         = -0.1336869708486608
  waypoint_tracking_reward_scale = 5.011991609329272
  waypoint_sigma                 = 0.0828367705204743
  log_scale_beta                 = 5.367078376788795
  ema_alpha                      = 0.2229842076429331
  jitter_penalty_scale           = -0.6850183918838295
  reverse_penalty_scale          = -1.0308736061380732
输出目录: outputs/TP_V5/optuna_trial_0014
================================================================================


特权信息 (Privileged Information) 维度配置:
================================================================================
名称                             索引范围            维度       状态
--------------------------------------------------------------------------------
obj_position                   [ 0: 3]         3        [固定]
obj_mass                       [ 3: 4]         1        [固定]
obj_friction                   [ 4: 5]         1        [固定]
obj_com                        [ 5: 8]         3        [固定]
--------------------------------------------------------------------------------
obj_orientation                [ 8:12]         4        ✓
obj_linvel                     [12:15]         3        ✓
obj_angvel                     [15:18]         3        ✓
fingertip_position             [18:33]         15       ✓
fingertip_linvel               [33:48]         15       ✓
obj_restitution                [48:49]         1        ✓
tactile                        [49:64]         15       ✓
--------------------------------------------------------------------------------
总计: 11 项启用, 实际维度 = 64, 缓冲区大小 = 64
================================================================================

RunningMeanStd:  (126,)
RunningMeanStd:  64
RunningMeanStd:  3
RunningMeanStd:  (1,)

================================================================================

训练指标:
  Best Reward:         597.3185
  Success Rate:        0.8455
  Mean Rot Angle(rad): 32.6834
  Composite Score:     3950.21
    = 1.0×597.32 + 100.0×0.8455 + 100.0×32.6834

================================================================================
[Optuna Trial 14] 训练完成
================================================================================

                                                                                           [I 2025-12-13 13:24:15,396] Trial 14 finished with value: 3950.2084999999997 and parameters: {'alpha_start': 0.5595515137141176, 'learning_rate': 0.000670085616284188, 'weight_decay': 1.855271249067412e-05, 'gamma': 0.985, 'tau': 0.9, 'e_clip': 0.1, 'entropy_coef': 0.0029775965827027783, 'critic_coef': 2.0, 'kl_threshold': 0.008305248618437908, 'kl_adaptive_factor': 1.15, 'min_lr': 6.207187106471772e-06, 'mini_epochs': 9, 'minibatch_size': 8192, 'grad_norm': 0.25, 'num_envs': 8192, 'horizon_length': 24, 'controller_pgain': 24.69445872356099, 'controller_dgain': 0.5203911242591861, 'controller_torque_limit': 5.547781608585881, 'controller_action_scale': 0.10180423731966741, 'target_angvel': 5.52453295566206, 'angvel_sigma': 1.4869115198822807, 'rotate_reward_scale': 1.7938677500486755, 'obj_linvel_penalty_scale': -0.14856756300214854, 'torque_penalty_scale': -0.039544070161950697, 'rotate_penalty_scale': -0.025025263744581368, 'axial_tilt_penalty_scale': -2.017130848543281, 'axial_tilt_threshold': 0.01296068561703985, 'position_penalty_scale': -0.1336869708486608, 'waypoint_tracking_reward_scale': 5.011991609329272, 'waypoint_sigma': 0.0828367705204743, 'log_scale_beta': 5.367078376788795, 'ema_alpha': 0.2229842076429331, 'jitter_penalty_scale': -0.6850183918838295, 'reverse_penalty_scale': -1.0308736061380732}. Best is trial 14 with value: 3950.2084999999997.
Best trial: 6. Best value: 3243.32:  35%|███▌      | 14/40 [47:30:57<65:49:57, 9115.30s/it]Best trial: 14. Best value: 3950.21:  35%|███▌      | 14/40 [47:30:57<65:49:57, 9115.30s/it]Best trial: 14. Best value: 3950.21:  38%|███▊      | 15/40 [47:30:57<63:41:25, 9171.43s/it]
[Space E] Alpha: 0.736 -> 1.0

================================================================================
[Optuna Trial 15] 开始训练
================================================================================
试验参数:
  alpha_start                    = 0.736175362822644
  learning_rate                  = 0.0007073694436876189
  weight_decay                   = 2.1802043219555206e-05
  gamma                          = 0.985
  tau                            = 0.85
  e_clip                         = 0.1
  entropy_coef                   = 0.002986482772561165
  critic_coef                    = 2.0
  kl_threshold                   = 0.05772113297565559
  kl_adaptive_factor             = 1.15
  min_lr                         = 8.051531802196689e-06
  mini_epochs                    = 9
  minibatch_size                 = 8192
  grad_norm                      = 1.0
  num_envs                       = 8192
  horizon_length                 = 24
  controller_pgain               = 22.663433894887245
  controller_dgain               = 0.45070093143871215
  controller_torque_limit        = 5.536053182312309
  controller_action_scale        = 0.09526471890421744
  target_angvel                  = 5.526899960672039
  angvel_sigma                   = 1.4684873855165599
  rotate_reward_scale            = 2.0798870048186395
  obj_linvel_penalty_scale       = -0.16701084566877716
  torque_penalty_scale           = -0.02973198735081653
  rotate_penalty_scale           = -0.032973927631710004
  axial_tilt_penalty_scale       = -2.1173406570227717
  axial_tilt_threshold           = 0.012061724704291319
  position_penalty_scale         = -0.12137691022659146
  waypoint_tracking_reward_scale = 5.05956607551302
  waypoint_sigma                 = 0.07491617716849897
  log_scale_beta                 = 5.721258682938873
  ema_alpha                      = 0.17479364533239813
  jitter_penalty_scale           = -0.6868118660825338
  reverse_penalty_scale          = -1.0796714360039443
输出目录: outputs/TP_V5/optuna_trial_0015
================================================================================


特权信息 (Privileged Information) 维度配置:
================================================================================
名称                             索引范围            维度       状态
--------------------------------------------------------------------------------
obj_position                   [ 0: 3]         3        [固定]
obj_mass                       [ 3: 4]         1        [固定]
obj_friction                   [ 4: 5]         1        [固定]
obj_com                        [ 5: 8]         3        [固定]
--------------------------------------------------------------------------------
obj_orientation                [ 8:12]         4        ✓
obj_linvel                     [12:15]         3        ✓
obj_angvel                     [15:18]         3        ✓
fingertip_position             [18:33]         15       ✓
fingertip_linvel               [33:48]         15       ✓
obj_restitution                [48:49]         1        ✓
tactile                        [49:64]         15       ✓
--------------------------------------------------------------------------------
总计: 11 项启用, 实际维度 = 64, 缓冲区大小 = 64
================================================================================

RunningMeanStd:  (126,)
RunningMeanStd:  64
RunningMeanStd:  3
RunningMeanStd:  (1,)

================================================================================

训练指标:
  Best Reward:         51.8392
  Success Rate:        0.0003
  Mean Rot Angle(rad): 4.2481
  Composite Score:     476.68
    = 1.0×51.84 + 100.0×0.0003 + 100.0×4.2481

================================================================================
[Optuna Trial 15] 训练完成
================================================================================

