                                                                                           [I 2025-12-04 10:26:39,678] Trial 11 finished with value: 900.1414 and parameters: {'learning_rate': 0.0003306235819347245, 'weight_decay': 1.2267571473754665e-05, 'gamma': 0.99, 'tau': 0.85, 'e_clip': 0.2, 'entropy_coef': 0.006088063484359625, 'critic_coef': 2.0, 'kl_threshold': 0.0792729103860342, 'mini_epochs': 8, 'minibatch_size': 16384, 'grad_norm': 1.0, 'num_envs': 8192, 'horizon_length': 24, 'flying_linear_velocity': 0.05565322219439696, 'flying_angular_velocity': 2.1247368347770488, 'angvelClipMin': -0.1482188364688139, 'angvelClipMax': 0.8943208978102499, 'angvelPenaltyThresHigh': 0.7650385749706992, 'angvelPenaltyThresLow': -0.5934411230459891, 'rotate_reward_scale': 1.0164837838656569, 'obj_linvel_penalty_scale': -0.14727175128001824, 'torque_penalty_scale': -0.018309455648857678, 'rotate_penalty_scale': -0.0058782989944828005, 'axial_tilt_penalty_scale': -1.0013023380299269, 'axial_tilt_threshold': 0.037985055147707586, 'position_penalty_scale': -0.2674288546350049, 'flying_base_movement_penalty_scale': -0.07703240435395453, 'waypoint_tracking_reward_scale': 6.271641836327536, 'waypoint_sigma': 0.33777090764464013}. Best is trial 9 with value: 1741.4298000000001.
Best trial: 9. Best value: 1741.43:  28%|██▊       | 11/40 [19:13:19<45:26:07, 5640.25s/it]Best trial: 9. Best value: 1741.43:  28%|██▊       | 11/40 [19:13:19<45:26:07, 5640.25s/it]Best trial: 9. Best value: 1741.43:  30%|███       | 12/40 [19:13:19<42:29:34, 5463.36s/it]
================================================================================
[Optuna Trial 12] 开始训练
================================================================================
试验参数:
  learning_rate                  = 0.0003651849381739298
  weight_decay                   = 1.3425627050926805e-05
  gamma                          = 0.99
  tau                            = 0.85
  e_clip                         = 0.2
  entropy_coef                   = 0.00568839646508172
  critic_coef                    = 2.0
  kl_threshold                   = 0.03118477057529161
  mini_epochs                    = 7
  minibatch_size                 = 16384
  grad_norm                      = 2.0
  num_envs                       = 8192
  horizon_length                 = 24
  flying_linear_velocity         = 0.08037574581550899
  flying_angular_velocity        = 2.9838003513737363
  angvelClipMin                  = -0.314309075713225
  angvelClipMax                  = 0.8385144891196057
  angvelPenaltyThresHigh         = 0.7687957624206437
  angvelPenaltyThresLow          = -0.671117849554106
  rotate_reward_scale            = 2.1192074647094015
  obj_linvel_penalty_scale       = -0.10436641236630331
  torque_penalty_scale           = -0.016193147733902475
  rotate_penalty_scale           = -0.06575121765515178
  axial_tilt_penalty_scale       = -1.7265980095649998
  axial_tilt_threshold           = 0.03138381686544061
  position_penalty_scale         = -0.2644462811997614
  flying_base_movement_penalty_scale = -0.08583573070631564
  waypoint_tracking_reward_scale = 9.616653229804887
  waypoint_sigma                 = 0.21022630446716317
输出目录: outputs/TP_V1/optuna_trial_0012
================================================================================


特权信息 (Privileged Information) 维度配置:
================================================================================
名称                             索引范围            维度       状态
--------------------------------------------------------------------------------
obj_position                   [ 0: 3]         3        [固定]
obj_mass                       [ 3: 4]         1        [固定]
obj_friction                   [ 4: 5]         1        [固定]
obj_com                        [ 5: 8]         3        [固定]
--------------------------------------------------------------------------------
obj_orientation                [ 8:12]         4        ✓
obj_linvel                     [12:15]         3        ✓
obj_angvel                     [15:18]         3        ✓
fingertip_position             [18:33]         15       ✓
fingertip_linvel               [33:48]         15       ✓
obj_restitution                [48:49]         1        ✓
tactile                        [49:64]         15       ✓
--------------------------------------------------------------------------------
总计: 11 项启用, 实际维度 = 64, 缓冲区大小 = 64
================================================================================

RunningMeanStd:  (162,)
RunningMeanStd:  64
RunningMeanStd:  3
RunningMeanStd:  (1,)

================================================================================

训练指标:
  Best Reward:         959.5923
  Success Rate:        0.0000
  Mean Rot Angle(rad): 0.7571
  Composite Score:     1035.30
    = 1.0×959.59 + 100.0×0.0000 + 100.0×0.7571

================================================================================
[Optuna Trial 12] 训练完成
================================================================================

                                                                                           [I 2025-12-04 11:49:00,259] Trial 12 finished with value: 1035.3023 and parameters: {'learning_rate': 0.0003651849381739298, 'weight_decay': 1.3425627050926805e-05, 'gamma': 0.99, 'tau': 0.85, 'e_clip': 0.2, 'entropy_coef': 0.00568839646508172, 'critic_coef': 2.0, 'kl_threshold': 0.03118477057529161, 'mini_epochs': 7, 'minibatch_size': 16384, 'grad_norm': 2.0, 'num_envs': 8192, 'horizon_length': 24, 'flying_linear_velocity': 0.08037574581550899, 'flying_angular_velocity': 2.9838003513737363, 'angvelClipMin': -0.314309075713225, 'angvelClipMax': 0.8385144891196057, 'angvelPenaltyThresHigh': 0.7687957624206437, 'angvelPenaltyThresLow': -0.671117849554106, 'rotate_reward_scale': 2.1192074647094015, 'obj_linvel_penalty_scale': -0.10436641236630331, 'torque_penalty_scale': -0.016193147733902475, 'rotate_penalty_scale': -0.06575121765515178, 'axial_tilt_penalty_scale': -1.7265980095649998, 'axial_tilt_threshold': 0.03138381686544061, 'position_penalty_scale': -0.2644462811997614, 'flying_base_movement_penalty_scale': -0.08583573070631564, 'waypoint_tracking_reward_scale': 9.616653229804887, 'waypoint_sigma': 0.21022630446716317}. Best is trial 9 with value: 1741.4298000000001.
Best trial: 9. Best value: 1741.43:  30%|███       | 12/40 [20:35:39<42:29:34, 5463.36s/it]Best trial: 9. Best value: 1741.43:  30%|███       | 12/40 [20:35:39<42:29:34, 5463.36s/it]Best trial: 9. Best value: 1741.43:  32%|███▎      | 13/40 [20:35:39<39:47:14, 5304.99s/it]
================================================================================
[Optuna Trial 13] 开始训练
================================================================================
试验参数:
  learning_rate                  = 0.0004988620204062084
  weight_decay                   = 1.1073239861215819e-05
  gamma                          = 0.99
  tau                            = 0.9
  e_clip                         = 0.2
  entropy_coef                   = 0.002953067408129904
  critic_coef                    = 2.0
  kl_threshold                   = 0.07994355842066564
  mini_epochs                    = 9
  minibatch_size                 = 16384
  grad_norm                      = 1.0
  num_envs                       = 8192
  horizon_length                 = 24
  flying_linear_velocity         = 0.07342083828556274
  flying_angular_velocity        = 1.9483294472562382
  angvelClipMin                  = -0.2531536273678795
  angvelClipMax                  = 0.8221276384763581
  angvelPenaltyThresHigh         = 0.65477426123904
  angvelPenaltyThresLow          = -0.7977987753439719
  rotate_reward_scale            = 1.2749973970970874
  obj_linvel_penalty_scale       = -0.15014485319378934
  torque_penalty_scale           = -0.02398319337298298
  rotate_penalty_scale           = -0.09671560759396386
  axial_tilt_penalty_scale       = -1.9410579908184946
  axial_tilt_threshold           = 0.041676147157687214
  position_penalty_scale         = -0.28891224992715936
  flying_base_movement_penalty_scale = -0.0713603140923449
  waypoint_tracking_reward_scale = 6.645477814909902
  waypoint_sigma                 = 0.03695038685068187
输出目录: outputs/TP_V1/optuna_trial_0013
================================================================================


特权信息 (Privileged Information) 维度配置:
================================================================================
名称                             索引范围            维度       状态
--------------------------------------------------------------------------------
obj_position                   [ 0: 3]         3        [固定]
obj_mass                       [ 3: 4]         1        [固定]
obj_friction                   [ 4: 5]         1        [固定]
obj_com                        [ 5: 8]         3        [固定]
--------------------------------------------------------------------------------
obj_orientation                [ 8:12]         4        ✓
obj_linvel                     [12:15]         3        ✓
obj_angvel                     [15:18]         3        ✓
fingertip_position             [18:33]         15       ✓
fingertip_linvel               [33:48]         15       ✓
obj_restitution                [48:49]         1        ✓
tactile                        [49:64]         15       ✓
--------------------------------------------------------------------------------
总计: 11 项启用, 实际维度 = 64, 缓冲区大小 = 64
================================================================================

RunningMeanStd:  (162,)
RunningMeanStd:  64
RunningMeanStd:  3
RunningMeanStd:  (1,)

================================================================================

训练指标:
  Best Reward:         290.0263
  Success Rate:        0.9039
  Mean Rot Angle(rad): 21.5127
  Composite Score:     2531.69
    = 1.0×290.03 + 100.0×0.9039 + 100.0×21.5127

================================================================================
[Optuna Trial 13] 训练完成
================================================================================

                                                                                           [I 2025-12-04 13:19:45,224] Trial 13 finished with value: 2531.6863 and parameters: {'learning_rate': 0.0004988620204062084, 'weight_decay': 1.1073239861215819e-05, 'gamma': 0.99, 'tau': 0.9, 'e_clip': 0.2, 'entropy_coef': 0.002953067408129904, 'critic_coef': 2.0, 'kl_threshold': 0.07994355842066564, 'mini_epochs': 9, 'minibatch_size': 16384, 'grad_norm': 1.0, 'num_envs': 8192, 'horizon_length': 24, 'flying_linear_velocity': 0.07342083828556274, 'flying_angular_velocity': 1.9483294472562382, 'angvelClipMin': -0.2531536273678795, 'angvelClipMax': 0.8221276384763581, 'angvelPenaltyThresHigh': 0.65477426123904, 'angvelPenaltyThresLow': -0.7977987753439719, 'rotate_reward_scale': 1.2749973970970874, 'obj_linvel_penalty_scale': -0.15014485319378934, 'torque_penalty_scale': -0.02398319337298298, 'rotate_penalty_scale': -0.09671560759396386, 'axial_tilt_penalty_scale': -1.9410579908184946, 'axial_tilt_threshold': 0.041676147157687214, 'position_penalty_scale': -0.28891224992715936, 'flying_base_movement_penalty_scale': -0.0713603140923449, 'waypoint_tracking_reward_scale': 6.645477814909902, 'waypoint_sigma': 0.03695038685068187}. Best is trial 13 with value: 2531.6863.
Best trial: 9. Best value: 1741.43:  32%|███▎      | 13/40 [22:06:24<39:47:14, 5304.99s/it]Best trial: 13. Best value: 2531.69:  32%|███▎      | 13/40 [22:06:24<39:47:14, 5304.99s/it]Best trial: 13. Best value: 2531.69:  35%|███▌      | 14/40 [22:06:24<38:37:09, 5347.27s/it]
================================================================================
[Optuna Trial 14] 开始训练
================================================================================
试验参数:
  learning_rate                  = 0.0005822705031574802
  weight_decay                   = 1.0473370178080822e-05
  gamma                          = 0.99
  tau                            = 0.85
  e_clip                         = 0.2
  entropy_coef                   = 0.0027167743036594846
  critic_coef                    = 2.0
  kl_threshold                   = 0.07964194352931779
  mini_epochs                    = 9
  minibatch_size                 = 16384
  grad_norm                      = 2.0
  num_envs                       = 8192
  horizon_length                 = 24
  flying_linear_velocity         = 0.10978564421809277
  flying_angular_velocity        = 1.6196651686668937
  angvelClipMin                  = -0.2634045332328588
  angvelClipMax                  = 0.8010383041059745
  angvelPenaltyThresHigh         = 0.6349009422707066
  angvelPenaltyThresLow          = -0.7899411798678871
  rotate_reward_scale            = 1.2061500562546423
  obj_linvel_penalty_scale       = -0.1505312396102098
  torque_penalty_scale           = -0.024951071621247593
  rotate_penalty_scale           = -0.09548049941535083
  axial_tilt_penalty_scale       = -1.9628584924890835
  axial_tilt_threshold           = 0.04161440696859611
  position_penalty_scale         = -0.2972204883641967
  flying_base_movement_penalty_scale = -0.0657843796779056
  waypoint_tracking_reward_scale = 9.125545165477734
  waypoint_sigma                 = 0.031095906359558424
输出目录: outputs/TP_V1/optuna_trial_0014
================================================================================


特权信息 (Privileged Information) 维度配置:
================================================================================
名称                             索引范围            维度       状态
--------------------------------------------------------------------------------
obj_position                   [ 0: 3]         3        [固定]
obj_mass                       [ 3: 4]         1        [固定]
obj_friction                   [ 4: 5]         1        [固定]
obj_com                        [ 5: 8]         3        [固定]
--------------------------------------------------------------------------------
obj_orientation                [ 8:12]         4        ✓
obj_linvel                     [12:15]         3        ✓
obj_angvel                     [15:18]         3        ✓
fingertip_position             [18:33]         15       ✓
fingertip_linvel               [33:48]         15       ✓
obj_restitution                [48:49]         1        ✓
tactile                        [49:64]         15       ✓
--------------------------------------------------------------------------------
总计: 11 项启用, 实际维度 = 64, 缓冲区大小 = 64
================================================================================

RunningMeanStd:  (162,)
RunningMeanStd:  64
RunningMeanStd:  3
RunningMeanStd:  (1,)

================================================================================

训练指标:
  Best Reward:         94.9157
  Success Rate:        0.0169
  Mean Rot Angle(rad): 6.6440
  Composite Score:     761.01
    = 1.0×94.92 + 100.0×0.0169 + 100.0×6.6440

================================================================================
[Optuna Trial 14] 训练完成
================================================================================

                                                                                            [I 2025-12-04 14:50:10,620] Trial 14 finished with value: 761.0056999999999 and parameters: {'learning_rate': 0.0005822705031574802, 'weight_decay': 1.0473370178080822e-05, 'gamma': 0.99, 'tau': 0.85, 'e_clip': 0.2, 'entropy_coef': 0.0027167743036594846, 'critic_coef': 2.0, 'kl_threshold': 0.07964194352931779, 'mini_epochs': 9, 'minibatch_size': 16384, 'grad_norm': 2.0, 'num_envs': 8192, 'horizon_length': 24, 'flying_linear_velocity': 0.10978564421809277, 'flying_angular_velocity': 1.6196651686668937, 'angvelClipMin': -0.2634045332328588, 'angvelClipMax': 0.8010383041059745, 'angvelPenaltyThresHigh': 0.6349009422707066, 'angvelPenaltyThresLow': -0.7899411798678871, 'rotate_reward_scale': 1.2061500562546423, 'obj_linvel_penalty_scale': -0.1505312396102098, 'torque_penalty_scale': -0.024951071621247593, 'rotate_penalty_scale': -0.09548049941535083, 'axial_tilt_penalty_scale': -1.9628584924890835, 'axial_tilt_threshold': 0.04161440696859611, 'position_penalty_scale': -0.2972204883641967, 'flying_base_movement_penalty_scale': -0.0657843796779056, 'waypoint_tracking_reward_scale': 9.125545165477734, 'waypoint_sigma': 0.031095906359558424}. Best is trial 13 with value: 2531.6863.
Best trial: 13. Best value: 2531.69:  35%|███▌      | 14/40 [23:36:50<38:37:09, 5347.27s/it]Best trial: 13. Best value: 2531.69:  35%|███▌      | 14/40 [23:36:50<38:37:09, 5347.27s/it]Best trial: 13. Best value: 2531.69:  38%|███▊      | 15/40 [23:36:50<37:17:50, 5370.82s/it]
================================================================================
[Optuna Trial 15] 开始训练
================================================================================
试验参数:
  learning_rate                  = 0.0009200903745166868
  weight_decay                   = 3.793590514662311e-05
  gamma                          = 0.99
  tau                            = 0.9
  e_clip                         = 0.2
  entropy_coef                   = 0.0010226192502866365
  critic_coef                    = 0.5
  kl_threshold                   = 0.0637277212637885
  mini_epochs                    = 9
  minibatch_size                 = 32768
  grad_norm                      = 1.0
  num_envs                       = 8192
  horizon_length                 = 16
  flying_linear_velocity         = 0.0780514501919655
  flying_angular_velocity        = 1.9886342689449363
  angvelClipMin                  = -0.3180189860230663
  angvelClipMax                  = 0.6158930279965568
  angvelPenaltyThresHigh         = 0.6322765939187626
  angvelPenaltyThresLow          = -0.7991867907556305
  rotate_reward_scale            = 1.621646788680951
  obj_linvel_penalty_scale       = -0.07608807244238891
  torque_penalty_scale           = -0.02444604672718356
  rotate_penalty_scale           = -0.08002267688641952
  axial_tilt_penalty_scale       = -1.793470893364578
  axial_tilt_threshold           = 0.04361367676362379
  position_penalty_scale         = -0.26007647035280246
  flying_base_movement_penalty_scale = -0.1025594338933144
  waypoint_tracking_reward_scale = 6.08784247590463
  waypoint_sigma                 = 0.0994086105981524
输出目录: outputs/TP_V1/optuna_trial_0015
================================================================================


特权信息 (Privileged Information) 维度配置:
================================================================================
名称                             索引范围            维度       状态
--------------------------------------------------------------------------------
obj_position                   [ 0: 3]         3        [固定]
obj_mass                       [ 3: 4]         1        [固定]
obj_friction                   [ 4: 5]         1        [固定]
obj_com                        [ 5: 8]         3        [固定]
--------------------------------------------------------------------------------
obj_orientation                [ 8:12]         4        ✓
obj_linvel                     [12:15]         3        ✓
obj_angvel                     [15:18]         3        ✓
fingertip_position             [18:33]         15       ✓
fingertip_linvel               [33:48]         15       ✓
obj_restitution                [48:49]         1        ✓
tactile                        [49:64]         15       ✓
--------------------------------------------------------------------------------
总计: 11 项启用, 实际维度 = 64, 缓冲区大小 = 64
================================================================================

RunningMeanStd:  (162,)
RunningMeanStd:  64
RunningMeanStd:  3
RunningMeanStd:  (1,)

================================================================================

训练指标:
  Best Reward:         137.2735
  Success Rate:        0.0000
  Mean Rot Angle(rad): 2.8530
  Composite Score:     422.57
    = 1.0×137.27 + 100.0×0.0000 + 100.0×2.8530

================================================================================
[Optuna Trial 15] 训练完成
================================================================================

