                                                                                             [I 2025-12-14 04:01:33,725] Trial 18 finished with value: 369.2986 and parameters: {'alpha_start': 0.6597628780406828, 'learning_rate': 0.00044917961170715917, 'weight_decay': 1.609903626243334e-05, 'gamma': 0.985, 'tau': 0.9, 'e_clip': 0.1, 'entropy_coef': 0.004905763228444044, 'critic_coef': 0.5, 'kl_threshold': 0.03939545259505585, 'kl_adaptive_factor': 1.15, 'min_lr': 1.5643813361450155e-05, 'mini_epochs': 10, 'minibatch_size': 32768, 'grad_norm': 0.25, 'num_envs': 8192, 'horizon_length': 24, 'controller_pgain': 21.172209352585973, 'controller_dgain': 0.5451799469730385, 'controller_torque_limit': 5.073239280918293, 'controller_action_scale': 0.09165006156154833, 'target_angvel': 5.652261568123537, 'angvel_sigma': 1.4118378152538642, 'rotate_reward_scale': 2.4725691318816683, 'obj_linvel_penalty_scale': -0.11078279459609289, 'torque_penalty_scale': -0.022619851172691288, 'rotate_penalty_scale': -0.02219710548900274, 'axial_tilt_penalty_scale': -2.3474377560170496, 'axial_tilt_threshold': 0.01918633369620328, 'position_penalty_scale': -0.1330928581435489, 'waypoint_tracking_reward_scale': 5.785922545859625, 'waypoint_sigma': 0.07833248838371387, 'log_scale_beta': 3.7252303397454942, 'ema_alpha': 0.21228300704772815, 'jitter_penalty_scale': -0.8784888217691396, 'reverse_penalty_scale': -1.3813566713651249}. Best is trial 14 with value: 3950.2084999999997.
Best trial: 14. Best value: 3950.21:  45%|████▌     | 18/40 [62:08:15<69:58:43, 11451.08s/it]Best trial: 14. Best value: 3950.21:  45%|████▌     | 18/40 [62:08:15<69:58:43, 11451.08s/it]Best trial: 14. Best value: 3950.21:  48%|████▊     | 19/40 [62:08:15<75:18:11, 12909.11s/it]
[Space E] Alpha: 0.719 -> 1.0

================================================================================
[Optuna Trial 19] 开始训练
================================================================================
试验参数:
  alpha_start                    = 0.7192393036943382
  learning_rate                  = 0.00028865260231217775
  weight_decay                   = 9.6574312935692e-06
  gamma                          = 0.985
  tau                            = 0.85
  e_clip                         = 0.2
  entropy_coef                   = 0.0022544410587462867
  critic_coef                    = 2.0
  kl_threshold                   = 0.06985192811883906
  kl_adaptive_factor             = 1.2
  min_lr                         = 4.173374154473703e-05
  mini_epochs                    = 9
  minibatch_size                 = 8192
  grad_norm                      = 1.0
  num_envs                       = 8192
  horizon_length                 = 32
  controller_pgain               = 23.18313700035564
  controller_dgain               = 0.42436724194995323
  controller_torque_limit        = 5.481575075406803
  controller_action_scale        = 0.10267460503203527
  target_angvel                  = 5.1649332507698045
  angvel_sigma                   = 1.5381063170728693
  rotate_reward_scale            = 1.7116279322045895
  obj_linvel_penalty_scale       = -0.15584631485791633
  torque_penalty_scale           = -0.027324642599171486
  rotate_penalty_scale           = -0.12170154297174471
  axial_tilt_penalty_scale       = -1.9692301397621381
  axial_tilt_threshold           = 0.012487556332568542
  position_penalty_scale         = -0.22087889856207799
  waypoint_tracking_reward_scale = 5.0431241939374445
  waypoint_sigma                 = 0.17121302250512518
  log_scale_beta                 = 6.302387880284413
  ema_alpha                      = 0.20327292021859053
  jitter_penalty_scale           = -0.6900561999754117
  reverse_penalty_scale          = -0.661665572207192
输出目录: outputs/TP_V5/optuna_trial_0019
================================================================================


特权信息 (Privileged Information) 维度配置:
================================================================================
名称                             索引范围            维度       状态
--------------------------------------------------------------------------------
obj_position                   [ 0: 3]         3        [固定]
obj_mass                       [ 3: 4]         1        [固定]
obj_friction                   [ 4: 5]         1        [固定]
obj_com                        [ 5: 8]         3        [固定]
--------------------------------------------------------------------------------
obj_orientation                [ 8:12]         4        ✓
obj_linvel                     [12:15]         3        ✓
obj_angvel                     [15:18]         3        ✓
fingertip_position             [18:33]         15       ✓
fingertip_linvel               [33:48]         15       ✓
obj_restitution                [48:49]         1        ✓
tactile                        [49:64]         15       ✓
--------------------------------------------------------------------------------
总计: 11 项启用, 实际维度 = 64, 缓冲区大小 = 64
================================================================================

RunningMeanStd:  (126,)
RunningMeanStd:  64
RunningMeanStd:  3
RunningMeanStd:  (1,)

================================================================================

训练指标:
  Best Reward:         69.9795
  Success Rate:        0.0782
  Mean Rot Angle(rad): 4.1746
  Composite Score:     495.26
    = 1.0×69.98 + 100.0×0.0782 + 100.0×4.1746

================================================================================
[Optuna Trial 19] 训练完成
================================================================================

                                                                                             [I 2025-12-14 07:46:14,477] Trial 19 finished with value: 495.2595 and parameters: {'alpha_start': 0.7192393036943382, 'learning_rate': 0.00028865260231217775, 'weight_decay': 9.6574312935692e-06, 'gamma': 0.985, 'tau': 0.85, 'e_clip': 0.2, 'entropy_coef': 0.0022544410587462867, 'critic_coef': 2.0, 'kl_threshold': 0.06985192811883906, 'kl_adaptive_factor': 1.2, 'min_lr': 4.173374154473703e-05, 'mini_epochs': 9, 'minibatch_size': 8192, 'grad_norm': 1.0, 'num_envs': 8192, 'horizon_length': 32, 'controller_pgain': 23.18313700035564, 'controller_dgain': 0.42436724194995323, 'controller_torque_limit': 5.481575075406803, 'controller_action_scale': 0.10267460503203527, 'target_angvel': 5.1649332507698045, 'angvel_sigma': 1.5381063170728693, 'rotate_reward_scale': 1.7116279322045895, 'obj_linvel_penalty_scale': -0.15584631485791633, 'torque_penalty_scale': -0.027324642599171486, 'rotate_penalty_scale': -0.12170154297174471, 'axial_tilt_penalty_scale': -1.9692301397621381, 'axial_tilt_threshold': 0.012487556332568542, 'position_penalty_scale': -0.22087889856207799, 'waypoint_tracking_reward_scale': 5.0431241939374445, 'waypoint_sigma': 0.17121302250512518, 'log_scale_beta': 6.302387880284413, 'ema_alpha': 0.20327292021859053, 'jitter_penalty_scale': -0.6900561999754117, 'reverse_penalty_scale': -0.661665572207192}. Best is trial 14 with value: 3950.2084999999997.
Best trial: 14. Best value: 3950.21:  48%|████▊     | 19/40 [65:52:56<75:18:11, 12909.11s/it]Best trial: 14. Best value: 3950.21:  48%|████▊     | 19/40 [65:52:56<75:18:11, 12909.11s/it]Best trial: 14. Best value: 3950.21:  50%|█████     | 20/40 [65:52:56<72:40:14, 13080.74s/it]
[Space E] Alpha: 0.546 -> 1.0

================================================================================
[Optuna Trial 20] 开始训练
================================================================================
试验参数:
  alpha_start                    = 0.5458739175987694
  learning_rate                  = 0.0006387950768602555
  weight_decay                   = 3.192549842886187e-05
  gamma                          = 0.995
  tau                            = 0.9
  e_clip                         = 0.4
  entropy_coef                   = 0.006745528738244827
  critic_coef                    = 2.0
  kl_threshold                   = 0.05238807760781258
  kl_adaptive_factor             = 1.1
  min_lr                         = 4.917237551939265e-06
  mini_epochs                    = 5
  minibatch_size                 = 32768
  grad_norm                      = 1.0
  num_envs                       = 8192
  horizon_length                 = 24
  controller_pgain               = 18.29825550984279
  controller_dgain               = 0.3310264563057134
  controller_torque_limit        = 7.261745505061409
  controller_action_scale        = 0.09058541444393406
  target_angvel                  = 5.26327329037959
  angvel_sigma                   = 1.3002666163061707
  rotate_reward_scale            = 1.8807104136148187
  obj_linvel_penalty_scale       = -0.07938012342970219
  torque_penalty_scale           = -0.03965631991788647
  rotate_penalty_scale           = -0.0540092424237916
  axial_tilt_penalty_scale       = -1.6885780786987998
  axial_tilt_threshold           = 0.017487791256115787
  position_penalty_scale         = -0.13451426461577454
  waypoint_tracking_reward_scale = 6.460961803544781
  waypoint_sigma                 = 0.1303458939817904
  log_scale_beta                 = 5.157663862916572
  ema_alpha                      = 0.24746829190630623
  jitter_penalty_scale           = -0.7270993397646509
  reverse_penalty_scale          = -1.0017291292111397
输出目录: outputs/TP_V5/optuna_trial_0020
================================================================================


特权信息 (Privileged Information) 维度配置:
================================================================================
名称                             索引范围            维度       状态
--------------------------------------------------------------------------------
obj_position                   [ 0: 3]         3        [固定]
obj_mass                       [ 3: 4]         1        [固定]
obj_friction                   [ 4: 5]         1        [固定]
obj_com                        [ 5: 8]         3        [固定]
--------------------------------------------------------------------------------
obj_orientation                [ 8:12]         4        ✓
obj_linvel                     [12:15]         3        ✓
obj_angvel                     [15:18]         3        ✓
fingertip_position             [18:33]         15       ✓
fingertip_linvel               [33:48]         15       ✓
obj_restitution                [48:49]         1        ✓
tactile                        [49:64]         15       ✓
--------------------------------------------------------------------------------
总计: 11 项启用, 实际维度 = 64, 缓冲区大小 = 64
================================================================================

RunningMeanStd:  (126,)
RunningMeanStd:  64
RunningMeanStd:  3
RunningMeanStd:  (1,)

================================================================================

训练指标:
  Best Reward:         202.1499
  Success Rate:        0.5971
  Mean Rot Angle(rad): 11.3754
  Composite Score:     1399.40
    = 1.0×202.15 + 100.0×0.5971 + 100.0×11.3754

================================================================================
[Optuna Trial 20] 训练完成
================================================================================

                                                                                             [I 2025-12-14 09:57:55,546] Trial 20 finished with value: 1399.3999000000001 and parameters: {'alpha_start': 0.5458739175987694, 'learning_rate': 0.0006387950768602555, 'weight_decay': 3.192549842886187e-05, 'gamma': 0.995, 'tau': 0.9, 'e_clip': 0.4, 'entropy_coef': 0.006745528738244827, 'critic_coef': 2.0, 'kl_threshold': 0.05238807760781258, 'kl_adaptive_factor': 1.1, 'min_lr': 4.917237551939265e-06, 'mini_epochs': 5, 'minibatch_size': 32768, 'grad_norm': 1.0, 'num_envs': 8192, 'horizon_length': 24, 'controller_pgain': 18.29825550984279, 'controller_dgain': 0.3310264563057134, 'controller_torque_limit': 7.261745505061409, 'controller_action_scale': 0.09058541444393406, 'target_angvel': 5.26327329037959, 'angvel_sigma': 1.3002666163061707, 'rotate_reward_scale': 1.8807104136148187, 'obj_linvel_penalty_scale': -0.07938012342970219, 'torque_penalty_scale': -0.03965631991788647, 'rotate_penalty_scale': -0.0540092424237916, 'axial_tilt_penalty_scale': -1.6885780786987998, 'axial_tilt_threshold': 0.017487791256115787, 'position_penalty_scale': -0.13451426461577454, 'waypoint_tracking_reward_scale': 6.460961803544781, 'waypoint_sigma': 0.1303458939817904, 'log_scale_beta': 5.157663862916572, 'ema_alpha': 0.24746829190630623, 'jitter_penalty_scale': -0.7270993397646509, 'reverse_penalty_scale': -1.0017291292111397}. Best is trial 14 with value: 3950.2084999999997.
Best trial: 14. Best value: 3950.21:  50%|█████     | 20/40 [68:04:37<72:40:14, 13080.74s/it]Best trial: 14. Best value: 3950.21:  50%|█████     | 20/40 [68:04:37<72:40:14, 13080.74s/it]Best trial: 14. Best value: 3950.21:  52%|█████▎    | 21/40 [68:04:37<60:49:53, 11525.97s/it]
[Space E] Alpha: 0.505 -> 1.0

================================================================================
[Optuna Trial 21] 开始训练
================================================================================
试验参数:
  alpha_start                    = 0.5054455074480344
  learning_rate                  = 0.00040407229805108094
  weight_decay                   = 6.5540486010634214e-06
  gamma                          = 0.99
  tau                            = 0.9
  e_clip                         = 0.3
  entropy_coef                   = 0.005426627029449286
  critic_coef                    = 1.0
  kl_threshold                   = 0.008949803922200801
  kl_adaptive_factor             = 1.5
  min_lr                         = 2.430110771034204e-06
  mini_epochs                    = 8
  minibatch_size                 = 16384
  grad_norm                      = 0.25
  num_envs                       = 8192
  horizon_length                 = 24
  controller_pgain               = 24.893577050444847
  controller_dgain               = 0.5673402618373794
  controller_torque_limit        = 6.2904336319938325
  controller_action_scale        = 0.12376378528406472
  target_angvel                  = 6.199641223101
  angvel_sigma                   = 1.7272480122510072
  rotate_reward_scale            = 1.7594342167120853
  obj_linvel_penalty_scale       = -0.12990123422214
  torque_penalty_scale           = -0.03529087980335609
  rotate_penalty_scale           = -0.0007605973353799851
  axial_tilt_penalty_scale       = -1.921997955883568
  axial_tilt_threshold           = 0.014091505210539635
  position_penalty_scale         = -0.1714506983824825
  waypoint_tracking_reward_scale = 8.242962132156403
  waypoint_sigma                 = 0.15758316841048717
  log_scale_beta                 = 3.2588698581775217
  ema_alpha                      = 0.22264094916308427
  jitter_penalty_scale           = -0.9762396659330684
  reverse_penalty_scale          = -0.869994057361909
输出目录: outputs/TP_V5/optuna_trial_0021
================================================================================


特权信息 (Privileged Information) 维度配置:
================================================================================
名称                             索引范围            维度       状态
--------------------------------------------------------------------------------
obj_position                   [ 0: 3]         3        [固定]
obj_mass                       [ 3: 4]         1        [固定]
obj_friction                   [ 4: 5]         1        [固定]
obj_com                        [ 5: 8]         3        [固定]
--------------------------------------------------------------------------------
obj_orientation                [ 8:12]         4        ✓
obj_linvel                     [12:15]         3        ✓
obj_angvel                     [15:18]         3        ✓
fingertip_position             [18:33]         15       ✓
fingertip_linvel               [33:48]         15       ✓
obj_restitution                [48:49]         1        ✓
tactile                        [49:64]         15       ✓
--------------------------------------------------------------------------------
总计: 11 项启用, 实际维度 = 64, 缓冲区大小 = 64
================================================================================

RunningMeanStd:  (126,)
RunningMeanStd:  64
RunningMeanStd:  3
RunningMeanStd:  (1,)

================================================================================

训练指标:
  Best Reward:         531.6132
  Success Rate:        0.8570
  Mean Rot Angle(rad): 28.0774
  Composite Score:     3425.05
    = 1.0×531.61 + 100.0×0.8570 + 100.0×28.0774

================================================================================
[Optuna Trial 21] 训练完成
================================================================================

