                                                                                             [I 2025-12-15 20:38:17,725] Trial 30 finished with value: 572.2656999999999 and parameters: {'alpha_start': 0.5413599928477658, 'learning_rate': 0.0006828063667975391, 'weight_decay': 2.7489137611503207e-05, 'gamma': 0.99, 'tau': 0.85, 'e_clip': 0.3, 'entropy_coef': 0.005639398604813774, 'critic_coef': 1.0, 'kl_threshold': 0.01626311225581879, 'kl_adaptive_factor': 1.1, 'min_lr': 1.0040877064250762e-06, 'mini_epochs': 7, 'minibatch_size': 32768, 'grad_norm': 1.0, 'num_envs': 8192, 'horizon_length': 24, 'controller_pgain': 20.669621761776515, 'controller_dgain': 0.40395931676043084, 'controller_torque_limit': 5.016551853002536, 'controller_action_scale': 0.08647414850112624, 'target_angvel': 5.248199168596961, 'angvel_sigma': 1.4307300663121398, 'rotate_reward_scale': 1.7060868951565353, 'obj_linvel_penalty_scale': -0.11701454856395471, 'torque_penalty_scale': -0.018232585442984728, 'rotate_penalty_scale': -0.08821358626552644, 'axial_tilt_penalty_scale': -1.925432398447875, 'axial_tilt_threshold': 0.015310638669887387, 'position_penalty_scale': -0.1582473384576423, 'waypoint_tracking_reward_scale': 7.198265584314085, 'waypoint_sigma': 0.05213182171407555, 'log_scale_beta': 6.170754997206556, 'ema_alpha': 0.2037156375008743, 'jitter_penalty_scale': -0.5630202750149811, 'reverse_penalty_scale': -1.392061688826794}. Best is trial 14 with value: 3950.2084999999997.
Best trial: 14. Best value: 3950.21:  75%|███████▌  | 30/40 [102:44:59<33:58:09, 12228.98s/it]Best trial: 14. Best value: 3950.21:  75%|███████▌  | 30/40 [102:44:59<33:58:09, 12228.98s/it]Best trial: 14. Best value: 3950.21:  78%|███████▊  | 31/40 [102:44:59<32:23:22, 12955.83s/it]
[Space E] Alpha: 0.514 -> 1.0

================================================================================
[Optuna Trial 31] 开始训练
================================================================================
试验参数:
  alpha_start                    = 0.5137096550213336
  learning_rate                  = 0.0003461459627036582
  weight_decay                   = 5.844890604893239e-06
  gamma                          = 0.99
  tau                            = 0.9
  e_clip                         = 0.3
  entropy_coef                   = 0.005080984722407718
  critic_coef                    = 1.0
  kl_threshold                   = 0.012197636555580654
  kl_adaptive_factor             = 1.5
  min_lr                         = 1.9036002978796249e-06
  mini_epochs                    = 8
  minibatch_size                 = 16384
  grad_norm                      = 0.25
  num_envs                       = 8192
  horizon_length                 = 24
  controller_pgain               = 24.955120595845266
  controller_dgain               = 0.5947487995431158
  controller_torque_limit        = 6.951702068852035
  controller_action_scale        = 0.12769601698826372
  target_angvel                  = 6.498034704259832
  angvel_sigma                   = 1.8804757173247146
  rotate_reward_scale            = 1.7665192691740668
  obj_linvel_penalty_scale       = -0.13217398216433407
  torque_penalty_scale           = -0.035678833287548874
  rotate_penalty_scale           = -0.00910507177446716
  axial_tilt_penalty_scale       = -1.915130773662638
  axial_tilt_threshold           = 0.01407622260327451
  position_penalty_scale         = -0.17074596763502886
  waypoint_tracking_reward_scale = 8.148412449174385
  waypoint_sigma                 = 0.24705466027525366
  log_scale_beta                 = 1.6239247185990033
  ema_alpha                      = 0.23067656308762569
  jitter_penalty_scale           = -1.040304268078765
  reverse_penalty_scale          = -0.7769112217259944
输出目录: outputs/TP_V5/optuna_trial_0031
================================================================================


特权信息 (Privileged Information) 维度配置:
================================================================================
名称                             索引范围            维度       状态
--------------------------------------------------------------------------------
obj_position                   [ 0: 3]         3        [固定]
obj_mass                       [ 3: 4]         1        [固定]
obj_friction                   [ 4: 5]         1        [固定]
obj_com                        [ 5: 8]         3        [固定]
--------------------------------------------------------------------------------
obj_orientation                [ 8:12]         4        ✓
obj_linvel                     [12:15]         3        ✓
obj_angvel                     [15:18]         3        ✓
fingertip_position             [18:33]         15       ✓
fingertip_linvel               [33:48]         15       ✓
obj_restitution                [48:49]         1        ✓
tactile                        [49:64]         15       ✓
--------------------------------------------------------------------------------
总计: 11 项启用, 实际维度 = 64, 缓冲区大小 = 64
================================================================================

RunningMeanStd:  (126,)
RunningMeanStd:  64
RunningMeanStd:  3
RunningMeanStd:  (1,)

================================================================================

训练指标:
  Best Reward:         516.8149
  Success Rate:        0.8550
  Mean Rot Angle(rad): 29.0163
  Composite Score:     3503.94
    = 1.0×516.81 + 100.0×0.8550 + 100.0×29.0163

================================================================================
[Optuna Trial 31] 训练完成
================================================================================

                                                                                              [I 2025-12-16 00:48:04,411] Trial 31 finished with value: 3503.9449 and parameters: {'alpha_start': 0.5137096550213336, 'learning_rate': 0.0003461459627036582, 'weight_decay': 5.844890604893239e-06, 'gamma': 0.99, 'tau': 0.9, 'e_clip': 0.3, 'entropy_coef': 0.005080984722407718, 'critic_coef': 1.0, 'kl_threshold': 0.012197636555580654, 'kl_adaptive_factor': 1.5, 'min_lr': 1.9036002978796249e-06, 'mini_epochs': 8, 'minibatch_size': 16384, 'grad_norm': 0.25, 'num_envs': 8192, 'horizon_length': 24, 'controller_pgain': 24.955120595845266, 'controller_dgain': 0.5947487995431158, 'controller_torque_limit': 6.951702068852035, 'controller_action_scale': 0.12769601698826372, 'target_angvel': 6.498034704259832, 'angvel_sigma': 1.8804757173247146, 'rotate_reward_scale': 1.7665192691740668, 'obj_linvel_penalty_scale': -0.13217398216433407, 'torque_penalty_scale': -0.035678833287548874, 'rotate_penalty_scale': -0.00910507177446716, 'axial_tilt_penalty_scale': -1.915130773662638, 'axial_tilt_threshold': 0.01407622260327451, 'position_penalty_scale': -0.17074596763502886, 'waypoint_tracking_reward_scale': 8.148412449174385, 'waypoint_sigma': 0.24705466027525366, 'log_scale_beta': 1.6239247185990033, 'ema_alpha': 0.23067656308762569, 'jitter_penalty_scale': -1.040304268078765, 'reverse_penalty_scale': -0.7769112217259944}. Best is trial 14 with value: 3950.2084999999997.
Best trial: 14. Best value: 3950.21:  78%|███████▊  | 31/40 [106:54:46<32:23:22, 12955.83s/it]Best trial: 14. Best value: 3950.21:  78%|███████▊  | 31/40 [106:54:46<32:23:22, 12955.83s/it]Best trial: 14. Best value: 3950.21:  80%|████████  | 32/40 [106:54:46<30:08:40, 13565.09s/it]
[Space E] Alpha: 0.594 -> 1.0

================================================================================
[Optuna Trial 32] 开始训练
================================================================================
试验参数:
  alpha_start                    = 0.5941598654020385
  learning_rate                  = 0.00033638525247761507
  weight_decay                   = 5.013209766577502e-06
  gamma                          = 0.99
  tau                            = 0.9
  e_clip                         = 0.3
  entropy_coef                   = 0.004949022917450339
  critic_coef                    = 1.0
  kl_threshold                   = 0.014305149412388245
  kl_adaptive_factor             = 1.5
  min_lr                         = 1.8961900522102508e-06
  mini_epochs                    = 8
  minibatch_size                 = 16384
  grad_norm                      = 0.25
  num_envs                       = 8192
  horizon_length                 = 24
  controller_pgain               = 23.500471105826673
  controller_dgain               = 0.5725865202030256
  controller_torque_limit        = 7.248828414395089
  controller_action_scale        = 0.12845267159404722
  target_angvel                  = 6.335858471230918
  angvel_sigma                   = 1.8901696117028521
  rotate_reward_scale            = 1.7650646643332217
  obj_linvel_penalty_scale       = -0.1311646360667798
  torque_penalty_scale           = -0.03856712015307695
  rotate_penalty_scale           = -0.14264644638392843
  axial_tilt_penalty_scale       = -2.0063738290989526
  axial_tilt_threshold           = 0.011115344529172254
  position_penalty_scale         = -0.14140926880905097
  waypoint_tracking_reward_scale = 8.191836928531913
  waypoint_sigma                 = 0.25432687926678144
  log_scale_beta                 = 2.3783180143256706
  ema_alpha                      = 0.2577478078282077
  jitter_penalty_scale           = -1.026999737877648
  reverse_penalty_scale          = -0.7495520925784797
输出目录: outputs/TP_V5/optuna_trial_0032
================================================================================


特权信息 (Privileged Information) 维度配置:
================================================================================
名称                             索引范围            维度       状态
--------------------------------------------------------------------------------
obj_position                   [ 0: 3]         3        [固定]
obj_mass                       [ 3: 4]         1        [固定]
obj_friction                   [ 4: 5]         1        [固定]
obj_com                        [ 5: 8]         3        [固定]
--------------------------------------------------------------------------------
obj_orientation                [ 8:12]         4        ✓
obj_linvel                     [12:15]         3        ✓
obj_angvel                     [15:18]         3        ✓
fingertip_position             [18:33]         15       ✓
fingertip_linvel               [33:48]         15       ✓
obj_restitution                [48:49]         1        ✓
tactile                        [49:64]         15       ✓
--------------------------------------------------------------------------------
总计: 11 项启用, 实际维度 = 64, 缓冲区大小 = 64
================================================================================

RunningMeanStd:  (126,)
RunningMeanStd:  64
RunningMeanStd:  3
RunningMeanStd:  (1,)

================================================================================

训练指标:
  Best Reward:         55.7419
  Success Rate:        0.0601
  Mean Rot Angle(rad): 3.1667
  Composite Score:     378.42
    = 1.0×55.74 + 100.0×0.0601 + 100.0×3.1667

================================================================================
[Optuna Trial 32] 训练完成
================================================================================

                                                                                              [I 2025-12-16 05:02:58,430] Trial 32 finished with value: 378.4219 and parameters: {'alpha_start': 0.5941598654020385, 'learning_rate': 0.00033638525247761507, 'weight_decay': 5.013209766577502e-06, 'gamma': 0.99, 'tau': 0.9, 'e_clip': 0.3, 'entropy_coef': 0.004949022917450339, 'critic_coef': 1.0, 'kl_threshold': 0.014305149412388245, 'kl_adaptive_factor': 1.5, 'min_lr': 1.8961900522102508e-06, 'mini_epochs': 8, 'minibatch_size': 16384, 'grad_norm': 0.25, 'num_envs': 8192, 'horizon_length': 24, 'controller_pgain': 23.500471105826673, 'controller_dgain': 0.5725865202030256, 'controller_torque_limit': 7.248828414395089, 'controller_action_scale': 0.12845267159404722, 'target_angvel': 6.335858471230918, 'angvel_sigma': 1.8901696117028521, 'rotate_reward_scale': 1.7650646643332217, 'obj_linvel_penalty_scale': -0.1311646360667798, 'torque_penalty_scale': -0.03856712015307695, 'rotate_penalty_scale': -0.14264644638392843, 'axial_tilt_penalty_scale': -2.0063738290989526, 'axial_tilt_threshold': 0.011115344529172254, 'position_penalty_scale': -0.14140926880905097, 'waypoint_tracking_reward_scale': 8.191836928531913, 'waypoint_sigma': 0.25432687926678144, 'log_scale_beta': 2.3783180143256706, 'ema_alpha': 0.2577478078282077, 'jitter_penalty_scale': -1.026999737877648, 'reverse_penalty_scale': -0.7495520925784797}. Best is trial 14 with value: 3950.2084999999997.
Best trial: 14. Best value: 3950.21:  80%|████████  | 32/40 [111:09:40<30:08:40, 13565.09s/it]Best trial: 14. Best value: 3950.21:  80%|████████  | 32/40 [111:09:40<30:08:40, 13565.09s/it]Best trial: 14. Best value: 3950.21:  82%|████████▎ | 33/40 [111:09:40<27:23:06, 14083.77s/it]
[Space E] Alpha: 0.454 -> 1.0

================================================================================
[Optuna Trial 33] 开始训练
================================================================================
试验参数:
  alpha_start                    = 0.4542436082645111
  learning_rate                  = 0.0004996507835957596
  weight_decay                   = 8.519492229938403e-06
  gamma                          = 0.99
  tau                            = 0.9
  e_clip                         = 0.3
  entropy_coef                   = 0.00658642650993687
  critic_coef                    = 1.0
  kl_threshold                   = 0.06144372161732794
  kl_adaptive_factor             = 1.5
  min_lr                         = 1.4710899906680567e-06
  mini_epochs                    = 9
  minibatch_size                 = 16384
  grad_norm                      = 0.25
  num_envs                       = 8192
  horizon_length                 = 24
  controller_pgain               = 24.50238228367944
  controller_dgain               = 0.5139180805010803
  controller_torque_limit        = 6.977858263365367
  controller_action_scale        = 0.12121131917387572
  target_angvel                  = 6.484118909032153
  angvel_sigma                   = 1.6880715674812983
  rotate_reward_scale            = 1.6416613127651056
  obj_linvel_penalty_scale       = -0.1491218683087098
  torque_penalty_scale           = -0.035876454808571934
  rotate_penalty_scale           = -0.019206257498129396
  axial_tilt_penalty_scale       = -1.8880669471418232
  axial_tilt_threshold           = 0.01630196365531922
  position_penalty_scale         = -0.19436605174294497
  waypoint_tracking_reward_scale = 8.37210780418181
  waypoint_sigma                 = 0.3518009860123952
  log_scale_beta                 = 3.3725466942583258
  ema_alpha                      = 0.22587136147757597
  jitter_penalty_scale           = -1.2000238257882598
  reverse_penalty_scale          = -0.9452181990981015
输出目录: outputs/TP_V5/optuna_trial_0033
================================================================================


特权信息 (Privileged Information) 维度配置:
================================================================================
名称                             索引范围            维度       状态
--------------------------------------------------------------------------------
obj_position                   [ 0: 3]         3        [固定]
obj_mass                       [ 3: 4]         1        [固定]
obj_friction                   [ 4: 5]         1        [固定]
obj_com                        [ 5: 8]         3        [固定]
--------------------------------------------------------------------------------
obj_orientation                [ 8:12]         4        ✓
obj_linvel                     [12:15]         3        ✓
obj_angvel                     [15:18]         3        ✓
fingertip_position             [18:33]         15       ✓
fingertip_linvel               [33:48]         15       ✓
obj_restitution                [48:49]         1        ✓
tactile                        [49:64]         15       ✓
--------------------------------------------------------------------------------
总计: 11 项启用, 实际维度 = 64, 缓冲区大小 = 64
================================================================================

RunningMeanStd:  (126,)
RunningMeanStd:  64
RunningMeanStd:  3
RunningMeanStd:  (1,)

================================================================================

训练指标:
  Best Reward:         138.9983
  Success Rate:        0.5588
  Mean Rot Angle(rad): 9.7689
  Composite Score:     1171.77
    = 1.0×139.00 + 100.0×0.5588 + 100.0×9.7689

================================================================================
[Optuna Trial 33] 训练完成
================================================================================

