                                                                                            [I 2025-12-04 22:19:41,582] Trial 19 finished with value: 641.3099 and parameters: {'learning_rate': 0.000521754336594426, 'weight_decay': 2.6250398564523488e-05, 'gamma': 0.992, 'tau': 0.95, 'e_clip': 0.2, 'entropy_coef': 0.0018037196720486078, 'critic_coef': 1.0, 'kl_threshold': 0.07966127470532368, 'mini_epochs': 9, 'minibatch_size': 32768, 'grad_norm': 0.5, 'num_envs': 8192, 'horizon_length': 32, 'flying_linear_velocity': 0.07048018033179623, 'flying_angular_velocity': 1.849408880106549, 'angvelClipMin': -0.28662325080615053, 'angvelClipMax': 0.803029340967607, 'angvelPenaltyThresHigh': 0.7022470192221497, 'angvelPenaltyThresLow': -0.7483266974123078, 'rotate_reward_scale': 2.014526212654004, 'obj_linvel_penalty_scale': -0.08990270823833894, 'torque_penalty_scale': -0.02730634250319723, 'rotate_penalty_scale': -0.0872836208317612, 'axial_tilt_penalty_scale': -1.57836259648747, 'axial_tilt_threshold': 0.04416551958901029, 'position_penalty_scale': -0.25353050979002834, 'flying_base_movement_penalty_scale': -0.14080585473835672, 'waypoint_tracking_reward_scale': 7.132887177180052, 'waypoint_sigma': 0.08987205710360628}. Best is trial 13 with value: 2531.6863.
Best trial: 13. Best value: 2531.69:  48%|████▊     | 19/40 [31:06:21<31:20:49, 5373.76s/it]Best trial: 13. Best value: 2531.69:  48%|████▊     | 19/40 [31:06:21<31:20:49, 5373.76s/it]Best trial: 13. Best value: 2531.69:  50%|█████     | 20/40 [31:06:21<29:49:54, 5369.73s/it]
================================================================================
[Optuna Trial 20] 开始训练
================================================================================
试验参数:
  learning_rate                  = 0.00010906857466703475
  weight_decay                   = 1.190318455359739e-05
  gamma                          = 0.99
  tau                            = 0.85
  e_clip                         = 0.3
  entropy_coef                   = 0.003834340158785444
  critic_coef                    = 2.0
  kl_threshold                   = 0.04856795136670321
  mini_epochs                    = 10
  minibatch_size                 = 16384
  grad_norm                      = 2.0
  num_envs                       = 8192
  horizon_length                 = 24
  flying_linear_velocity         = 0.097620041724442
  flying_angular_velocity        = 1.3848380996326872
  angvelClipMin                  = -0.2389181253375822
  angvelClipMax                  = 0.6629317433308995
  angvelPenaltyThresHigh         = 0.596041442459605
  angvelPenaltyThresLow          = -0.6822453965543352
  rotate_reward_scale            = 1.0919391373679832
  obj_linvel_penalty_scale       = -0.11620482492737771
  torque_penalty_scale           = -0.010010920616435824
  rotate_penalty_scale           = -0.06889215829089301
  axial_tilt_penalty_scale       = -1.9935746225375182
  axial_tilt_threshold           = 0.039902531999198174
  position_penalty_scale         = -0.28647776057496793
  flying_base_movement_penalty_scale = -0.09540482023614383
  waypoint_tracking_reward_scale = 8.770126824676916
  waypoint_sigma                 = 0.13748341401817252
输出目录: outputs/TP_V1/optuna_trial_0020
================================================================================


特权信息 (Privileged Information) 维度配置:
================================================================================
名称                             索引范围            维度       状态
--------------------------------------------------------------------------------
obj_position                   [ 0: 3]         3        [固定]
obj_mass                       [ 3: 4]         1        [固定]
obj_friction                   [ 4: 5]         1        [固定]
obj_com                        [ 5: 8]         3        [固定]
--------------------------------------------------------------------------------
obj_orientation                [ 8:12]         4        ✓
obj_linvel                     [12:15]         3        ✓
obj_angvel                     [15:18]         3        ✓
fingertip_position             [18:33]         15       ✓
fingertip_linvel               [33:48]         15       ✓
obj_restitution                [48:49]         1        ✓
tactile                        [49:64]         15       ✓
--------------------------------------------------------------------------------
总计: 11 项启用, 实际维度 = 64, 缓冲区大小 = 64
================================================================================

RunningMeanStd:  (162,)
RunningMeanStd:  64
RunningMeanStd:  3
RunningMeanStd:  (1,)

================================================================================

训练指标:
  Best Reward:         309.2456
  Success Rate:        0.0000
  Mean Rot Angle(rad): 1.0831
  Composite Score:     417.56
    = 1.0×309.25 + 100.0×0.0000 + 100.0×1.0831

================================================================================
[Optuna Trial 20] 训练完成
================================================================================

                                                                                            [I 2025-12-04 23:52:40,961] Trial 20 finished with value: 417.5556 and parameters: {'learning_rate': 0.00010906857466703475, 'weight_decay': 1.190318455359739e-05, 'gamma': 0.99, 'tau': 0.85, 'e_clip': 0.3, 'entropy_coef': 0.003834340158785444, 'critic_coef': 2.0, 'kl_threshold': 0.04856795136670321, 'mini_epochs': 10, 'minibatch_size': 16384, 'grad_norm': 2.0, 'num_envs': 8192, 'horizon_length': 24, 'flying_linear_velocity': 0.097620041724442, 'flying_angular_velocity': 1.3848380996326872, 'angvelClipMin': -0.2389181253375822, 'angvelClipMax': 0.6629317433308995, 'angvelPenaltyThresHigh': 0.596041442459605, 'angvelPenaltyThresLow': -0.6822453965543352, 'rotate_reward_scale': 1.0919391373679832, 'obj_linvel_penalty_scale': -0.11620482492737771, 'torque_penalty_scale': -0.010010920616435824, 'rotate_penalty_scale': -0.06889215829089301, 'axial_tilt_penalty_scale': -1.9935746225375182, 'axial_tilt_threshold': 0.039902531999198174, 'position_penalty_scale': -0.28647776057496793, 'flying_base_movement_penalty_scale': -0.09540482023614383, 'waypoint_tracking_reward_scale': 8.770126824676916, 'waypoint_sigma': 0.13748341401817252}. Best is trial 13 with value: 2531.6863.
Best trial: 13. Best value: 2531.69:  50%|█████     | 20/40 [32:39:20<29:49:54, 5369.73s/it]Best trial: 13. Best value: 2531.69:  50%|█████     | 20/40 [32:39:20<29:49:54, 5369.73s/it]Best trial: 13. Best value: 2531.69:  52%|█████▎    | 21/40 [32:39:20<28:40:20, 5432.66s/it]
================================================================================
[Optuna Trial 21] 开始训练
================================================================================
试验参数:
  learning_rate                  = 0.0004294308783926464
  weight_decay                   = 1.456928511189808e-05
  gamma                          = 0.99
  tau                            = 0.9
  e_clip                         = 0.2
  entropy_coef                   = 0.0053725234639129295
  critic_coef                    = 2.0
  kl_threshold                   = 0.07488798458425631
  mini_epochs                    = 5
  minibatch_size                 = 16384
  grad_norm                      = 1.0
  num_envs                       = 8192
  horizon_length                 = 24
  flying_linear_velocity         = 0.06783815488157356
  flying_angular_velocity        = 2.366133170921343
  angvelClipMin                  = -0.19541729540914243
  angvelClipMax                  = 0.8454096633136119
  angvelPenaltyThresHigh         = 0.9985439360693054
  angvelPenaltyThresLow          = -0.5751361267151873
  rotate_reward_scale            = 1.3655898696633977
  obj_linvel_penalty_scale       = -0.16612502717948402
  torque_penalty_scale           = -0.018075525353557075
  rotate_penalty_scale           = -0.024743637598603395
  axial_tilt_penalty_scale       = -1.1041466184439765
  axial_tilt_threshold           = 0.029725404332379007
  position_penalty_scale         = -0.21442596141724213
  flying_base_movement_penalty_scale = -0.07304610882917995
  waypoint_tracking_reward_scale = 6.5673793503649875
  waypoint_sigma                 = 0.3694237577605748
输出目录: outputs/TP_V1/optuna_trial_0021
================================================================================


特权信息 (Privileged Information) 维度配置:
================================================================================
名称                             索引范围            维度       状态
--------------------------------------------------------------------------------
obj_position                   [ 0: 3]         3        [固定]
obj_mass                       [ 3: 4]         1        [固定]
obj_friction                   [ 4: 5]         1        [固定]
obj_com                        [ 5: 8]         3        [固定]
--------------------------------------------------------------------------------
obj_orientation                [ 8:12]         4        ✓
obj_linvel                     [12:15]         3        ✓
obj_angvel                     [15:18]         3        ✓
fingertip_position             [18:33]         15       ✓
fingertip_linvel               [33:48]         15       ✓
obj_restitution                [48:49]         1        ✓
tactile                        [49:64]         15       ✓
--------------------------------------------------------------------------------
总计: 11 项启用, 实际维度 = 64, 缓冲区大小 = 64
================================================================================

RunningMeanStd:  (162,)
RunningMeanStd:  64
RunningMeanStd:  3
RunningMeanStd:  (1,)

================================================================================

[错误] Trial 21 训练失败
STDERR:
ncil_tilt_threshold=0.06', 'task.env.actionSpace.disableRingLittleFinger=True', 'train.ppo.learning_rate=0.0004294308783926464', 'train.ppo.weight_decay=1.456928511189808e-05', 'train.ppo.gamma=0.99', 'train.ppo.tau=0.9', 'train.ppo.e_clip=0.2', 'train.ppo.entropy_coef=0.0053725234639129295', 'train.ppo.critic_coef=2.0', 'train.ppo.kl_threshold=0.07488798458425631', 'train.ppo.mini_epochs=5', 'train.ppo.minibatch_size=16384', 'train.ppo.grad_norm=1.0', 'task.env.numEnvs=8192', 'train.ppo.horizon_length=24', 'task.env.flyingHand.linearVelocity=0.06783815488157356', 'task.env.flyingHand.angularVelocity=2.366133170921343', 'task.env.reward.angvelClipMin=-0.19541729540914243', 'task.env.reward.angvelClipMax=0.8454096633136119', 'task.env.reward.angvelPenaltyThresHigh=0.9985439360693054', 'task.env.reward.angvelPenaltyThresLow=-0.5751361267151873', 'task.env.reward.rotate_reward_scale=1.3655898696633977', 'task.env.reward.obj_linvel_penalty_scale=-0.16612502717948402', 'task.env.reward.torque_penalty_scale=-0.018075525353557075', 'task.env.reward.rotate_penalty_scale=-0.024743637598603395', 'task.env.reward.axial_tilt_penalty_scale=-1.1041466184439765', 'task.env.reward.axial_tilt_threshold=0.029725404332379007', 'task.env.reward.position_penalty_scale=-0.21442596141724213', 'task.env.reward.flying_base_movement_penalty_scale=-0.07304610882917995', 'task.env.reward.waypoint_tracking_reward_scale=6.5673793503649875', 'task.env.reward.waypoint_sigma=0.3694237577605748', 'train.ppo.output_name=TP_V1/optuna_trial_0021', 'seed=63']
Traceback (most recent call last):
  File "train.py", line 151, in main
    train_result = agent.train()
  File "/home/user/Code/LinkerPenspin/penspin/algo/ppo/ppo_rl_teacher.py", line 415, in train
    self.writer.add_scalar('curriculum/progress', self.env.time_warper.progress, self.agent_steps)
AttributeError: 'TimeWarpingOrchestrator' object has no attribute 'progress'

Set the environment variable HYDRA_FULL_ERROR=1 for a complete stack trace.


[错误] Trial 21 训练失败
异常类型: TrialPruned
异常信息: 

完整调用栈:
Traceback (most recent call last):
  File "optuna/tune_teacher.py", line 297, in objective
    raise optuna.exceptions.TrialPruned()
optuna.exceptions.TrialPruned

进程返回码: 1
STDOUT最后500字符:
=======
环境数量 (num_actors):        8,192
Horizon 长度:                 24
Batch Size:                   196,608 = 8,192 × 24
Minibatch Size:               16,384
Mini Epochs:                  5
观察维度 (obs_shape):         162
动作维度 (actions_num):       19
特权信息维度 (priv_info):     64
Critic信息维度:               100
点云缓冲维度:                 100
本体感觉历史长度:             30
================================================================================

[Space E] Initializing curriculum physics with α = 1.0000


STDERR最后500字符:
utput_name=TP_V1/optuna_trial_0021', 'seed=63']
Traceback (most recent call last):
  File "train.py", line 151, in main
    train_result = agent.train()
  File "/home/user/Code/LinkerPenspin/penspin/algo/ppo/ppo_rl_teacher.py", line 415, in train
    self.writer.add_scalar('curriculum/progress', self.env.time_warper.progress, self.agent_steps)
AttributeError: 'TimeWarpingOrchestrator' object has no attribute 'progress'

Set the environment variable HYDRA_FULL_ERROR=1 for a complete stack trace.

                                                                                            [I 2025-12-04 23:52:53,515] Trial 21 pruned. 
Best trial: 13. Best value: 2531.69:  52%|█████▎    | 21/40 [32:39:33<28:40:20, 5432.66s/it]Best trial: 13. Best value: 2531.69:  52%|█████▎    | 21/40 [32:39:33<28:40:20, 5432.66s/it]Best trial: 13. Best value: 2531.69:  55%|█████▌    | 22/40 [32:39:33<19:01:47, 3805.99s/it]
================================================================================
[Optuna Trial 22] 开始训练
================================================================================
试验参数:
  learning_rate                  = 0.0007385982383292285
  weight_decay                   = 1.1739381535650259e-05
  gamma                          = 0.99
  tau                            = 0.9
  e_clip                         = 0.2
  entropy_coef                   = 0.006558031255094753
  critic_coef                    = 2.0
  kl_threshold                   = 0.0749592059602853
  mini_epochs                    = 6
  minibatch_size                 = 16384
  grad_norm                      = 1.0
  num_envs                       = 8192
  horizon_length                 = 24
  flying_linear_velocity         = 0.05068068689002338
  flying_angular_velocity        = 2.619597632269045
  angvelClipMin                  = -0.11008746106973089
  angvelClipMax                  = 0.7524705286641484
  angvelPenaltyThresHigh         = 0.8420500672299006
  angvelPenaltyThresLow          = -0.6234023103476098
  rotate_reward_scale            = 1.3575382288289515
  obj_linvel_penalty_scale       = -0.19862415284093662
  torque_penalty_scale           = -0.019806903082978406
  rotate_penalty_scale           = -0.017681309053510924
  axial_tilt_penalty_scale       = -1.8533937423983173
  axial_tilt_threshold           = 0.03685434527040893
  position_penalty_scale         = -0.24578336625922986
  flying_base_movement_penalty_scale = -0.061623391316560305
  waypoint_tracking_reward_scale = 5.728950699921005
  waypoint_sigma                 = 0.4918766475569509
输出目录: outputs/TP_V1/optuna_trial_0022
================================================================================


特权信息 (Privileged Information) 维度配置:
================================================================================
名称                             索引范围            维度       状态
--------------------------------------------------------------------------------
obj_position                   [ 0: 3]         3        [固定]
obj_mass                       [ 3: 4]         1        [固定]
obj_friction                   [ 4: 5]         1        [固定]
obj_com                        [ 5: 8]         3        [固定]
--------------------------------------------------------------------------------
obj_orientation                [ 8:12]         4        ✓
obj_linvel                     [12:15]         3        ✓
obj_angvel                     [15:18]         3        ✓
fingertip_position             [18:33]         15       ✓
fingertip_linvel               [33:48]         15       ✓
obj_restitution                [48:49]         1        ✓
tactile                        [49:64]         15       ✓
--------------------------------------------------------------------------------
总计: 11 项启用, 实际维度 = 64, 缓冲区大小 = 64
================================================================================

RunningMeanStd:  (162,)
RunningMeanStd:  64
RunningMeanStd:  3
RunningMeanStd:  (1,)

================================================================================

[错误] Trial 22 训练失败
STDERR:
pencil_tilt_threshold=0.06', 'task.env.actionSpace.disableRingLittleFinger=True', 'train.ppo.learning_rate=0.0007385982383292285', 'train.ppo.weight_decay=1.1739381535650259e-05', 'train.ppo.gamma=0.99', 'train.ppo.tau=0.9', 'train.ppo.e_clip=0.2', 'train.ppo.entropy_coef=0.006558031255094753', 'train.ppo.critic_coef=2.0', 'train.ppo.kl_threshold=0.0749592059602853', 'train.ppo.mini_epochs=6', 'train.ppo.minibatch_size=16384', 'train.ppo.grad_norm=1.0', 'task.env.numEnvs=8192', 'train.ppo.horizon_length=24', 'task.env.flyingHand.linearVelocity=0.05068068689002338', 'task.env.flyingHand.angularVelocity=2.619597632269045', 'task.env.reward.angvelClipMin=-0.11008746106973089', 'task.env.reward.angvelClipMax=0.7524705286641484', 'task.env.reward.angvelPenaltyThresHigh=0.8420500672299006', 'task.env.reward.angvelPenaltyThresLow=-0.6234023103476098', 'task.env.reward.rotate_reward_scale=1.3575382288289515', 'task.env.reward.obj_linvel_penalty_scale=-0.19862415284093662', 'task.env.reward.torque_penalty_scale=-0.019806903082978406', 'task.env.reward.rotate_penalty_scale=-0.017681309053510924', 'task.env.reward.axial_tilt_penalty_scale=-1.8533937423983173', 'task.env.reward.axial_tilt_threshold=0.03685434527040893', 'task.env.reward.position_penalty_scale=-0.24578336625922986', 'task.env.reward.flying_base_movement_penalty_scale=-0.061623391316560305', 'task.env.reward.waypoint_tracking_reward_scale=5.728950699921005', 'task.env.reward.waypoint_sigma=0.4918766475569509', 'train.ppo.output_name=TP_V1/optuna_trial_0022', 'seed=64']
Traceback (most recent call last):
  File "train.py", line 151, in main
    train_result = agent.train()
  File "/home/user/Code/LinkerPenspin/penspin/algo/ppo/ppo_rl_teacher.py", line 415, in train
    self.writer.add_scalar('curriculum/progress', self.env.time_warper.progress, self.agent_steps)
AttributeError: 'TimeWarpingOrchestrator' object has no attribute 'progress'

Set the environment variable HYDRA_FULL_ERROR=1 for a complete stack trace.


[错误] Trial 22 训练失败
异常类型: TrialPruned
异常信息: 

完整调用栈:
Traceback (most recent call last):
  File "optuna/tune_teacher.py", line 297, in objective
    raise optuna.exceptions.TrialPruned()
optuna.exceptions.TrialPruned

进程返回码: 1
STDOUT最后500字符:
=======
环境数量 (num_actors):        8,192
Horizon 长度:                 24
Batch Size:                   196,608 = 8,192 × 24
Minibatch Size:               16,384
Mini Epochs:                  6
观察维度 (obs_shape):         162
动作维度 (actions_num):       19
特权信息维度 (priv_info):     64
Critic信息维度:               100
点云缓冲维度:                 100
本体感觉历史长度:             30
================================================================================

[Space E] Initializing curriculum physics with α = 1.0000


STDERR最后500字符:
utput_name=TP_V1/optuna_trial_0022', 'seed=64']
Traceback (most recent call last):
  File "train.py", line 151, in main
    train_result = agent.train()
  File "/home/user/Code/LinkerPenspin/penspin/algo/ppo/ppo_rl_teacher.py", line 415, in train
    self.writer.add_scalar('curriculum/progress', self.env.time_warper.progress, self.agent_steps)
AttributeError: 'TimeWarpingOrchestrator' object has no attribute 'progress'

Set the environment variable HYDRA_FULL_ERROR=1 for a complete stack trace.

