
================================================================================
Optuna 超参数优化 - RL Teacher PPO
================================================================================
GPU ID:           0
试验次数:         40
每次训练步数:     250,000,000
数据库:           sqlite:///optuna/hpo_TP_V1.db
Study名称:        TP_V1
加载已有study:    True
================================================================================

[I 2025-12-03 15:13:20,450] A new study created in RDB with name: TP_V1
Study状态: 已加载

开始优化...

  0%|          | 0/40 [00:00<?, ?it/s]
================================================================================
[Optuna Trial 0] 开始训练
================================================================================
试验参数:
  learning_rate                  = 0.00023688639503640813
  weight_decay                   = 4.618710939004917e-05
  gamma                          = 0.985
  tau                            = 0.95
  e_clip                         = 0.2
  entropy_coef                   = 0.00778936896513396
  critic_coef                    = 0.5
  kl_threshold                   = 0.03917022549267169
  mini_epochs                    = 6
  minibatch_size                 = 8192
  grad_norm                      = 0.5
  num_envs                       = 8192
  horizon_length                 = 16
  flying_linear_velocity         = 0.1388621853293064
  flying_angular_velocity        = 1.0929008254399954
  angvelClipMin                  = -0.2177365444295685
  angvelClipMax                  = 0.5682096494749166
  angvelPenaltyThresHigh         = 0.5325257964926398
  angvelPenaltyThresLow          = -0.515334338824
  rotate_reward_scale            = 2.448448049611839
  obj_linvel_penalty_scale       = -0.07874039778253082
  torque_penalty_scale           = -0.03086158692479888
  rotate_penalty_scale           = -0.09023278859936162
  axial_tilt_penalty_scale       = -1.3157669734878432
  axial_tilt_threshold           = 0.03320457481218804
  position_penalty_scale         = -0.27559235303104423
  flying_base_movement_penalty_scale = -0.12572346348330948
  waypoint_tracking_reward_scale = 5.171942605576092
  waypoint_sigma                 = 0.4573805889770275
输出目录: outputs/TP_V1/optuna_trial_0000
================================================================================


特权信息 (Privileged Information) 维度配置:
================================================================================
名称                             索引范围            维度       状态
--------------------------------------------------------------------------------
obj_position                   [ 0: 3]         3        [固定]
obj_mass                       [ 3: 4]         1        [固定]
obj_friction                   [ 4: 5]         1        [固定]
obj_com                        [ 5: 8]         3        [固定]
--------------------------------------------------------------------------------
obj_orientation                [ 8:12]         4        ✓
obj_linvel                     [12:15]         3        ✓
obj_angvel                     [15:18]         3        ✓
fingertip_position             [18:33]         15       ✓
fingertip_linvel               [33:48]         15       ✓
obj_restitution                [48:49]         1        ✓
tactile                        [49:64]         15       ✓
--------------------------------------------------------------------------------
总计: 11 项启用, 实际维度 = 64, 缓冲区大小 = 64
================================================================================

RunningMeanStd:  (162,)
RunningMeanStd:  64
RunningMeanStd:  3
RunningMeanStd:  (1,)

================================================================================

训练指标:
  Best Reward:         947.8380
  Success Rate:        0.0000
  Mean Rot Angle(rad): 1.1510
  Composite Score:     1062.94
    = 1.0×947.84 + 100.0×0.0000 + 100.0×1.1510

================================================================================
[Optuna Trial 0] 训练完成
================================================================================

                                      [I 2025-12-03 16:37:08,366] Trial 0 finished with value: 1062.9379999999999 and parameters: {'learning_rate': 0.00023688639503640813, 'weight_decay': 4.618710939004917e-05, 'gamma': 0.985, 'tau': 0.95, 'e_clip': 0.2, 'entropy_coef': 0.00778936896513396, 'critic_coef': 0.5, 'kl_threshold': 0.03917022549267169, 'mini_epochs': 6, 'minibatch_size': 8192, 'grad_norm': 0.5, 'num_envs': 8192, 'horizon_length': 16, 'flying_linear_velocity': 0.1388621853293064, 'flying_angular_velocity': 1.0929008254399954, 'angvelClipMin': -0.2177365444295685, 'angvelClipMax': 0.5682096494749166, 'angvelPenaltyThresHigh': 0.5325257964926398, 'angvelPenaltyThresLow': -0.515334338824, 'rotate_reward_scale': 2.448448049611839, 'obj_linvel_penalty_scale': -0.07874039778253082, 'torque_penalty_scale': -0.03086158692479888, 'rotate_penalty_scale': -0.09023278859936162, 'axial_tilt_penalty_scale': -1.3157669734878432, 'axial_tilt_threshold': 0.03320457481218804, 'position_penalty_scale': -0.27559235303104423, 'flying_base_movement_penalty_scale': -0.12572346348330948, 'waypoint_tracking_reward_scale': 5.171942605576092, 'waypoint_sigma': 0.4573805889770275}. Best is trial 0 with value: 1062.9379999999999.
  0%|          | 0/40 [1:23:47<?, ?it/s]Best trial: 0. Best value: 1062.94:   0%|          | 0/40 [1:23:47<?, ?it/s]Best trial: 0. Best value: 1062.94:   2%|▎         | 1/40 [1:23:47<54:28:08, 5027.92s/it]
================================================================================
[Optuna Trial 1] 开始训练
================================================================================
试验参数:
  learning_rate                  = 0.00018145961353490273
  weight_decay                   = 2.9045790726652738e-05
  gamma                          = 0.992
  tau                            = 0.9
  e_clip                         = 0.1
  entropy_coef                   = 0.007453119645161818
  critic_coef                    = 1.0
  kl_threshold                   = 0.046266516538163216
  mini_epochs                    = 7
  minibatch_size                 = 16384
  grad_norm                      = 1.0
  num_envs                       = 4096
  horizon_length                 = 16
  flying_linear_velocity         = 0.050828317568540365
  flying_angular_velocity        = 2.6309228569096685
  angvelClipMin                  = -0.18794279684571485
  angvelClipMax                  = 0.791602867216395
  angvelPenaltyThresHigh         = 0.8856351733429728
  angvelPenaltyThresLow          = -0.7777866044797729
  rotate_reward_scale            = 1.5376985928164089
  obj_linvel_penalty_scale       = -0.18261964107123055
  torque_penalty_scale           = -0.014106897223732196
  rotate_penalty_scale           = -0.03767018731724421
  axial_tilt_penalty_scale       = -1.6691019751473508
  axial_tilt_threshold           = 0.021906750508580708
  position_penalty_scale         = -0.23780353565686757
  flying_base_movement_penalty_scale = -0.15122250169598794
  waypoint_tracking_reward_scale = 8.64803089169032
  waypoint_sigma                 = 0.3296520115369501
输出目录: outputs/TP_V1/optuna_trial_0001
================================================================================


特权信息 (Privileged Information) 维度配置:
================================================================================
名称                             索引范围            维度       状态
--------------------------------------------------------------------------------
obj_position                   [ 0: 3]         3        [固定]
obj_mass                       [ 3: 4]         1        [固定]
obj_friction                   [ 4: 5]         1        [固定]
obj_com                        [ 5: 8]         3        [固定]
--------------------------------------------------------------------------------
obj_orientation                [ 8:12]         4        ✓
obj_linvel                     [12:15]         3        ✓
obj_angvel                     [15:18]         3        ✓
fingertip_position             [18:33]         15       ✓
fingertip_linvel               [33:48]         15       ✓
obj_restitution                [48:49]         1        ✓
tactile                        [49:64]         15       ✓
--------------------------------------------------------------------------------
总计: 11 项启用, 实际维度 = 64, 缓冲区大小 = 64
================================================================================

RunningMeanStd:  (162,)
RunningMeanStd:  64
RunningMeanStd:  3
RunningMeanStd:  (1,)

================================================================================

训练指标:
  Best Reward:         981.8467
  Success Rate:        0.0000
  Mean Rot Angle(rad): 0.9582
  Composite Score:     1077.67
    = 1.0×981.85 + 100.0×0.0000 + 100.0×0.9582

================================================================================
[Optuna Trial 1] 训练完成
================================================================================

                                                                                         [I 2025-12-03 18:21:26,597] Trial 1 finished with value: 1077.6667 and parameters: {'learning_rate': 0.00018145961353490273, 'weight_decay': 2.9045790726652738e-05, 'gamma': 0.992, 'tau': 0.9, 'e_clip': 0.1, 'entropy_coef': 0.007453119645161818, 'critic_coef': 1.0, 'kl_threshold': 0.046266516538163216, 'mini_epochs': 7, 'minibatch_size': 16384, 'grad_norm': 1.0, 'num_envs': 4096, 'horizon_length': 16, 'flying_linear_velocity': 0.050828317568540365, 'flying_angular_velocity': 2.6309228569096685, 'angvelClipMin': -0.18794279684571485, 'angvelClipMax': 0.791602867216395, 'angvelPenaltyThresHigh': 0.8856351733429728, 'angvelPenaltyThresLow': -0.7777866044797729, 'rotate_reward_scale': 1.5376985928164089, 'obj_linvel_penalty_scale': -0.18261964107123055, 'torque_penalty_scale': -0.014106897223732196, 'rotate_penalty_scale': -0.03767018731724421, 'axial_tilt_penalty_scale': -1.6691019751473508, 'axial_tilt_threshold': 0.021906750508580708, 'position_penalty_scale': -0.23780353565686757, 'flying_base_movement_penalty_scale': -0.15122250169598794, 'waypoint_tracking_reward_scale': 8.64803089169032, 'waypoint_sigma': 0.3296520115369501}. Best is trial 1 with value: 1077.6667.
Best trial: 0. Best value: 1062.94:   2%|▎         | 1/40 [3:08:06<54:28:08, 5027.92s/it]Best trial: 1. Best value: 1077.67:   2%|▎         | 1/40 [3:08:06<54:28:08, 5027.92s/it]Best trial: 1. Best value: 1077.67:   5%|▌         | 2/40 [3:08:06<60:42:41, 5751.63s/it]
================================================================================
[Optuna Trial 2] 开始训练
================================================================================
试验参数:
  learning_rate                  = 0.000771281194715635
  weight_decay                   = 2.1382775106750742e-05
  gamma                          = 0.992
  tau                            = 0.9
  e_clip                         = 0.1
  entropy_coef                   = 0.0017552399889531312
  critic_coef                    = 1.0
  kl_threshold                   = 0.05542853455823514
  mini_epochs                    = 10
  minibatch_size                 = 32768
  grad_norm                      = 2.0
  num_envs                       = 8192
  horizon_length                 = 32
  flying_linear_velocity         = 0.17055081153486717
  flying_angular_velocity        = 1.3731401177720717
  angvelClipMin                  = -0.13223230045300666
  angvelClipMax                  = 0.7157368967662603
  angvelPenaltyThresHigh         = 0.9037200775820313
  angvelPenaltyThresLow          = -0.531172610022952
  rotate_reward_scale            = 1.477005212457796
  obj_linvel_penalty_scale       = -0.1834922113208485
  torque_penalty_scale           = -0.03316194512374175
  rotate_penalty_scale           = -0.05728922113737437
  axial_tilt_penalty_scale       = -1.1819852340775068
  axial_tilt_threshold           = 0.04582191749769031
  position_penalty_scale         = -0.29860957389376186
  flying_base_movement_penalty_scale = -0.12338790461336514
  waypoint_tracking_reward_scale = 7.0870550157438945
  waypoint_sigma                 = 0.1343906709212432
输出目录: outputs/TP_V1/optuna_trial_0002
================================================================================


特权信息 (Privileged Information) 维度配置:
================================================================================
名称                             索引范围            维度       状态
--------------------------------------------------------------------------------
obj_position                   [ 0: 3]         3        [固定]
obj_mass                       [ 3: 4]         1        [固定]
obj_friction                   [ 4: 5]         1        [固定]
obj_com                        [ 5: 8]         3        [固定]
--------------------------------------------------------------------------------
obj_orientation                [ 8:12]         4        ✓
obj_linvel                     [12:15]         3        ✓
obj_angvel                     [15:18]         3        ✓
fingertip_position             [18:33]         15       ✓
fingertip_linvel               [33:48]         15       ✓
obj_restitution                [48:49]         1        ✓
tactile                        [49:64]         15       ✓
--------------------------------------------------------------------------------
总计: 11 项启用, 实际维度 = 64, 缓冲区大小 = 64
================================================================================

RunningMeanStd:  (162,)
RunningMeanStd:  64
RunningMeanStd:  3
RunningMeanStd:  (1,)

================================================================================

训练指标:
  Best Reward:         349.9949
  Success Rate:        0.0000
  Mean Rot Angle(rad): 1.2153
  Composite Score:     471.52
    = 1.0×349.99 + 100.0×0.0000 + 100.0×1.2153

================================================================================
[Optuna Trial 2] 训练完成
================================================================================

                                                                                         [I 2025-12-03 19:53:19,418] Trial 2 finished with value: 471.5249 and parameters: {'learning_rate': 0.000771281194715635, 'weight_decay': 2.1382775106750742e-05, 'gamma': 0.992, 'tau': 0.9, 'e_clip': 0.1, 'entropy_coef': 0.0017552399889531312, 'critic_coef': 1.0, 'kl_threshold': 0.05542853455823514, 'mini_epochs': 10, 'minibatch_size': 32768, 'grad_norm': 2.0, 'num_envs': 8192, 'horizon_length': 32, 'flying_linear_velocity': 0.17055081153486717, 'flying_angular_velocity': 1.3731401177720717, 'angvelClipMin': -0.13223230045300666, 'angvelClipMax': 0.7157368967662603, 'angvelPenaltyThresHigh': 0.9037200775820313, 'angvelPenaltyThresLow': -0.531172610022952, 'rotate_reward_scale': 1.477005212457796, 'obj_linvel_penalty_scale': -0.1834922113208485, 'torque_penalty_scale': -0.03316194512374175, 'rotate_penalty_scale': -0.05728922113737437, 'axial_tilt_penalty_scale': -1.1819852340775068, 'axial_tilt_threshold': 0.04582191749769031, 'position_penalty_scale': -0.29860957389376186, 'flying_base_movement_penalty_scale': -0.12338790461336514, 'waypoint_tracking_reward_scale': 7.0870550157438945, 'waypoint_sigma': 0.1343906709212432}. Best is trial 1 with value: 1077.6667.
Best trial: 1. Best value: 1077.67:   5%|▌         | 2/40 [4:39:58<60:42:41, 5751.63s/it]Best trial: 1. Best value: 1077.67:   5%|▌         | 2/40 [4:39:58<60:42:41, 5751.63s/it]Best trial: 1. Best value: 1077.67:   8%|▊         | 3/40 [4:39:58<57:59:35, 5642.59s/it]
================================================================================
[Optuna Trial 3] 开始训练
================================================================================
试验参数:
  learning_rate                  = 0.00013178481381249208
  weight_decay                   = 1.7218006911792448e-05
  gamma                          = 0.985
  tau                            = 0.95
  e_clip                         = 0.1
  entropy_coef                   = 0.0031061481687173877
  critic_coef                    = 2.0
  kl_threshold                   = 0.055133951161443075
  mini_epochs                    = 5
  minibatch_size                 = 16384
  grad_norm                      = 2.0
  num_envs                       = 8192
  horizon_length                 = 16
  flying_linear_velocity         = 0.105167469907888
  flying_angular_velocity        = 2.2646116611871587
  angvelClipMin                  = -0.2099410867717316
  angvelClipMax                  = 0.7143098736299034
  angvelPenaltyThresHigh         = 0.5451448850272042
  angvelPenaltyThresLow          = -0.5494092513232286
  rotate_reward_scale            = 1.4811700974576039
  obj_linvel_penalty_scale       = -0.17202222344002188
  torque_penalty_scale           = -0.038776745753357086
  rotate_penalty_scale           = -0.04091070568117582
  axial_tilt_penalty_scale       = -1.3224356381577176
  axial_tilt_threshold           = 0.020497634867835686
  position_penalty_scale         = -0.1975813883401438
  flying_base_movement_penalty_scale = -0.16602563372030932
  waypoint_tracking_reward_scale = 8.225863952047249
  waypoint_sigma                 = 0.11195222163234597
输出目录: outputs/TP_V1/optuna_trial_0003
================================================================================


特权信息 (Privileged Information) 维度配置:
================================================================================
名称                             索引范围            维度       状态
--------------------------------------------------------------------------------
obj_position                   [ 0: 3]         3        [固定]
obj_mass                       [ 3: 4]         1        [固定]
obj_friction                   [ 4: 5]         1        [固定]
obj_com                        [ 5: 8]         3        [固定]
--------------------------------------------------------------------------------
obj_orientation                [ 8:12]         4        ✓
obj_linvel                     [12:15]         3        ✓
obj_angvel                     [15:18]         3        ✓
fingertip_position             [18:33]         15       ✓
fingertip_linvel               [33:48]         15       ✓
obj_restitution                [48:49]         1        ✓
tactile                        [49:64]         15       ✓
--------------------------------------------------------------------------------
总计: 11 项启用, 实际维度 = 64, 缓冲区大小 = 64
================================================================================

RunningMeanStd:  (162,)
RunningMeanStd:  64
RunningMeanStd:  3
RunningMeanStd:  (1,)

================================================================================

训练指标:
  Best Reward:         194.1939
  Success Rate:        0.0000
  Mean Rot Angle(rad): 2.5247
  Composite Score:     446.66
    = 1.0×194.19 + 100.0×0.0000 + 100.0×2.5247

================================================================================
[Optuna Trial 3] 训练完成
================================================================================

