                                                                                          [I 2025-12-04 04:43:19,568] Trial 7 finished with value: 1164.9753 and parameters: {'learning_rate': 0.0006240023062132524, 'weight_decay': 1.546335120879562e-05, 'gamma': 0.985, 'tau': 0.85, 'e_clip': 0.1, 'entropy_coef': 0.0027517002871521676, 'critic_coef': 1.0, 'kl_threshold': 0.04399669484729714, 'mini_epochs': 10, 'minibatch_size': 8192, 'grad_norm': 0.5, 'num_envs': 4096, 'horizon_length': 16, 'flying_linear_velocity': 0.1783190876016511, 'flying_angular_velocity': 2.4073157187600476, 'angvelClipMin': -0.25774785127380245, 'angvelClipMax': 0.5391336642604005, 'angvelPenaltyThresHigh': 0.7458079375584161, 'angvelPenaltyThresLow': -0.6579584687658303, 'rotate_reward_scale': 1.2598028048650227, 'obj_linvel_penalty_scale': -0.13492225261430404, 'torque_penalty_scale': -0.028044857968078797, 'rotate_penalty_scale': -0.038414990194778356, 'axial_tilt_penalty_scale': -1.3649063491323563, 'axial_tilt_threshold': 0.021359120293161338, 'position_penalty_scale': -0.22507747707470577, 'flying_base_movement_penalty_scale': -0.10612101264286454, 'waypoint_tracking_reward_scale': 7.515681292900439, 'waypoint_sigma': 0.4325502253585114}. Best is trial 4 with value: 1250.1292.
Best trial: 4. Best value: 1250.13:  18%|█▊        | 7/40 [13:29:59<57:43:50, 6297.91s/it]Best trial: 4. Best value: 1250.13:  18%|█▊        | 7/40 [13:29:59<57:43:50, 6297.91s/it]Best trial: 4. Best value: 1250.13:  20%|██        | 8/40 [13:29:59<57:40:41, 6488.80s/it]
================================================================================
[Optuna Trial 8] 开始训练
================================================================================
试验参数:
  learning_rate                  = 0.000455715323048967
  weight_decay                   = 1.299829164859366e-05
  gamma                          = 0.99
  tau                            = 0.9
  e_clip                         = 0.2
  entropy_coef                   = 0.0048193175252115444
  critic_coef                    = 2.0
  kl_threshold                   = 0.07526753209780318
  mini_epochs                    = 6
  minibatch_size                 = 16384
  grad_norm                      = 1.0
  num_envs                       = 8192
  horizon_length                 = 24
  flying_linear_velocity         = 0.06772472414324844
  flying_angular_velocity        = 2.393474330728301
  angvelClipMin                  = -0.2113171459660348
  angvelClipMax                  = 0.8509888054108212
  angvelPenaltyThresHigh         = 0.8675355219019429
  angvelPenaltyThresLow          = -0.5589557208845455
  rotate_reward_scale            = 1.4230518588569598
  obj_linvel_penalty_scale       = -0.17338406843304158
  torque_penalty_scale           = -0.017481557450774253
  rotate_penalty_scale           = -0.019316526073273596
  axial_tilt_penalty_scale       = -1.0094948579993268
  axial_tilt_threshold           = 0.03237853030734279
  position_penalty_scale         = -0.22559638284144334
  flying_base_movement_penalty_scale = -0.08353805588870047
  waypoint_tracking_reward_scale = 6.704017701265089
  waypoint_sigma                 = 0.46745594303367544
输出目录: outputs/TP_V1/optuna_trial_0008
================================================================================


特权信息 (Privileged Information) 维度配置:
================================================================================
名称                             索引范围            维度       状态
--------------------------------------------------------------------------------
obj_position                   [ 0: 3]         3        [固定]
obj_mass                       [ 3: 4]         1        [固定]
obj_friction                   [ 4: 5]         1        [固定]
obj_com                        [ 5: 8]         3        [固定]
--------------------------------------------------------------------------------
obj_orientation                [ 8:12]         4        ✓
obj_linvel                     [12:15]         3        ✓
obj_angvel                     [15:18]         3        ✓
fingertip_position             [18:33]         15       ✓
fingertip_linvel               [33:48]         15       ✓
obj_restitution                [48:49]         1        ✓
tactile                        [49:64]         15       ✓
--------------------------------------------------------------------------------
总计: 11 项启用, 实际维度 = 64, 缓冲区大小 = 64
================================================================================

RunningMeanStd:  (162,)
RunningMeanStd:  64
RunningMeanStd:  3
RunningMeanStd:  (1,)

================================================================================

训练指标:
  Best Reward:         1324.6197
  Success Rate:        0.0000
  Mean Rot Angle(rad): 0.6213
  Composite Score:     1386.75
    = 1.0×1324.62 + 100.0×0.0000 + 100.0×0.6213

================================================================================
[Optuna Trial 8] 训练完成
================================================================================

                                                                                          [I 2025-12-04 06:02:22,255] Trial 8 finished with value: 1386.7496999999998 and parameters: {'learning_rate': 0.000455715323048967, 'weight_decay': 1.299829164859366e-05, 'gamma': 0.99, 'tau': 0.9, 'e_clip': 0.2, 'entropy_coef': 0.0048193175252115444, 'critic_coef': 2.0, 'kl_threshold': 0.07526753209780318, 'mini_epochs': 6, 'minibatch_size': 16384, 'grad_norm': 1.0, 'num_envs': 8192, 'horizon_length': 24, 'flying_linear_velocity': 0.06772472414324844, 'flying_angular_velocity': 2.393474330728301, 'angvelClipMin': -0.2113171459660348, 'angvelClipMax': 0.8509888054108212, 'angvelPenaltyThresHigh': 0.8675355219019429, 'angvelPenaltyThresLow': -0.5589557208845455, 'rotate_reward_scale': 1.4230518588569598, 'obj_linvel_penalty_scale': -0.17338406843304158, 'torque_penalty_scale': -0.017481557450774253, 'rotate_penalty_scale': -0.019316526073273596, 'axial_tilt_penalty_scale': -1.0094948579993268, 'axial_tilt_threshold': 0.03237853030734279, 'position_penalty_scale': -0.22559638284144334, 'flying_base_movement_penalty_scale': -0.08353805588870047, 'waypoint_tracking_reward_scale': 6.704017701265089, 'waypoint_sigma': 0.46745594303367544}. Best is trial 8 with value: 1386.7496999999998.
Best trial: 4. Best value: 1250.13:  20%|██        | 8/40 [14:49:01<57:40:41, 6488.80s/it]Best trial: 8. Best value: 1386.75:  20%|██        | 8/40 [14:49:01<57:40:41, 6488.80s/it]Best trial: 8. Best value: 1386.75:  22%|██▎       | 9/40 [14:49:01<51:10:31, 5942.94s/it]
================================================================================
[Optuna Trial 9] 开始训练
================================================================================
试验参数:
  learning_rate                  = 0.0007217931427947946
  weight_decay                   = 1.9945914688737275e-05
  gamma                          = 0.99
  tau                            = 0.85
  e_clip                         = 0.2
  entropy_coef                   = 0.0010758635603620886
  critic_coef                    = 0.5
  kl_threshold                   = 0.07750309835254024
  mini_epochs                    = 10
  minibatch_size                 = 16384
  grad_norm                      = 2.0
  num_envs                       = 8192
  horizon_length                 = 16
  flying_linear_velocity         = 0.05863381400249665
  flying_angular_velocity        = 2.099057764647471
  angvelClipMin                  = -0.2675408495879869
  angvelClipMax                  = 0.85508167310332
  angvelPenaltyThresHigh         = 0.6754575062760393
  angvelPenaltyThresLow          = -0.7648798950717183
  rotate_reward_scale            = 1.2144875230792538
  obj_linvel_penalty_scale       = -0.08577340524237916
  torque_penalty_scale           = -0.02145345810051217
  rotate_penalty_scale           = -0.08988773238772098
  axial_tilt_penalty_scale       = -1.9158931938850026
  axial_tilt_threshold           = 0.0410290739437736
  position_penalty_scale         = -0.2854473987271613
  flying_base_movement_penalty_scale = -0.07672099110644656
  waypoint_tracking_reward_scale = 8.531211135782481
  waypoint_sigma                 = 0.06823392690169289
输出目录: outputs/TP_V1/optuna_trial_0009
================================================================================


特权信息 (Privileged Information) 维度配置:
================================================================================
名称                             索引范围            维度       状态
--------------------------------------------------------------------------------
obj_position                   [ 0: 3]         3        [固定]
obj_mass                       [ 3: 4]         1        [固定]
obj_friction                   [ 4: 5]         1        [固定]
obj_com                        [ 5: 8]         3        [固定]
--------------------------------------------------------------------------------
obj_orientation                [ 8:12]         4        ✓
obj_linvel                     [12:15]         3        ✓
obj_angvel                     [15:18]         3        ✓
fingertip_position             [18:33]         15       ✓
fingertip_linvel               [33:48]         15       ✓
obj_restitution                [48:49]         1        ✓
tactile                        [49:64]         15       ✓
--------------------------------------------------------------------------------
总计: 11 项启用, 实际维度 = 64, 缓冲区大小 = 64
================================================================================

RunningMeanStd:  (162,)
RunningMeanStd:  64
RunningMeanStd:  3
RunningMeanStd:  (1,)

================================================================================

训练指标:
  Best Reward:         216.3798
  Success Rate:        0.7315
  Mean Rot Angle(rad): 14.5190
  Composite Score:     1741.43
    = 1.0×216.38 + 100.0×0.7315 + 100.0×14.5190

================================================================================
[Optuna Trial 9] 训练完成
================================================================================

                                                                                          [I 2025-12-04 07:35:57,779] Trial 9 finished with value: 1741.4298000000001 and parameters: {'learning_rate': 0.0007217931427947946, 'weight_decay': 1.9945914688737275e-05, 'gamma': 0.99, 'tau': 0.85, 'e_clip': 0.2, 'entropy_coef': 0.0010758635603620886, 'critic_coef': 0.5, 'kl_threshold': 0.07750309835254024, 'mini_epochs': 10, 'minibatch_size': 16384, 'grad_norm': 2.0, 'num_envs': 8192, 'horizon_length': 16, 'flying_linear_velocity': 0.05863381400249665, 'flying_angular_velocity': 2.099057764647471, 'angvelClipMin': -0.2675408495879869, 'angvelClipMax': 0.85508167310332, 'angvelPenaltyThresHigh': 0.6754575062760393, 'angvelPenaltyThresLow': -0.7648798950717183, 'rotate_reward_scale': 1.2144875230792538, 'obj_linvel_penalty_scale': -0.08577340524237916, 'torque_penalty_scale': -0.02145345810051217, 'rotate_penalty_scale': -0.08988773238772098, 'axial_tilt_penalty_scale': -1.9158931938850026, 'axial_tilt_threshold': 0.0410290739437736, 'position_penalty_scale': -0.2854473987271613, 'flying_base_movement_penalty_scale': -0.07672099110644656, 'waypoint_tracking_reward_scale': 8.531211135782481, 'waypoint_sigma': 0.06823392690169289}. Best is trial 9 with value: 1741.4298000000001.
Best trial: 8. Best value: 1386.75:  22%|██▎       | 9/40 [16:22:37<51:10:31, 5942.94s/it]Best trial: 9. Best value: 1741.43:  22%|██▎       | 9/40 [16:22:37<51:10:31, 5942.94s/it]Best trial: 9. Best value: 1741.43:  25%|██▌       | 10/40 [16:22:37<48:40:55, 5841.86s/it]
================================================================================
[Optuna Trial 10] 开始训练
================================================================================
试验参数:
  learning_rate                  = 0.0009521345133347067
  weight_decay                   = 1.0096988253043523e-05
  gamma                          = 0.99
  tau                            = 0.85
  e_clip                         = 0.3
  entropy_coef                   = 0.0012710763997282807
  critic_coef                    = 0.5
  kl_threshold                   = 0.06294176981516537
  mini_epochs                    = 8
  minibatch_size                 = 32768
  grad_norm                      = 2.0
  num_envs                       = 8192
  horizon_length                 = 24
  flying_linear_velocity         = 0.09364165540183829
  flying_angular_velocity        = 1.8428546219147661
  angvelClipMin                  = -0.2869733072703689
  angvelClipMax                  = 0.893431734373149
  angvelPenaltyThresHigh         = 0.6710894468593477
  angvelPenaltyThresLow          = -0.6239664706083817
  rotate_reward_scale            = 1.010314931328062
  obj_linvel_penalty_scale       = -0.0558201906484764
  torque_penalty_scale           = -0.021800638558569778
  rotate_penalty_scale           = -0.003333255293087742
  axial_tilt_penalty_scale       = -1.9545403808111679
  axial_tilt_threshold           = 0.04914101551297728
  position_penalty_scale         = -0.10686108491160522
  flying_base_movement_penalty_scale = -0.19841009676824467
  waypoint_tracking_reward_scale = 9.980082658737178
  waypoint_sigma                 = 0.06687732093438689
输出目录: outputs/TP_V1/optuna_trial_0010
================================================================================


特权信息 (Privileged Information) 维度配置:
================================================================================
名称                             索引范围            维度       状态
--------------------------------------------------------------------------------
obj_position                   [ 0: 3]         3        [固定]
obj_mass                       [ 3: 4]         1        [固定]
obj_friction                   [ 4: 5]         1        [固定]
obj_com                        [ 5: 8]         3        [固定]
--------------------------------------------------------------------------------
obj_orientation                [ 8:12]         4        ✓
obj_linvel                     [12:15]         3        ✓
obj_angvel                     [15:18]         3        ✓
fingertip_position             [18:33]         15       ✓
fingertip_linvel               [33:48]         15       ✓
obj_restitution                [48:49]         1        ✓
tactile                        [49:64]         15       ✓
--------------------------------------------------------------------------------
总计: 11 项启用, 实际维度 = 64, 缓冲区大小 = 64
================================================================================

RunningMeanStd:  (162,)
RunningMeanStd:  64
RunningMeanStd:  3
RunningMeanStd:  (1,)

================================================================================

训练指标:
  Best Reward:         47.5341
  Success Rate:        0.0000
  Mean Rot Angle(rad): 3.2291
  Composite Score:     370.44
    = 1.0×47.53 + 100.0×0.0000 + 100.0×3.2291

================================================================================
[Optuna Trial 10] 训练完成
================================================================================

                                                                                           [I 2025-12-04 09:02:20,906] Trial 10 finished with value: 370.4441 and parameters: {'learning_rate': 0.0009521345133347067, 'weight_decay': 1.0096988253043523e-05, 'gamma': 0.99, 'tau': 0.85, 'e_clip': 0.3, 'entropy_coef': 0.0012710763997282807, 'critic_coef': 0.5, 'kl_threshold': 0.06294176981516537, 'mini_epochs': 8, 'minibatch_size': 32768, 'grad_norm': 2.0, 'num_envs': 8192, 'horizon_length': 24, 'flying_linear_velocity': 0.09364165540183829, 'flying_angular_velocity': 1.8428546219147661, 'angvelClipMin': -0.2869733072703689, 'angvelClipMax': 0.893431734373149, 'angvelPenaltyThresHigh': 0.6710894468593477, 'angvelPenaltyThresLow': -0.6239664706083817, 'rotate_reward_scale': 1.010314931328062, 'obj_linvel_penalty_scale': -0.0558201906484764, 'torque_penalty_scale': -0.021800638558569778, 'rotate_penalty_scale': -0.003333255293087742, 'axial_tilt_penalty_scale': -1.9545403808111679, 'axial_tilt_threshold': 0.04914101551297728, 'position_penalty_scale': -0.10686108491160522, 'flying_base_movement_penalty_scale': -0.19841009676824467, 'waypoint_tracking_reward_scale': 9.980082658737178, 'waypoint_sigma': 0.06687732093438689}. Best is trial 9 with value: 1741.4298000000001.
Best trial: 9. Best value: 1741.43:  25%|██▌       | 10/40 [17:49:00<48:40:55, 5841.86s/it]Best trial: 9. Best value: 1741.43:  25%|██▌       | 10/40 [17:49:00<48:40:55, 5841.86s/it]Best trial: 9. Best value: 1741.43:  28%|██▊       | 11/40 [17:49:00<45:26:07, 5640.25s/it]
================================================================================
[Optuna Trial 11] 开始训练
================================================================================
试验参数:
  learning_rate                  = 0.0003306235819347245
  weight_decay                   = 1.2267571473754665e-05
  gamma                          = 0.99
  tau                            = 0.85
  e_clip                         = 0.2
  entropy_coef                   = 0.006088063484359625
  critic_coef                    = 2.0
  kl_threshold                   = 0.0792729103860342
  mini_epochs                    = 8
  minibatch_size                 = 16384
  grad_norm                      = 1.0
  num_envs                       = 8192
  horizon_length                 = 24
  flying_linear_velocity         = 0.05565322219439696
  flying_angular_velocity        = 2.1247368347770488
  angvelClipMin                  = -0.1482188364688139
  angvelClipMax                  = 0.8943208978102499
  angvelPenaltyThresHigh         = 0.7650385749706992
  angvelPenaltyThresLow          = -0.5934411230459891
  rotate_reward_scale            = 1.0164837838656569
  obj_linvel_penalty_scale       = -0.14727175128001824
  torque_penalty_scale           = -0.018309455648857678
  rotate_penalty_scale           = -0.0058782989944828005
  axial_tilt_penalty_scale       = -1.0013023380299269
  axial_tilt_threshold           = 0.037985055147707586
  position_penalty_scale         = -0.2674288546350049
  flying_base_movement_penalty_scale = -0.07703240435395453
  waypoint_tracking_reward_scale = 6.271641836327536
  waypoint_sigma                 = 0.33777090764464013
输出目录: outputs/TP_V1/optuna_trial_0011
================================================================================


特权信息 (Privileged Information) 维度配置:
================================================================================
名称                             索引范围            维度       状态
--------------------------------------------------------------------------------
obj_position                   [ 0: 3]         3        [固定]
obj_mass                       [ 3: 4]         1        [固定]
obj_friction                   [ 4: 5]         1        [固定]
obj_com                        [ 5: 8]         3        [固定]
--------------------------------------------------------------------------------
obj_orientation                [ 8:12]         4        ✓
obj_linvel                     [12:15]         3        ✓
obj_angvel                     [15:18]         3        ✓
fingertip_position             [18:33]         15       ✓
fingertip_linvel               [33:48]         15       ✓
obj_restitution                [48:49]         1        ✓
tactile                        [49:64]         15       ✓
--------------------------------------------------------------------------------
总计: 11 项启用, 实际维度 = 64, 缓冲区大小 = 64
================================================================================

RunningMeanStd:  (162,)
RunningMeanStd:  64
RunningMeanStd:  3
RunningMeanStd:  (1,)

================================================================================

训练指标:
  Best Reward:         865.7614
  Success Rate:        0.0000
  Mean Rot Angle(rad): 0.3438
  Composite Score:     900.14
    = 1.0×865.76 + 100.0×0.0000 + 100.0×0.3438

================================================================================
[Optuna Trial 11] 训练完成
================================================================================

