                                                                                            [I 2025-12-13 16:08:51,822] Trial 15 finished with value: 476.6792 and parameters: {'alpha_start': 0.736175362822644, 'learning_rate': 0.0007073694436876189, 'weight_decay': 2.1802043219555206e-05, 'gamma': 0.985, 'tau': 0.85, 'e_clip': 0.1, 'entropy_coef': 0.002986482772561165, 'critic_coef': 2.0, 'kl_threshold': 0.05772113297565559, 'kl_adaptive_factor': 1.15, 'min_lr': 8.051531802196689e-06, 'mini_epochs': 9, 'minibatch_size': 8192, 'grad_norm': 1.0, 'num_envs': 8192, 'horizon_length': 24, 'controller_pgain': 22.663433894887245, 'controller_dgain': 0.45070093143871215, 'controller_torque_limit': 5.536053182312309, 'controller_action_scale': 0.09526471890421744, 'target_angvel': 5.526899960672039, 'angvel_sigma': 1.4684873855165599, 'rotate_reward_scale': 2.0798870048186395, 'obj_linvel_penalty_scale': -0.16701084566877716, 'torque_penalty_scale': -0.02973198735081653, 'rotate_penalty_scale': -0.032973927631710004, 'axial_tilt_penalty_scale': -2.1173406570227717, 'axial_tilt_threshold': 0.012061724704291319, 'position_penalty_scale': -0.12137691022659146, 'waypoint_tracking_reward_scale': 5.05956607551302, 'waypoint_sigma': 0.07491617716849897, 'log_scale_beta': 5.721258682938873, 'ema_alpha': 0.17479364533239813, 'jitter_penalty_scale': -0.6868118660825338, 'reverse_penalty_scale': -1.0796714360039443}. Best is trial 14 with value: 3950.2084999999997.
Best trial: 14. Best value: 3950.21:  38%|███▊      | 15/40 [50:15:34<63:41:25, 9171.43s/it]Best trial: 14. Best value: 3950.21:  38%|███▊      | 15/40 [50:15:34<63:41:25, 9171.43s/it]Best trial: 14. Best value: 3950.21:  40%|████      | 16/40 [50:15:34<62:33:27, 9383.63s/it]
[Space E] Alpha: 0.576 -> 1.0

================================================================================
[Optuna Trial 16] 开始训练
================================================================================
试验参数:
  alpha_start                    = 0.5763559633095142
  learning_rate                  = 0.0007671258690691032
  weight_decay                   = 3.646133016925828e-05
  gamma                          = 0.985
  tau                            = 0.98
  e_clip                         = 0.1
  entropy_coef                   = 0.0028927965363838614
  critic_coef                    = 2.0
  kl_threshold                   = 0.07616522803491446
  kl_adaptive_factor             = 1.15
  min_lr                         = 2.6913510795509932e-05
  mini_epochs                    = 9
  minibatch_size                 = 8192
  grad_norm                      = 2.0
  num_envs                       = 8192
  horizon_length                 = 24
  controller_pgain               = 17.36894553159955
  controller_dgain               = 0.515492818963561
  controller_torque_limit        = 5.596334873827595
  controller_action_scale        = 0.10629069177724818
  target_angvel                  = 5.336180408825361
  angvel_sigma                   = 1.3020501392199477
  rotate_reward_scale            = 1.8684991971835043
  obj_linvel_penalty_scale       = -0.09735970668763008
  torque_penalty_scale           = -0.03963563383340252
  rotate_penalty_scale           = -0.05065335563242458
  axial_tilt_penalty_scale       = -2.2564401121566604
  axial_tilt_threshold           = 0.016814148222435564
  position_penalty_scale         = -0.1325415812164522
  waypoint_tracking_reward_scale = 5.938206162538546
  waypoint_sigma                 = 0.07088302024041629
  log_scale_beta                 = 6.565768771384495
  ema_alpha                      = 0.1296996110095387
  jitter_penalty_scale           = -0.6786154154823874
  reverse_penalty_scale          = -1.5214140055793806
输出目录: outputs/TP_V5/optuna_trial_0016
================================================================================


特权信息 (Privileged Information) 维度配置:
================================================================================
名称                             索引范围            维度       状态
--------------------------------------------------------------------------------
obj_position                   [ 0: 3]         3        [固定]
obj_mass                       [ 3: 4]         1        [固定]
obj_friction                   [ 4: 5]         1        [固定]
obj_com                        [ 5: 8]         3        [固定]
--------------------------------------------------------------------------------
obj_orientation                [ 8:12]         4        ✓
obj_linvel                     [12:15]         3        ✓
obj_angvel                     [15:18]         3        ✓
fingertip_position             [18:33]         15       ✓
fingertip_linvel               [33:48]         15       ✓
obj_restitution                [48:49]         1        ✓
tactile                        [49:64]         15       ✓
--------------------------------------------------------------------------------
总计: 11 项启用, 实际维度 = 64, 缓冲区大小 = 64
================================================================================

RunningMeanStd:  (126,)
RunningMeanStd:  64
RunningMeanStd:  3
RunningMeanStd:  (1,)

================================================================================

训练指标:
  Best Reward:         84.7489
  Success Rate:        0.4475
  Mean Rot Angle(rad): 5.8564
  Composite Score:     715.14
    = 1.0×84.75 + 100.0×0.4475 + 100.0×5.8564

================================================================================
[Optuna Trial 16] 训练完成
================================================================================

                                                                                            [I 2025-12-13 19:30:11,263] Trial 16 finished with value: 715.1388999999999 and parameters: {'alpha_start': 0.5763559633095142, 'learning_rate': 0.0007671258690691032, 'weight_decay': 3.646133016925828e-05, 'gamma': 0.985, 'tau': 0.98, 'e_clip': 0.1, 'entropy_coef': 0.0028927965363838614, 'critic_coef': 2.0, 'kl_threshold': 0.07616522803491446, 'kl_adaptive_factor': 1.15, 'min_lr': 2.6913510795509932e-05, 'mini_epochs': 9, 'minibatch_size': 8192, 'grad_norm': 2.0, 'num_envs': 8192, 'horizon_length': 24, 'controller_pgain': 17.36894553159955, 'controller_dgain': 0.515492818963561, 'controller_torque_limit': 5.596334873827595, 'controller_action_scale': 0.10629069177724818, 'target_angvel': 5.336180408825361, 'angvel_sigma': 1.3020501392199477, 'rotate_reward_scale': 1.8684991971835043, 'obj_linvel_penalty_scale': -0.09735970668763008, 'torque_penalty_scale': -0.03963563383340252, 'rotate_penalty_scale': -0.05065335563242458, 'axial_tilt_penalty_scale': -2.2564401121566604, 'axial_tilt_threshold': 0.016814148222435564, 'position_penalty_scale': -0.1325415812164522, 'waypoint_tracking_reward_scale': 5.938206162538546, 'waypoint_sigma': 0.07088302024041629, 'log_scale_beta': 6.565768771384495, 'ema_alpha': 0.1296996110095387, 'jitter_penalty_scale': -0.6786154154823874, 'reverse_penalty_scale': -1.5214140055793806}. Best is trial 14 with value: 3950.2084999999997.
Best trial: 14. Best value: 3950.21:  40%|████      | 16/40 [53:36:53<62:33:27, 9383.63s/it]Best trial: 14. Best value: 3950.21:  40%|████      | 16/40 [53:36:53<62:33:27, 9383.63s/it]Best trial: 14. Best value: 3950.21:  42%|████▎     | 17/40 [53:36:53<65:07:48, 10194.26s/it]
[Space E] Alpha: 0.360 -> 1.0

================================================================================
[Optuna Trial 17] 开始训练
================================================================================
试验参数:
  alpha_start                    = 0.36045268090056604
  learning_rate                  = 0.000497023362529454
  weight_decay                   = 1.8028209264372602e-05
  gamma                          = 0.995
  tau                            = 0.95
  e_clip                         = 0.1
  entropy_coef                   = 0.0038850711157207736
  critic_coef                    = 2.0
  kl_threshold                   = 0.008529086283681422
  kl_adaptive_factor             = 1.15
  min_lr                         = 6.090778634467358e-06
  mini_epochs                    = 7
  minibatch_size                 = 8192
  grad_norm                      = 0.5
  num_envs                       = 8192
  horizon_length                 = 24
  controller_pgain               = 20.09462390529188
  controller_dgain               = 0.31959778701826613
  controller_torque_limit        = 6.232392591520698
  controller_action_scale        = 0.08023021911391316
  target_angvel                  = 5.033009333521725
  angvel_sigma                   = 1.4923575653594776
  rotate_reward_scale            = 1.5884131290396633
  obj_linvel_penalty_scale       = -0.05189875728915274
  torque_penalty_scale           = -0.032307737165669946
  rotate_penalty_scale           = -0.0820338648114224
  axial_tilt_penalty_scale       = -1.994128482013523
  axial_tilt_threshold           = 0.012384890922355559
  position_penalty_scale         = -0.17820995410436535
  waypoint_tracking_reward_scale = 6.854425855369359
  waypoint_sigma                 = 0.23680124487405035
  log_scale_beta                 = 5.025398035858149
  ema_alpha                      = 0.2996081753062767
  jitter_penalty_scale           = -0.509372654777971
  reverse_penalty_scale          = -1.0311516674029075
输出目录: outputs/TP_V5/optuna_trial_0017
================================================================================


特权信息 (Privileged Information) 维度配置:
================================================================================
名称                             索引范围            维度       状态
--------------------------------------------------------------------------------
obj_position                   [ 0: 3]         3        [固定]
obj_mass                       [ 3: 4]         1        [固定]
obj_friction                   [ 4: 5]         1        [固定]
obj_com                        [ 5: 8]         3        [固定]
--------------------------------------------------------------------------------
obj_orientation                [ 8:12]         4        ✓
obj_linvel                     [12:15]         3        ✓
obj_angvel                     [15:18]         3        ✓
fingertip_position             [18:33]         15       ✓
fingertip_linvel               [33:48]         15       ✓
obj_restitution                [48:49]         1        ✓
tactile                        [49:64]         15       ✓
--------------------------------------------------------------------------------
总计: 11 项启用, 实际维度 = 64, 缓冲区大小 = 64
================================================================================

RunningMeanStd:  (126,)
RunningMeanStd:  64
RunningMeanStd:  3
RunningMeanStd:  (1,)

================================================================================

训练指标:
  Best Reward:         364.8485
  Success Rate:        0.8636
  Mean Rot Angle(rad): 17.5435
  Composite Score:     2205.56
    = 1.0×364.85 + 100.0×0.8636 + 100.0×17.5435

================================================================================
[Optuna Trial 17] 训练完成
================================================================================

                                                                                             [I 2025-12-13 23:29:48,098] Trial 17 finished with value: 2205.5585 and parameters: {'alpha_start': 0.36045268090056604, 'learning_rate': 0.000497023362529454, 'weight_decay': 1.8028209264372602e-05, 'gamma': 0.995, 'tau': 0.95, 'e_clip': 0.1, 'entropy_coef': 0.0038850711157207736, 'critic_coef': 2.0, 'kl_threshold': 0.008529086283681422, 'kl_adaptive_factor': 1.15, 'min_lr': 6.090778634467358e-06, 'mini_epochs': 7, 'minibatch_size': 8192, 'grad_norm': 0.5, 'num_envs': 8192, 'horizon_length': 24, 'controller_pgain': 20.09462390529188, 'controller_dgain': 0.31959778701826613, 'controller_torque_limit': 6.232392591520698, 'controller_action_scale': 0.08023021911391316, 'target_angvel': 5.033009333521725, 'angvel_sigma': 1.4923575653594776, 'rotate_reward_scale': 1.5884131290396633, 'obj_linvel_penalty_scale': -0.05189875728915274, 'torque_penalty_scale': -0.032307737165669946, 'rotate_penalty_scale': -0.0820338648114224, 'axial_tilt_penalty_scale': -1.994128482013523, 'axial_tilt_threshold': 0.012384890922355559, 'position_penalty_scale': -0.17820995410436535, 'waypoint_tracking_reward_scale': 6.854425855369359, 'waypoint_sigma': 0.23680124487405035, 'log_scale_beta': 5.025398035858149, 'ema_alpha': 0.2996081753062767, 'jitter_penalty_scale': -0.509372654777971, 'reverse_penalty_scale': -1.0311516674029075}. Best is trial 14 with value: 3950.2084999999997.
Best trial: 14. Best value: 3950.21:  42%|████▎     | 17/40 [57:36:30<65:07:48, 10194.26s/it]Best trial: 14. Best value: 3950.21:  42%|████▎     | 17/40 [57:36:30<65:07:48, 10194.26s/it]Best trial: 14. Best value: 3950.21:  45%|████▌     | 18/40 [57:36:30<69:58:43, 11451.08s/it]
[Space E] Alpha: 0.660 -> 1.0

================================================================================
[Optuna Trial 18] 开始训练
================================================================================
试验参数:
  alpha_start                    = 0.6597628780406828
  learning_rate                  = 0.00044917961170715917
  weight_decay                   = 1.609903626243334e-05
  gamma                          = 0.985
  tau                            = 0.9
  e_clip                         = 0.1
  entropy_coef                   = 0.004905763228444044
  critic_coef                    = 0.5
  kl_threshold                   = 0.03939545259505585
  kl_adaptive_factor             = 1.15
  min_lr                         = 1.5643813361450155e-05
  mini_epochs                    = 10
  minibatch_size                 = 32768
  grad_norm                      = 0.25
  num_envs                       = 8192
  horizon_length                 = 24
  controller_pgain               = 21.172209352585973
  controller_dgain               = 0.5451799469730385
  controller_torque_limit        = 5.073239280918293
  controller_action_scale        = 0.09165006156154833
  target_angvel                  = 5.652261568123537
  angvel_sigma                   = 1.4118378152538642
  rotate_reward_scale            = 2.4725691318816683
  obj_linvel_penalty_scale       = -0.11078279459609289
  torque_penalty_scale           = -0.022619851172691288
  rotate_penalty_scale           = -0.02219710548900274
  axial_tilt_penalty_scale       = -2.3474377560170496
  axial_tilt_threshold           = 0.01918633369620328
  position_penalty_scale         = -0.1330928581435489
  waypoint_tracking_reward_scale = 5.785922545859625
  waypoint_sigma                 = 0.07833248838371387
  log_scale_beta                 = 3.7252303397454942
  ema_alpha                      = 0.21228300704772815
  jitter_penalty_scale           = -0.8784888217691396
  reverse_penalty_scale          = -1.3813566713651249
输出目录: outputs/TP_V5/optuna_trial_0018
================================================================================


特权信息 (Privileged Information) 维度配置:
================================================================================
名称                             索引范围            维度       状态
--------------------------------------------------------------------------------
obj_position                   [ 0: 3]         3        [固定]
obj_mass                       [ 3: 4]         1        [固定]
obj_friction                   [ 4: 5]         1        [固定]
obj_com                        [ 5: 8]         3        [固定]
--------------------------------------------------------------------------------
obj_orientation                [ 8:12]         4        ✓
obj_linvel                     [12:15]         3        ✓
obj_angvel                     [15:18]         3        ✓
fingertip_position             [18:33]         15       ✓
fingertip_linvel               [33:48]         15       ✓
obj_restitution                [48:49]         1        ✓
tactile                        [49:64]         15       ✓
--------------------------------------------------------------------------------
总计: 11 项启用, 实际维度 = 64, 缓冲区大小 = 64
================================================================================

RunningMeanStd:  (126,)
RunningMeanStd:  64
RunningMeanStd:  3
RunningMeanStd:  (1,)

================================================================================

训练指标:
  Best Reward:         46.6686
  Success Rate:        0.0280
  Mean Rot Angle(rad): 3.1983
  Composite Score:     369.30
    = 1.0×46.67 + 100.0×0.0280 + 100.0×3.1983

================================================================================
[Optuna Trial 18] 训练完成
================================================================================

